nohup: ignorando entrada

ODE Message 3: LCP internal error, s <= 0 (s=0.0000e+00)

ODE Message 3: LCP internal error, s <= 0 (s=-0.0000e+00)

ODE Message 3: LCP internal error, s <= 0 (s=-0.0000e+00)

ODE Message 3: LCP internal error, s <= 0 (s=0.0000e+00)

ODE Message 3: LCP internal error, s <= 0 (s=0.0000e+00)

ODE Message 3: LCP internal error, s <= 0 (s=-0.0000e+00)

ODE Message 3: LCP internal error, s <= 0 (s=0.0000e+00)

ODE Message 3: LCP internal error, s <= 0 (s=-0.0000e+00)

ODE Message 3: LCP internal error, s <= 0 (s=0.0000e+00)

ODE Message 3: LCP internal error, s <= 0 (s=0.0000e+00)

ODE Message 3: LCP internal error, s <= 0 (s=-0.0000e+00)

ODE Message 3: LCP internal error, s <= 0 (s=-0.0000e+00)

ODE Message 3: LCP internal error, s <= 0 (s=0.0000e+00)

ODE Message 3: LCP internal error, s <= 0 (s=0.0000e+00)

ODE Message 3: LCP internal error, s <= 0 (s=-0.0000e+00)

ODE Message 3: LCP internal error, s <= 0 (s=0.0000e+00)

ODE Message 3: LCP internal error, s <= 0 (s=0.0000e+00)

ODE Message 3: LCP internal error, s <= 0 (s=0.0000e+00)

ODE Message 3: LCP internal error, s <= 0 (s=-0.0000e+00)

ODE Message 3: LCP internal error, s <= 0 (s=-0.0000e+00)

ODE Message 3: LCP internal error, s <= 0 (s=-0.0000e+00)

ODE Message 3: LCP internal error, s <= 0 (s=-0.0000e+00)

ODE Message 3: LCP internal error, s <= 0 (s=-0.0000e+00)

ODE Message 3: LCP internal error, s <= 0 (s=-0.0000e+00)

ODE Message 3: LCP internal error, s <= 0 (s=0.0000e+00)

ODE Message 3: LCP internal error, s <= 0 (s=-0.0000e+00)

ODE Message 3: LCP internal error, s <= 0 (s=-0.0000e+00)

ODE Message 3: LCP internal error, s <= 0 (s=-0.0000e+00)

ODE Message 3: LCP internal error, s <= 0 (s=-0.0000e+00)

ODE Message 3: LCP internal error, s <= 0 (s=-0.0000e+00)

ODE Message 3: LCP internal error, s <= 0 (s=-0.0000e+00)

ODE Message 3: LCP internal error, s <= 0 (s=0.0000e+00)

ODE Message 3: LCP internal error, s <= 0 (s=-0.0000e+00)

ODE Message 3: LCP internal error, s <= 0 (s=-0.0000e+00)

ODE Message 3: LCP internal error, s <= 0 (s=0.0000e+00)

ODE Message 3: LCP internal error, s <= 0 (s=0.0000e+00)

ODE Message 3: LCP internal error, s <= 0 (s=-0.0000e+00)

ODE Message 3: LCP internal error, s <= 0 (s=0.0000e+00)

ODE Message 3: LCP internal error, s <= 0 (s=-0.0000e+00)

ODE Message 3: LCP internal error, s <= 0 (s=-0.0000e+00)

ODE Message 3: LCP internal error, s <= 0 (s=-0.0000e+00)

ODE Message 3: LCP internal error, s <= 0 (s=0.0000e+00)

ODE Message 3: LCP internal error, s <= 0 (s=-0.0000e+00)

ODE Message 3: LCP internal error, s <= 0 (s=-0.0000e+00)

ODE Message 3: LCP internal error, s <= 0 (s=-0.0000e+00)

ODE Message 3: LCP internal error, s <= 0 (s=0.0000e+00)

ODE Message 3: LCP internal error, s <= 0 (s=-0.0000e+00)

ODE Message 3: LCP internal error, s <= 0 (s=0.0000e+00)

ODE Message 3: LCP internal error, s <= 0 (s=-0.0000e+00)

ODE Message 3: LCP internal error, s <= 0 (s=-0.0000e+00)

ODE Message 3: LCP internal error, s <= 0 (s=-0.0000e+00)

ODE Message 3: LCP internal error, s <= 0 (s=-0.0000e+00)

ODE Message 3: LCP internal error, s <= 0 (s=0.0000e+00)

ODE Message 3: LCP internal error, s <= 0 (s=-0.0000e+00)

ODE Message 3: LCP internal error, s <= 0 (s=0.0000e+00)

ODE Message 3: LCP internal error, s <= 0 (s=-0.0000e+00)

ODE Message 3: LCP internal error, s <= 0 (s=-0.0000e+00)

ODE Message 3: LCP internal error, s <= 0 (s=0.0000e+00)

ODE Message 3: LCP internal error, s <= 0 (s=0.0000e+00)

ODE Message 3: LCP internal error, s <= 0 (s=0.0000e+00)

ODE Message 3: LCP internal error, s <= 0 (s=-0.0000e+00)

ODE Message 3: LCP internal error, s <= 0 (s=-0.0000e+00)

ODE Message 3: LCP internal error, s <= 0 (s=-0.0000e+00)

ODE Message 3: LCP internal error, s <= 0 (s=-0.0000e+00)

ODE Message 3: LCP internal error, s <= 0 (s=0.0000e+00)

ODE Message 3: LCP internal error, s <= 0 (s=0.0000e+00)

ODE Message 3: LCP internal error, s <= 0 (s=0.0000e+00)

ODE Message 3: LCP internal error, s <= 0 (s=-0.0000e+00)

ODE Message 3: LCP internal error, s <= 0 (s=0.0000e+00)

ODE Message 3: LCP internal error, s <= 0 (s=0.0000e+00)

ODE Message 3: LCP internal error, s <= 0 (s=-0.0000e+00)

ODE Message 3: LCP internal error, s <= 0 (s=-0.0000e+00)

ODE Message 3: LCP internal error, s <= 0 (s=-0.0000e+00)

ODE Message 3: LCP internal error, s <= 0 (s=-0.0000e+00)

ODE Message 3: LCP internal error, s <= 0 (s=-0.0000e+00)

ODE Message 3: LCP internal error, s <= 0 (s=-0.0000e+00)

ODE Message 3: LCP internal error, s <= 0 (s=0.0000e+00)

ODE Message 3: LCP internal error, s <= 0 (s=-0.0000e+00)

ODE Message 3: LCP internal error, s <= 0 (s=0.0000e+00)

ODE Message 3: LCP internal error, s <= 0 (s=-0.0000e+00)

ODE Message 3: LCP internal error, s <= 0 (s=-0.0000e+00)

ODE Message 3: LCP internal error, s <= 0 (s=0.0000e+00)

ODE Message 3: LCP internal error, s <= 0 (s=0.0000e+00)

ODE Message 3: LCP internal error, s <= 0 (s=-0.0000e+00)

ODE Message 3: LCP internal error, s <= 0 (s=-0.0000e+00)

ODE Message 3: LCP internal error, s <= 0 (s=0.0000e+00)

ODE Message 3: LCP internal error, s <= 0 (s=-0.0000e+00)

ODE Message 3: LCP internal error, s <= 0 (s=-0.0000e+00)

ODE Message 3: LCP internal error, s <= 0 (s=0.0000e+00)

ODE Message 3: LCP internal error, s <= 0 (s=-0.0000e+00)

ODE Message 3: LCP internal error, s <= 0 (s=0.0000e+00)

ODE Message 3: LCP internal error, s <= 0 (s=0.0000e+00)

ODE Message 3: LCP internal error, s <= 0 (s=0.0000e+00)

ODE Message 3: LCP internal error, s <= 0 (s=-0.0000e+00)

ODE Message 3: LCP internal error, s <= 0 (s=0.0000e+00)

ODE Message 3: LCP internal error, s <= 0 (s=-0.0000e+00)

ODE Message 3: LCP internal error, s <= 0 (s=-0.0000e+00)

ODE Message 3: LCP internal error, s <= 0 (s=0.0000e+00)

ODE Message 3: LCP internal error, s <= 0 (s=0.0000e+00)

ODE Message 3: LCP internal error, s <= 0 (s=0.0000e+00)

ODE Message 3: LCP internal error, s <= 0 (s=0.0000e+00)

ODE Message 3: LCP internal error, s <= 0 (s=0.0000e+00)

ODE Message 3: LCP internal error, s <= 0 (s=-0.0000e+00)

ODE Message 3: LCP internal error, s <= 0 (s=-0.0000e+00)

ODE Message 3: LCP internal error, s <= 0 (s=-0.0000e+00)

ODE Message 3: LCP internal error, s <= 0 (s=-0.0000e+00)

ODE Message 3: LCP internal error, s <= 0 (s=-0.0000e+00)

ODE Message 3: LCP internal error, s <= 0 (s=-0.0000e+00)

ODE Message 3: LCP internal error, s <= 0 (s=-0.0000e+00)

ODE Message 3: LCP internal error, s <= 0 (s=-0.0000e+00)

ODE Message 3: LCP internal error, s <= 0 (s=-0.0000e+00)

ODE Message 3: LCP internal error, s <= 0 (s=-0.0000e+00)

ODE Message 3: LCP internal error, s <= 0 (s=0.0000e+00)

ODE Message 3: LCP internal error, s <= 0 (s=-0.0000e+00)

ODE Message 3: LCP internal error, s <= 0 (s=0.0000e+00)

ODE Message 3: LCP internal error, s <= 0 (s=-0.0000e+00)

ODE Message 3: LCP internal error, s <= 0 (s=-0.0000e+00)

ODE Message 3: LCP internal error, s <= 0 (s=0.0000e+00)

ODE Message 3: LCP internal error, s <= 0 (s=0.0000e+00)

ODE Message 3: LCP internal error, s <= 0 (s=-0.0000e+00)

ODE Message 3: LCP internal error, s <= 0 (s=-0.0000e+00)

ODE Message 3: LCP internal error, s <= 0 (s=0.0000e+00)

ODE Message 3: LCP internal error, s <= 0 (s=-0.0000e+00)

ODE Message 3: LCP internal error, s <= 0 (s=0.0000e+00)

ODE Message 3: LCP internal error, s <= 0 (s=-0.0000e+00)

ODE Message 3: LCP internal error, s <= 0 (s=-0.0000e+00)

ODE Message 3: LCP internal error, s <= 0 (s=0.0000e+00)

ODE Message 3: LCP internal error, s <= 0 (s=-0.0000e+00)

ODE Message 3: LCP internal error, s <= 0 (s=-0.0000e+00)

ODE Message 3: LCP internal error, s <= 0 (s=0.0000e+00)

ODE Message 3: LCP internal error, s <= 0 (s=0.0000e+00)

ODE Message 3: LCP internal error, s <= 0 (s=0.0000e+00)

ODE Message 3: LCP internal error, s <= 0 (s=-0.0000e+00)

ODE Message 3: LCP internal error, s <= 0 (s=0.0000e+00)

ODE Message 3: LCP internal error, s <= 0 (s=0.0000e+00)

ODE Message 3: LCP internal error, s <= 0 (s=0.0000e+00)

ODE Message 3: LCP internal error, s <= 0 (s=-0.0000e+00)

ODE Message 3: LCP internal error, s <= 0 (s=-0.0000e+00)

ODE Message 3: LCP internal error, s <= 0 (s=0.0000e+00)

ODE Message 3: LCP internal error, s <= 0 (s=-0.0000e+00)

ODE Message 3: LCP internal error, s <= 0 (s=-0.0000e+00)

ODE Message 3: LCP internal error, s <= 0 (s=0.0000e+00)

ODE Message 3: LCP internal error, s <= 0 (s=-0.0000e+00)

ODE Message 3: LCP internal error, s <= 0 (s=-0.0000e+00)

ODE Message 3: LCP internal error, s <= 0 (s=-0.0000e+00)

ODE Message 3: LCP internal error, s <= 0 (s=0.0000e+00)

ODE Message 3: LCP internal error, s <= 0 (s=0.0000e+00)

ODE Message 3: LCP internal error, s <= 0 (s=0.0000e+00)

ODE Message 3: LCP internal error, s <= 0 (s=0.0000e+00)

ODE Message 3: LCP internal error, s <= 0 (s=0.0000e+00)

ODE Message 3: LCP internal error, s <= 0 (s=-0.0000e+00)

ODE Message 3: LCP internal error, s <= 0 (s=0.0000e+00)

ODE Message 3: LCP internal error, s <= 0 (s=0.0000e+00)

ODE Message 3: LCP internal error, s <= 0 (s=0.0000e+00)

ODE Message 3: LCP internal error, s <= 0 (s=-0.0000e+00)

ODE Message 3: LCP internal error, s <= 0 (s=-0.0000e+00)

ODE Message 3: LCP internal error, s <= 0 (s=-0.0000e+00)

ODE Message 3: LCP internal error, s <= 0 (s=-0.0000e+00)

ODE Message 3: LCP internal error, s <= 0 (s=-0.0000e+00)

ODE Message 3: LCP internal error, s <= 0 (s=-0.0000e+00)

ODE Message 3: LCP internal error, s <= 0 (s=-0.0000e+00)

ODE Message 3: LCP internal error, s <= 0 (s=0.0000e+00)

ODE Message 3: LCP internal error, s <= 0 (s=0.0000e+00)

ODE Message 3: LCP internal error, s <= 0 (s=0.0000e+00)

ODE Message 3: LCP internal error, s <= 0 (s=-0.0000e+00)

ODE Message 3: LCP internal error, s <= 0 (s=-0.0000e+00)

ODE Message 3: LCP internal error, s <= 0 (s=-0.0000e+00)

ODE Message 3: LCP internal error, s <= 0 (s=-0.0000e+00)

ODE Message 3: LCP internal error, s <= 0 (s=-0.0000e+00)

ODE Message 3: LCP internal error, s <= 0 (s=0.0000e+00)

ODE Message 3: LCP internal error, s <= 0 (s=0.0000e+00)

ODE Message 3: LCP internal error, s <= 0 (s=-0.0000e+00)

ODE Message 3: LCP internal error, s <= 0 (s=-0.0000e+00)

ODE Message 3: LCP internal error, s <= 0 (s=0.0000e+00)

ODE Message 3: LCP internal error, s <= 0 (s=-0.0000e+00)

ODE Message 3: LCP internal error, s <= 0 (s=-0.0000e+00)

ODE Message 3: LCP internal error, s <= 0 (s=0.0000e+00)

ODE Message 3: LCP internal error, s <= 0 (s=0.0000e+00)

ODE Message 3: LCP internal error, s <= 0 (s=-0.0000e+00)

ODE Message 3: LCP internal error, s <= 0 (s=0.0000e+00)

ODE Message 3: LCP internal error, s <= 0 (s=0.0000e+00)

ODE Message 3: LCP internal error, s <= 0 (s=0.0000e+00)

ODE Message 3: LCP internal error, s <= 0 (s=-0.0000e+00)

ODE Message 3: LCP internal error, s <= 0 (s=0.0000e+00)

ODE Message 3: LCP internal error, s <= 0 (s=0.0000e+00)

ODE Message 3: LCP internal error, s <= 0 (s=0.0000e+00)

ODE Message 3: LCP internal error, s <= 0 (s=-0.0000e+00)

ODE Message 3: LCP internal error, s <= 0 (s=0.0000e+00)

ODE Message 3: LCP internal error, s <= 0 (s=0.0000e+00)

ODE Message 3: LCP internal error, s <= 0 (s=-0.0000e+00)

ODE Message 3: LCP internal error, s <= 0 (s=-0.0000e+00)

ODE Message 3: LCP internal error, s <= 0 (s=0.0000e+00)

ODE Message 3: LCP internal error, s <= 0 (s=-0.0000e+00)

ODE Message 3: LCP internal error, s <= 0 (s=0.0000e+00)

ODE Message 3: LCP internal error, s <= 0 (s=-0.0000e+00)

ODE Message 3: LCP internal error, s <= 0 (s=0.0000e+00)

ODE Message 3: LCP internal error, s <= 0 (s=-0.0000e+00)

ODE Message 3: LCP internal error, s <= 0 (s=-0.0000e+00)

ODE Message 3: LCP internal error, s <= 0 (s=-0.0000e+00)

ODE Message 3: LCP internal error, s <= 0 (s=-0.0000e+00)

ODE Message 3: LCP internal error, s <= 0 (s=-0.0000e+00)

ODE Message 3: LCP internal error, s <= 0 (s=0.0000e+00)

ODE Message 3: LCP internal error, s <= 0 (s=0.0000e+00)

ODE Message 3: LCP internal error, s <= 0 (s=-0.0000e+00)

ODE Message 3: LCP internal error, s <= 0 (s=0.0000e+00)

ODE Message 3: LCP internal error, s <= 0 (s=0.0000e+00)

ODE Message 3: LCP internal error, s <= 0 (s=-0.0000e+00)

ODE Message 3: LCP internal error, s <= 0 (s=-0.0000e+00)

ODE Message 3: LCP internal error, s <= 0 (s=-0.0000e+00)

ODE Message 3: LCP internal error, s <= 0 (s=0.0000e+00)

ODE Message 3: LCP internal error, s <= 0 (s=-0.0000e+00)

ODE Message 3: LCP internal error, s <= 0 (s=-0.0000e+00)

ODE Message 3: LCP internal error, s <= 0 (s=0.0000e+00)

ODE Message 3: LCP internal error, s <= 0 (s=-0.0000e+00)

ODE Message 3: LCP internal error, s <= 0 (s=0.0000e+00)

ODE Message 3: LCP internal error, s <= 0 (s=-1.6799e-10)

ODE Message 3: LCP internal error, s <= 0 (s=0.0000e+00)

ODE Message 3: LCP internal error, s <= 0 (s=-0.0000e+00)

ODE Message 3: LCP internal error, s <= 0 (s=-0.0000e+00)

ODE Message 3: LCP internal error, s <= 0 (s=-0.0000e+00)

ODE Message 3: LCP internal error, s <= 0 (s=-0.0000e+00)

ODE Message 3: LCP internal error, s <= 0 (s=-0.0000e+00)

ODE Message 3: LCP internal error, s <= 0 (s=-0.0000e+00)

ODE Message 3: LCP internal error, s <= 0 (s=-0.0000e+00)

ODE Message 3: LCP internal error, s <= 0 (s=-0.0000e+00)

ODE Message 3: LCP internal error, s <= 0 (s=0.0000e+00)

ODE Message 3: LCP internal error, s <= 0 (s=0.0000e+00)

ODE Message 3: LCP internal error, s <= 0 (s=-0.0000e+00)

ODE Message 3: LCP internal error, s <= 0 (s=-0.0000e+00)

ODE Message 3: LCP internal error, s <= 0 (s=-0.0000e+00)

ODE Message 3: LCP internal error, s <= 0 (s=-0.0000e+00)

ODE Message 3: LCP internal error, s <= 0 (s=0.0000e+00)

ODE Message 3: LCP internal error, s <= 0 (s=0.0000e+00)

ODE Message 3: LCP internal error, s <= 0 (s=-0.0000e+00)

ODE Message 3: LCP internal error, s <= 0 (s=0.0000e+00)

ODE Message 3: LCP internal error, s <= 0 (s=-0.0000e+00)

ODE Message 3: LCP internal error, s <= 0 (s=-0.0000e+00)

ODE Message 3: LCP internal error, s <= 0 (s=-0.0000e+00)

ODE Message 3: LCP internal error, s <= 0 (s=-0.0000e+00)

ODE Message 3: LCP internal error, s <= 0 (s=-0.0000e+00)

ODE Message 3: LCP internal error, s <= 0 (s=-0.0000e+00)

ODE Message 3: LCP internal error, s <= 0 (s=0.0000e+00)

ODE Message 3: LCP internal error, s <= 0 (s=0.0000e+00)

ODE Message 3: LCP internal error, s <= 0 (s=0.0000e+00)

ODE Message 3: LCP internal error, s <= 0 (s=-0.0000e+00)

ODE Message 3: LCP internal error, s <= 0 (s=-0.0000e+00)

ODE Message 3: LCP internal error, s <= 0 (s=0.0000e+00)

ODE Message 3: LCP internal error, s <= 0 (s=-0.0000e+00)

ODE Message 3: LCP internal error, s <= 0 (s=-0.0000e+00)

ODE Message 3: LCP internal error, s <= 0 (s=0.0000e+00)

ODE Message 3: LCP internal error, s <= 0 (s=0.0000e+00)

ODE Message 3: LCP internal error, s <= 0 (s=-0.0000e+00)

ODE Message 3: LCP internal error, s <= 0 (s=-0.0000e+00)

ODE Message 3: LCP internal error, s <= 0 (s=-0.0000e+00)

ODE Message 3: LCP internal error, s <= 0 (s=-0.0000e+00)

ODE Message 3: LCP internal error, s <= 0 (s=-0.0000e+00)

ODE Message 3: LCP internal error, s <= 0 (s=0.0000e+00)

ODE Message 3: LCP internal error, s <= 0 (s=-0.0000e+00)

ODE Message 3: LCP internal error, s <= 0 (s=-0.0000e+00)

ODE Message 3: LCP internal error, s <= 0 (s=-0.0000e+00)

ODE Message 3: LCP internal error, s <= 0 (s=-0.0000e+00)

ODE Message 3: LCP internal error, s <= 0 (s=0.0000e+00)

ODE Message 3: LCP internal error, s <= 0 (s=0.0000e+00)
Environment initialized
action space: Box([-1. -1.], [1. 1.], (2,), float32)
observation space: Box([-1.2 -1.2 -1.2 -1.2 -1.2 -1.2 -1.2 -1.2 -1.2 -1.2 -1.2 -1.2 -1.2 -1.2
 -1.2 -1.2 -1.2 -1.2 -1.2 -1.2 -1.2 -1.2 -1.2 -1.2 -1.2 -1.2 -1.2 -1.2
 -1.2 -1.2 -1.2 -1.2 -1.2 -1.2 -1.2 -1.2 -1.2 -1.2 -1.2 -1.2], [1.2 1.2 1.2 1.2 1.2 1.2 1.2 1.2 1.2 1.2 1.2 1.2 1.2 1.2 1.2 1.2 1.2 1.2
 1.2 1.2 1.2 1.2 1.2 1.2 1.2 1.2 1.2 1.2 1.2 1.2 1.2 1.2 1.2 1.2 1.2 1.2
 1.2 1.2 1.2 1.2], (40,), float32)

 ****** Running generation 0 ****** 

network creation time 0.06188178062438965
Score range [-108.431, 89.098]
simulation run time 1763.0139513015747
Evaluating 700 test episodes
final fitness compute time 2082.651755332947

Population's average fitness: -956.99882 stdev: 30.78770
Best fitness: -817.84710 - size: (2, 40) - species 2 - id 274
Average adjusted fitness: 0.317
Mean genetic distance 2.748, standard deviation 0.498
Population of 700 members in 4 species:
   ID   age  size  fitness  adj fit  stag
  ====  ===  ====  =======  =======  ====
     1    0   181   -839.6    0.326     0
     2    0   124   -817.8    0.314     0
     3    0   225   -857.3    0.322     0
     4    0   170   -875.3    0.305     0
Total extinctions: 0
Generation time: 3851.049 sec
Saving checkpoint to neat-checkpoint-0

 ****** Running generation 1 ****** 

network creation time 0.1242361068725586
Evaluating 700 test episodes
final fitness compute time 2072.381542444229

Population's average fitness: -916.80194 stdev: 41.72489
Best fitness: -676.78489 - size: (2, 39) - species 4 - id 979
Average adjusted fitness: 0.317
Mean genetic distance 2.686, standard deviation 0.483
Population of 700 members in 4 species:
   ID   age  size  fitness  adj fit  stag
  ====  ===  ====  =======  =======  ====
     1    1   206   -787.7    0.329     0
     2    1   108   -741.5    0.304     0
     3    1   220   -753.6    0.330     0
     4    1   166   -676.8    0.307     0
Total extinctions: 0
Generation time: 2077.522 sec (2964.285 average)
Saving checkpoint to neat-checkpoint-1

 ****** Running generation 2 ****** 

network creation time 0.09686684608459473
Evaluating 700 test episodes
final fitness compute time 2078.3997497558594

Population's average fitness: -878.91390 stdev: 50.02073
Best fitness: -646.98190 - size: (2, 40) - species 1 - id 2000
Average adjusted fitness: 0.398
Mean genetic distance 2.636, standard deviation 0.479
Population of 699 members in 4 species:
   ID   age  size  fitness  adj fit  stag
  ====  ===  ====  =======  =======  ====
     1    2   157   -647.0    0.423     0
     2    2    81   -741.5    0.361     1
     3    2   215   -676.8    0.419     0
     4    2   246   -731.3    0.388     1
Total extinctions: 0
Generation time: 2083.534 sec (2670.702 average)
Saving checkpoint to neat-checkpoint-2

 ****** Running generation 3 ****** 

network creation time 0.09479975700378418
Evaluating 700 test episodes
final fitness compute time 2089.43412065506

Population's average fitness: -845.17860 stdev: 73.96472
Best fitness: -0.14553 - size: (3, 37) - species 1 - id 2772
Average adjusted fitness: 0.214
Mean genetic distance 2.695, standard deviation 0.473
Population of 700 members in 5 species:
   ID   age  size  fitness  adj fit  stag
  ====  ===  ====  =======  =======  ====
     1    3   114     -0.1    0.224     0
     2    3    85   -689.7    0.204     0
     3    3   138   -657.2    0.211     0
     4    3   276     -0.2    0.218     0
     5    0    87       --       --     0
Total extinctions: 0
Generation time: 2094.580 sec (2526.671 average)
Saving checkpoint to neat-checkpoint-3

 ****** Running generation 4 ****** 

network creation time 0.09902024269104004
Evaluating 700 test episodes
final fitness compute time 2078.990164756775

Population's average fitness: -799.35535 stdev: 146.03935
Best fitness: -0.11569 - size: (4, 40) - species 4 - id 3247
Average adjusted fitness: 0.217
Mean genetic distance 2.719, standard deviation 0.514
Population of 701 members in 5 species:
   ID   age  size  fitness  adj fit  stag
  ====  ===  ====  =======  =======  ====
     1    4   155     -0.1    0.288     0
     2    4    98   -618.7    0.196     0
     3    4    84     -0.2    0.197     0
     4    4   156     -0.1    0.219     0
     5    1   208   -647.0    0.185     0
Total extinctions: 0
Generation time: 2084.545 sec (2438.246 average)
Saving checkpoint to neat-checkpoint-4
Average mean fitness over last 5 generations: -879.4497192771605
Average min fitness over last 5 generations: -1037.4747862467234
0 -4.6079427180315005 -4.6079427180315005

 ****** Running generation 5 ****** 

network creation time 0.059537649154663086
Evaluating 700 test episodes
final fitness compute time 1967.2582166194916

Population's average fitness: -646.74917 stdev: 329.85096
Best fitness: -0.10639 - size: (3, 41) - species 1 - id 3832
Average adjusted fitness: 0.359
Mean genetic distance 2.708, standard deviation 0.552
Population of 701 members in 5 species:
   ID   age  size  fitness  adj fit  stag
  ====  ===  ====  =======  =======  ====
     1    5   208     -0.1    0.679     0
     2    5   100     -0.1    0.223     0
     3    5    45     -0.1    0.246     0
     4    5   173     -0.1    0.410     1
     5    2   175     -0.1    0.236     0
Total extinctions: 0
Generation time: 1972.380 sec (2360.602 average)
Saving checkpoint to neat-checkpoint-5

 ****** Running generation 6 ****** 

network creation time 0.0844123363494873
Evaluating 700 test episodes
final fitness compute time 1750.9294788837433

Population's average fitness: -364.12878 stdev: 409.97872
Best fitness: -0.00198 - size: (3, 37) - species 1 - id 4715
Average adjusted fitness: 0.585
Mean genetic distance 2.818, standard deviation 0.545
Population of 699 members in 5 species:
   ID   age  size  fitness  adj fit  stag
  ====  ===  ====  =======  =======  ====
     1    6   162     -0.0    0.856     0
     2    6   135     -0.1    0.329     0
     3    6    50     -0.1    0.501     0
     4    6   189     -0.1    0.914     0
     5    3   163     -0.1    0.326     0
Total extinctions: 0
Generation time: 1756.200 sec (2274.259 average)
Saving checkpoint to neat-checkpoint-6

 ****** Running generation 7 ****** 

network creation time 0.11997151374816895
Evaluating 700 test episodes
final fitness compute time 1633.9510123729706

Population's average fitness: -134.39239 stdev: 322.15809
Best fitness: -0.00109 - size: (3, 39) - species 1 - id 5446
Average adjusted fitness: 0.878
Mean genetic distance 2.843, standard deviation 0.554
Population of 700 members in 5 species:
   ID   age  size  fitness  adj fit  stag
  ====  ===  ====  =======  =======  ====
     1    7   172     -0.0    0.860     0
     2    7   133     -0.1    0.874     0
     3    7    82     -0.1    0.903     0
     4    7   202     -0.1    0.864     1
     5    4   111     -0.0    0.891     0
Total extinctions: 0
Generation time: 1639.148 sec (2194.870 average)
Saving checkpoint to neat-checkpoint-7

 ****** Running generation 8 ****** 

network creation time 0.07785797119140625
Evaluating 700 test episodes
final fitness compute time 1572.7852659225464

Population's average fitness: -106.42141 stdev: 296.41298
Best fitness: -0.00109 - size: (3, 39) - species 1 - id 5446
Average adjusted fitness: 0.901
Mean genetic distance 2.843, standard deviation 0.571
Population of 700 members in 5 species:
   ID   age  size  fitness  adj fit  stag
  ====  ===  ====  =======  =======  ====
     1    8   167     -0.0    0.854     1
     2    8   124     -0.0    0.915     0
     3    8   115     -0.0    0.889     0
     4    8   176     -0.1    0.932     2
     5    5   118     -0.0    0.918     0
Total extinctions: 0
Generation time: 1577.904 sec (2126.318 average)
Saving checkpoint to neat-checkpoint-8

 ****** Running generation 9 ****** 

network creation time 0.07214212417602539
Evaluating 700 test episodes

ODE Message 3: LCP internal error, s <= 0 (s=0.0000e+00)

ODE Message 3: LCP internal error, s <= 0 (s=-0.0000e+00)

ODE Message 3: LCP internal error, s <= 0 (s=-0.0000e+00)

ODE Message 3: LCP internal error, s <= 0 (s=-0.0000e+00)

ODE Message 3: LCP internal error, s <= 0 (s=0.0000e+00)

ODE Message 3: LCP internal error, s <= 0 (s=-0.0000e+00)

ODE Message 3: LCP internal error, s <= 0 (s=-0.0000e+00)

ODE Message 3: LCP internal error, s <= 0 (s=-0.0000e+00)

ODE Message 3: LCP internal error, s <= 0 (s=-0.0000e+00)

ODE Message 3: LCP internal error, s <= 0 (s=-0.0000e+00)

ODE Message 3: LCP internal error, s <= 0 (s=-1.6798e-10)

ODE Message 3: LCP internal error, s <= 0 (s=-0.0000e+00)

ODE Message 3: LCP internal error, s <= 0 (s=-0.0000e+00)

ODE Message 3: LCP internal error, s <= 0 (s=0.0000e+00)

ODE Message 3: LCP internal error, s <= 0 (s=-0.0000e+00)

ODE Message 3: LCP internal error, s <= 0 (s=-0.0000e+00)

ODE Message 3: LCP internal error, s <= 0 (s=-0.0000e+00)

ODE Message 3: LCP internal error, s <= 0 (s=-0.0000e+00)

ODE Message 3: LCP internal error, s <= 0 (s=-0.0000e+00)

ODE Message 3: LCP internal error, s <= 0 (s=-0.0000e+00)

ODE Message 3: LCP internal error, s <= 0 (s=-0.0000e+00)

ODE Message 3: LCP internal error, s <= 0 (s=-0.0000e+00)

ODE Message 3: LCP internal error, s <= 0 (s=0.0000e+00)

ODE Message 3: LCP internal error, s <= 0 (s=-0.0000e+00)

ODE Message 3: LCP internal error, s <= 0 (s=0.0000e+00)

ODE Message 3: LCP internal error, s <= 0 (s=0.0000e+00)

ODE Message 3: LCP internal error, s <= 0 (s=0.0000e+00)

ODE Message 3: LCP internal error, s <= 0 (s=0.0000e+00)

ODE Message 3: LCP internal error, s <= 0 (s=-0.0000e+00)

ODE Message 3: LCP internal error, s <= 0 (s=-0.0000e+00)

ODE Message 3: LCP internal error, s <= 0 (s=0.0000e+00)

ODE Message 3: LCP internal error, s <= 0 (s=-0.0000e+00)

ODE Message 3: LCP internal error, s <= 0 (s=0.0000e+00)

ODE Message 3: LCP internal error, s <= 0 (s=-0.0000e+00)

ODE Message 3: LCP internal error, s <= 0 (s=-0.0000e+00)

ODE Message 3: LCP internal error, s <= 0 (s=-1.6798e-10)

ODE Message 3: LCP internal error, s <= 0 (s=-0.0000e+00)

ODE Message 3: LCP internal error, s <= 0 (s=-0.0000e+00)

ODE Message 3: LCP internal error, s <= 0 (s=0.0000e+00)

ODE Message 3: LCP internal error, s <= 0 (s=-0.0000e+00)

ODE Message 3: LCP internal error, s <= 0 (s=-0.0000e+00)

ODE Message 3: LCP internal error, s <= 0 (s=-0.0000e+00)

ODE Message 3: LCP internal error, s <= 0 (s=0.0000e+00)

ODE Message 3: LCP internal error, s <= 0 (s=-0.0000e+00)

ODE Message 3: LCP internal error, s <= 0 (s=0.0000e+00)

ODE Message 3: LCP internal error, s <= 0 (s=-1.6798e-10)

ODE Message 3: LCP internal error, s <= 0 (s=-0.0000e+00)

ODE Message 3: LCP internal error, s <= 0 (s=0.0000e+00)

ODE Message 3: LCP internal error, s <= 0 (s=-0.0000e+00)

ODE Message 3: LCP internal error, s <= 0 (s=-0.0000e+00)

ODE Message 3: LCP internal error, s <= 0 (s=0.0000e+00)

ODE Message 3: LCP internal error, s <= 0 (s=-0.0000e+00)

ODE Message 3: LCP internal error, s <= 0 (s=0.0000e+00)

ODE Message 3: LCP internal error, s <= 0 (s=0.0000e+00)

ODE Message 3: LCP internal error, s <= 0 (s=-0.0000e+00)

ODE Message 3: LCP internal error, s <= 0 (s=0.0000e+00)

ODE Message 3: LCP internal error, s <= 0 (s=0.0000e+00)

ODE Message 3: LCP internal error, s <= 0 (s=0.0000e+00)

ODE Message 3: LCP internal error, s <= 0 (s=-0.0000e+00)

ODE Message 3: LCP internal error, s <= 0 (s=-0.0000e+00)

ODE Message 3: LCP internal error, s <= 0 (s=0.0000e+00)

ODE Message 3: LCP internal error, s <= 0 (s=-3.1455e-08)

ODE Message 3: LCP internal error, s <= 0 (s=0.0000e+00)

ODE Message 3: LCP internal error, s <= 0 (s=-0.0000e+00)

ODE Message 3: LCP internal error, s <= 0 (s=0.0000e+00)

ODE Message 3: LCP internal error, s <= 0 (s=0.0000e+00)

ODE Message 3: LCP internal error, s <= 0 (s=-0.0000e+00)

ODE Message 3: LCP internal error, s <= 0 (s=-0.0000e+00)

ODE Message 3: LCP internal error, s <= 0 (s=0.0000e+00)

ODE Message 3: LCP internal error, s <= 0 (s=-0.0000e+00)

ODE Message 3: LCP internal error, s <= 0 (s=-0.0000e+00)

ODE Message 3: LCP internal error, s <= 0 (s=-0.0000e+00)

ODE Message 3: LCP internal error, s <= 0 (s=0.0000e+00)

ODE Message 3: LCP internal error, s <= 0 (s=0.0000e+00)

ODE Message 3: LCP internal error, s <= 0 (s=-0.0000e+00)

ODE Message 3: LCP internal error, s <= 0 (s=0.0000e+00)

ODE Message 3: LCP internal error, s <= 0 (s=0.0000e+00)

ODE Message 3: LCP internal error, s <= 0 (s=-0.0000e+00)

ODE Message 3: LCP internal error, s <= 0 (s=-0.0000e+00)

ODE Message 3: LCP internal error, s <= 0 (s=-0.0000e+00)

ODE Message 3: LCP internal error, s <= 0 (s=-0.0000e+00)

ODE Message 3: LCP internal error, s <= 0 (s=-0.0000e+00)

ODE Message 3: LCP internal error, s <= 0 (s=0.0000e+00)

ODE Message 3: LCP internal error, s <= 0 (s=0.0000e+00)

ODE Message 3: LCP internal error, s <= 0 (s=0.0000e+00)

ODE Message 3: LCP internal error, s <= 0 (s=-0.0000e+00)

ODE Message 3: LCP internal error, s <= 0 (s=0.0000e+00)

ODE Message 3: LCP internal error, s <= 0 (s=-0.0000e+00)

ODE Message 3: LCP internal error, s <= 0 (s=0.0000e+00)

ODE Message 3: LCP internal error, s <= 0 (s=0.0000e+00)

ODE Message 3: LCP internal error, s <= 0 (s=-0.0000e+00)

ODE Message 3: LCP internal error, s <= 0 (s=-0.0000e+00)

ODE Message 3: LCP internal error, s <= 0 (s=0.0000e+00)

ODE Message 3: LCP internal error, s <= 0 (s=-0.0000e+00)

ODE Message 3: LCP internal error, s <= 0 (s=0.0000e+00)

ODE Message 3: LCP internal error, s <= 0 (s=0.0000e+00)

ODE Message 3: LCP internal error, s <= 0 (s=-0.0000e+00)

ODE Message 3: LCP internal error, s <= 0 (s=-0.0000e+00)

ODE Message 3: LCP internal error, s <= 0 (s=-0.0000e+00)

ODE Message 3: LCP internal error, s <= 0 (s=-0.0000e+00)

ODE Message 3: LCP internal error, s <= 0 (s=0.0000e+00)

ODE Message 3: LCP internal error, s <= 0 (s=0.0000e+00)

ODE Message 3: LCP internal error, s <= 0 (s=-0.0000e+00)

ODE Message 3: LCP internal error, s <= 0 (s=-0.0000e+00)

ODE Message 3: LCP internal error, s <= 0 (s=0.0000e+00)

ODE Message 3: LCP internal error, s <= 0 (s=0.0000e+00)

ODE Message 3: LCP internal error, s <= 0 (s=-0.0000e+00)

ODE Message 3: LCP internal error, s <= 0 (s=-0.0000e+00)

ODE Message 3: LCP internal error, s <= 0 (s=0.0000e+00)

ODE Message 3: LCP internal error, s <= 0 (s=-0.0000e+00)

ODE Message 3: LCP internal error, s <= 0 (s=-0.0000e+00)

ODE Message 3: LCP internal error, s <= 0 (s=-0.0000e+00)

ODE Message 3: LCP internal error, s <= 0 (s=-0.0000e+00)

ODE Message 3: LCP internal error, s <= 0 (s=-0.0000e+00)

ODE Message 3: LCP internal error, s <= 0 (s=-0.0000e+00)

ODE Message 3: LCP internal error, s <= 0 (s=0.0000e+00)

ODE Message 3: LCP internal error, s <= 0 (s=0.0000e+00)

ODE Message 3: LCP internal error, s <= 0 (s=0.0000e+00)

ODE Message 3: LCP internal error, s <= 0 (s=0.0000e+00)

ODE Message 3: LCP internal error, s <= 0 (s=0.0000e+00)

ODE Message 3: LCP internal error, s <= 0 (s=0.0000e+00)

ODE Message 3: LCP internal error, s <= 0 (s=-0.0000e+00)

ODE Message 3: LCP internal error, s <= 0 (s=0.0000e+00)

ODE Message 3: LCP internal error, s <= 0 (s=0.0000e+00)

ODE Message 3: LCP internal error, s <= 0 (s=-0.0000e+00)

ODE Message 3: LCP internal error, s <= 0 (s=-0.0000e+00)

ODE Message 3: LCP internal error, s <= 0 (s=-0.0000e+00)

ODE Message 3: LCP internal error, s <= 0 (s=0.0000e+00)

ODE Message 3: LCP internal error, s <= 0 (s=-0.0000e+00)

ODE Message 3: LCP internal error, s <= 0 (s=0.0000e+00)

ODE Message 3: LCP internal error, s <= 0 (s=0.0000e+00)

ODE Message 3: LCP internal error, s <= 0 (s=-0.0000e+00)

ODE Message 3: LCP internal error, s <= 0 (s=-0.0000e+00)

ODE Message 3: LCP internal error, s <= 0 (s=-0.0000e+00)

ODE Message 3: LCP internal error, s <= 0 (s=-0.0000e+00)

ODE Message 3: LCP internal error, s <= 0 (s=-0.0000e+00)

ODE Message 3: LCP internal error, s <= 0 (s=0.0000e+00)

ODE Message 3: LCP internal error, s <= 0 (s=0.0000e+00)

ODE Message 3: LCP internal error, s <= 0 (s=0.0000e+00)

ODE Message 3: LCP internal error, s <= 0 (s=-0.0000e+00)

ODE Message 3: LCP internal error, s <= 0 (s=-0.0000e+00)

ODE Message 3: LCP internal error, s <= 0 (s=-0.0000e+00)

ODE Message 3: LCP internal error, s <= 0 (s=0.0000e+00)

ODE Message 3: LCP internal error, s <= 0 (s=0.0000e+00)

ODE Message 3: LCP internal error, s <= 0 (s=-0.0000e+00)

ODE Message 3: LCP internal error, s <= 0 (s=-0.0000e+00)

ODE Message 3: LCP internal error, s <= 0 (s=0.0000e+00)

ODE Message 3: LCP internal error, s <= 0 (s=-0.0000e+00)

ODE Message 3: LCP internal error, s <= 0 (s=0.0000e+00)

ODE Message 3: LCP internal error, s <= 0 (s=-0.0000e+00)

ODE Message 3: LCP internal error, s <= 0 (s=-0.0000e+00)

ODE Message 3: LCP internal error, s <= 0 (s=0.0000e+00)

ODE Message 3: LCP internal error, s <= 0 (s=-0.0000e+00)

ODE Message 3: LCP internal error, s <= 0 (s=0.0000e+00)

ODE Message 3: LCP internal error, s <= 0 (s=-0.0000e+00)

ODE Message 3: LCP internal error, s <= 0 (s=-0.0000e+00)

ODE Message 3: LCP internal error, s <= 0 (s=0.0000e+00)

ODE Message 3: LCP internal error, s <= 0 (s=0.0000e+00)

ODE Message 3: LCP internal error, s <= 0 (s=0.0000e+00)

ODE Message 3: LCP internal error, s <= 0 (s=-0.0000e+00)

ODE Message 3: LCP internal error, s <= 0 (s=0.0000e+00)

ODE Message 3: LCP internal error, s <= 0 (s=0.0000e+00)

ODE Message 3: LCP internal error, s <= 0 (s=-0.0000e+00)

ODE Message 3: LCP internal error, s <= 0 (s=0.0000e+00)

ODE Message 3: LCP internal error, s <= 0 (s=-0.0000e+00)

ODE Message 3: LCP internal error, s <= 0 (s=-0.0000e+00)

ODE Message 3: LCP internal error, s <= 0 (s=-2.1676e-11)

ODE Message 3: LCP internal error, s <= 0 (s=-0.0000e+00)

ODE Message 3: LCP internal error, s <= 0 (s=-0.0000e+00)

ODE Message 3: LCP internal error, s <= 0 (s=0.0000e+00)

ODE Message 3: LCP internal error, s <= 0 (s=0.0000e+00)

ODE Message 3: LCP internal error, s <= 0 (s=-0.0000e+00)

ODE Message 3: LCP internal error, s <= 0 (s=-0.0000e+00)

ODE Message 3: LCP internal error, s <= 0 (s=-0.0000e+00)

ODE Message 3: LCP internal error, s <= 0 (s=-0.0000e+00)

ODE Message 3: LCP internal error, s <= 0 (s=0.0000e+00)

ODE Message 3: LCP internal error, s <= 0 (s=0.0000e+00)

ODE Message 3: LCP internal error, s <= 0 (s=0.0000e+00)

ODE Message 3: LCP internal error, s <= 0 (s=-0.0000e+00)

ODE Message 3: LCP internal error, s <= 0 (s=0.0000e+00)

ODE Message 3: LCP internal error, s <= 0 (s=-0.0000e+00)

ODE Message 3: LCP internal error, s <= 0 (s=-0.0000e+00)

ODE Message 3: LCP internal error, s <= 0 (s=-0.0000e+00)

ODE Message 3: LCP internal error, s <= 0 (s=-0.0000e+00)

ODE Message 3: LCP internal error, s <= 0 (s=-0.0000e+00)

ODE Message 3: LCP internal error, s <= 0 (s=-0.0000e+00)

ODE Message 3: LCP internal error, s <= 0 (s=0.0000e+00)

ODE Message 3: LCP internal error, s <= 0 (s=0.0000e+00)

ODE Message 3: LCP internal error, s <= 0 (s=-0.0000e+00)

ODE Message 3: LCP internal error, s <= 0 (s=0.0000e+00)

ODE Message 3: LCP internal error, s <= 0 (s=0.0000e+00)

ODE Message 3: LCP internal error, s <= 0 (s=0.0000e+00)

ODE Message 3: LCP internal error, s <= 0 (s=0.0000e+00)

ODE Message 3: LCP internal error, s <= 0 (s=-0.0000e+00)

ODE Message 3: LCP internal error, s <= 0 (s=-0.0000e+00)

ODE Message 3: LCP internal error, s <= 0 (s=-0.0000e+00)

ODE Message 3: LCP internal error, s <= 0 (s=-0.0000e+00)

ODE Message 3: LCP internal error, s <= 0 (s=0.0000e+00)

ODE Message 3: LCP internal error, s <= 0 (s=-0.0000e+00)

ODE Message 3: LCP internal error, s <= 0 (s=-0.0000e+00)

ODE Message 3: LCP internal error, s <= 0 (s=-0.0000e+00)

ODE Message 3: LCP internal error, s <= 0 (s=0.0000e+00)

ODE Message 3: LCP internal error, s <= 0 (s=0.0000e+00)

ODE Message 3: LCP internal error, s <= 0 (s=0.0000e+00)

ODE Message 3: LCP internal error, s <= 0 (s=0.0000e+00)

ODE Message 3: LCP internal error, s <= 0 (s=-0.0000e+00)

ODE Message 3: LCP internal error, s <= 0 (s=0.0000e+00)

ODE Message 3: LCP internal error, s <= 0 (s=-0.0000e+00)

ODE Message 3: LCP internal error, s <= 0 (s=-0.0000e+00)

ODE Message 3: LCP internal error, s <= 0 (s=0.0000e+00)

ODE Message 3: LCP internal error, s <= 0 (s=0.0000e+00)

ODE Message 3: LCP internal error, s <= 0 (s=-0.0000e+00)

ODE Message 3: LCP internal error, s <= 0 (s=0.0000e+00)

ODE Message 3: LCP internal error, s <= 0 (s=0.0000e+00)

ODE Message 3: LCP internal error, s <= 0 (s=0.0000e+00)

ODE Message 3: LCP internal error, s <= 0 (s=0.0000e+00)

ODE Message 3: LCP internal error, s <= 0 (s=-0.0000e+00)

ODE Message 3: LCP internal error, s <= 0 (s=0.0000e+00)

ODE Message 3: LCP internal error, s <= 0 (s=-0.0000e+00)

ODE Message 3: LCP internal error, s <= 0 (s=-6.2918e-08)

ODE Message 3: LCP internal error, s <= 0 (s=-0.0000e+00)

ODE Message 3: LCP internal error, s <= 0 (s=0.0000e+00)

ODE Message 3: LCP internal error, s <= 0 (s=0.0000e+00)

ODE Message 3: LCP internal error, s <= 0 (s=-0.0000e+00)

ODE Message 3: LCP internal error, s <= 0 (s=-0.0000e+00)

ODE Message 3: LCP internal error, s <= 0 (s=-1.6798e-10)

ODE Message 3: LCP internal error, s <= 0 (s=-0.0000e+00)

ODE Message 3: LCP internal error, s <= 0 (s=-0.0000e+00)

ODE Message 3: LCP internal error, s <= 0 (s=0.0000e+00)

ODE Message 3: LCP internal error, s <= 0 (s=0.0000e+00)

ODE Message 3: LCP internal error, s <= 0 (s=-0.0000e+00)

ODE Message 3: LCP internal error, s <= 0 (s=-0.0000e+00)

ODE Message 3: LCP internal error, s <= 0 (s=-0.0000e+00)

ODE Message 3: LCP internal error, s <= 0 (s=-0.0000e+00)

ODE Message 3: LCP internal error, s <= 0 (s=0.0000e+00)

ODE Message 3: LCP internal error, s <= 0 (s=-0.0000e+00)

ODE Message 3: LCP internal error, s <= 0 (s=0.0000e+00)

ODE Message 3: LCP internal error, s <= 0 (s=-0.0000e+00)

ODE Message 3: LCP internal error, s <= 0 (s=-0.0000e+00)

ODE Message 3: LCP internal error, s <= 0 (s=-0.0000e+00)

ODE Message 3: LCP internal error, s <= 0 (s=-0.0000e+00)

ODE Message 3: LCP internal error, s <= 0 (s=-0.0000e+00)

ODE Message 3: LCP internal error, s <= 0 (s=-0.0000e+00)

ODE Message 3: LCP internal error, s <= 0 (s=0.0000e+00)

ODE Message 3: LCP internal error, s <= 0 (s=-0.0000e+00)

ODE Message 3: LCP internal error, s <= 0 (s=0.0000e+00)

ODE Message 3: LCP internal error, s <= 0 (s=-0.0000e+00)

ODE Message 3: LCP internal error, s <= 0 (s=-0.0000e+00)

ODE Message 3: LCP internal error, s <= 0 (s=0.0000e+00)

ODE Message 3: LCP internal error, s <= 0 (s=-0.0000e+00)

ODE Message 3: LCP internal error, s <= 0 (s=-0.0000e+00)

ODE Message 3: LCP internal error, s <= 0 (s=-0.0000e+00)

ODE Message 3: LCP internal error, s <= 0 (s=0.0000e+00)

ODE Message 3: LCP internal error, s <= 0 (s=-0.0000e+00)

ODE Message 3: LCP internal error, s <= 0 (s=-0.0000e+00)

ODE Message 3: LCP internal error, s <= 0 (s=-0.0000e+00)

ODE Message 3: LCP internal error, s <= 0 (s=-0.0000e+00)

ODE Message 3: LCP internal error, s <= 0 (s=0.0000e+00)

ODE Message 3: LCP internal error, s <= 0 (s=-0.0000e+00)

ODE Message 3: LCP internal error, s <= 0 (s=-1.6798e-10)

ODE Message 3: LCP internal error, s <= 0 (s=-0.0000e+00)

ODE Message 3: LCP internal error, s <= 0 (s=-0.0000e+00)

ODE Message 3: LCP internal error, s <= 0 (s=-0.0000e+00)

ODE Message 3: LCP internal error, s <= 0 (s=-0.0000e+00)

ODE Message 3: LCP internal error, s <= 0 (s=0.0000e+00)

ODE Message 3: LCP internal error, s <= 0 (s=0.0000e+00)

ODE Message 3: LCP internal error, s <= 0 (s=-0.0000e+00)

ODE Message 3: LCP internal error, s <= 0 (s=-0.0000e+00)

ODE Message 3: LCP internal error, s <= 0 (s=-0.0000e+00)

ODE Message 3: LCP internal error, s <= 0 (s=-0.0000e+00)

ODE Message 3: LCP internal error, s <= 0 (s=-0.0000e+00)

ODE Message 3: LCP internal error, s <= 0 (s=0.0000e+00)

ODE Message 3: LCP internal error, s <= 0 (s=-0.0000e+00)

ODE Message 3: LCP internal error, s <= 0 (s=-0.0000e+00)

ODE Message 3: LCP internal error, s <= 0 (s=0.0000e+00)

ODE Message 3: LCP internal error, s <= 0 (s=-0.0000e+00)

ODE Message 3: LCP internal error, s <= 0 (s=-0.0000e+00)

ODE Message 3: LCP internal error, s <= 0 (s=0.0000e+00)

ODE Message 3: LCP internal error, s <= 0 (s=0.0000e+00)

ODE Message 3: LCP internal error, s <= 0 (s=0.0000e+00)

ODE Message 3: LCP internal error, s <= 0 (s=-0.0000e+00)

ODE Message 3: LCP internal error, s <= 0 (s=0.0000e+00)

ODE Message 3: LCP internal error, s <= 0 (s=0.0000e+00)

ODE Message 3: LCP internal error, s <= 0 (s=-0.0000e+00)

ODE Message 3: LCP internal error, s <= 0 (s=0.0000e+00)

ODE Message 3: LCP internal error, s <= 0 (s=-0.0000e+00)

ODE Message 3: LCP internal error, s <= 0 (s=-0.0000e+00)

ODE Message 3: LCP internal error, s <= 0 (s=-0.0000e+00)

ODE Message 3: LCP internal error, s <= 0 (s=0.0000e+00)

ODE Message 3: LCP internal error, s <= 0 (s=-0.0000e+00)

ODE Message 3: LCP internal error, s <= 0 (s=-0.0000e+00)

ODE Message 3: LCP internal error, s <= 0 (s=0.0000e+00)

ODE Message 3: LCP internal error, s <= 0 (s=-0.0000e+00)

ODE Message 3: LCP internal error, s <= 0 (s=-0.0000e+00)

ODE Message 3: LCP internal error, s <= 0 (s=-0.0000e+00)

ODE Message 3: LCP internal error, s <= 0 (s=0.0000e+00)

ODE Message 3: LCP internal error, s <= 0 (s=0.0000e+00)

ODE Message 3: LCP internal error, s <= 0 (s=-0.0000e+00)

ODE Message 3: LCP internal error, s <= 0 (s=0.0000e+00)

ODE Message 3: LCP internal error, s <= 0 (s=-0.0000e+00)

ODE Message 3: LCP internal error, s <= 0 (s=0.0000e+00)

ODE Message 3: LCP internal error, s <= 0 (s=0.0000e+00)

ODE Message 3: LCP internal error, s <= 0 (s=-0.0000e+00)

ODE Message 3: LCP internal error, s <= 0 (s=0.0000e+00)

ODE Message 3: LCP internal error, s <= 0 (s=0.0000e+00)

ODE Message 3: LCP internal error, s <= 0 (s=0.0000e+00)

ODE Message 3: LCP internal error, s <= 0 (s=0.0000e+00)

ODE Message 3: LCP internal error, s <= 0 (s=-0.0000e+00)

ODE Message 3: LCP internal error, s <= 0 (s=-0.0000e+00)

ODE Message 3: LCP internal error, s <= 0 (s=-0.0000e+00)

ODE Message 3: LCP internal error, s <= 0 (s=-0.0000e+00)

ODE Message 3: LCP internal error, s <= 0 (s=0.0000e+00)

ODE Message 3: LCP internal error, s <= 0 (s=0.0000e+00)

ODE Message 3: LCP internal error, s <= 0 (s=-0.0000e+00)

ODE Message 3: LCP internal error, s <= 0 (s=-0.0000e+00)

ODE Message 3: LCP internal error, s <= 0 (s=-0.0000e+00)

ODE Message 3: LCP internal error, s <= 0 (s=0.0000e+00)

ODE Message 3: LCP internal error, s <= 0 (s=0.0000e+00)

ODE Message 3: LCP internal error, s <= 0 (s=-0.0000e+00)

ODE Message 3: LCP internal error, s <= 0 (s=-0.0000e+00)

ODE Message 3: LCP internal error, s <= 0 (s=0.0000e+00)

ODE Message 3: LCP internal error, s <= 0 (s=-0.0000e+00)

ODE Message 3: LCP internal error, s <= 0 (s=0.0000e+00)

ODE Message 3: LCP internal error, s <= 0 (s=0.0000e+00)

ODE Message 3: LCP internal error, s <= 0 (s=0.0000e+00)

ODE Message 3: LCP internal error, s <= 0 (s=0.0000e+00)

ODE Message 3: LCP internal error, s <= 0 (s=-0.0000e+00)

ODE Message 3: LCP internal error, s <= 0 (s=-0.0000e+00)

ODE Message 3: LCP internal error, s <= 0 (s=0.0000e+00)

ODE Message 3: LCP internal error, s <= 0 (s=0.0000e+00)

ODE Message 3: LCP internal error, s <= 0 (s=-0.0000e+00)

ODE Message 3: LCP internal error, s <= 0 (s=-0.0000e+00)

ODE Message 3: LCP internal error, s <= 0 (s=0.0000e+00)

ODE Message 3: LCP internal error, s <= 0 (s=-0.0000e+00)

ODE Message 3: LCP internal error, s <= 0 (s=-0.0000e+00)

ODE Message 3: LCP internal error, s <= 0 (s=-0.0000e+00)

ODE Message 3: LCP internal error, s <= 0 (s=0.0000e+00)

ODE Message 3: LCP internal error, s <= 0 (s=-1.6798e-10)

ODE Message 3: LCP internal error, s <= 0 (s=-0.0000e+00)

ODE Message 3: LCP internal error, s <= 0 (s=0.0000e+00)

ODE Message 3: LCP internal error, s <= 0 (s=-0.0000e+00)

ODE Message 3: LCP internal error, s <= 0 (s=-0.0000e+00)

ODE Message 3: LCP internal error, s <= 0 (s=-0.0000e+00)

ODE Message 3: LCP internal error, s <= 0 (s=-0.0000e+00)

ODE Message 3: LCP internal error, s <= 0 (s=0.0000e+00)

ODE Message 3: LCP internal error, s <= 0 (s=0.0000e+00)

ODE Message 3: LCP internal error, s <= 0 (s=0.0000e+00)

ODE Message 3: LCP internal error, s <= 0 (s=0.0000e+00)

ODE Message 3: LCP internal error, s <= 0 (s=0.0000e+00)

ODE Message 3: LCP internal error, s <= 0 (s=0.0000e+00)

ODE Message 3: LCP internal error, s <= 0 (s=-0.0000e+00)

ODE Message 3: LCP internal error, s <= 0 (s=-0.0000e+00)

ODE Message 3: LCP internal error, s <= 0 (s=-0.0000e+00)

ODE Message 3: LCP internal error, s <= 0 (s=0.0000e+00)

ODE Message 3: LCP internal error, s <= 0 (s=-0.0000e+00)

ODE Message 3: LCP internal error, s <= 0 (s=0.0000e+00)
final fitness compute time 1416.9211730957031

Population's average fitness: -108.71908 stdev: 298.49571
Best fitness: -0.00109 - size: (3, 37) - species 1 - id 6176
Average adjusted fitness: 0.889
Mean genetic distance 2.891, standard deviation 0.547
Population of 701 members in 5 species:
   ID   age  size  fitness  adj fit  stag
  ====  ===  ====  =======  =======  ====
     1    9   185     -0.0    0.914     2
     2    9   138     -0.1    0.878     1
     3    9   118     -0.0    0.894     0
     4    9   160     -0.0    0.882     0
     5    6   100     -0.0    0.875     0
Total extinctions: 0
Generation time: 1422.012 sec (2055.887 average)
Saving checkpoint to neat-checkpoint-9
Average mean fitness over last 5 generations: -272.0821657145314
Average min fitness over last 5 generations: -1036.4689358653268
0 -0.0006917459268265654 -0.0006917459268265654

 ****** Running generation 10 ****** 

network creation time 0.04231739044189453
Score range [-91.932, 68.399]
simulation run time 1749.280268907547
Evaluating 1001 test episodes
final fitness compute time 1773.5794651508331

Population's average fitness: -113.03592 stdev: 306.72769
Best fitness: -0.00096 - size: (4, 38) - species 4 - id 7177
Average adjusted fitness: 0.896
Mean genetic distance 2.893, standard deviation 0.523
Population of 701 members in 6 species:
   ID   age  size  fitness  adj fit  stag
  ====  ===  ====  =======  =======  ====
     1   10   196     -0.0    0.865     0
     2   10   103     -0.0    0.894     0
     3   10   118     -0.0    0.891     0
     4   10    82     -0.0    0.876     0
     5    7   171     -0.0    0.955     0
     6    0    31       --       --     0
Total extinctions: 0
Generation time: 3530.109 sec (2023.793 average)
Saving checkpoint to neat-checkpoint-10

 ****** Running generation 11 ****** 

network creation time 0.055912017822265625
Evaluating 1001 test episodes
final fitness compute time 1577.2691671848297

Population's average fitness: -126.68352 stdev: 324.20266
Best fitness: -0.00096 - size: (4, 42) - species 5 - id 7870
Average adjusted fitness: 0.878
Mean genetic distance 2.923, standard deviation 0.509
Population of 701 members in 6 species:
   ID   age  size  fitness  adj fit  stag
  ====  ===  ====  =======  =======  ====
     1   11   162     -0.0    0.899     1
     2   11   103     -0.0    0.890     0
     3   11   110     -0.0    0.843     0
     4   11    68     -0.0    0.883     1
     5    8   143     -0.0    0.898     0
     6    1   115     -0.0    0.856     0
Total extinctions: 0
Generation time: 1584.460 sec (1974.487 average)
Saving checkpoint to neat-checkpoint-11

 ****** Running generation 12 ****** 

network creation time 0.05068683624267578
Evaluating 1001 test episodes
final fitness compute time 1520.9479031562805

Population's average fitness: -81.42715 stdev: 266.61740
Best fitness: -0.00096 - size: (4, 39) - species 6 - id 8567
Average adjusted fitness: 0.923
Mean genetic distance 2.906, standard deviation 0.510
Population of 701 members in 6 species:
   ID   age  size  fitness  adj fit  stag
  ====  ===  ====  =======  =======  ====
     1   12   144     -0.0    0.929     2
     2   12    96     -0.0    0.922     1
     3   12   110     -0.0    0.924     0
     4   12    85     -0.0    0.919     2
     5    9   147     -0.0    0.919     1
     6    2   119     -0.0    0.926     0
Total extinctions: 0
Generation time: 1528.156 sec (1918.949 average)
Saving checkpoint to neat-checkpoint-12

 ****** Running generation 13 ****** 

network creation time 0.05959749221801758
Evaluating 1001 test episodes
final fitness compute time 1553.784860610962

Population's average fitness: -105.80685 stdev: 301.33094
Best fitness: -0.00096 - size: (5, 40) - species 5 - id 9116
Average adjusted fitness: 0.902
Mean genetic distance 2.927, standard deviation 0.517
Population of 702 members in 6 species:
   ID   age  size  fitness  adj fit  stag
  ====  ===  ====  =======  =======  ====
     1   13   130     -0.0    0.847     3
     2   13    76     -0.0    0.923     2
     3   13   123     -0.0    0.899     0
     4   13   102     -0.0    0.912     3
     5   10   150     -0.0    0.906     2
     6    3   121     -0.0    0.923     1
Total extinctions: 0
Generation time: 1561.157 sec (1865.607 average)
Saving checkpoint to neat-checkpoint-13

 ****** Running generation 14 ****** 

network creation time 0.05264425277709961
Evaluating 1001 test episodes
final fitness compute time 1468.0109786987305

Population's average fitness: -72.28480 stdev: 253.21364
Best fitness: -0.00096 - size: (4, 42) - species 2 - id 9813
Average adjusted fitness: 0.936
Mean genetic distance 2.937, standard deviation 0.521
Population of 700 members in 6 species:
   ID   age  size  fitness  adj fit  stag
  ====  ===  ====  =======  =======  ====
     1   14   125     -0.0    0.931     4
     2   14    91     -0.0    0.953     0
     3   14   120     -0.0    0.951     0
     4   14   114     -0.0    0.939     4
     5   11   138     -0.0    0.912     3
     6    4   112     -0.0    0.930     2
Total extinctions: 0
Generation time: 1475.254 sec (1804.678 average)
Saving checkpoint to neat-checkpoint-14
Average mean fitness over last 5 generations: -99.84764730934961
Average min fitness over last 5 generations: -1065.7628476186417
0 16.05255312181914 16.05255312181914

 ****** Running generation 15 ****** 

network creation time 0.039998769760131836
Evaluating 1001 test episodes
final fitness compute time 1469.4572422504425

Population's average fitness: -82.05533 stdev: 270.72245
Best fitness: -0.00096 - size: (4, 36) - species 3 - id 10430
Average adjusted fitness: 0.926
Mean genetic distance 2.907, standard deviation 0.493
Population of 701 members in 6 species:
   ID   age  size  fitness  adj fit  stag
  ====  ===  ====  =======  =======  ====
     1   15   121     -0.0    0.930     5
     2   15   106     -0.0    0.921     1
     3   15   116     -0.0    0.910     0
     4   15   120     -0.0    0.947     5
     5   12   126     -0.0    0.918     4
     6    5   112     -0.0    0.931     3
Total extinctions: 0
Generation time: 1476.634 sec (1755.103 average)
Saving checkpoint to neat-checkpoint-15

 ****** Running generation 16 ****** 

network creation time 0.05202960968017578
Evaluating 1001 test episodes
final fitness compute time 1483.5203332901

Population's average fitness: -82.54199 stdev: 272.47892
Best fitness: -0.00096 - size: (4, 36) - species 3 - id 10430
Average adjusted fitness: 0.926
Mean genetic distance 2.882, standard deviation 0.505
Population of 701 members in 6 species:
   ID   age  size  fitness  adj fit  stag
  ====  ===  ====  =======  =======  ====
     1   16   114     -0.0    0.873     6
     2   16   113     -0.0    0.958     2
     3   16   117     -0.0    0.931     1
     4   16   113     -0.0    0.913     6
     5   13   122     -0.0    0.930     5
     6    6   122     -0.0    0.953     4
Total extinctions: 0
Generation time: 1490.731 sec (1728.556 average)
Saving checkpoint to neat-checkpoint-16

 ****** Running generation 17 ****** 

network creation time 0.05753326416015625
Evaluating 1001 test episodes
final fitness compute time 1496.5266065597534

Population's average fitness: -70.53728 stdev: 251.93028
Best fitness: -0.00096 - size: (4, 36) - species 3 - id 10430
Average adjusted fitness: 0.931
Mean genetic distance 2.858, standard deviation 0.514
Population of 701 members in 6 species:
   ID   age  size  fitness  adj fit  stag
  ====  ===  ====  =======  =======  ====
     1   17   116     -0.0    0.876     7
     2   17   118     -0.0    0.950     3
     3   17   118     -0.0    0.944     2
     4   17   111     -0.0    0.909     7
     5   14   120     -0.0    0.962     6
     6    7   118     -0.0    0.947     5
Total extinctions: 0
Generation time: 1503.717 sec (1715.013 average)
Saving checkpoint to neat-checkpoint-17

 ****** Running generation 18 ****** 

network creation time 0.05399441719055176
Evaluating 1001 test episodes
final fitness compute time 1479.7037053108215

Population's average fitness: -72.36295 stdev: 255.79301
Best fitness: -0.00096 - size: (4, 36) - species 3 - id 10430
Average adjusted fitness: 0.933
Mean genetic distance 2.839, standard deviation 0.512
Population of 700 members in 6 species:
   ID   age  size  fitness  adj fit  stag
  ====  ===  ====  =======  =======  ====
     1   18   112     -0.0    0.898     8
     2   18   121     -0.0    0.961     4
     3   18   116     -0.0    0.916     3
     4   18   115     -0.0    0.951     8
     5   15   119     -0.0    0.940     7
     6    8   117     -0.0    0.930     6
Total extinctions: 0
Generation time: 1486.896 sec (1705.912 average)
Saving checkpoint to neat-checkpoint-18

 ****** Running generation 19 ****** 

network creation time 0.04183530807495117
Evaluating 1001 test episodes

ODE Message 3: LCP internal error, s <= 0 (s=-0.0000e+00)

ODE Message 3: LCP internal error, s <= 0 (s=-0.0000e+00)

ODE Message 3: LCP internal error, s <= 0 (s=-0.0000e+00)

ODE Message 3: LCP internal error, s <= 0 (s=-0.0000e+00)

ODE Message 3: LCP internal error, s <= 0 (s=-0.0000e+00)

ODE Message 3: LCP internal error, s <= 0 (s=0.0000e+00)

ODE Message 3: LCP internal error, s <= 0 (s=-0.0000e+00)

ODE Message 3: LCP internal error, s <= 0 (s=0.0000e+00)

ODE Message 3: LCP internal error, s <= 0 (s=-0.0000e+00)

ODE Message 3: LCP internal error, s <= 0 (s=0.0000e+00)

ODE Message 3: LCP internal error, s <= 0 (s=0.0000e+00)

ODE Message 3: LCP internal error, s <= 0 (s=-0.0000e+00)

ODE Message 3: LCP internal error, s <= 0 (s=-0.0000e+00)

ODE Message 3: LCP internal error, s <= 0 (s=0.0000e+00)

ODE Message 3: LCP internal error, s <= 0 (s=0.0000e+00)

ODE Message 3: LCP internal error, s <= 0 (s=0.0000e+00)

ODE Message 3: LCP internal error, s <= 0 (s=-0.0000e+00)

ODE Message 3: LCP internal error, s <= 0 (s=-0.0000e+00)

ODE Message 3: LCP internal error, s <= 0 (s=-0.0000e+00)

ODE Message 3: LCP internal error, s <= 0 (s=0.0000e+00)

ODE Message 3: LCP internal error, s <= 0 (s=-0.0000e+00)

ODE Message 3: LCP internal error, s <= 0 (s=0.0000e+00)

ODE Message 3: LCP internal error, s <= 0 (s=0.0000e+00)

ODE Message 3: LCP internal error, s <= 0 (s=0.0000e+00)

ODE Message 3: LCP internal error, s <= 0 (s=0.0000e+00)

ODE Message 3: LCP internal error, s <= 0 (s=0.0000e+00)

ODE Message 3: LCP internal error, s <= 0 (s=0.0000e+00)

ODE Message 3: LCP internal error, s <= 0 (s=-0.0000e+00)

ODE Message 3: LCP internal error, s <= 0 (s=0.0000e+00)

ODE Message 3: LCP internal error, s <= 0 (s=0.0000e+00)

ODE Message 3: LCP internal error, s <= 0 (s=-0.0000e+00)

ODE Message 3: LCP internal error, s <= 0 (s=0.0000e+00)

ODE Message 3: LCP internal error, s <= 0 (s=0.0000e+00)

ODE Message 3: LCP internal error, s <= 0 (s=-0.0000e+00)

ODE Message 3: LCP internal error, s <= 0 (s=-0.0000e+00)

ODE Message 3: LCP internal error, s <= 0 (s=0.0000e+00)

ODE Message 3: LCP internal error, s <= 0 (s=0.0000e+00)

ODE Message 3: LCP internal error, s <= 0 (s=0.0000e+00)

ODE Message 3: LCP internal error, s <= 0 (s=-0.0000e+00)

ODE Message 3: LCP internal error, s <= 0 (s=0.0000e+00)

ODE Message 3: LCP internal error, s <= 0 (s=-0.0000e+00)

ODE Message 3: LCP internal error, s <= 0 (s=-0.0000e+00)

ODE Message 3: LCP internal error, s <= 0 (s=-0.0000e+00)

ODE Message 3: LCP internal error, s <= 0 (s=-0.0000e+00)

ODE Message 3: LCP internal error, s <= 0 (s=-0.0000e+00)

ODE Message 3: LCP internal error, s <= 0 (s=-0.0000e+00)

ODE Message 3: LCP internal error, s <= 0 (s=-0.0000e+00)

ODE Message 3: LCP internal error, s <= 0 (s=-0.0000e+00)

ODE Message 3: LCP internal error, s <= 0 (s=0.0000e+00)

ODE Message 3: LCP internal error, s <= 0 (s=0.0000e+00)

ODE Message 3: LCP internal error, s <= 0 (s=0.0000e+00)

ODE Message 3: LCP internal error, s <= 0 (s=0.0000e+00)

ODE Message 3: LCP internal error, s <= 0 (s=0.0000e+00)

ODE Message 3: LCP internal error, s <= 0 (s=0.0000e+00)

ODE Message 3: LCP internal error, s <= 0 (s=0.0000e+00)

ODE Message 3: LCP internal error, s <= 0 (s=0.0000e+00)

ODE Message 3: LCP internal error, s <= 0 (s=0.0000e+00)

ODE Message 3: LCP internal error, s <= 0 (s=-0.0000e+00)

ODE Message 3: LCP internal error, s <= 0 (s=0.0000e+00)

ODE Message 3: LCP internal error, s <= 0 (s=0.0000e+00)

ODE Message 3: LCP internal error, s <= 0 (s=0.0000e+00)

ODE Message 3: LCP internal error, s <= 0 (s=0.0000e+00)

ODE Message 3: LCP internal error, s <= 0 (s=0.0000e+00)

ODE Message 3: LCP internal error, s <= 0 (s=0.0000e+00)

ODE Message 3: LCP internal error, s <= 0 (s=0.0000e+00)

ODE Message 3: LCP internal error, s <= 0 (s=-0.0000e+00)

ODE Message 3: LCP internal error, s <= 0 (s=0.0000e+00)

ODE Message 3: LCP internal error, s <= 0 (s=-0.0000e+00)

ODE Message 3: LCP internal error, s <= 0 (s=-0.0000e+00)

ODE Message 3: LCP internal error, s <= 0 (s=0.0000e+00)

ODE Message 3: LCP internal error, s <= 0 (s=-0.0000e+00)

ODE Message 3: LCP internal error, s <= 0 (s=-0.0000e+00)

ODE Message 3: LCP internal error, s <= 0 (s=-0.0000e+00)

ODE Message 3: LCP internal error, s <= 0 (s=0.0000e+00)

ODE Message 3: LCP internal error, s <= 0 (s=0.0000e+00)

ODE Message 3: LCP internal error, s <= 0 (s=-0.0000e+00)

ODE Message 3: LCP internal error, s <= 0 (s=-0.0000e+00)

ODE Message 3: LCP internal error, s <= 0 (s=-0.0000e+00)

ODE Message 3: LCP internal error, s <= 0 (s=-0.0000e+00)

ODE Message 3: LCP internal error, s <= 0 (s=-0.0000e+00)

ODE Message 3: LCP internal error, s <= 0 (s=-0.0000e+00)

ODE Message 3: LCP internal error, s <= 0 (s=-0.0000e+00)

ODE Message 3: LCP internal error, s <= 0 (s=0.0000e+00)

ODE Message 3: LCP internal error, s <= 0 (s=-0.0000e+00)

ODE Message 3: LCP internal error, s <= 0 (s=-0.0000e+00)

ODE Message 3: LCP internal error, s <= 0 (s=-0.0000e+00)

ODE Message 3: LCP internal error, s <= 0 (s=-0.0000e+00)

ODE Message 3: LCP internal error, s <= 0 (s=-0.0000e+00)

ODE Message 3: LCP internal error, s <= 0 (s=-0.0000e+00)

ODE Message 3: LCP internal error, s <= 0 (s=0.0000e+00)

ODE Message 3: LCP internal error, s <= 0 (s=-0.0000e+00)

ODE Message 3: LCP internal error, s <= 0 (s=-0.0000e+00)

ODE Message 3: LCP internal error, s <= 0 (s=0.0000e+00)

ODE Message 3: LCP internal error, s <= 0 (s=-0.0000e+00)

ODE Message 3: LCP internal error, s <= 0 (s=0.0000e+00)

ODE Message 3: LCP internal error, s <= 0 (s=-0.0000e+00)

ODE Message 3: LCP internal error, s <= 0 (s=0.0000e+00)

ODE Message 3: LCP internal error, s <= 0 (s=-0.0000e+00)

ODE Message 3: LCP internal error, s <= 0 (s=-0.0000e+00)

ODE Message 3: LCP internal error, s <= 0 (s=-0.0000e+00)

ODE Message 3: LCP internal error, s <= 0 (s=0.0000e+00)

ODE Message 3: LCP internal error, s <= 0 (s=0.0000e+00)

ODE Message 3: LCP internal error, s <= 0 (s=0.0000e+00)

ODE Message 3: LCP internal error, s <= 0 (s=0.0000e+00)

ODE Message 3: LCP internal error, s <= 0 (s=-0.0000e+00)

ODE Message 3: LCP internal error, s <= 0 (s=0.0000e+00)

ODE Message 3: LCP internal error, s <= 0 (s=0.0000e+00)

ODE Message 3: LCP internal error, s <= 0 (s=-0.0000e+00)

ODE Message 3: LCP internal error, s <= 0 (s=-0.0000e+00)

ODE Message 3: LCP internal error, s <= 0 (s=-0.0000e+00)

ODE Message 3: LCP internal error, s <= 0 (s=-0.0000e+00)

ODE Message 3: LCP internal error, s <= 0 (s=0.0000e+00)

ODE Message 3: LCP internal error, s <= 0 (s=-0.0000e+00)

ODE Message 3: LCP internal error, s <= 0 (s=-0.0000e+00)

ODE Message 3: LCP internal error, s <= 0 (s=0.0000e+00)

ODE Message 3: LCP internal error, s <= 0 (s=0.0000e+00)

ODE Message 3: LCP internal error, s <= 0 (s=0.0000e+00)

ODE Message 3: LCP internal error, s <= 0 (s=0.0000e+00)

ODE Message 3: LCP internal error, s <= 0 (s=0.0000e+00)

ODE Message 3: LCP internal error, s <= 0 (s=0.0000e+00)

ODE Message 3: LCP internal error, s <= 0 (s=0.0000e+00)

ODE Message 3: LCP internal error, s <= 0 (s=0.0000e+00)

ODE Message 3: LCP internal error, s <= 0 (s=-0.0000e+00)

ODE Message 3: LCP internal error, s <= 0 (s=-0.0000e+00)

ODE Message 3: LCP internal error, s <= 0 (s=-0.0000e+00)

ODE Message 3: LCP internal error, s <= 0 (s=0.0000e+00)

ODE Message 3: LCP internal error, s <= 0 (s=-0.0000e+00)

ODE Message 3: LCP internal error, s <= 0 (s=-0.0000e+00)

ODE Message 3: LCP internal error, s <= 0 (s=-0.0000e+00)

ODE Message 3: LCP internal error, s <= 0 (s=-0.0000e+00)

ODE Message 3: LCP internal error, s <= 0 (s=-0.0000e+00)

ODE Message 3: LCP internal error, s <= 0 (s=0.0000e+00)

ODE Message 3: LCP internal error, s <= 0 (s=0.0000e+00)

ODE Message 3: LCP internal error, s <= 0 (s=0.0000e+00)

ODE Message 3: LCP internal error, s <= 0 (s=-0.0000e+00)

ODE Message 3: LCP internal error, s <= 0 (s=-0.0000e+00)

ODE Message 3: LCP internal error, s <= 0 (s=-0.0000e+00)

ODE Message 3: LCP internal error, s <= 0 (s=-0.0000e+00)

ODE Message 3: LCP internal error, s <= 0 (s=0.0000e+00)

ODE Message 3: LCP internal error, s <= 0 (s=-0.0000e+00)

ODE Message 3: LCP internal error, s <= 0 (s=0.0000e+00)

ODE Message 3: LCP internal error, s <= 0 (s=0.0000e+00)

ODE Message 3: LCP internal error, s <= 0 (s=-0.0000e+00)

ODE Message 3: LCP internal error, s <= 0 (s=0.0000e+00)

ODE Message 3: LCP internal error, s <= 0 (s=0.0000e+00)

ODE Message 3: LCP internal error, s <= 0 (s=-0.0000e+00)

ODE Message 3: LCP internal error, s <= 0 (s=0.0000e+00)

ODE Message 3: LCP internal error, s <= 0 (s=-0.0000e+00)

ODE Message 3: LCP internal error, s <= 0 (s=-1.6798e-10)

ODE Message 3: LCP internal error, s <= 0 (s=-0.0000e+00)

ODE Message 3: LCP internal error, s <= 0 (s=-0.0000e+00)

ODE Message 3: LCP internal error, s <= 0 (s=-0.0000e+00)

ODE Message 3: LCP internal error, s <= 0 (s=-0.0000e+00)

ODE Message 3: LCP internal error, s <= 0 (s=0.0000e+00)

ODE Message 3: LCP internal error, s <= 0 (s=0.0000e+00)

ODE Message 3: LCP internal error, s <= 0 (s=0.0000e+00)

ODE Message 3: LCP internal error, s <= 0 (s=0.0000e+00)

ODE Message 3: LCP internal error, s <= 0 (s=0.0000e+00)

ODE Message 3: LCP internal error, s <= 0 (s=-0.0000e+00)

ODE Message 3: LCP internal error, s <= 0 (s=-0.0000e+00)

ODE Message 3: LCP internal error, s <= 0 (s=-0.0000e+00)

ODE Message 3: LCP internal error, s <= 0 (s=0.0000e+00)

ODE Message 3: LCP internal error, s <= 0 (s=-0.0000e+00)

ODE Message 3: LCP internal error, s <= 0 (s=0.0000e+00)

ODE Message 3: LCP internal error, s <= 0 (s=-0.0000e+00)

ODE Message 3: LCP internal error, s <= 0 (s=-0.0000e+00)

ODE Message 3: LCP internal error, s <= 0 (s=-0.0000e+00)

ODE Message 3: LCP internal error, s <= 0 (s=-0.0000e+00)

ODE Message 3: LCP internal error, s <= 0 (s=0.0000e+00)

ODE Message 3: LCP internal error, s <= 0 (s=-0.0000e+00)

ODE Message 3: LCP internal error, s <= 0 (s=0.0000e+00)

ODE Message 3: LCP internal error, s <= 0 (s=-0.0000e+00)

ODE Message 3: LCP internal error, s <= 0 (s=-0.0000e+00)

ODE Message 3: LCP internal error, s <= 0 (s=0.0000e+00)

ODE Message 3: LCP internal error, s <= 0 (s=0.0000e+00)

ODE Message 3: LCP internal error, s <= 0 (s=-0.0000e+00)

ODE Message 3: LCP internal error, s <= 0 (s=-0.0000e+00)

ODE Message 3: LCP internal error, s <= 0 (s=0.0000e+00)

ODE Message 3: LCP internal error, s <= 0 (s=-0.0000e+00)

ODE Message 3: LCP internal error, s <= 0 (s=-0.0000e+00)

ODE Message 3: LCP internal error, s <= 0 (s=-0.0000e+00)

ODE Message 3: LCP internal error, s <= 0 (s=0.0000e+00)

ODE Message 3: LCP internal error, s <= 0 (s=-0.0000e+00)

ODE Message 3: LCP internal error, s <= 0 (s=0.0000e+00)

ODE Message 3: LCP internal error, s <= 0 (s=0.0000e+00)

ODE Message 3: LCP internal error, s <= 0 (s=-0.0000e+00)

ODE Message 3: LCP internal error, s <= 0 (s=0.0000e+00)

ODE Message 3: LCP internal error, s <= 0 (s=-0.0000e+00)

ODE Message 3: LCP internal error, s <= 0 (s=-0.0000e+00)

ODE Message 3: LCP internal error, s <= 0 (s=-0.0000e+00)

ODE Message 3: LCP internal error, s <= 0 (s=0.0000e+00)

ODE Message 3: LCP internal error, s <= 0 (s=-0.0000e+00)

ODE Message 3: LCP internal error, s <= 0 (s=0.0000e+00)

ODE Message 3: LCP internal error, s <= 0 (s=0.0000e+00)

ODE Message 3: LCP internal error, s <= 0 (s=0.0000e+00)

ODE Message 3: LCP internal error, s <= 0 (s=-0.0000e+00)

ODE Message 3: LCP internal error, s <= 0 (s=-0.0000e+00)

ODE Message 3: LCP internal error, s <= 0 (s=-0.0000e+00)

ODE Message 3: LCP internal error, s <= 0 (s=-0.0000e+00)

ODE Message 3: LCP internal error, s <= 0 (s=-0.0000e+00)

ODE Message 3: LCP internal error, s <= 0 (s=0.0000e+00)

ODE Message 3: LCP internal error, s <= 0 (s=0.0000e+00)

ODE Message 3: LCP internal error, s <= 0 (s=-0.0000e+00)

ODE Message 3: LCP internal error, s <= 0 (s=0.0000e+00)

ODE Message 3: LCP internal error, s <= 0 (s=-0.0000e+00)

ODE Message 3: LCP internal error, s <= 0 (s=-0.0000e+00)

ODE Message 3: LCP internal error, s <= 0 (s=0.0000e+00)

ODE Message 3: LCP internal error, s <= 0 (s=-0.0000e+00)

ODE Message 3: LCP internal error, s <= 0 (s=0.0000e+00)

ODE Message 3: LCP internal error, s <= 0 (s=-0.0000e+00)

ODE Message 3: LCP internal error, s <= 0 (s=0.0000e+00)

ODE Message 3: LCP internal error, s <= 0 (s=-0.0000e+00)

ODE Message 3: LCP internal error, s <= 0 (s=-0.0000e+00)

ODE Message 3: LCP internal error, s <= 0 (s=-0.0000e+00)

ODE Message 3: LCP internal error, s <= 0 (s=-0.0000e+00)

ODE Message 3: LCP internal error, s <= 0 (s=-0.0000e+00)

ODE Message 3: LCP internal error, s <= 0 (s=-0.0000e+00)

ODE Message 3: LCP internal error, s <= 0 (s=0.0000e+00)

ODE Message 3: LCP internal error, s <= 0 (s=-3.1457e-08)

ODE Message 3: LCP internal error, s <= 0 (s=-0.0000e+00)

ODE Message 3: LCP internal error, s <= 0 (s=-0.0000e+00)

ODE Message 3: LCP internal error, s <= 0 (s=0.0000e+00)

ODE Message 3: LCP internal error, s <= 0 (s=0.0000e+00)

ODE Message 3: LCP internal error, s <= 0 (s=0.0000e+00)

ODE Message 3: LCP internal error, s <= 0 (s=-0.0000e+00)

ODE Message 3: LCP internal error, s <= 0 (s=-0.0000e+00)

ODE Message 3: LCP internal error, s <= 0 (s=-0.0000e+00)

ODE Message 3: LCP internal error, s <= 0 (s=-0.0000e+00)

ODE Message 3: LCP internal error, s <= 0 (s=-0.0000e+00)

ODE Message 3: LCP internal error, s <= 0 (s=-0.0000e+00)

ODE Message 3: LCP internal error, s <= 0 (s=0.0000e+00)

ODE Message 3: LCP internal error, s <= 0 (s=-0.0000e+00)

ODE Message 3: LCP internal error, s <= 0 (s=0.0000e+00)

ODE Message 3: LCP internal error, s <= 0 (s=-0.0000e+00)

ODE Message 3: LCP internal error, s <= 0 (s=-0.0000e+00)

ODE Message 3: LCP internal error, s <= 0 (s=-0.0000e+00)

ODE Message 3: LCP internal error, s <= 0 (s=-0.0000e+00)

ODE Message 3: LCP internal error, s <= 0 (s=0.0000e+00)

ODE Message 3: LCP internal error, s <= 0 (s=-0.0000e+00)

ODE Message 3: LCP internal error, s <= 0 (s=0.0000e+00)

ODE Message 3: LCP internal error, s <= 0 (s=0.0000e+00)

ODE Message 3: LCP internal error, s <= 0 (s=-0.0000e+00)

ODE Message 3: LCP internal error, s <= 0 (s=-0.0000e+00)

ODE Message 3: LCP internal error, s <= 0 (s=0.0000e+00)

ODE Message 3: LCP internal error, s <= 0 (s=-0.0000e+00)

ODE Message 3: LCP internal error, s <= 0 (s=0.0000e+00)

ODE Message 3: LCP internal error, s <= 0 (s=0.0000e+00)

ODE Message 3: LCP internal error, s <= 0 (s=-0.0000e+00)

ODE Message 3: LCP internal error, s <= 0 (s=0.0000e+00)

ODE Message 3: LCP internal error, s <= 0 (s=-0.0000e+00)

ODE Message 3: LCP internal error, s <= 0 (s=-0.0000e+00)

ODE Message 3: LCP internal error, s <= 0 (s=-0.0000e+00)

ODE Message 3: LCP internal error, s <= 0 (s=0.0000e+00)

ODE Message 3: LCP internal error, s <= 0 (s=0.0000e+00)

ODE Message 3: LCP internal error, s <= 0 (s=-0.0000e+00)

ODE Message 3: LCP internal error, s <= 0 (s=-0.0000e+00)

ODE Message 3: LCP internal error, s <= 0 (s=0.0000e+00)

ODE Message 3: LCP internal error, s <= 0 (s=0.0000e+00)

ODE Message 3: LCP internal error, s <= 0 (s=0.0000e+00)

ODE Message 3: LCP internal error, s <= 0 (s=0.0000e+00)

ODE Message 3: LCP internal error, s <= 0 (s=-0.0000e+00)

ODE Message 3: LCP internal error, s <= 0 (s=-0.0000e+00)

ODE Message 3: LCP internal error, s <= 0 (s=0.0000e+00)

ODE Message 3: LCP internal error, s <= 0 (s=-0.0000e+00)

ODE Message 3: LCP internal error, s <= 0 (s=0.0000e+00)

ODE Message 3: LCP internal error, s <= 0 (s=0.0000e+00)

ODE Message 3: LCP internal error, s <= 0 (s=-0.0000e+00)

ODE Message 3: LCP internal error, s <= 0 (s=-0.0000e+00)

ODE Message 3: LCP internal error, s <= 0 (s=0.0000e+00)

ODE Message 3: LCP internal error, s <= 0 (s=0.0000e+00)

ODE Message 3: LCP internal error, s <= 0 (s=0.0000e+00)

ODE Message 3: LCP internal error, s <= 0 (s=-0.0000e+00)

ODE Message 3: LCP internal error, s <= 0 (s=-0.0000e+00)

ODE Message 3: LCP internal error, s <= 0 (s=-0.0000e+00)

ODE Message 3: LCP internal error, s <= 0 (s=-0.0000e+00)

ODE Message 3: LCP internal error, s <= 0 (s=0.0000e+00)

ODE Message 3: LCP internal error, s <= 0 (s=0.0000e+00)

ODE Message 3: LCP internal error, s <= 0 (s=-0.0000e+00)

ODE Message 3: LCP internal error, s <= 0 (s=-0.0000e+00)

ODE Message 3: LCP internal error, s <= 0 (s=0.0000e+00)

ODE Message 3: LCP internal error, s <= 0 (s=-0.0000e+00)

ODE Message 3: LCP internal error, s <= 0 (s=0.0000e+00)

ODE Message 3: LCP internal error, s <= 0 (s=-0.0000e+00)

ODE Message 3: LCP internal error, s <= 0 (s=-0.0000e+00)

ODE Message 3: LCP internal error, s <= 0 (s=0.0000e+00)

ODE Message 3: LCP internal error, s <= 0 (s=0.0000e+00)

ODE Message 3: LCP internal error, s <= 0 (s=0.0000e+00)

ODE Message 3: LCP internal error, s <= 0 (s=-0.0000e+00)

ODE Message 3: LCP internal error, s <= 0 (s=-0.0000e+00)

ODE Message 3: LCP internal error, s <= 0 (s=0.0000e+00)

ODE Message 3: LCP internal error, s <= 0 (s=-0.0000e+00)

ODE Message 3: LCP internal error, s <= 0 (s=0.0000e+00)

ODE Message 3: LCP internal error, s <= 0 (s=-0.0000e+00)

ODE Message 3: LCP internal error, s <= 0 (s=0.0000e+00)

ODE Message 3: LCP internal error, s <= 0 (s=-0.0000e+00)

ODE Message 3: LCP internal error, s <= 0 (s=0.0000e+00)

ODE Message 3: LCP internal error, s <= 0 (s=-0.0000e+00)

ODE Message 3: LCP internal error, s <= 0 (s=-0.0000e+00)

ODE Message 3: LCP internal error, s <= 0 (s=0.0000e+00)

ODE Message 3: LCP internal error, s <= 0 (s=-0.0000e+00)

ODE Message 3: LCP internal error, s <= 0 (s=-0.0000e+00)

ODE Message 3: LCP internal error, s <= 0 (s=-0.0000e+00)

ODE Message 3: LCP internal error, s <= 0 (s=-0.0000e+00)

ODE Message 3: LCP internal error, s <= 0 (s=-0.0000e+00)

ODE Message 3: LCP internal error, s <= 0 (s=0.0000e+00)

ODE Message 3: LCP internal error, s <= 0 (s=-0.0000e+00)

ODE Message 3: LCP internal error, s <= 0 (s=0.0000e+00)

ODE Message 3: LCP internal error, s <= 0 (s=-0.0000e+00)

ODE Message 3: LCP internal error, s <= 0 (s=0.0000e+00)

ODE Message 3: LCP internal error, s <= 0 (s=0.0000e+00)

ODE Message 3: LCP internal error, s <= 0 (s=-0.0000e+00)

ODE Message 3: LCP internal error, s <= 0 (s=-0.0000e+00)

ODE Message 3: LCP internal error, s <= 0 (s=0.0000e+00)

ODE Message 3: LCP internal error, s <= 0 (s=-0.0000e+00)

ODE Message 3: LCP internal error, s <= 0 (s=0.0000e+00)

ODE Message 3: LCP internal error, s <= 0 (s=-0.0000e+00)

ODE Message 3: LCP internal error, s <= 0 (s=-0.0000e+00)

ODE Message 3: LCP internal error, s <= 0 (s=-0.0000e+00)

ODE Message 3: LCP internal error, s <= 0 (s=0.0000e+00)

ODE Message 3: LCP internal error, s <= 0 (s=0.0000e+00)

ODE Message 3: LCP internal error, s <= 0 (s=0.0000e+00)

ODE Message 3: LCP internal error, s <= 0 (s=0.0000e+00)

ODE Message 3: LCP internal error, s <= 0 (s=-0.0000e+00)

ODE Message 3: LCP internal error, s <= 0 (s=0.0000e+00)

ODE Message 3: LCP internal error, s <= 0 (s=0.0000e+00)

ODE Message 3: LCP internal error, s <= 0 (s=0.0000e+00)

ODE Message 3: LCP internal error, s <= 0 (s=-0.0000e+00)

ODE Message 3: LCP internal error, s <= 0 (s=0.0000e+00)

ODE Message 3: LCP internal error, s <= 0 (s=-0.0000e+00)

ODE Message 3: LCP internal error, s <= 0 (s=0.0000e+00)

ODE Message 3: LCP internal error, s <= 0 (s=0.0000e+00)

ODE Message 3: LCP internal error, s <= 0 (s=0.0000e+00)

ODE Message 3: LCP internal error, s <= 0 (s=0.0000e+00)

ODE Message 3: LCP internal error, s <= 0 (s=0.0000e+00)

ODE Message 3: LCP internal error, s <= 0 (s=0.0000e+00)

ODE Message 3: LCP internal error, s <= 0 (s=0.0000e+00)

ODE Message 3: LCP internal error, s <= 0 (s=-0.0000e+00)

ODE Message 3: LCP internal error, s <= 0 (s=0.0000e+00)

ODE Message 3: LCP internal error, s <= 0 (s=-0.0000e+00)

ODE Message 3: LCP internal error, s <= 0 (s=-0.0000e+00)

ODE Message 3: LCP internal error, s <= 0 (s=-0.0000e+00)

ODE Message 3: LCP internal error, s <= 0 (s=-0.0000e+00)

ODE Message 3: LCP internal error, s <= 0 (s=0.0000e+00)

ODE Message 3: LCP internal error, s <= 0 (s=-0.0000e+00)

ODE Message 3: LCP internal error, s <= 0 (s=0.0000e+00)

ODE Message 3: LCP internal error, s <= 0 (s=-1.6798e-10)

ODE Message 3: LCP internal error, s <= 0 (s=-0.0000e+00)

ODE Message 3: LCP internal error, s <= 0 (s=-0.0000e+00)

ODE Message 3: LCP internal error, s <= 0 (s=-0.0000e+00)

ODE Message 3: LCP internal error, s <= 0 (s=-0.0000e+00)

ODE Message 3: LCP internal error, s <= 0 (s=-0.0000e+00)

ODE Message 3: LCP internal error, s <= 0 (s=-0.0000e+00)

ODE Message 3: LCP internal error, s <= 0 (s=-0.0000e+00)

ODE Message 3: LCP internal error, s <= 0 (s=-0.0000e+00)

ODE Message 3: LCP internal error, s <= 0 (s=-0.0000e+00)

ODE Message 3: LCP internal error, s <= 0 (s=-0.0000e+00)

ODE Message 3: LCP internal error, s <= 0 (s=-0.0000e+00)

ODE Message 3: LCP internal error, s <= 0 (s=-0.0000e+00)

ODE Message 3: LCP internal error, s <= 0 (s=0.0000e+00)

ODE Message 3: LCP internal error, s <= 0 (s=0.0000e+00)

ODE Message 3: LCP internal error, s <= 0 (s=-0.0000e+00)

ODE Message 3: LCP internal error, s <= 0 (s=0.0000e+00)

ODE Message 3: LCP internal error, s <= 0 (s=0.0000e+00)

ODE Message 3: LCP internal error, s <= 0 (s=-0.0000e+00)

ODE Message 3: LCP internal error, s <= 0 (s=0.0000e+00)

ODE Message 3: LCP internal error, s <= 0 (s=0.0000e+00)

ODE Message 3: LCP internal error, s <= 0 (s=0.0000e+00)

ODE Message 3: LCP internal error, s <= 0 (s=0.0000e+00)

ODE Message 3: LCP internal error, s <= 0 (s=-0.0000e+00)

ODE Message 3: LCP internal error, s <= 0 (s=-0.0000e+00)

ODE Message 3: LCP internal error, s <= 0 (s=-0.0000e+00)

ODE Message 3: LCP internal error, s <= 0 (s=0.0000e+00)

ODE Message 3: LCP internal error, s <= 0 (s=-0.0000e+00)

ODE Message 3: LCP internal error, s <= 0 (s=-0.0000e+00)

ODE Message 3: LCP internal error, s <= 0 (s=-0.0000e+00)

ODE Message 3: LCP internal error, s <= 0 (s=0.0000e+00)

ODE Message 3: LCP internal error, s <= 0 (s=-0.0000e+00)

ODE Message 3: LCP internal error, s <= 0 (s=-0.0000e+00)

ODE Message 3: LCP internal error, s <= 0 (s=-0.0000e+00)

ODE Message 3: LCP internal error, s <= 0 (s=0.0000e+00)

ODE Message 3: LCP internal error, s <= 0 (s=-0.0000e+00)

ODE Message 3: LCP internal error, s <= 0 (s=0.0000e+00)

ODE Message 3: LCP internal error, s <= 0 (s=-0.0000e+00)

ODE Message 3: LCP internal error, s <= 0 (s=-0.0000e+00)

ODE Message 3: LCP internal error, s <= 0 (s=-0.0000e+00)

ODE Message 3: LCP internal error, s <= 0 (s=0.0000e+00)

ODE Message 3: LCP internal error, s <= 0 (s=0.0000e+00)

ODE Message 3: LCP internal error, s <= 0 (s=-0.0000e+00)

ODE Message 3: LCP internal error, s <= 0 (s=0.0000e+00)

ODE Message 3: LCP internal error, s <= 0 (s=-0.0000e+00)

ODE Message 3: LCP internal error, s <= 0 (s=0.0000e+00)

ODE Message 3: LCP internal error, s <= 0 (s=-0.0000e+00)

ODE Message 3: LCP internal error, s <= 0 (s=-0.0000e+00)

ODE Message 3: LCP internal error, s <= 0 (s=0.0000e+00)

ODE Message 3: LCP internal error, s <= 0 (s=0.0000e+00)

ODE Message 3: LCP internal error, s <= 0 (s=-0.0000e+00)

ODE Message 3: LCP internal error, s <= 0 (s=0.0000e+00)

ODE Message 3: LCP internal error, s <= 0 (s=-0.0000e+00)

ODE Message 3: LCP internal error, s <= 0 (s=-0.0000e+00)

ODE Message 3: LCP internal error, s <= 0 (s=0.0000e+00)

ODE Message 3: LCP internal error, s <= 0 (s=-0.0000e+00)

ODE Message 3: LCP internal error, s <= 0 (s=-0.0000e+00)

ODE Message 3: LCP internal error, s <= 0 (s=-0.0000e+00)

ODE Message 3: LCP internal error, s <= 0 (s=0.0000e+00)

ODE Message 3: LCP internal error, s <= 0 (s=0.0000e+00)

ODE Message 3: LCP internal error, s <= 0 (s=-0.0000e+00)

ODE Message 3: LCP internal error, s <= 0 (s=0.0000e+00)

ODE Message 3: LCP internal error, s <= 0 (s=-0.0000e+00)

ODE Message 3: LCP internal error, s <= 0 (s=-0.0000e+00)

ODE Message 3: LCP internal error, s <= 0 (s=0.0000e+00)

ODE Message 3: LCP internal error, s <= 0 (s=-0.0000e+00)

ODE Message 3: LCP internal error, s <= 0 (s=-0.0000e+00)

ODE Message 3: LCP internal error, s <= 0 (s=-0.0000e+00)

ODE Message 3: LCP internal error, s <= 0 (s=0.0000e+00)

ODE Message 3: LCP internal error, s <= 0 (s=-0.0000e+00)

ODE Message 3: LCP internal error, s <= 0 (s=-0.0000e+00)

ODE Message 3: LCP internal error, s <= 0 (s=0.0000e+00)

ODE Message 3: LCP internal error, s <= 0 (s=0.0000e+00)

ODE Message 3: LCP internal error, s <= 0 (s=0.0000e+00)

ODE Message 3: LCP internal error, s <= 0 (s=-0.0000e+00)

ODE Message 3: LCP internal error, s <= 0 (s=-0.0000e+00)

ODE Message 3: LCP internal error, s <= 0 (s=-0.0000e+00)

ODE Message 3: LCP internal error, s <= 0 (s=-0.0000e+00)

ODE Message 3: LCP internal error, s <= 0 (s=0.0000e+00)

ODE Message 3: LCP internal error, s <= 0 (s=0.0000e+00)

ODE Message 3: LCP internal error, s <= 0 (s=-0.0000e+00)

ODE Message 3: LCP internal error, s <= 0 (s=0.0000e+00)

ODE Message 3: LCP internal error, s <= 0 (s=0.0000e+00)

ODE Message 3: LCP internal error, s <= 0 (s=-0.0000e+00)

ODE Message 3: LCP internal error, s <= 0 (s=-0.0000e+00)

ODE Message 3: LCP internal error, s <= 0 (s=0.0000e+00)

ODE Message 3: LCP internal error, s <= 0 (s=-0.0000e+00)

ODE Message 3: LCP internal error, s <= 0 (s=-0.0000e+00)

ODE Message 3: LCP internal error, s <= 0 (s=-0.0000e+00)

ODE Message 3: LCP internal error, s <= 0 (s=0.0000e+00)

ODE Message 3: LCP internal error, s <= 0 (s=0.0000e+00)

ODE Message 3: LCP internal error, s <= 0 (s=-0.0000e+00)

ODE Message 3: LCP internal error, s <= 0 (s=-0.0000e+00)

ODE Message 3: LCP internal error, s <= 0 (s=-0.0000e+00)

ODE Message 3: LCP internal error, s <= 0 (s=0.0000e+00)

ODE Message 3: LCP internal error, s <= 0 (s=-0.0000e+00)

ODE Message 3: LCP internal error, s <= 0 (s=0.0000e+00)

ODE Message 3: LCP internal error, s <= 0 (s=0.0000e+00)

ODE Message 3: LCP internal error, s <= 0 (s=-0.0000e+00)

ODE Message 3: LCP internal error, s <= 0 (s=-0.0000e+00)

ODE Message 3: LCP internal error, s <= 0 (s=-0.0000e+00)

ODE Message 3: LCP internal error, s <= 0 (s=0.0000e+00)

ODE Message 3: LCP internal error, s <= 0 (s=-0.0000e+00)

ODE Message 3: LCP internal error, s <= 0 (s=-0.0000e+00)

ODE Message 3: LCP internal error, s <= 0 (s=0.0000e+00)

ODE Message 3: LCP internal error, s <= 0 (s=-0.0000e+00)

ODE Message 3: LCP internal error, s <= 0 (s=0.0000e+00)

ODE Message 3: LCP internal error, s <= 0 (s=-0.0000e+00)

ODE Message 3: LCP internal error, s <= 0 (s=-0.0000e+00)

ODE Message 3: LCP internal error, s <= 0 (s=-0.0000e+00)

ODE Message 3: LCP internal error, s <= 0 (s=0.0000e+00)

ODE Message 3: LCP internal error, s <= 0 (s=-1.5700e-08)

ODE Message 3: LCP internal error, s <= 0 (s=0.0000e+00)

ODE Message 3: LCP internal error, s <= 0 (s=-0.0000e+00)

ODE Message 3: LCP internal error, s <= 0 (s=-0.0000e+00)

ODE Message 3: LCP internal error, s <= 0 (s=0.0000e+00)

ODE Message 3: LCP internal error, s <= 0 (s=0.0000e+00)

ODE Message 3: LCP internal error, s <= 0 (s=-3.1458e-08)

ODE Message 3: LCP internal error, s <= 0 (s=-0.0000e+00)

ODE Message 3: LCP internal error, s <= 0 (s=-0.0000e+00)

ODE Message 3: LCP internal error, s <= 0 (s=-0.0000e+00)

ODE Message 3: LCP internal error, s <= 0 (s=-0.0000e+00)
final fitness compute time 1506.782113790512

Population's average fitness: -85.67968 stdev: 275.06473
Best fitness: -0.00096 - size: (4, 36) - species 3 - id 10430
Average adjusted fitness: 0.918
Mean genetic distance 2.839, standard deviation 0.511
Population of 699 members in 6 species:
   ID   age  size  fitness  adj fit  stag
  ====  ===  ====  =======  =======  ====
     1   19   113     -0.0    0.900     9
     2   19   122     -0.0    0.937     5
     3   19   119     -0.0    0.953     4
     4   19   107     -0.0    0.896     9
     5   16   117     -0.0    0.906     8
     6    9   121     -0.0    0.914     7
Total extinctions: 0
Generation time: 1513.902 sec (1715.102 average)
Saving checkpoint to neat-checkpoint-19
Average mean fitness over last 5 generations: -78.63544632409426
Average min fitness over last 5 generations: -1073.5549395611283
0 0.00022308073393739758 0.00022308073393739758

 ****** Running generation 20 ****** 

network creation time 0.03913450241088867
Score range [-102.603, 87.557]
simulation run time 1755.1737537384033
Evaluating 999 test episodes
final fitness compute time 1463.9025008678436

Population's average fitness: -77.49792 stdev: 262.92559
Best fitness: -0.00057 - size: (4, 36) - species 3 - id 10430
Average adjusted fitness: 0.928
Mean genetic distance 2.853, standard deviation 0.492
Population of 700 members in 6 species:
   ID   age  size  fitness  adj fit  stag
  ====  ===  ====  =======  =======  ====
     1   20   116     -0.0    0.929     0
     2   20   122     -0.0    0.932     0
     3   20   119     -0.0    0.948     0
     4   20   107     -0.0    0.919     0
     5   17   115     -0.0    0.922     0
     6   10   121     -0.0    0.919     0
Total extinctions: 0
Generation time: 3226.475 sec (1684.738 average)
Saving checkpoint to neat-checkpoint-20

 ****** Running generation 21 ****** 

network creation time 0.0545353889465332
Evaluating 999 test episodes
final fitness compute time 1487.7039377689362

Population's average fitness: -73.93945 stdev: 258.50943
Best fitness: -0.00057 - size: (4, 36) - species 3 - id 10430
Average adjusted fitness: 0.929
Mean genetic distance 2.863, standard deviation 0.476
Population of 700 members in 7 species:
   ID   age  size  fitness  adj fit  stag
  ====  ===  ====  =======  =======  ====
     1   21    87     -0.0    0.933     1
     2   21   122     -0.0    0.962     1
     3   21   120     -0.0    0.953     1
     4   21   104     -0.0    0.914     1
     5   18   113     -0.0    0.910     1
     6   11   118     -0.0    0.902     1
     7    0    36       --       --     0
Total extinctions: 0
Generation time: 1495.125 sec (1675.804 average)
Saving checkpoint to neat-checkpoint-21

 ****** Running generation 22 ****** 

network creation time 0.05855441093444824
Evaluating 999 test episodes
final fitness compute time 1525.928912639618

Population's average fitness: -83.13185 stdev: 271.77981
Best fitness: -0.00057 - size: (4, 36) - species 3 - id 10430
Average adjusted fitness: 0.927
Mean genetic distance 2.874, standard deviation 0.479
Population of 700 members in 7 species:
   ID   age  size  fitness  adj fit  stag
  ====  ===  ====  =======  =======  ====
     1   22    94     -0.0    0.908     2
     2   22   104     -0.0    0.955     2
     3   22   107     -0.0    0.917     2
     4   22    98     -0.0    0.886     2
     5   19   111     -0.0    0.951     2
     6   12    99     -0.0    0.893     2
     7    1    87     -0.0    0.976     0
Total extinctions: 0
Generation time: 1533.129 sec (1676.302 average)
Saving checkpoint to neat-checkpoint-22

 ****** Running generation 23 ****** 

network creation time 0.05694437026977539
Evaluating 999 test episodes
final fitness compute time 1524.0838673114777

Population's average fitness: -74.33931 stdev: 257.33816
Best fitness: -0.00057 - size: (4, 36) - species 3 - id 10430
Average adjusted fitness: 0.927
Mean genetic distance 2.872, standard deviation 0.475
Population of 698 members in 7 species:
   ID   age  size  fitness  adj fit  stag
  ====  ===  ====  =======  =======  ====
     1   23    96     -0.0    0.859     3
     2   23   101     -0.0    0.963     3
     3   23   102     -0.0    0.939     3
     4   23    94     -0.0    0.877     3
     5   20   106     -0.0    0.940     3
     6   13   100     -0.0    0.934     3
     7    2    99     -0.0    0.979     1
Total extinctions: 0
Generation time: 1531.288 sec (1673.315 average)
Saving checkpoint to neat-checkpoint-23

 ****** Running generation 24 ****** 

network creation time 0.05234193801879883
Evaluating 999 test episodes
final fitness compute time 1559.7953848838806

Population's average fitness: -82.13340 stdev: 270.71806
Best fitness: -0.00057 - size: (4, 36) - species 3 - id 10430
Average adjusted fitness: 0.924
Mean genetic distance 2.866, standard deviation 0.475
Population of 701 members in 7 species:
   ID   age  size  fitness  adj fit  stag
  ====  ===  ====  =======  =======  ====
     1   24    98     -0.0    0.888     4
     2   24    96     -0.0    0.910     4
     3   24   100     -0.0    0.922     4
     4   24    98     -0.0    0.905     4
     5   21   105     -0.0    0.966     4
     6   14    99     -0.0    0.930     4
     7    3   105     -0.0    0.947     2
Total extinctions: 0
Generation time: 1566.963 sec (1682.486 average)
Saving checkpoint to neat-checkpoint-24
Average mean fitness over last 5 generations: -78.20838368627201
Average min fitness over last 5 generations: -1062.364542880684
0 0.3614653375240408 0.3614653375240408

 ****** Running generation 25 ****** 

network creation time 0.04124116897583008
Evaluating 999 test episodes
final fitness compute time 1502.4217987060547

Population's average fitness: -52.81855 stdev: 220.83347
Best fitness: -0.00057 - size: (4, 36) - species 3 - id 10430
Average adjusted fitness: 0.951
Mean genetic distance 2.867, standard deviation 0.486
Population of 703 members in 7 species:
   ID   age  size  fitness  adj fit  stag
  ====  ===  ====  =======  =======  ====
     1   25   101     -0.0    0.936     5
     2   25    98     -0.0    0.971     5
     3   25    95     -0.0    0.927     5
     4   25   104     -0.0    0.981     5
     5   22   103     -0.0    0.957     5
     6   15   100     -0.0    0.945     5
     7    4   102     -0.0    0.940     3
Total extinctions: 0
Generation time: 1509.616 sec (1685.784 average)
Saving checkpoint to neat-checkpoint-25

 ****** Running generation 26 ****** 

network creation time 0.04295849800109863
Evaluating 999 test episodes
final fitness compute time 1548.178699016571

Population's average fitness: -64.17280 stdev: 242.77267
Best fitness: -0.00057 - size: (4, 36) - species 3 - id 10430
Average adjusted fitness: 0.940
Mean genetic distance 2.859, standard deviation 0.484
Population of 702 members in 7 species:
   ID   age  size  fitness  adj fit  stag
  ====  ===  ====  =======  =======  ====
     1   26   109     -0.0    0.917     6
     2   26    95     -0.0    0.953     6
     3   26    95     -0.0    0.926     6
     4   26   105     -0.0    0.956     6
     5   23   104     -0.0    0.981     6
     6   16    88     -0.0    0.910     6
     7    5   106     -0.0    0.938     4
Total extinctions: 0
Generation time: 1555.354 sec (1692.247 average)
Saving checkpoint to neat-checkpoint-26

 ****** Running generation 27 ****** 

network creation time 0.05482935905456543
Evaluating 999 test episodes
final fitness compute time 1597.866541147232

Population's average fitness: -80.67901 stdev: 269.15366
Best fitness: -0.00057 - size: (4, 36) - species 3 - id 10430
Average adjusted fitness: 0.928
Mean genetic distance 2.864, standard deviation 0.479
Population of 700 members in 7 species:
   ID   age  size  fitness  adj fit  stag
  ====  ===  ====  =======  =======  ====
     1   27   109     -0.0    0.897     7
     2   27   100     -0.0    0.963     7
     3   27   100     -0.0    0.955     7
     4   27   102     -0.0    0.943     7
     5   24   101     -0.0    0.915     7
     6   17    87     -0.0    0.880     7
     7    6   101     -0.0    0.943     5
Total extinctions: 0
Generation time: 1605.080 sec (1702.383 average)
Saving checkpoint to neat-checkpoint-27

 ****** Running generation 28 ****** 

network creation time 0.054390907287597656
Evaluating 999 test episodes
final fitness compute time 1562.2225325107574

Population's average fitness: -74.51289 stdev: 260.64410
Best fitness: -0.00057 - size: (4, 36) - species 3 - id 10430
Average adjusted fitness: 0.933
Mean genetic distance 2.878, standard deviation 0.479
Population of 701 members in 7 species:
   ID   age  size  fitness  adj fit  stag
  ====  ===  ====  =======  =======  ====
     1   28   108     -0.0    0.861     8
     2   28   104     -0.0    0.965     8
     3   28    97     -0.0    0.938     8
     4   28    97     -0.0    0.948     8
     5   25   102     -0.0    0.945     8
     6   18    95     -0.0    0.939     8
     7    7    98     -0.0    0.938     6
Total extinctions: 0
Generation time: 1569.552 sec (1710.648 average)
Saving checkpoint to neat-checkpoint-28

 ****** Running generation 29 ****** 

network creation time 0.053765058517456055
Evaluating 999 test episodes

ODE Message 3: LCP internal error, s <= 0 (s=0.0000e+00)

ODE Message 3: LCP internal error, s <= 0 (s=-0.0000e+00)

ODE Message 3: LCP internal error, s <= 0 (s=0.0000e+00)

ODE Message 3: LCP internal error, s <= 0 (s=-0.0000e+00)

ODE Message 3: LCP internal error, s <= 0 (s=0.0000e+00)

ODE Message 3: LCP internal error, s <= 0 (s=0.0000e+00)

ODE Message 3: LCP internal error, s <= 0 (s=0.0000e+00)

ODE Message 3: LCP internal error, s <= 0 (s=0.0000e+00)

ODE Message 3: LCP internal error, s <= 0 (s=-0.0000e+00)

ODE Message 3: LCP internal error, s <= 0 (s=0.0000e+00)

ODE Message 3: LCP internal error, s <= 0 (s=-0.0000e+00)

ODE Message 3: LCP internal error, s <= 0 (s=0.0000e+00)

ODE Message 3: LCP internal error, s <= 0 (s=-0.0000e+00)

ODE Message 3: LCP internal error, s <= 0 (s=-0.0000e+00)

ODE Message 3: LCP internal error, s <= 0 (s=-0.0000e+00)

ODE Message 3: LCP internal error, s <= 0 (s=-0.0000e+00)

ODE Message 3: LCP internal error, s <= 0 (s=0.0000e+00)

ODE Message 3: LCP internal error, s <= 0 (s=-1.6798e-10)

ODE Message 3: LCP internal error, s <= 0 (s=-0.0000e+00)

ODE Message 3: LCP internal error, s <= 0 (s=-0.0000e+00)

ODE Message 3: LCP internal error, s <= 0 (s=-0.0000e+00)

ODE Message 3: LCP internal error, s <= 0 (s=-0.0000e+00)

ODE Message 3: LCP internal error, s <= 0 (s=0.0000e+00)

ODE Message 3: LCP internal error, s <= 0 (s=-0.0000e+00)

ODE Message 3: LCP internal error, s <= 0 (s=0.0000e+00)

ODE Message 3: LCP internal error, s <= 0 (s=0.0000e+00)

ODE Message 3: LCP internal error, s <= 0 (s=-0.0000e+00)

ODE Message 3: LCP internal error, s <= 0 (s=-0.0000e+00)

ODE Message 3: LCP internal error, s <= 0 (s=-0.0000e+00)

ODE Message 3: LCP internal error, s <= 0 (s=-0.0000e+00)

ODE Message 3: LCP internal error, s <= 0 (s=-0.0000e+00)

ODE Message 3: LCP internal error, s <= 0 (s=0.0000e+00)

ODE Message 3: LCP internal error, s <= 0 (s=-0.0000e+00)

ODE Message 3: LCP internal error, s <= 0 (s=-0.0000e+00)

ODE Message 3: LCP internal error, s <= 0 (s=0.0000e+00)

ODE Message 3: LCP internal error, s <= 0 (s=0.0000e+00)

ODE Message 3: LCP internal error, s <= 0 (s=-0.0000e+00)

ODE Message 3: LCP internal error, s <= 0 (s=-0.0000e+00)

ODE Message 3: LCP internal error, s <= 0 (s=-0.0000e+00)

ODE Message 3: LCP internal error, s <= 0 (s=-0.0000e+00)

ODE Message 3: LCP internal error, s <= 0 (s=0.0000e+00)

ODE Message 3: LCP internal error, s <= 0 (s=0.0000e+00)

ODE Message 3: LCP internal error, s <= 0 (s=-0.0000e+00)

ODE Message 3: LCP internal error, s <= 0 (s=0.0000e+00)

ODE Message 3: LCP internal error, s <= 0 (s=0.0000e+00)

ODE Message 3: LCP internal error, s <= 0 (s=-0.0000e+00)

ODE Message 3: LCP internal error, s <= 0 (s=-0.0000e+00)

ODE Message 3: LCP internal error, s <= 0 (s=-0.0000e+00)

ODE Message 3: LCP internal error, s <= 0 (s=-0.0000e+00)

ODE Message 3: LCP internal error, s <= 0 (s=0.0000e+00)

ODE Message 3: LCP internal error, s <= 0 (s=-0.0000e+00)

ODE Message 3: LCP internal error, s <= 0 (s=-0.0000e+00)

ODE Message 3: LCP internal error, s <= 0 (s=0.0000e+00)

ODE Message 3: LCP internal error, s <= 0 (s=-0.0000e+00)

ODE Message 3: LCP internal error, s <= 0 (s=-0.0000e+00)

ODE Message 3: LCP internal error, s <= 0 (s=0.0000e+00)

ODE Message 3: LCP internal error, s <= 0 (s=-0.0000e+00)

ODE Message 3: LCP internal error, s <= 0 (s=0.0000e+00)

ODE Message 3: LCP internal error, s <= 0 (s=-0.0000e+00)

ODE Message 3: LCP internal error, s <= 0 (s=0.0000e+00)

ODE Message 3: LCP internal error, s <= 0 (s=-0.0000e+00)

ODE Message 3: LCP internal error, s <= 0 (s=-0.0000e+00)

ODE Message 3: LCP internal error, s <= 0 (s=-0.0000e+00)

ODE Message 3: LCP internal error, s <= 0 (s=-0.0000e+00)

ODE Message 3: LCP internal error, s <= 0 (s=-0.0000e+00)

ODE Message 3: LCP internal error, s <= 0 (s=-0.0000e+00)

ODE Message 3: LCP internal error, s <= 0 (s=0.0000e+00)

ODE Message 3: LCP internal error, s <= 0 (s=0.0000e+00)

ODE Message 3: LCP internal error, s <= 0 (s=-0.0000e+00)

ODE Message 3: LCP internal error, s <= 0 (s=0.0000e+00)

ODE Message 3: LCP internal error, s <= 0 (s=0.0000e+00)

ODE Message 3: LCP internal error, s <= 0 (s=-0.0000e+00)

ODE Message 3: LCP internal error, s <= 0 (s=-0.0000e+00)

ODE Message 3: LCP internal error, s <= 0 (s=-0.0000e+00)

ODE Message 3: LCP internal error, s <= 0 (s=0.0000e+00)

ODE Message 3: LCP internal error, s <= 0 (s=0.0000e+00)

ODE Message 3: LCP internal error, s <= 0 (s=0.0000e+00)

ODE Message 3: LCP internal error, s <= 0 (s=0.0000e+00)

ODE Message 3: LCP internal error, s <= 0 (s=-0.0000e+00)

ODE Message 3: LCP internal error, s <= 0 (s=-0.0000e+00)

ODE Message 3: LCP internal error, s <= 0 (s=0.0000e+00)

ODE Message 3: LCP internal error, s <= 0 (s=-0.0000e+00)

ODE Message 3: LCP internal error, s <= 0 (s=-0.0000e+00)

ODE Message 3: LCP internal error, s <= 0 (s=0.0000e+00)

ODE Message 3: LCP internal error, s <= 0 (s=-0.0000e+00)

ODE Message 3: LCP internal error, s <= 0 (s=-0.0000e+00)

ODE Message 3: LCP internal error, s <= 0 (s=0.0000e+00)

ODE Message 3: LCP internal error, s <= 0 (s=-0.0000e+00)

ODE Message 3: LCP internal error, s <= 0 (s=0.0000e+00)

ODE Message 3: LCP internal error, s <= 0 (s=-0.0000e+00)

ODE Message 3: LCP internal error, s <= 0 (s=-0.0000e+00)

ODE Message 3: LCP internal error, s <= 0 (s=-0.0000e+00)

ODE Message 3: LCP internal error, s <= 0 (s=0.0000e+00)

ODE Message 3: LCP internal error, s <= 0 (s=-0.0000e+00)

ODE Message 3: LCP internal error, s <= 0 (s=-0.0000e+00)

ODE Message 3: LCP internal error, s <= 0 (s=-0.0000e+00)

ODE Message 3: LCP internal error, s <= 0 (s=0.0000e+00)

ODE Message 3: LCP internal error, s <= 0 (s=0.0000e+00)

ODE Message 3: LCP internal error, s <= 0 (s=-0.0000e+00)

ODE Message 3: LCP internal error, s <= 0 (s=-0.0000e+00)

ODE Message 3: LCP internal error, s <= 0 (s=-0.0000e+00)

ODE Message 3: LCP internal error, s <= 0 (s=-0.0000e+00)

ODE Message 3: LCP internal error, s <= 0 (s=-0.0000e+00)

ODE Message 3: LCP internal error, s <= 0 (s=-0.0000e+00)

ODE Message 3: LCP internal error, s <= 0 (s=0.0000e+00)

ODE Message 3: LCP internal error, s <= 0 (s=0.0000e+00)

ODE Message 3: LCP internal error, s <= 0 (s=-0.0000e+00)

ODE Message 3: LCP internal error, s <= 0 (s=0.0000e+00)

ODE Message 3: LCP internal error, s <= 0 (s=-0.0000e+00)

ODE Message 3: LCP internal error, s <= 0 (s=-0.0000e+00)

ODE Message 3: LCP internal error, s <= 0 (s=-0.0000e+00)

ODE Message 3: LCP internal error, s <= 0 (s=-0.0000e+00)

ODE Message 3: LCP internal error, s <= 0 (s=-0.0000e+00)

ODE Message 3: LCP internal error, s <= 0 (s=0.0000e+00)

ODE Message 3: LCP internal error, s <= 0 (s=-0.0000e+00)

ODE Message 3: LCP internal error, s <= 0 (s=0.0000e+00)

ODE Message 3: LCP internal error, s <= 0 (s=-3.1459e-08)

ODE Message 3: LCP internal error, s <= 0 (s=-0.0000e+00)

ODE Message 3: LCP internal error, s <= 0 (s=-0.0000e+00)

ODE Message 3: LCP internal error, s <= 0 (s=-0.0000e+00)

ODE Message 3: LCP internal error, s <= 0 (s=0.0000e+00)

ODE Message 3: LCP internal error, s <= 0 (s=0.0000e+00)

ODE Message 3: LCP internal error, s <= 0 (s=0.0000e+00)

ODE Message 3: LCP internal error, s <= 0 (s=0.0000e+00)

ODE Message 3: LCP internal error, s <= 0 (s=-0.0000e+00)

ODE Message 3: LCP internal error, s <= 0 (s=0.0000e+00)

ODE Message 3: LCP internal error, s <= 0 (s=-0.0000e+00)

ODE Message 3: LCP internal error, s <= 0 (s=0.0000e+00)

ODE Message 3: LCP internal error, s <= 0 (s=-1.6798e-10)

ODE Message 3: LCP internal error, s <= 0 (s=-0.0000e+00)

ODE Message 3: LCP internal error, s <= 0 (s=-0.0000e+00)

ODE Message 3: LCP internal error, s <= 0 (s=-0.0000e+00)

ODE Message 3: LCP internal error, s <= 0 (s=-0.0000e+00)

ODE Message 3: LCP internal error, s <= 0 (s=0.0000e+00)

ODE Message 3: LCP internal error, s <= 0 (s=0.0000e+00)

ODE Message 3: LCP internal error, s <= 0 (s=0.0000e+00)

ODE Message 3: LCP internal error, s <= 0 (s=-0.0000e+00)

ODE Message 3: LCP internal error, s <= 0 (s=-0.0000e+00)

ODE Message 3: LCP internal error, s <= 0 (s=-0.0000e+00)

ODE Message 3: LCP internal error, s <= 0 (s=-0.0000e+00)

ODE Message 3: LCP internal error, s <= 0 (s=0.0000e+00)

ODE Message 3: LCP internal error, s <= 0 (s=0.0000e+00)

ODE Message 3: LCP internal error, s <= 0 (s=-0.0000e+00)

ODE Message 3: LCP internal error, s <= 0 (s=-0.0000e+00)

ODE Message 3: LCP internal error, s <= 0 (s=-0.0000e+00)

ODE Message 3: LCP internal error, s <= 0 (s=0.0000e+00)

ODE Message 3: LCP internal error, s <= 0 (s=-0.0000e+00)

ODE Message 3: LCP internal error, s <= 0 (s=-0.0000e+00)

ODE Message 3: LCP internal error, s <= 0 (s=-0.0000e+00)

ODE Message 3: LCP internal error, s <= 0 (s=-0.0000e+00)

ODE Message 3: LCP internal error, s <= 0 (s=-0.0000e+00)

ODE Message 3: LCP internal error, s <= 0 (s=-0.0000e+00)

ODE Message 3: LCP internal error, s <= 0 (s=-0.0000e+00)

ODE Message 3: LCP internal error, s <= 0 (s=0.0000e+00)

ODE Message 3: LCP internal error, s <= 0 (s=0.0000e+00)

ODE Message 3: LCP internal error, s <= 0 (s=0.0000e+00)

ODE Message 3: LCP internal error, s <= 0 (s=-0.0000e+00)

ODE Message 3: LCP internal error, s <= 0 (s=0.0000e+00)

ODE Message 3: LCP internal error, s <= 0 (s=0.0000e+00)

ODE Message 3: LCP internal error, s <= 0 (s=-0.0000e+00)

ODE Message 3: LCP internal error, s <= 0 (s=0.0000e+00)

ODE Message 3: LCP internal error, s <= 0 (s=0.0000e+00)

ODE Message 3: LCP internal error, s <= 0 (s=0.0000e+00)

ODE Message 3: LCP internal error, s <= 0 (s=0.0000e+00)

ODE Message 3: LCP internal error, s <= 0 (s=-0.0000e+00)

ODE Message 3: LCP internal error, s <= 0 (s=-3.1432e-08)

ODE Message 3: LCP internal error, s <= 0 (s=-0.0000e+00)

ODE Message 3: LCP internal error, s <= 0 (s=-0.0000e+00)

ODE Message 3: LCP internal error, s <= 0 (s=-0.0000e+00)

ODE Message 3: LCP internal error, s <= 0 (s=0.0000e+00)

ODE Message 3: LCP internal error, s <= 0 (s=0.0000e+00)

ODE Message 3: LCP internal error, s <= 0 (s=-0.0000e+00)

ODE Message 3: LCP internal error, s <= 0 (s=-0.0000e+00)

ODE Message 3: LCP internal error, s <= 0 (s=-0.0000e+00)

ODE Message 3: LCP internal error, s <= 0 (s=-0.0000e+00)

ODE Message 3: LCP internal error, s <= 0 (s=0.0000e+00)

ODE Message 3: LCP internal error, s <= 0 (s=-0.0000e+00)

ODE Message 3: LCP internal error, s <= 0 (s=-0.0000e+00)

ODE Message 3: LCP internal error, s <= 0 (s=0.0000e+00)

ODE Message 3: LCP internal error, s <= 0 (s=0.0000e+00)

ODE Message 3: LCP internal error, s <= 0 (s=-0.0000e+00)

ODE Message 3: LCP internal error, s <= 0 (s=-0.0000e+00)

ODE Message 3: LCP internal error, s <= 0 (s=-0.0000e+00)

ODE Message 3: LCP internal error, s <= 0 (s=-0.0000e+00)

ODE Message 3: LCP internal error, s <= 0 (s=0.0000e+00)

ODE Message 3: LCP internal error, s <= 0 (s=-0.0000e+00)

ODE Message 3: LCP internal error, s <= 0 (s=-0.0000e+00)

ODE Message 3: LCP internal error, s <= 0 (s=-0.0000e+00)

ODE Message 3: LCP internal error, s <= 0 (s=-0.0000e+00)

ODE Message 3: LCP internal error, s <= 0 (s=0.0000e+00)

ODE Message 3: LCP internal error, s <= 0 (s=-0.0000e+00)

ODE Message 3: LCP internal error, s <= 0 (s=0.0000e+00)

ODE Message 3: LCP internal error, s <= 0 (s=0.0000e+00)

ODE Message 3: LCP internal error, s <= 0 (s=-0.0000e+00)

ODE Message 3: LCP internal error, s <= 0 (s=-0.0000e+00)

ODE Message 3: LCP internal error, s <= 0 (s=-0.0000e+00)

ODE Message 3: LCP internal error, s <= 0 (s=0.0000e+00)

ODE Message 3: LCP internal error, s <= 0 (s=-0.0000e+00)

ODE Message 3: LCP internal error, s <= 0 (s=0.0000e+00)

ODE Message 3: LCP internal error, s <= 0 (s=-0.0000e+00)

ODE Message 3: LCP internal error, s <= 0 (s=-0.0000e+00)

ODE Message 3: LCP internal error, s <= 0 (s=-0.0000e+00)

ODE Message 3: LCP internal error, s <= 0 (s=-0.0000e+00)

ODE Message 3: LCP internal error, s <= 0 (s=-0.0000e+00)

ODE Message 3: LCP internal error, s <= 0 (s=0.0000e+00)

ODE Message 3: LCP internal error, s <= 0 (s=0.0000e+00)

ODE Message 3: LCP internal error, s <= 0 (s=-0.0000e+00)

ODE Message 3: LCP internal error, s <= 0 (s=-0.0000e+00)

ODE Message 3: LCP internal error, s <= 0 (s=0.0000e+00)

ODE Message 3: LCP internal error, s <= 0 (s=-0.0000e+00)

ODE Message 3: LCP internal error, s <= 0 (s=-0.0000e+00)

ODE Message 3: LCP internal error, s <= 0 (s=-0.0000e+00)

ODE Message 3: LCP internal error, s <= 0 (s=0.0000e+00)

ODE Message 3: LCP internal error, s <= 0 (s=-0.0000e+00)

ODE Message 3: LCP internal error, s <= 0 (s=0.0000e+00)

ODE Message 3: LCP internal error, s <= 0 (s=-0.0000e+00)

ODE Message 3: LCP internal error, s <= 0 (s=-0.0000e+00)

ODE Message 3: LCP internal error, s <= 0 (s=-0.0000e+00)

ODE Message 3: LCP internal error, s <= 0 (s=-0.0000e+00)

ODE Message 3: LCP internal error, s <= 0 (s=-0.0000e+00)

ODE Message 3: LCP internal error, s <= 0 (s=-0.0000e+00)

ODE Message 3: LCP internal error, s <= 0 (s=0.0000e+00)

ODE Message 3: LCP internal error, s <= 0 (s=0.0000e+00)

ODE Message 3: LCP internal error, s <= 0 (s=0.0000e+00)

ODE Message 3: LCP internal error, s <= 0 (s=0.0000e+00)

ODE Message 3: LCP internal error, s <= 0 (s=0.0000e+00)

ODE Message 3: LCP internal error, s <= 0 (s=0.0000e+00)

ODE Message 3: LCP internal error, s <= 0 (s=-0.0000e+00)

ODE Message 3: LCP internal error, s <= 0 (s=-0.0000e+00)

ODE Message 3: LCP internal error, s <= 0 (s=-0.0000e+00)

ODE Message 3: LCP internal error, s <= 0 (s=-0.0000e+00)

ODE Message 3: LCP internal error, s <= 0 (s=0.0000e+00)

ODE Message 3: LCP internal error, s <= 0 (s=-0.0000e+00)

ODE Message 3: LCP internal error, s <= 0 (s=-0.0000e+00)

ODE Message 3: LCP internal error, s <= 0 (s=0.0000e+00)

ODE Message 3: LCP internal error, s <= 0 (s=0.0000e+00)

ODE Message 3: LCP internal error, s <= 0 (s=-0.0000e+00)

ODE Message 3: LCP internal error, s <= 0 (s=-0.0000e+00)

ODE Message 3: LCP internal error, s <= 0 (s=-0.0000e+00)

ODE Message 3: LCP internal error, s <= 0 (s=-0.0000e+00)

ODE Message 3: LCP internal error, s <= 0 (s=0.0000e+00)

ODE Message 3: LCP internal error, s <= 0 (s=-0.0000e+00)

ODE Message 3: LCP internal error, s <= 0 (s=-0.0000e+00)

ODE Message 3: LCP internal error, s <= 0 (s=0.0000e+00)

ODE Message 3: LCP internal error, s <= 0 (s=0.0000e+00)

ODE Message 3: LCP internal error, s <= 0 (s=-0.0000e+00)

ODE Message 3: LCP internal error, s <= 0 (s=-0.0000e+00)

ODE Message 3: LCP internal error, s <= 0 (s=0.0000e+00)

ODE Message 3: LCP internal error, s <= 0 (s=-0.0000e+00)

ODE Message 3: LCP internal error, s <= 0 (s=-0.0000e+00)

ODE Message 3: LCP internal error, s <= 0 (s=-0.0000e+00)

ODE Message 3: LCP internal error, s <= 0 (s=-0.0000e+00)

ODE Message 3: LCP internal error, s <= 0 (s=0.0000e+00)

ODE Message 3: LCP internal error, s <= 0 (s=0.0000e+00)

ODE Message 3: LCP internal error, s <= 0 (s=0.0000e+00)

ODE Message 3: LCP internal error, s <= 0 (s=-0.0000e+00)

ODE Message 3: LCP internal error, s <= 0 (s=-0.0000e+00)

ODE Message 3: LCP internal error, s <= 0 (s=-0.0000e+00)

ODE Message 3: LCP internal error, s <= 0 (s=0.0000e+00)

ODE Message 3: LCP internal error, s <= 0 (s=-0.0000e+00)

ODE Message 3: LCP internal error, s <= 0 (s=0.0000e+00)

ODE Message 3: LCP internal error, s <= 0 (s=-0.0000e+00)

ODE Message 3: LCP internal error, s <= 0 (s=0.0000e+00)

ODE Message 3: LCP internal error, s <= 0 (s=-0.0000e+00)

ODE Message 3: LCP internal error, s <= 0 (s=0.0000e+00)

ODE Message 3: LCP internal error, s <= 0 (s=0.0000e+00)

ODE Message 3: LCP internal error, s <= 0 (s=0.0000e+00)

ODE Message 3: LCP internal error, s <= 0 (s=-0.0000e+00)

ODE Message 3: LCP internal error, s <= 0 (s=0.0000e+00)

ODE Message 3: LCP internal error, s <= 0 (s=-0.0000e+00)

ODE Message 3: LCP internal error, s <= 0 (s=-0.0000e+00)

ODE Message 3: LCP internal error, s <= 0 (s=-0.0000e+00)

ODE Message 3: LCP internal error, s <= 0 (s=-0.0000e+00)

ODE Message 3: LCP internal error, s <= 0 (s=0.0000e+00)

ODE Message 3: LCP internal error, s <= 0 (s=0.0000e+00)

ODE Message 3: LCP internal error, s <= 0 (s=-0.0000e+00)

ODE Message 3: LCP internal error, s <= 0 (s=-0.0000e+00)

ODE Message 3: LCP internal error, s <= 0 (s=0.0000e+00)

ODE Message 3: LCP internal error, s <= 0 (s=0.0000e+00)

ODE Message 3: LCP internal error, s <= 0 (s=0.0000e+00)

ODE Message 3: LCP internal error, s <= 0 (s=0.0000e+00)

ODE Message 3: LCP internal error, s <= 0 (s=0.0000e+00)

ODE Message 3: LCP internal error, s <= 0 (s=-0.0000e+00)

ODE Message 3: LCP internal error, s <= 0 (s=0.0000e+00)

ODE Message 3: LCP internal error, s <= 0 (s=0.0000e+00)

ODE Message 3: LCP internal error, s <= 0 (s=-0.0000e+00)

ODE Message 3: LCP internal error, s <= 0 (s=0.0000e+00)

ODE Message 3: LCP internal error, s <= 0 (s=0.0000e+00)

ODE Message 3: LCP internal error, s <= 0 (s=-0.0000e+00)

ODE Message 3: LCP internal error, s <= 0 (s=0.0000e+00)

ODE Message 3: LCP internal error, s <= 0 (s=0.0000e+00)

ODE Message 3: LCP internal error, s <= 0 (s=-0.0000e+00)

ODE Message 3: LCP internal error, s <= 0 (s=0.0000e+00)

ODE Message 3: LCP internal error, s <= 0 (s=-0.0000e+00)

ODE Message 3: LCP internal error, s <= 0 (s=0.0000e+00)

ODE Message 3: LCP internal error, s <= 0 (s=0.0000e+00)

ODE Message 3: LCP internal error, s <= 0 (s=0.0000e+00)

ODE Message 3: LCP internal error, s <= 0 (s=-0.0000e+00)

ODE Message 3: LCP internal error, s <= 0 (s=-0.0000e+00)

ODE Message 3: LCP internal error, s <= 0 (s=-0.0000e+00)

ODE Message 3: LCP internal error, s <= 0 (s=0.0000e+00)

ODE Message 3: LCP internal error, s <= 0 (s=0.0000e+00)

ODE Message 3: LCP internal error, s <= 0 (s=-0.0000e+00)

ODE Message 3: LCP internal error, s <= 0 (s=-0.0000e+00)

ODE Message 3: LCP internal error, s <= 0 (s=-0.0000e+00)

ODE Message 3: LCP internal error, s <= 0 (s=-0.0000e+00)

ODE Message 3: LCP internal error, s <= 0 (s=0.0000e+00)

ODE Message 3: LCP internal error, s <= 0 (s=0.0000e+00)

ODE Message 3: LCP internal error, s <= 0 (s=-0.0000e+00)

ODE Message 3: LCP internal error, s <= 0 (s=-0.0000e+00)

ODE Message 3: LCP internal error, s <= 0 (s=0.0000e+00)

ODE Message 3: LCP internal error, s <= 0 (s=0.0000e+00)

ODE Message 3: LCP internal error, s <= 0 (s=-0.0000e+00)

ODE Message 3: LCP internal error, s <= 0 (s=0.0000e+00)

ODE Message 3: LCP internal error, s <= 0 (s=-0.0000e+00)

ODE Message 3: LCP internal error, s <= 0 (s=-0.0000e+00)

ODE Message 3: LCP internal error, s <= 0 (s=-0.0000e+00)

ODE Message 3: LCP internal error, s <= 0 (s=0.0000e+00)

ODE Message 3: LCP internal error, s <= 0 (s=-0.0000e+00)

ODE Message 3: LCP internal error, s <= 0 (s=-0.0000e+00)

ODE Message 3: LCP internal error, s <= 0 (s=0.0000e+00)

ODE Message 3: LCP internal error, s <= 0 (s=0.0000e+00)

ODE Message 3: LCP internal error, s <= 0 (s=-0.0000e+00)

ODE Message 3: LCP internal error, s <= 0 (s=-0.0000e+00)

ODE Message 3: LCP internal error, s <= 0 (s=0.0000e+00)

ODE Message 3: LCP internal error, s <= 0 (s=-1.6799e-10)

ODE Message 3: LCP internal error, s <= 0 (s=0.0000e+00)

ODE Message 3: LCP internal error, s <= 0 (s=-0.0000e+00)

ODE Message 3: LCP internal error, s <= 0 (s=-0.0000e+00)

ODE Message 3: LCP internal error, s <= 0 (s=-0.0000e+00)

ODE Message 3: LCP internal error, s <= 0 (s=-0.0000e+00)

ODE Message 3: LCP internal error, s <= 0 (s=-0.0000e+00)

ODE Message 3: LCP internal error, s <= 0 (s=-0.0000e+00)

ODE Message 3: LCP internal error, s <= 0 (s=0.0000e+00)

ODE Message 3: LCP internal error, s <= 0 (s=0.0000e+00)

ODE Message 3: LCP internal error, s <= 0 (s=-0.0000e+00)

ODE Message 3: LCP internal error, s <= 0 (s=-0.0000e+00)

ODE Message 3: LCP internal error, s <= 0 (s=0.0000e+00)

ODE Message 3: LCP internal error, s <= 0 (s=-0.0000e+00)

ODE Message 3: LCP internal error, s <= 0 (s=0.0000e+00)

ODE Message 3: LCP internal error, s <= 0 (s=0.0000e+00)

ODE Message 3: LCP internal error, s <= 0 (s=-0.0000e+00)

ODE Message 3: LCP internal error, s <= 0 (s=-0.0000e+00)

ODE Message 3: LCP internal error, s <= 0 (s=-0.0000e+00)

ODE Message 3: LCP internal error, s <= 0 (s=-0.0000e+00)

ODE Message 3: LCP internal error, s <= 0 (s=-0.0000e+00)

ODE Message 3: LCP internal error, s <= 0 (s=-0.0000e+00)

ODE Message 3: LCP internal error, s <= 0 (s=0.0000e+00)

ODE Message 3: LCP internal error, s <= 0 (s=0.0000e+00)

ODE Message 3: LCP internal error, s <= 0 (s=-0.0000e+00)

ODE Message 3: LCP internal error, s <= 0 (s=-0.0000e+00)

ODE Message 3: LCP internal error, s <= 0 (s=0.0000e+00)

ODE Message 3: LCP internal error, s <= 0 (s=-0.0000e+00)

ODE Message 3: LCP internal error, s <= 0 (s=-0.0000e+00)

ODE Message 3: LCP internal error, s <= 0 (s=-0.0000e+00)

ODE Message 3: LCP internal error, s <= 0 (s=-0.0000e+00)

ODE Message 3: LCP internal error, s <= 0 (s=-0.0000e+00)

ODE Message 3: LCP internal error, s <= 0 (s=-0.0000e+00)

ODE Message 3: LCP internal error, s <= 0 (s=0.0000e+00)

ODE Message 3: LCP internal error, s <= 0 (s=0.0000e+00)

ODE Message 3: LCP internal error, s <= 0 (s=-0.0000e+00)

ODE Message 3: LCP internal error, s <= 0 (s=-0.0000e+00)

ODE Message 3: LCP internal error, s <= 0 (s=0.0000e+00)

ODE Message 3: LCP internal error, s <= 0 (s=0.0000e+00)

ODE Message 3: LCP internal error, s <= 0 (s=-0.0000e+00)

ODE Message 3: LCP internal error, s <= 0 (s=-0.0000e+00)

ODE Message 3: LCP internal error, s <= 0 (s=0.0000e+00)

ODE Message 3: LCP internal error, s <= 0 (s=-0.0000e+00)

ODE Message 3: LCP internal error, s <= 0 (s=0.0000e+00)

ODE Message 3: LCP internal error, s <= 0 (s=0.0000e+00)

ODE Message 3: LCP internal error, s <= 0 (s=-0.0000e+00)

ODE Message 3: LCP internal error, s <= 0 (s=0.0000e+00)

ODE Message 3: LCP internal error, s <= 0 (s=0.0000e+00)

ODE Message 3: LCP internal error, s <= 0 (s=-0.0000e+00)

ODE Message 3: LCP internal error, s <= 0 (s=-0.0000e+00)

ODE Message 3: LCP internal error, s <= 0 (s=0.0000e+00)

ODE Message 3: LCP internal error, s <= 0 (s=-0.0000e+00)

ODE Message 3: LCP internal error, s <= 0 (s=-0.0000e+00)

ODE Message 3: LCP internal error, s <= 0 (s=0.0000e+00)

ODE Message 3: LCP internal error, s <= 0 (s=-0.0000e+00)

ODE Message 3: LCP internal error, s <= 0 (s=-0.0000e+00)

ODE Message 3: LCP internal error, s <= 0 (s=-0.0000e+00)

ODE Message 3: LCP internal error, s <= 0 (s=0.0000e+00)

ODE Message 3: LCP internal error, s <= 0 (s=0.0000e+00)

ODE Message 3: LCP internal error, s <= 0 (s=-0.0000e+00)

ODE Message 3: LCP internal error, s <= 0 (s=0.0000e+00)

ODE Message 3: LCP internal error, s <= 0 (s=-0.0000e+00)

ODE Message 3: LCP internal error, s <= 0 (s=0.0000e+00)

ODE Message 3: LCP internal error, s <= 0 (s=0.0000e+00)

ODE Message 3: LCP internal error, s <= 0 (s=-0.0000e+00)

ODE Message 3: LCP internal error, s <= 0 (s=-0.0000e+00)

ODE Message 3: LCP internal error, s <= 0 (s=-0.0000e+00)

ODE Message 3: LCP internal error, s <= 0 (s=-0.0000e+00)

ODE Message 3: LCP internal error, s <= 0 (s=0.0000e+00)

ODE Message 3: LCP internal error, s <= 0 (s=-0.0000e+00)

ODE Message 3: LCP internal error, s <= 0 (s=-0.0000e+00)

ODE Message 3: LCP internal error, s <= 0 (s=0.0000e+00)

ODE Message 3: LCP internal error, s <= 0 (s=0.0000e+00)

ODE Message 3: LCP internal error, s <= 0 (s=-0.0000e+00)

ODE Message 3: LCP internal error, s <= 0 (s=-0.0000e+00)

ODE Message 3: LCP internal error, s <= 0 (s=-0.0000e+00)

ODE Message 3: LCP internal error, s <= 0 (s=0.0000e+00)

ODE Message 3: LCP internal error, s <= 0 (s=0.0000e+00)

ODE Message 3: LCP internal error, s <= 0 (s=0.0000e+00)

ODE Message 3: LCP internal error, s <= 0 (s=-0.0000e+00)

ODE Message 3: LCP internal error, s <= 0 (s=-0.0000e+00)

ODE Message 3: LCP internal error, s <= 0 (s=-0.0000e+00)

ODE Message 3: LCP internal error, s <= 0 (s=0.0000e+00)

ODE Message 3: LCP internal error, s <= 0 (s=-0.0000e+00)

ODE Message 3: LCP internal error, s <= 0 (s=-0.0000e+00)

ODE Message 3: LCP internal error, s <= 0 (s=-0.0000e+00)

ODE Message 3: LCP internal error, s <= 0 (s=-0.0000e+00)

ODE Message 3: LCP internal error, s <= 0 (s=-0.0000e+00)

ODE Message 3: LCP internal error, s <= 0 (s=-0.0000e+00)

ODE Message 3: LCP internal error, s <= 0 (s=0.0000e+00)

ODE Message 3: LCP internal error, s <= 0 (s=-1.6799e-10)
final fitness compute time 1532.7588815689087

Population's average fitness: -68.35161 stdev: 249.62592
Best fitness: -0.00057 - size: (4, 36) - species 3 - id 10430
Average adjusted fitness: 0.938
Mean genetic distance 2.859, standard deviation 0.483
Population of 700 members in 7 species:
   ID   age  size  fitness  adj fit  stag
  ====  ===  ====  =======  =======  ====
     1   29   108     -0.0    0.918     9
     2   29   101     -0.0    0.957     9
     3   29    99     -0.0    0.937     9
     4   29   102     -0.0    0.954     9
     5   26    99     -0.0    0.903     9
     6   19    92     -0.0    0.944     9
     7    8    99     -0.0    0.954     7
Total extinctions: 0
Generation time: 1540.012 sec (1713.259 average)
Saving checkpoint to neat-checkpoint-29
Average mean fitness over last 5 generations: -68.10696949952106
Average min fitness over last 5 generations: -1095.5364666590033
0 6.324367943989637 6.324367943989637

 ****** Running generation 30 ****** 

network creation time 0.042208194732666016
Score range [-76.673, 80.421]
simulation run time 1771.9004621505737
Evaluating 1000 test episodes
final fitness compute time 1537.149908065796

Population's average fitness: -77.46690 stdev: 263.01811
Best fitness: -0.00055 - size: (4, 36) - species 3 - id 10430
Average adjusted fitness: 0.927
Mean genetic distance 2.862, standard deviation 0.490
Population of 701 members in 7 species:
   ID   age  size  fitness  adj fit  stag
  ====  ===  ====  =======  =======  ====
     1   30   107     -0.0    0.891     0
     2   30   106     -0.0    0.981     0
     3   30   100     -0.0    0.926     0
     4   30   104     -0.0    0.919     0
     5   27    99     -0.0    0.926     0
     6   20    89     -0.0    0.903     0
     7    9    96     -0.0    0.946     0
Total extinctions: 0
Generation time: 3316.463 sec (1722.258 average)
Saving checkpoint to neat-checkpoint-30

 ****** Running generation 31 ****** 

network creation time 0.05269503593444824
Evaluating 1000 test episodes
final fitness compute time 1507.7237021923065

Population's average fitness: -74.97686 stdev: 259.87819
Best fitness: -0.00055 - size: (4, 36) - species 3 - id 10430
Average adjusted fitness: 0.931
Mean genetic distance 2.859, standard deviation 0.492
Population of 700 members in 7 species:
   ID   age  size  fitness  adj fit  stag
  ====  ===  ====  =======  =======  ====
     1   31   103     -0.0    0.884     1
     2   31   110     -0.0    0.975     1
     3   31   102     -0.0    0.940     1
     4   31   101     -0.0    0.965     1
     5   28    99     -0.0    0.936     1
     6   21    92     -0.0    0.870     1
     7   10    93     -0.0    0.945     1
Total extinctions: 0
Generation time: 1515.089 sec (1724.255 average)
Saving checkpoint to neat-checkpoint-31

 ****** Running generation 32 ****** 

network creation time 0.053627967834472656
Evaluating 1000 test episodes
final fitness compute time 1526.0027437210083

Population's average fitness: -70.31266 stdev: 251.12547
Best fitness: -0.00055 - size: (4, 36) - species 3 - id 10430
Average adjusted fitness: 0.933
Mean genetic distance 2.874, standard deviation 0.491
Population of 701 members in 7 species:
   ID   age  size  fitness  adj fit  stag
  ====  ===  ====  =======  =======  ====
     1   32   104     -0.0    0.918     2
     2   32   107     -0.0    0.933     2
     3   32   100     -0.0    0.912     2
     4   32   107     -0.0    0.945     2
     5   29    99     -0.0    0.962     2
     6   22    88     -0.0    0.902     2
     7   11    96     -0.0    0.961     2
Total extinctions: 0
Generation time: 1533.296 sec (1724.271 average)
Saving checkpoint to neat-checkpoint-32

 ****** Running generation 33 ****** 

network creation time 0.04698777198791504
Evaluating 1000 test episodes
final fitness compute time 1516.1124196052551

Population's average fitness: -56.85075 stdev: 228.26303
Best fitness: -0.00055 - size: (4, 36) - species 3 - id 10430
Average adjusted fitness: 0.946
Mean genetic distance 2.876, standard deviation 0.486
Population of 701 members in 7 species:
   ID   age  size  fitness  adj fit  stag
  ====  ===  ====  =======  =======  ====
     1   33   105     -0.0    0.928     3
     2   33   103     -0.0    0.928     3
     3   33   100     -0.0    0.982     3
     4   33   105     -0.0    0.958     3
     5   30   103     -0.0    0.941     3
     6   23    92     -0.0    0.990     3
     7   12    93     -0.0    0.893     3
Total extinctions: 0
Generation time: 1523.372 sec (1723.480 average)
Saving checkpoint to neat-checkpoint-33

 ****** Running generation 34 ****** 

network creation time 0.042138099670410156
Evaluating 1000 test episodes

ODE Message 3: LCP internal error, s <= 0 (s=0.0000e+00)

ODE Message 3: LCP internal error, s <= 0 (s=0.0000e+00)
final fitness compute time 1517.9924733638763

Population's average fitness: -51.00298 stdev: 216.44635
Best fitness: -0.00055 - size: (4, 36) - species 3 - id 10430
Average adjusted fitness: 0.955
Mean genetic distance 2.867, standard deviation 0.492
Population of 699 members in 7 species:
   ID   age  size  fitness  adj fit  stag
  ====  ===  ====  =======  =======  ====
     1   34   101     -0.0    0.935     4
     2   34   102     -0.0    0.976     4
     3   34    98     -0.0    0.923     4
     4   34   104     -0.0    0.968     4
     5   31   103     -0.0    0.949     4
     6   24    94     -0.0    0.954     4
     7   13    97     -0.0    0.982     4
Total extinctions: 0
Generation time: 1525.145 sec (1719.298 average)
Saving checkpoint to neat-checkpoint-34
Average mean fitness over last 5 generations: -66.12203087740818
Average min fitness over last 5 generations: -1078.3809708623996
0 6.308889640662558 6.308889640662558

 ****** Running generation 35 ****** 

network creation time 0.04360628128051758
Evaluating 1000 test episodes
final fitness compute time 1556.4707872867584

Population's average fitness: -67.66757 stdev: 249.80710
Best fitness: -0.00055 - size: (4, 36) - species 3 - id 10430
Average adjusted fitness: 0.940
Mean genetic distance 2.880, standard deviation 0.476
Population of 699 members in 8 species:
   ID   age  size  fitness  adj fit  stag
  ====  ===  ====  =======  =======  ====
     1   35    95     -0.0    0.948     5
     2   35   100     -0.0    0.949     5
     3   35    99     -0.0    0.957     5
     4   35   101     -0.0    0.930     5
     5   32   101     -0.0    0.921     5
     6   25    64     -0.0    0.932     5
     7   14   100     -0.0    0.941     5
     8    0    39       --       --     0
Total extinctions: 0
Generation time: 1563.646 sec (1724.701 average)
Saving checkpoint to neat-checkpoint-35

 ****** Running generation 36 ****** 

network creation time 0.04410386085510254
Evaluating 1000 test episodes
final fitness compute time 1567.740782737732

Population's average fitness: -86.76268 stdev: 278.49834
Best fitness: -0.00055 - size: (4, 36) - species 3 - id 10430
Average adjusted fitness: 0.924
Mean genetic distance 2.860, standard deviation 0.472
Population of 699 members in 8 species:
   ID   age  size  fitness  adj fit  stag
  ====  ===  ====  =======  =======  ====
     1   36    94     -0.0    0.860     6
     2   36    93     -0.0    0.955     6
     3   36    93     -0.0    0.923     6
     4   36    86     -0.0    0.903     6
     5   33    92     -0.0    0.928     6
     6   26    18     -0.0    0.929     6
     7   15    94     -0.0    0.941     6
     8    1   129     -0.0    0.951     0
Total extinctions: 0
Generation time: 1574.880 sec (1726.653 average)
Saving checkpoint to neat-checkpoint-36

 ****** Running generation 37 ****** 

network creation time 0.05262422561645508
Evaluating 1000 test episodes
final fitness compute time 1520.8206112384796

Population's average fitness: -71.37563 stdev: 254.94474
Best fitness: -0.00055 - size: (4, 36) - species 3 - id 10430
Average adjusted fitness: 0.943
Mean genetic distance 2.863, standard deviation 0.479
Population of 699 members in 8 species:
   ID   age  size  fitness  adj fit  stag
  ====  ===  ====  =======  =======  ====
     1   37    85     -0.0    0.928     7
     2   37    89     -0.0    0.944     7
     3   37    89     -0.0    0.937     7
     4   37    94     -0.0    0.939     7
     5   34    95     -0.0    0.933     7
     6   27    53     -0.0    1.000     7
     7   16    90     -0.0    0.912     7
     8    2   104     -0.0    0.951     1
Total extinctions: 0
Generation time: 1528.116 sec (1718.957 average)
Saving checkpoint to neat-checkpoint-37

 ****** Running generation 38 ****** 

network creation time 0.05131363868713379
Evaluating 1000 test episodes
final fitness compute time 1496.8366632461548

Population's average fitness: -54.68598 stdev: 222.51354
Best fitness: -0.00055 - size: (4, 36) - species 3 - id 10430
Average adjusted fitness: 0.947
Mean genetic distance 2.872, standard deviation 0.473
Population of 698 members in 8 species:
   ID   age  size  fitness  adj fit  stag
  ====  ===  ====  =======  =======  ====
     1   38    78     -0.0    0.859     8
     2   38    93     -0.0    0.979     8
     3   38    87     -0.0    0.924     8
     4   38    85     -0.0    0.970     8
     5   35    91     -0.0    0.941     8
     6   28    70     -0.0    0.951     8
     7   17    90     -0.0    0.969     8
     8    3   104     -0.0    0.983     2
Total extinctions: 0
Generation time: 1503.913 sec (1712.393 average)
Saving checkpoint to neat-checkpoint-38

 ****** Running generation 39 ****** 

network creation time 0.04586291313171387
Evaluating 1000 test episodes

ODE Message 3: LCP internal error, s <= 0 (s=-0.0000e+00)

ODE Message 3: LCP internal error, s <= 0 (s=-0.0000e+00)

ODE Message 3: LCP internal error, s <= 0 (s=0.0000e+00)

ODE Message 3: LCP internal error, s <= 0 (s=-0.0000e+00)

ODE Message 3: LCP internal error, s <= 0 (s=-0.0000e+00)

ODE Message 3: LCP internal error, s <= 0 (s=0.0000e+00)

ODE Message 3: LCP internal error, s <= 0 (s=0.0000e+00)

ODE Message 3: LCP internal error, s <= 0 (s=0.0000e+00)

ODE Message 3: LCP internal error, s <= 0 (s=-0.0000e+00)

ODE Message 3: LCP internal error, s <= 0 (s=-0.0000e+00)

ODE Message 3: LCP internal error, s <= 0 (s=0.0000e+00)

ODE Message 3: LCP internal error, s <= 0 (s=0.0000e+00)

ODE Message 3: LCP internal error, s <= 0 (s=0.0000e+00)

ODE Message 3: LCP internal error, s <= 0 (s=-0.0000e+00)

ODE Message 3: LCP internal error, s <= 0 (s=0.0000e+00)

ODE Message 3: LCP internal error, s <= 0 (s=-0.0000e+00)

ODE Message 3: LCP internal error, s <= 0 (s=0.0000e+00)

ODE Message 3: LCP internal error, s <= 0 (s=0.0000e+00)

ODE Message 3: LCP internal error, s <= 0 (s=-0.0000e+00)

ODE Message 3: LCP internal error, s <= 0 (s=-0.0000e+00)

ODE Message 3: LCP internal error, s <= 0 (s=0.0000e+00)

ODE Message 3: LCP internal error, s <= 0 (s=0.0000e+00)

ODE Message 3: LCP internal error, s <= 0 (s=0.0000e+00)

ODE Message 3: LCP internal error, s <= 0 (s=0.0000e+00)

ODE Message 3: LCP internal error, s <= 0 (s=0.0000e+00)

ODE Message 3: LCP internal error, s <= 0 (s=0.0000e+00)

ODE Message 3: LCP internal error, s <= 0 (s=-0.0000e+00)

ODE Message 3: LCP internal error, s <= 0 (s=0.0000e+00)

ODE Message 3: LCP internal error, s <= 0 (s=0.0000e+00)

ODE Message 3: LCP internal error, s <= 0 (s=0.0000e+00)

ODE Message 3: LCP internal error, s <= 0 (s=0.0000e+00)

ODE Message 3: LCP internal error, s <= 0 (s=0.0000e+00)

ODE Message 3: LCP internal error, s <= 0 (s=0.0000e+00)

ODE Message 3: LCP internal error, s <= 0 (s=0.0000e+00)

ODE Message 3: LCP internal error, s <= 0 (s=0.0000e+00)

ODE Message 3: LCP internal error, s <= 0 (s=0.0000e+00)

ODE Message 3: LCP internal error, s <= 0 (s=-0.0000e+00)

ODE Message 3: LCP internal error, s <= 0 (s=0.0000e+00)

ODE Message 3: LCP internal error, s <= 0 (s=0.0000e+00)

ODE Message 3: LCP internal error, s <= 0 (s=0.0000e+00)

ODE Message 3: LCP internal error, s <= 0 (s=0.0000e+00)

ODE Message 3: LCP internal error, s <= 0 (s=0.0000e+00)

ODE Message 3: LCP internal error, s <= 0 (s=0.0000e+00)

ODE Message 3: LCP internal error, s <= 0 (s=-0.0000e+00)

ODE Message 3: LCP internal error, s <= 0 (s=0.0000e+00)

ODE Message 3: LCP internal error, s <= 0 (s=0.0000e+00)

ODE Message 3: LCP internal error, s <= 0 (s=-0.0000e+00)

ODE Message 3: LCP internal error, s <= 0 (s=-0.0000e+00)

ODE Message 3: LCP internal error, s <= 0 (s=0.0000e+00)

ODE Message 3: LCP internal error, s <= 0 (s=-0.0000e+00)

ODE Message 3: LCP internal error, s <= 0 (s=-0.0000e+00)

ODE Message 3: LCP internal error, s <= 0 (s=-0.0000e+00)

ODE Message 3: LCP internal error, s <= 0 (s=0.0000e+00)

ODE Message 3: LCP internal error, s <= 0 (s=0.0000e+00)

ODE Message 3: LCP internal error, s <= 0 (s=0.0000e+00)

ODE Message 3: LCP internal error, s <= 0 (s=0.0000e+00)

ODE Message 3: LCP internal error, s <= 0 (s=-0.0000e+00)

ODE Message 3: LCP internal error, s <= 0 (s=0.0000e+00)

ODE Message 3: LCP internal error, s <= 0 (s=0.0000e+00)

ODE Message 3: LCP internal error, s <= 0 (s=-0.0000e+00)

ODE Message 3: LCP internal error, s <= 0 (s=-0.0000e+00)

ODE Message 3: LCP internal error, s <= 0 (s=-0.0000e+00)

ODE Message 3: LCP internal error, s <= 0 (s=0.0000e+00)

ODE Message 3: LCP internal error, s <= 0 (s=0.0000e+00)

ODE Message 3: LCP internal error, s <= 0 (s=0.0000e+00)

ODE Message 3: LCP internal error, s <= 0 (s=0.0000e+00)

ODE Message 3: LCP internal error, s <= 0 (s=-0.0000e+00)

ODE Message 3: LCP internal error, s <= 0 (s=0.0000e+00)

ODE Message 3: LCP internal error, s <= 0 (s=0.0000e+00)

ODE Message 3: LCP internal error, s <= 0 (s=-0.0000e+00)

ODE Message 3: LCP internal error, s <= 0 (s=-0.0000e+00)

ODE Message 3: LCP internal error, s <= 0 (s=0.0000e+00)

ODE Message 3: LCP internal error, s <= 0 (s=0.0000e+00)

ODE Message 3: LCP internal error, s <= 0 (s=0.0000e+00)

ODE Message 3: LCP internal error, s <= 0 (s=0.0000e+00)

ODE Message 3: LCP internal error, s <= 0 (s=-0.0000e+00)

ODE Message 3: LCP internal error, s <= 0 (s=-0.0000e+00)

ODE Message 3: LCP internal error, s <= 0 (s=-0.0000e+00)

ODE Message 3: LCP internal error, s <= 0 (s=0.0000e+00)

ODE Message 3: LCP internal error, s <= 0 (s=0.0000e+00)

ODE Message 3: LCP internal error, s <= 0 (s=-0.0000e+00)

ODE Message 3: LCP internal error, s <= 0 (s=-0.0000e+00)

ODE Message 3: LCP internal error, s <= 0 (s=0.0000e+00)

ODE Message 3: LCP internal error, s <= 0 (s=-0.0000e+00)

ODE Message 3: LCP internal error, s <= 0 (s=0.0000e+00)

ODE Message 3: LCP internal error, s <= 0 (s=-0.0000e+00)

ODE Message 3: LCP internal error, s <= 0 (s=0.0000e+00)

ODE Message 3: LCP internal error, s <= 0 (s=0.0000e+00)

ODE Message 3: LCP internal error, s <= 0 (s=-0.0000e+00)

ODE Message 3: LCP internal error, s <= 0 (s=-0.0000e+00)

ODE Message 3: LCP internal error, s <= 0 (s=-0.0000e+00)

ODE Message 3: LCP internal error, s <= 0 (s=-0.0000e+00)

ODE Message 3: LCP internal error, s <= 0 (s=-0.0000e+00)

ODE Message 3: LCP internal error, s <= 0 (s=-0.0000e+00)

ODE Message 3: LCP internal error, s <= 0 (s=-0.0000e+00)

ODE Message 3: LCP internal error, s <= 0 (s=0.0000e+00)

ODE Message 3: LCP internal error, s <= 0 (s=0.0000e+00)

ODE Message 3: LCP internal error, s <= 0 (s=-0.0000e+00)

ODE Message 3: LCP internal error, s <= 0 (s=-0.0000e+00)

ODE Message 3: LCP internal error, s <= 0 (s=-0.0000e+00)

ODE Message 3: LCP internal error, s <= 0 (s=0.0000e+00)

ODE Message 3: LCP internal error, s <= 0 (s=0.0000e+00)

ODE Message 3: LCP internal error, s <= 0 (s=0.0000e+00)

ODE Message 3: LCP internal error, s <= 0 (s=0.0000e+00)

ODE Message 3: LCP internal error, s <= 0 (s=0.0000e+00)

ODE Message 3: LCP internal error, s <= 0 (s=-0.0000e+00)

ODE Message 3: LCP internal error, s <= 0 (s=0.0000e+00)

ODE Message 3: LCP internal error, s <= 0 (s=-0.0000e+00)

ODE Message 3: LCP internal error, s <= 0 (s=0.0000e+00)

ODE Message 3: LCP internal error, s <= 0 (s=-0.0000e+00)

ODE Message 3: LCP internal error, s <= 0 (s=-0.0000e+00)

ODE Message 3: LCP internal error, s <= 0 (s=-0.0000e+00)

ODE Message 3: LCP internal error, s <= 0 (s=0.0000e+00)

ODE Message 3: LCP internal error, s <= 0 (s=-0.0000e+00)

ODE Message 3: LCP internal error, s <= 0 (s=0.0000e+00)

ODE Message 3: LCP internal error, s <= 0 (s=-0.0000e+00)

ODE Message 3: LCP internal error, s <= 0 (s=-0.0000e+00)

ODE Message 3: LCP internal error, s <= 0 (s=0.0000e+00)

ODE Message 3: LCP internal error, s <= 0 (s=-0.0000e+00)

ODE Message 3: LCP internal error, s <= 0 (s=-0.0000e+00)

ODE Message 3: LCP internal error, s <= 0 (s=-0.0000e+00)

ODE Message 3: LCP internal error, s <= 0 (s=0.0000e+00)

ODE Message 3: LCP internal error, s <= 0 (s=0.0000e+00)

ODE Message 3: LCP internal error, s <= 0 (s=-0.0000e+00)

ODE Message 3: LCP internal error, s <= 0 (s=0.0000e+00)

ODE Message 3: LCP internal error, s <= 0 (s=0.0000e+00)

ODE Message 3: LCP internal error, s <= 0 (s=-0.0000e+00)

ODE Message 3: LCP internal error, s <= 0 (s=0.0000e+00)

ODE Message 3: LCP internal error, s <= 0 (s=-0.0000e+00)

ODE Message 3: LCP internal error, s <= 0 (s=0.0000e+00)

ODE Message 3: LCP internal error, s <= 0 (s=-0.0000e+00)

ODE Message 3: LCP internal error, s <= 0 (s=0.0000e+00)

ODE Message 3: LCP internal error, s <= 0 (s=-0.0000e+00)

ODE Message 3: LCP internal error, s <= 0 (s=0.0000e+00)

ODE Message 3: LCP internal error, s <= 0 (s=0.0000e+00)

ODE Message 3: LCP internal error, s <= 0 (s=-0.0000e+00)

ODE Message 3: LCP internal error, s <= 0 (s=-0.0000e+00)

ODE Message 3: LCP internal error, s <= 0 (s=-0.0000e+00)

ODE Message 3: LCP internal error, s <= 0 (s=0.0000e+00)

ODE Message 3: LCP internal error, s <= 0 (s=0.0000e+00)

ODE Message 3: LCP internal error, s <= 0 (s=-0.0000e+00)

ODE Message 3: LCP internal error, s <= 0 (s=0.0000e+00)

ODE Message 3: LCP internal error, s <= 0 (s=-0.0000e+00)

ODE Message 3: LCP internal error, s <= 0 (s=-0.0000e+00)

ODE Message 3: LCP internal error, s <= 0 (s=0.0000e+00)

ODE Message 3: LCP internal error, s <= 0 (s=-0.0000e+00)

ODE Message 3: LCP internal error, s <= 0 (s=-0.0000e+00)

ODE Message 3: LCP internal error, s <= 0 (s=0.0000e+00)

ODE Message 3: LCP internal error, s <= 0 (s=0.0000e+00)

ODE Message 3: LCP internal error, s <= 0 (s=-0.0000e+00)

ODE Message 3: LCP internal error, s <= 0 (s=0.0000e+00)

ODE Message 3: LCP internal error, s <= 0 (s=-0.0000e+00)

ODE Message 3: LCP internal error, s <= 0 (s=0.0000e+00)

ODE Message 3: LCP internal error, s <= 0 (s=0.0000e+00)

ODE Message 3: LCP internal error, s <= 0 (s=-0.0000e+00)

ODE Message 3: LCP internal error, s <= 0 (s=-0.0000e+00)

ODE Message 3: LCP internal error, s <= 0 (s=0.0000e+00)

ODE Message 3: LCP internal error, s <= 0 (s=-0.0000e+00)

ODE Message 3: LCP internal error, s <= 0 (s=-0.0000e+00)

ODE Message 3: LCP internal error, s <= 0 (s=-0.0000e+00)

ODE Message 3: LCP internal error, s <= 0 (s=0.0000e+00)

ODE Message 3: LCP internal error, s <= 0 (s=0.0000e+00)

ODE Message 3: LCP internal error, s <= 0 (s=-0.0000e+00)

ODE Message 3: LCP internal error, s <= 0 (s=-0.0000e+00)

ODE Message 3: LCP internal error, s <= 0 (s=-0.0000e+00)

ODE Message 3: LCP internal error, s <= 0 (s=-0.0000e+00)

ODE Message 3: LCP internal error, s <= 0 (s=-0.0000e+00)

ODE Message 3: LCP internal error, s <= 0 (s=0.0000e+00)

ODE Message 3: LCP internal error, s <= 0 (s=-0.0000e+00)

ODE Message 3: LCP internal error, s <= 0 (s=0.0000e+00)

ODE Message 3: LCP internal error, s <= 0 (s=-0.0000e+00)

ODE Message 3: LCP internal error, s <= 0 (s=0.0000e+00)

ODE Message 3: LCP internal error, s <= 0 (s=-0.0000e+00)

ODE Message 3: LCP internal error, s <= 0 (s=-0.0000e+00)

ODE Message 3: LCP internal error, s <= 0 (s=-0.0000e+00)

ODE Message 3: LCP internal error, s <= 0 (s=-0.0000e+00)

ODE Message 3: LCP internal error, s <= 0 (s=0.0000e+00)

ODE Message 3: LCP internal error, s <= 0 (s=0.0000e+00)

ODE Message 3: LCP internal error, s <= 0 (s=0.0000e+00)

ODE Message 3: LCP internal error, s <= 0 (s=-0.0000e+00)

ODE Message 3: LCP internal error, s <= 0 (s=-0.0000e+00)

ODE Message 3: LCP internal error, s <= 0 (s=0.0000e+00)

ODE Message 3: LCP internal error, s <= 0 (s=0.0000e+00)

ODE Message 3: LCP internal error, s <= 0 (s=0.0000e+00)

ODE Message 3: LCP internal error, s <= 0 (s=-0.0000e+00)

ODE Message 3: LCP internal error, s <= 0 (s=0.0000e+00)

ODE Message 3: LCP internal error, s <= 0 (s=0.0000e+00)

ODE Message 3: LCP internal error, s <= 0 (s=-0.0000e+00)

ODE Message 3: LCP internal error, s <= 0 (s=0.0000e+00)

ODE Message 3: LCP internal error, s <= 0 (s=-0.0000e+00)

ODE Message 3: LCP internal error, s <= 0 (s=0.0000e+00)

ODE Message 3: LCP internal error, s <= 0 (s=0.0000e+00)

ODE Message 3: LCP internal error, s <= 0 (s=0.0000e+00)

ODE Message 3: LCP internal error, s <= 0 (s=0.0000e+00)

ODE Message 3: LCP internal error, s <= 0 (s=-0.0000e+00)

ODE Message 3: LCP internal error, s <= 0 (s=0.0000e+00)

ODE Message 3: LCP internal error, s <= 0 (s=0.0000e+00)

ODE Message 3: LCP internal error, s <= 0 (s=-0.0000e+00)

ODE Message 3: LCP internal error, s <= 0 (s=-0.0000e+00)

ODE Message 3: LCP internal error, s <= 0 (s=-0.0000e+00)

ODE Message 3: LCP internal error, s <= 0 (s=0.0000e+00)

ODE Message 3: LCP internal error, s <= 0 (s=0.0000e+00)

ODE Message 3: LCP internal error, s <= 0 (s=-0.0000e+00)

ODE Message 3: LCP internal error, s <= 0 (s=-0.0000e+00)

ODE Message 3: LCP internal error, s <= 0 (s=-0.0000e+00)

ODE Message 3: LCP internal error, s <= 0 (s=0.0000e+00)

ODE Message 3: LCP internal error, s <= 0 (s=-0.0000e+00)

ODE Message 3: LCP internal error, s <= 0 (s=-0.0000e+00)

ODE Message 3: LCP internal error, s <= 0 (s=-0.0000e+00)

ODE Message 3: LCP internal error, s <= 0 (s=0.0000e+00)

ODE Message 3: LCP internal error, s <= 0 (s=-0.0000e+00)

ODE Message 3: LCP internal error, s <= 0 (s=-0.0000e+00)

ODE Message 3: LCP internal error, s <= 0 (s=-0.0000e+00)

ODE Message 3: LCP internal error, s <= 0 (s=-0.0000e+00)

ODE Message 3: LCP internal error, s <= 0 (s=-0.0000e+00)

ODE Message 3: LCP internal error, s <= 0 (s=0.0000e+00)

ODE Message 3: LCP internal error, s <= 0 (s=-0.0000e+00)

ODE Message 3: LCP internal error, s <= 0 (s=0.0000e+00)

ODE Message 3: LCP internal error, s <= 0 (s=0.0000e+00)

ODE Message 3: LCP internal error, s <= 0 (s=0.0000e+00)

ODE Message 3: LCP internal error, s <= 0 (s=0.0000e+00)

ODE Message 3: LCP internal error, s <= 0 (s=-0.0000e+00)

ODE Message 3: LCP internal error, s <= 0 (s=0.0000e+00)

ODE Message 3: LCP internal error, s <= 0 (s=0.0000e+00)

ODE Message 3: LCP internal error, s <= 0 (s=0.0000e+00)

ODE Message 3: LCP internal error, s <= 0 (s=0.0000e+00)

ODE Message 3: LCP internal error, s <= 0 (s=-0.0000e+00)

ODE Message 3: LCP internal error, s <= 0 (s=0.0000e+00)

ODE Message 3: LCP internal error, s <= 0 (s=0.0000e+00)

ODE Message 3: LCP internal error, s <= 0 (s=-0.0000e+00)

ODE Message 3: LCP internal error, s <= 0 (s=0.0000e+00)

ODE Message 3: LCP internal error, s <= 0 (s=-0.0000e+00)

ODE Message 3: LCP internal error, s <= 0 (s=0.0000e+00)

ODE Message 3: LCP internal error, s <= 0 (s=0.0000e+00)

ODE Message 3: LCP internal error, s <= 0 (s=-0.0000e+00)

ODE Message 3: LCP internal error, s <= 0 (s=-0.0000e+00)

ODE Message 3: LCP internal error, s <= 0 (s=-0.0000e+00)

ODE Message 3: LCP internal error, s <= 0 (s=-0.0000e+00)

ODE Message 3: LCP internal error, s <= 0 (s=0.0000e+00)

ODE Message 3: LCP internal error, s <= 0 (s=0.0000e+00)

ODE Message 3: LCP internal error, s <= 0 (s=-0.0000e+00)

ODE Message 3: LCP internal error, s <= 0 (s=-0.0000e+00)

ODE Message 3: LCP internal error, s <= 0 (s=-0.0000e+00)

ODE Message 3: LCP internal error, s <= 0 (s=-0.0000e+00)

ODE Message 3: LCP internal error, s <= 0 (s=0.0000e+00)

ODE Message 3: LCP internal error, s <= 0 (s=0.0000e+00)

ODE Message 3: LCP internal error, s <= 0 (s=0.0000e+00)

ODE Message 3: LCP internal error, s <= 0 (s=-0.0000e+00)

ODE Message 3: LCP internal error, s <= 0 (s=0.0000e+00)

ODE Message 3: LCP internal error, s <= 0 (s=0.0000e+00)

ODE Message 3: LCP internal error, s <= 0 (s=-0.0000e+00)

ODE Message 3: LCP internal error, s <= 0 (s=0.0000e+00)

ODE Message 3: LCP internal error, s <= 0 (s=-0.0000e+00)

ODE Message 3: LCP internal error, s <= 0 (s=0.0000e+00)

ODE Message 3: LCP internal error, s <= 0 (s=-0.0000e+00)

ODE Message 3: LCP internal error, s <= 0 (s=-0.0000e+00)

ODE Message 3: LCP internal error, s <= 0 (s=-0.0000e+00)

ODE Message 3: LCP internal error, s <= 0 (s=-0.0000e+00)

ODE Message 3: LCP internal error, s <= 0 (s=0.0000e+00)

ODE Message 3: LCP internal error, s <= 0 (s=-0.0000e+00)

ODE Message 3: LCP internal error, s <= 0 (s=0.0000e+00)

ODE Message 3: LCP internal error, s <= 0 (s=0.0000e+00)

ODE Message 3: LCP internal error, s <= 0 (s=0.0000e+00)

ODE Message 3: LCP internal error, s <= 0 (s=0.0000e+00)

ODE Message 3: LCP internal error, s <= 0 (s=0.0000e+00)

ODE Message 3: LCP internal error, s <= 0 (s=-0.0000e+00)

ODE Message 3: LCP internal error, s <= 0 (s=0.0000e+00)

ODE Message 3: LCP internal error, s <= 0 (s=0.0000e+00)

ODE Message 3: LCP internal error, s <= 0 (s=-0.0000e+00)

ODE Message 3: LCP internal error, s <= 0 (s=-0.0000e+00)

ODE Message 3: LCP internal error, s <= 0 (s=-0.0000e+00)

ODE Message 3: LCP internal error, s <= 0 (s=-0.0000e+00)

ODE Message 3: LCP internal error, s <= 0 (s=-0.0000e+00)

ODE Message 3: LCP internal error, s <= 0 (s=-0.0000e+00)

ODE Message 3: LCP internal error, s <= 0 (s=-1.6798e-10)

ODE Message 3: LCP internal error, s <= 0 (s=0.0000e+00)

ODE Message 3: LCP internal error, s <= 0 (s=0.0000e+00)

ODE Message 3: LCP internal error, s <= 0 (s=-0.0000e+00)

ODE Message 3: LCP internal error, s <= 0 (s=0.0000e+00)

ODE Message 3: LCP internal error, s <= 0 (s=-0.0000e+00)

ODE Message 3: LCP internal error, s <= 0 (s=0.0000e+00)

ODE Message 3: LCP internal error, s <= 0 (s=0.0000e+00)

ODE Message 3: LCP internal error, s <= 0 (s=-0.0000e+00)

ODE Message 3: LCP internal error, s <= 0 (s=-0.0000e+00)

ODE Message 3: LCP internal error, s <= 0 (s=0.0000e+00)

ODE Message 3: LCP internal error, s <= 0 (s=-0.0000e+00)

ODE Message 3: LCP internal error, s <= 0 (s=0.0000e+00)

ODE Message 3: LCP internal error, s <= 0 (s=0.0000e+00)

ODE Message 3: LCP internal error, s <= 0 (s=-0.0000e+00)

ODE Message 3: LCP internal error, s <= 0 (s=-0.0000e+00)

ODE Message 3: LCP internal error, s <= 0 (s=-1.3724e-09)

ODE Message 3: LCP internal error, s <= 0 (s=-0.0000e+00)

ODE Message 3: LCP internal error, s <= 0 (s=0.0000e+00)

ODE Message 3: LCP internal error, s <= 0 (s=-0.0000e+00)

ODE Message 3: LCP internal error, s <= 0 (s=0.0000e+00)

ODE Message 3: LCP internal error, s <= 0 (s=-0.0000e+00)

ODE Message 3: LCP internal error, s <= 0 (s=-0.0000e+00)

ODE Message 3: LCP internal error, s <= 0 (s=-0.0000e+00)

ODE Message 3: LCP internal error, s <= 0 (s=0.0000e+00)

ODE Message 3: LCP internal error, s <= 0 (s=0.0000e+00)

ODE Message 3: LCP internal error, s <= 0 (s=0.0000e+00)

ODE Message 3: LCP internal error, s <= 0 (s=-0.0000e+00)

ODE Message 3: LCP internal error, s <= 0 (s=0.0000e+00)

ODE Message 3: LCP internal error, s <= 0 (s=-0.0000e+00)

ODE Message 3: LCP internal error, s <= 0 (s=0.0000e+00)

ODE Message 3: LCP internal error, s <= 0 (s=0.0000e+00)

ODE Message 3: LCP internal error, s <= 0 (s=-0.0000e+00)

ODE Message 3: LCP internal error, s <= 0 (s=-0.0000e+00)

ODE Message 3: LCP internal error, s <= 0 (s=-0.0000e+00)

ODE Message 3: LCP internal error, s <= 0 (s=-0.0000e+00)

ODE Message 3: LCP internal error, s <= 0 (s=-0.0000e+00)

ODE Message 3: LCP internal error, s <= 0 (s=-0.0000e+00)

ODE Message 3: LCP internal error, s <= 0 (s=-0.0000e+00)

ODE Message 3: LCP internal error, s <= 0 (s=0.0000e+00)

ODE Message 3: LCP internal error, s <= 0 (s=-0.0000e+00)

ODE Message 3: LCP internal error, s <= 0 (s=0.0000e+00)

ODE Message 3: LCP internal error, s <= 0 (s=0.0000e+00)

ODE Message 3: LCP internal error, s <= 0 (s=0.0000e+00)

ODE Message 3: LCP internal error, s <= 0 (s=0.0000e+00)

ODE Message 3: LCP internal error, s <= 0 (s=-0.0000e+00)

ODE Message 3: LCP internal error, s <= 0 (s=-0.0000e+00)

ODE Message 3: LCP internal error, s <= 0 (s=-0.0000e+00)

ODE Message 3: LCP internal error, s <= 0 (s=0.0000e+00)

ODE Message 3: LCP internal error, s <= 0 (s=0.0000e+00)

ODE Message 3: LCP internal error, s <= 0 (s=-0.0000e+00)

ODE Message 3: LCP internal error, s <= 0 (s=-0.0000e+00)

ODE Message 3: LCP internal error, s <= 0 (s=-0.0000e+00)

ODE Message 3: LCP internal error, s <= 0 (s=0.0000e+00)

ODE Message 3: LCP internal error, s <= 0 (s=0.0000e+00)

ODE Message 3: LCP internal error, s <= 0 (s=0.0000e+00)

ODE Message 3: LCP internal error, s <= 0 (s=0.0000e+00)

ODE Message 3: LCP internal error, s <= 0 (s=-0.0000e+00)

ODE Message 3: LCP internal error, s <= 0 (s=0.0000e+00)

ODE Message 3: LCP internal error, s <= 0 (s=-0.0000e+00)

ODE Message 3: LCP internal error, s <= 0 (s=-0.0000e+00)

ODE Message 3: LCP internal error, s <= 0 (s=-0.0000e+00)

ODE Message 3: LCP internal error, s <= 0 (s=-0.0000e+00)

ODE Message 3: LCP internal error, s <= 0 (s=-0.0000e+00)

ODE Message 3: LCP internal error, s <= 0 (s=0.0000e+00)

ODE Message 3: LCP internal error, s <= 0 (s=-0.0000e+00)

ODE Message 3: LCP internal error, s <= 0 (s=0.0000e+00)

ODE Message 3: LCP internal error, s <= 0 (s=-0.0000e+00)

ODE Message 3: LCP internal error, s <= 0 (s=-0.0000e+00)

ODE Message 3: LCP internal error, s <= 0 (s=0.0000e+00)

ODE Message 3: LCP internal error, s <= 0 (s=0.0000e+00)

ODE Message 3: LCP internal error, s <= 0 (s=0.0000e+00)

ODE Message 3: LCP internal error, s <= 0 (s=-0.0000e+00)

ODE Message 3: LCP internal error, s <= 0 (s=-0.0000e+00)

ODE Message 3: LCP internal error, s <= 0 (s=-0.0000e+00)

ODE Message 3: LCP internal error, s <= 0 (s=-0.0000e+00)

ODE Message 3: LCP internal error, s <= 0 (s=0.0000e+00)

ODE Message 3: LCP internal error, s <= 0 (s=-0.0000e+00)

ODE Message 3: LCP internal error, s <= 0 (s=0.0000e+00)

ODE Message 3: LCP internal error, s <= 0 (s=0.0000e+00)

ODE Message 3: LCP internal error, s <= 0 (s=0.0000e+00)

ODE Message 3: LCP internal error, s <= 0 (s=-0.0000e+00)

ODE Message 3: LCP internal error, s <= 0 (s=-0.0000e+00)

ODE Message 3: LCP internal error, s <= 0 (s=0.0000e+00)

ODE Message 3: LCP internal error, s <= 0 (s=0.0000e+00)

ODE Message 3: LCP internal error, s <= 0 (s=-0.0000e+00)

ODE Message 3: LCP internal error, s <= 0 (s=-0.0000e+00)

ODE Message 3: LCP internal error, s <= 0 (s=-0.0000e+00)

ODE Message 3: LCP internal error, s <= 0 (s=-0.0000e+00)

ODE Message 3: LCP internal error, s <= 0 (s=0.0000e+00)

ODE Message 3: LCP internal error, s <= 0 (s=0.0000e+00)

ODE Message 3: LCP internal error, s <= 0 (s=0.0000e+00)

ODE Message 3: LCP internal error, s <= 0 (s=-0.0000e+00)

ODE Message 3: LCP internal error, s <= 0 (s=0.0000e+00)

ODE Message 3: LCP internal error, s <= 0 (s=-0.0000e+00)

ODE Message 3: LCP internal error, s <= 0 (s=-0.0000e+00)

ODE Message 3: LCP internal error, s <= 0 (s=-0.0000e+00)

ODE Message 3: LCP internal error, s <= 0 (s=0.0000e+00)

ODE Message 3: LCP internal error, s <= 0 (s=-0.0000e+00)

ODE Message 3: LCP internal error, s <= 0 (s=-0.0000e+00)

ODE Message 3: LCP internal error, s <= 0 (s=-0.0000e+00)

ODE Message 3: LCP internal error, s <= 0 (s=0.0000e+00)

ODE Message 3: LCP internal error, s <= 0 (s=-0.0000e+00)

ODE Message 3: LCP internal error, s <= 0 (s=-0.0000e+00)

ODE Message 3: LCP internal error, s <= 0 (s=-0.0000e+00)

ODE Message 3: LCP internal error, s <= 0 (s=0.0000e+00)

ODE Message 3: LCP internal error, s <= 0 (s=-0.0000e+00)

ODE Message 3: LCP internal error, s <= 0 (s=0.0000e+00)

ODE Message 3: LCP internal error, s <= 0 (s=0.0000e+00)

ODE Message 3: LCP internal error, s <= 0 (s=0.0000e+00)

ODE Message 3: LCP internal error, s <= 0 (s=-0.0000e+00)

ODE Message 3: LCP internal error, s <= 0 (s=0.0000e+00)

ODE Message 3: LCP internal error, s <= 0 (s=-0.0000e+00)

ODE Message 3: LCP internal error, s <= 0 (s=0.0000e+00)

ODE Message 3: LCP internal error, s <= 0 (s=0.0000e+00)

ODE Message 3: LCP internal error, s <= 0 (s=0.0000e+00)

ODE Message 3: LCP internal error, s <= 0 (s=0.0000e+00)

ODE Message 3: LCP internal error, s <= 0 (s=0.0000e+00)

ODE Message 3: LCP internal error, s <= 0 (s=0.0000e+00)

ODE Message 3: LCP internal error, s <= 0 (s=0.0000e+00)

ODE Message 3: LCP internal error, s <= 0 (s=0.0000e+00)

ODE Message 3: LCP internal error, s <= 0 (s=0.0000e+00)

ODE Message 3: LCP internal error, s <= 0 (s=-0.0000e+00)

ODE Message 3: LCP internal error, s <= 0 (s=-0.0000e+00)

ODE Message 3: LCP internal error, s <= 0 (s=0.0000e+00)

ODE Message 3: LCP internal error, s <= 0 (s=-0.0000e+00)

ODE Message 3: LCP internal error, s <= 0 (s=-0.0000e+00)

ODE Message 3: LCP internal error, s <= 0 (s=0.0000e+00)

ODE Message 3: LCP internal error, s <= 0 (s=0.0000e+00)

ODE Message 3: LCP internal error, s <= 0 (s=-0.0000e+00)

ODE Message 3: LCP internal error, s <= 0 (s=0.0000e+00)

ODE Message 3: LCP internal error, s <= 0 (s=-0.0000e+00)

ODE Message 3: LCP internal error, s <= 0 (s=-0.0000e+00)

ODE Message 3: LCP internal error, s <= 0 (s=-0.0000e+00)

ODE Message 3: LCP internal error, s <= 0 (s=-0.0000e+00)

ODE Message 3: LCP internal error, s <= 0 (s=0.0000e+00)

ODE Message 3: LCP internal error, s <= 0 (s=-0.0000e+00)

ODE Message 3: LCP internal error, s <= 0 (s=0.0000e+00)

ODE Message 3: LCP internal error, s <= 0 (s=0.0000e+00)

ODE Message 3: LCP internal error, s <= 0 (s=-0.0000e+00)

ODE Message 3: LCP internal error, s <= 0 (s=0.0000e+00)

ODE Message 3: LCP internal error, s <= 0 (s=0.0000e+00)

ODE Message 3: LCP internal error, s <= 0 (s=-0.0000e+00)

ODE Message 3: LCP internal error, s <= 0 (s=0.0000e+00)

ODE Message 3: LCP internal error, s <= 0 (s=-0.0000e+00)

ODE Message 3: LCP internal error, s <= 0 (s=-0.0000e+00)

ODE Message 3: LCP internal error, s <= 0 (s=0.0000e+00)

ODE Message 3: LCP internal error, s <= 0 (s=-0.0000e+00)

ODE Message 3: LCP internal error, s <= 0 (s=-0.0000e+00)

ODE Message 3: LCP internal error, s <= 0 (s=0.0000e+00)

ODE Message 3: LCP internal error, s <= 0 (s=0.0000e+00)

ODE Message 3: LCP internal error, s <= 0 (s=0.0000e+00)

ODE Message 3: LCP internal error, s <= 0 (s=0.0000e+00)

ODE Message 3: LCP internal error, s <= 0 (s=0.0000e+00)

ODE Message 3: LCP internal error, s <= 0 (s=0.0000e+00)

ODE Message 3: LCP internal error, s <= 0 (s=-0.0000e+00)

ODE Message 3: LCP internal error, s <= 0 (s=0.0000e+00)

ODE Message 3: LCP internal error, s <= 0 (s=0.0000e+00)

ODE Message 3: LCP internal error, s <= 0 (s=-0.0000e+00)

ODE Message 3: LCP internal error, s <= 0 (s=-0.0000e+00)

ODE Message 3: LCP internal error, s <= 0 (s=-0.0000e+00)

ODE Message 3: LCP internal error, s <= 0 (s=0.0000e+00)

ODE Message 3: LCP internal error, s <= 0 (s=0.0000e+00)

ODE Message 3: LCP internal error, s <= 0 (s=0.0000e+00)

ODE Message 3: LCP internal error, s <= 0 (s=-0.0000e+00)

ODE Message 3: LCP internal error, s <= 0 (s=-0.0000e+00)

ODE Message 3: LCP internal error, s <= 0 (s=0.0000e+00)

ODE Message 3: LCP internal error, s <= 0 (s=0.0000e+00)

ODE Message 3: LCP internal error, s <= 0 (s=0.0000e+00)

ODE Message 3: LCP internal error, s <= 0 (s=-0.0000e+00)

ODE Message 3: LCP internal error, s <= 0 (s=-0.0000e+00)

ODE Message 3: LCP internal error, s <= 0 (s=-0.0000e+00)

ODE Message 3: LCP internal error, s <= 0 (s=-0.0000e+00)

ODE Message 3: LCP internal error, s <= 0 (s=0.0000e+00)

ODE Message 3: LCP internal error, s <= 0 (s=0.0000e+00)

ODE Message 3: LCP internal error, s <= 0 (s=-0.0000e+00)

ODE Message 3: LCP internal error, s <= 0 (s=0.0000e+00)

ODE Message 3: LCP internal error, s <= 0 (s=-0.0000e+00)

ODE Message 3: LCP internal error, s <= 0 (s=-0.0000e+00)

ODE Message 3: LCP internal error, s <= 0 (s=0.0000e+00)

ODE Message 3: LCP internal error, s <= 0 (s=-0.0000e+00)

ODE Message 3: LCP internal error, s <= 0 (s=0.0000e+00)

ODE Message 3: LCP internal error, s <= 0 (s=-0.0000e+00)

ODE Message 3: LCP internal error, s <= 0 (s=0.0000e+00)
final fitness compute time 1509.3014986515045

Population's average fitness: -59.46015 stdev: 232.39656
Best fitness: -0.00055 - size: (4, 36) - species 3 - id 10430
Average adjusted fitness: 0.947
Mean genetic distance 2.876, standard deviation 0.465
Population of 699 members in 8 species:
   ID   age  size  fitness  adj fit  stag
  ====  ===  ====  =======  =======  ====
     1   39    86     -0.0    0.945     9
     2   39    91     -0.0    0.973     9
     3   39    85     -0.0    0.904     9
     4   39    84     -0.0    0.971     9
     5   36    88     -0.0    0.941     9
     6   29    79     -0.0    0.951     9
     7   18    89     -0.0    0.942     9
     8    4    97     -0.0    0.948     3
Total extinctions: 0
Generation time: 1516.517 sec (1710.044 average)
Saving checkpoint to neat-checkpoint-39
Average mean fitness over last 5 generations: -67.99040259702838
Average min fitness over last 5 generations: -1108.3367391239042
0 0.00077712892508361 0.00077712892508361

 ****** Running generation 40 ****** 

network creation time 0.04230189323425293
Score range [-85.809, 82.749]
simulation run time 1789.2008979320526
Evaluating 999 test episodes
final fitness compute time 1568.9344248771667

Population's average fitness: -67.93960 stdev: 248.01302
Best fitness: -0.00056 - size: (4, 36) - species 3 - id 10430
Average adjusted fitness: 0.939
Mean genetic distance 2.876, standard deviation 0.456
Population of 699 members in 8 species:
   ID   age  size  fitness  adj fit  stag
  ====  ===  ====  =======  =======  ====
     1   40    86     -0.0    0.929    10
     2   40    88     -0.0    0.923    10
     3   40    85     -0.0    0.940    10
     4   40    77     -0.0    0.951    10
     5   37    89     -0.0    0.960    10
     6   30    88     -0.0    0.918    10
     7   19    89     -0.0    0.942    10
     8    5    97     -0.0    0.950     4
Total extinctions: 0
Generation time: 3365.342 sec (1714.932 average)
Saving checkpoint to neat-checkpoint-40

 ****** Running generation 41 ****** 

network creation time 0.04565262794494629
Evaluating 999 test episodes
final fitness compute time 1511.4833149909973

Population's average fitness: -69.07199 stdev: 249.19790
Best fitness: -0.00056 - size: (4, 36) - species 3 - id 10430
Average adjusted fitness: 0.936
Mean genetic distance 2.870, standard deviation 0.477
Population of 697 members in 8 species:
   ID   age  size  fitness  adj fit  stag
  ====  ===  ====  =======  =======  ====
     1   41    86     -0.0    0.948    11
     2   41    88     -0.0    0.970    11
     3   41    84     -0.0    0.898    11
     4   41    70     -0.0    0.909    11
     5   38    87     -0.0    0.900    11
     6   31    84     -0.0    0.941    11
     7   20    89     -0.0    0.950    11
     8    6   109     -0.0    0.971     5
Total extinctions: 0
Generation time: 1518.565 sec (1715.279 average)
Saving checkpoint to neat-checkpoint-41

 ****** Running generation 42 ****** 

network creation time 0.0518033504486084
Evaluating 999 test episodes
final fitness compute time 1552.026309967041

Population's average fitness: -76.82104 stdev: 262.75988
Best fitness: -0.00056 - size: (4, 36) - species 3 - id 10430
Average adjusted fitness: 0.928
Mean genetic distance 2.867, standard deviation 0.463
Population of 700 members in 8 species:
   ID   age  size  fitness  adj fit  stag
  ====  ===  ====  =======  =======  ====
     1   42    82     -0.0    0.820    12
     2   42    93     -0.0    0.980    12
     3   42    86     -0.0    0.927    12
     4   42    77     -0.0    0.927    12
     5   39    88     -0.0    0.926    12
     6   32    86     -0.0    0.955    12
     7   21    85     -0.0    0.930    12
     8    7   103     -0.0    0.960     6
Total extinctions: 0
Generation time: 1559.222 sec (1717.872 average)
Saving checkpoint to neat-checkpoint-42

 ****** Running generation 43 ****** 

network creation time 0.05307602882385254
Evaluating 999 test episodes
final fitness compute time 1561.4119942188263

Population's average fitness: -52.19223 stdev: 218.23227
Best fitness: -0.00056 - size: (4, 36) - species 3 - id 10430
Average adjusted fitness: 0.951
Mean genetic distance 2.858, standard deviation 0.459
Population of 700 members in 8 species:
   ID   age  size  fitness  adj fit  stag
  ====  ===  ====  =======  =======  ====
     1   43    82     -0.0    0.903    13
     2   43    92     -0.0    0.942    13
     3   43    87     -0.0    0.958    13
     4   43    83     -0.0    0.924    13
     5   40    90     -0.0    1.000    13
     6   33    87     -0.0    0.959    13
     7   22    85     -0.0    0.949    13
     8    8    94     -0.0    0.976     7
Total extinctions: 0
Generation time: 1568.458 sec (1722.380 average)
Saving checkpoint to neat-checkpoint-43

 ****** Running generation 44 ****** 

network creation time 0.05039644241333008
Evaluating 999 test episodes

ODE Message 3: LCP internal error, s <= 0 (s=-0.0000e+00)
final fitness compute time 1578.0372622013092

Population's average fitness: -56.96195 stdev: 228.69503
Best fitness: -0.00056 - size: (4, 36) - species 3 - id 10430
Average adjusted fitness: 0.947
Mean genetic distance 2.866, standard deviation 0.463
Population of 700 members in 8 species:
   ID   age  size  fitness  adj fit  stag
  ====  ===  ====  =======  =======  ====
     1   44    88     -0.0    0.904    14
     2   44    90     -0.0    0.930    14
     3   44    85     -0.0    0.959    14
     4   44    85     -0.0    0.925    14
     5   41    89     -0.0    0.949    14
     6   34    67     -0.0    0.970    14
     7   23    85     -0.0    0.956    14
     8    9   111     -0.0    0.980     8
Total extinctions: 0
Generation time: 1585.122 sec (1728.378 average)
Saving checkpoint to neat-checkpoint-44
Average mean fitness over last 5 generations: -64.59736226496446
Average min fitness over last 5 generations: -1098.7465974696545
0 -24.023037115547087 -24.023037115547087

 ****** Running generation 45 ****** 

network creation time 0.04468894004821777
Evaluating 999 test episodes
final fitness compute time 1600.2410159111023

Population's average fitness: -59.01487 stdev: 231.19693
Best fitness: -0.00056 - size: (4, 36) - species 3 - id 10430

Species 3 with 85 members is stagnated: removing it

Species 2 with 90 members is stagnated: removing it

Species 4 with 85 members is stagnated: removing it

Species 6 with 67 members is stagnated: removing it

Species 5 with 89 members is stagnated: removing it

Species 1 with 88 members is stagnated: removing it

Species 7 with 85 members is stagnated: removing it
Average adjusted fitness: 0.948
Mean genetic distance 2.146, standard deviation 0.336
Population of 700 members in 1 species:
   ID   age  size  fitness  adj fit  stag
  ====  ===  ====  =======  =======  ====
     8   10   700     -0.0    0.948     9
Total extinctions: 0
Generation time: 1607.333 sec (1732.747 average)
Saving checkpoint to neat-checkpoint-45

 ****** Running generation 46 ****** 

network creation time 0.04748988151550293
Evaluating 999 test episodes
final fitness compute time 1561.2946557998657

Population's average fitness: -31.80902 stdev: 172.76939
Best fitness: -0.00056 - size: (5, 35) - species 8 - id 18445
Average adjusted fitness: 0.971
Mean genetic distance 2.315, standard deviation 0.386
Population of 700 members in 2 species:
   ID   age  size  fitness  adj fit  stag
  ====  ===  ====  =======  =======  ====
     8   11   663     -0.0    0.971    10
     9    0    37       --       --     0
Total extinctions: 0
Generation time: 1568.313 sec (1732.090 average)
Saving checkpoint to neat-checkpoint-46

 ****** Running generation 47 ****** 

network creation time 0.05364990234375
Evaluating 999 test episodes
Process ForkPoolWorker-382:
Traceback (most recent call last):
  File "/usr/lib/python3.8/multiprocessing/pool.py", line 131, in worker
    put((job, i, result))
  File "/usr/lib/python3.8/multiprocessing/queues.py", line 368, in put
    self._writer.send_bytes(obj)
  File "/usr/lib/python3.8/multiprocessing/connection.py", line 200, in send_bytes
    self._send_bytes(m[offset:offset + size])
  File "/usr/lib/python3.8/multiprocessing/connection.py", line 404, in _send_bytes
    self._send(header)
  File "/usr/lib/python3.8/multiprocessing/connection.py", line 368, in _send
    n = write(self._handle, buf)
BrokenPipeError: [Errno 32] Broken pipe

During handling of the above exception, another exception occurred:

Traceback (most recent call last):
  File "/usr/lib/python3.8/multiprocessing/process.py", line 315, in _bootstrap
    self.run()
  File "/usr/lib/python3.8/multiprocessing/process.py", line 108, in run
    self._target(*self._args, **self._kwargs)
  File "/usr/lib/python3.8/multiprocessing/pool.py", line 136, in worker
    put((job, i, (False, wrapped)))
  File "/usr/lib/python3.8/multiprocessing/queues.py", line 368, in put
    self._writer.send_bytes(obj)
  File "/usr/lib/python3.8/multiprocessing/connection.py", line 200, in send_bytes
    self._send_bytes(m[offset:offset + size])
  File "/usr/lib/python3.8/multiprocessing/connection.py", line 404, in _send_bytes
    self._send(header)
  File "/usr/lib/python3.8/multiprocessing/connection.py", line 368, in _send
    n = write(self._handle, buf)
BrokenPipeError: [Errno 32] Broken pipe
Process ForkPoolWorker-378:
Traceback (most recent call last):
  File "/usr/lib/python3.8/multiprocessing/pool.py", line 131, in worker
    put((job, i, result))
  File "/usr/lib/python3.8/multiprocessing/queues.py", line 368, in put
    self._writer.send_bytes(obj)
  File "/usr/lib/python3.8/multiprocessing/connection.py", line 200, in send_bytes
    self._send_bytes(m[offset:offset + size])
  File "/usr/lib/python3.8/multiprocessing/connection.py", line 404, in _send_bytes
    self._send(header)
  File "/usr/lib/python3.8/multiprocessing/connection.py", line 368, in _send
    n = write(self._handle, buf)
BrokenPipeError: [Errno 32] Broken pipe

During handling of the above exception, another exception occurred:

Traceback (most recent call last):
  File "/usr/lib/python3.8/multiprocessing/process.py", line 315, in _bootstrap
    self.run()
  File "/usr/lib/python3.8/multiprocessing/process.py", line 108, in run
    self._target(*self._args, **self._kwargs)
  File "/usr/lib/python3.8/multiprocessing/pool.py", line 136, in worker
    put((job, i, (False, wrapped)))
  File "/usr/lib/python3.8/multiprocessing/queues.py", line 368, in put
    self._writer.send_bytes(obj)
  File "/usr/lib/python3.8/multiprocessing/connection.py", line 200, in send_bytes
    self._send_bytes(m[offset:offset + size])
  File "/usr/lib/python3.8/multiprocessing/connection.py", line 404, in _send_bytes
    self._send(header)
  File "/usr/lib/python3.8/multiprocessing/connection.py", line 368, in _send
    n = write(self._handle, buf)
BrokenPipeError: [Errno 32] Broken pipe
Process ForkPoolWorker-379:
Traceback (most recent call last):
  File "/usr/lib/python3.8/multiprocessing/pool.py", line 131, in worker
    put((job, i, result))
  File "/usr/lib/python3.8/multiprocessing/queues.py", line 368, in put
    self._writer.send_bytes(obj)
  File "/usr/lib/python3.8/multiprocessing/connection.py", line 200, in send_bytes
    self._send_bytes(m[offset:offset + size])
  File "/usr/lib/python3.8/multiprocessing/connection.py", line 404, in _send_bytes
    self._send(header)
  File "/usr/lib/python3.8/multiprocessing/connection.py", line 368, in _send
    n = write(self._handle, buf)
BrokenPipeError: [Errno 32] Broken pipe

During handling of the above exception, another exception occurred:

Traceback (most recent call last):
  File "/usr/lib/python3.8/multiprocessing/process.py", line 315, in _bootstrap
    self.run()
  File "/usr/lib/python3.8/multiprocessing/process.py", line 108, in run
    self._target(*self._args, **self._kwargs)
  File "/usr/lib/python3.8/multiprocessing/pool.py", line 136, in worker
    put((job, i, (False, wrapped)))
  File "/usr/lib/python3.8/multiprocessing/queues.py", line 368, in put
    self._writer.send_bytes(obj)
  File "/usr/lib/python3.8/multiprocessing/connection.py", line 200, in send_bytes
    self._send_bytes(m[offset:offset + size])
  File "/usr/lib/python3.8/multiprocessing/connection.py", line 404, in _send_bytes
    self._send(header)
  File "/usr/lib/python3.8/multiprocessing/connection.py", line 368, in _send
    n = write(self._handle, buf)
BrokenPipeError: [Errno 32] Broken pipe
Process ForkPoolWorker-381:
Traceback (most recent call last):
  File "/usr/lib/python3.8/multiprocessing/pool.py", line 131, in worker
    put((job, i, result))
  File "/usr/lib/python3.8/multiprocessing/queues.py", line 368, in put
    self._writer.send_bytes(obj)
  File "/usr/lib/python3.8/multiprocessing/connection.py", line 200, in send_bytes
    self._send_bytes(m[offset:offset + size])
  File "/usr/lib/python3.8/multiprocessing/connection.py", line 404, in _send_bytes
    self._send(header)
  File "/usr/lib/python3.8/multiprocessing/connection.py", line 368, in _send
    n = write(self._handle, buf)
BrokenPipeError: [Errno 32] Broken pipe

During handling of the above exception, another exception occurred:

Traceback (most recent call last):
  File "/usr/lib/python3.8/multiprocessing/process.py", line 315, in _bootstrap
    self.run()
  File "/usr/lib/python3.8/multiprocessing/process.py", line 108, in run
    self._target(*self._args, **self._kwargs)
  File "/usr/lib/python3.8/multiprocessing/pool.py", line 136, in worker
    put((job, i, (False, wrapped)))
  File "/usr/lib/python3.8/multiprocessing/queues.py", line 368, in put
    self._writer.send_bytes(obj)
  File "/usr/lib/python3.8/multiprocessing/connection.py", line 200, in send_bytes
    self._send_bytes(m[offset:offset + size])
  File "/usr/lib/python3.8/multiprocessing/connection.py", line 404, in _send_bytes
    self._send(header)
  File "/usr/lib/python3.8/multiprocessing/connection.py", line 368, in _send
    n = write(self._handle, buf)
BrokenPipeError: [Errno 32] Broken pipe
Process ForkPoolWorker-383:
Traceback (most recent call last):
  File "/usr/lib/python3.8/multiprocessing/pool.py", line 131, in worker
    put((job, i, result))
  File "/usr/lib/python3.8/multiprocessing/queues.py", line 368, in put
    self._writer.send_bytes(obj)
  File "/usr/lib/python3.8/multiprocessing/connection.py", line 200, in send_bytes
    self._send_bytes(m[offset:offset + size])
  File "/usr/lib/python3.8/multiprocessing/connection.py", line 404, in _send_bytes
    self._send(header)
  File "/usr/lib/python3.8/multiprocessing/connection.py", line 368, in _send
    n = write(self._handle, buf)
BrokenPipeError: [Errno 32] Broken pipe

During handling of the above exception, another exception occurred:

Traceback (most recent call last):
  File "/usr/lib/python3.8/multiprocessing/process.py", line 315, in _bootstrap
    self.run()
  File "/usr/lib/python3.8/multiprocessing/process.py", line 108, in run
    self._target(*self._args, **self._kwargs)
  File "/usr/lib/python3.8/multiprocessing/pool.py", line 136, in worker
    put((job, i, (False, wrapped)))
  File "/usr/lib/python3.8/multiprocessing/queues.py", line 368, in put
    self._writer.send_bytes(obj)
  File "/usr/lib/python3.8/multiprocessing/connection.py", line 200, in send_bytes
    self._send_bytes(m[offset:offset + size])
  File "/usr/lib/python3.8/multiprocessing/connection.py", line 404, in _send_bytes
    self._send(header)
  File "/usr/lib/python3.8/multiprocessing/connection.py", line 368, in _send
    n = write(self._handle, buf)
BrokenPipeError: [Errno 32] Broken pipe
Process ForkPoolWorker-384:
Traceback (most recent call last):
  File "/usr/lib/python3.8/multiprocessing/pool.py", line 131, in worker
    put((job, i, result))
  File "/usr/lib/python3.8/multiprocessing/queues.py", line 368, in put
    self._writer.send_bytes(obj)
  File "/usr/lib/python3.8/multiprocessing/connection.py", line 200, in send_bytes
    self._send_bytes(m[offset:offset + size])
  File "/usr/lib/python3.8/multiprocessing/connection.py", line 404, in _send_bytes
    self._send(header)
  File "/usr/lib/python3.8/multiprocessing/connection.py", line 368, in _send
    n = write(self._handle, buf)
BrokenPipeError: [Errno 32] Broken pipe

During handling of the above exception, another exception occurred:

Traceback (most recent call last):
  File "/usr/lib/python3.8/multiprocessing/process.py", line 315, in _bootstrap
    self.run()
  File "/usr/lib/python3.8/multiprocessing/process.py", line 108, in run
    self._target(*self._args, **self._kwargs)
  File "/usr/lib/python3.8/multiprocessing/pool.py", line 136, in worker
    put((job, i, (False, wrapped)))
  File "/usr/lib/python3.8/multiprocessing/queues.py", line 368, in put
    self._writer.send_bytes(obj)
  File "/usr/lib/python3.8/multiprocessing/connection.py", line 200, in send_bytes
    self._send_bytes(m[offset:offset + size])
  File "/usr/lib/python3.8/multiprocessing/connection.py", line 404, in _send_bytes
    self._send(header)
  File "/usr/lib/python3.8/multiprocessing/connection.py", line 368, in _send
    n = write(self._handle, buf)
BrokenPipeError: [Errno 32] Broken pipe
Process ForkPoolWorker-377:
Traceback (most recent call last):
  File "/usr/lib/python3.8/multiprocessing/pool.py", line 131, in worker
    put((job, i, result))
  File "/usr/lib/python3.8/multiprocessing/queues.py", line 368, in put
    self._writer.send_bytes(obj)
  File "/usr/lib/python3.8/multiprocessing/connection.py", line 200, in send_bytes
    self._send_bytes(m[offset:offset + size])
  File "/usr/lib/python3.8/multiprocessing/connection.py", line 404, in _send_bytes
    self._send(header)
  File "/usr/lib/python3.8/multiprocessing/connection.py", line 368, in _send
    n = write(self._handle, buf)
BrokenPipeError: [Errno 32] Broken pipe

During handling of the above exception, another exception occurred:

Traceback (most recent call last):
  File "/usr/lib/python3.8/multiprocessing/process.py", line 315, in _bootstrap
    self.run()
  File "/usr/lib/python3.8/multiprocessing/process.py", line 108, in run
    self._target(*self._args, **self._kwargs)
  File "/usr/lib/python3.8/multiprocessing/pool.py", line 136, in worker
    put((job, i, (False, wrapped)))
  File "/usr/lib/python3.8/multiprocessing/queues.py", line 368, in put
    self._writer.send_bytes(obj)
  File "/usr/lib/python3.8/multiprocessing/connection.py", line 200, in send_bytes
    self._send_bytes(m[offset:offset + size])
  File "/usr/lib/python3.8/multiprocessing/connection.py", line 404, in _send_bytes
    self._send(header)
  File "/usr/lib/python3.8/multiprocessing/connection.py", line 368, in _send
    n = write(self._handle, buf)
BrokenPipeError: [Errno 32] Broken pipe
Process ForkPoolWorker-380:
Traceback (most recent call last):
  File "/usr/lib/python3.8/multiprocessing/pool.py", line 131, in worker
    put((job, i, result))
  File "/usr/lib/python3.8/multiprocessing/queues.py", line 368, in put
    self._writer.send_bytes(obj)
  File "/usr/lib/python3.8/multiprocessing/connection.py", line 200, in send_bytes
    self._send_bytes(m[offset:offset + size])
  File "/usr/lib/python3.8/multiprocessing/connection.py", line 404, in _send_bytes
    self._send(header)
  File "/usr/lib/python3.8/multiprocessing/connection.py", line 368, in _send
    n = write(self._handle, buf)
BrokenPipeError: [Errno 32] Broken pipe

During handling of the above exception, another exception occurred:

Traceback (most recent call last):
  File "/usr/lib/python3.8/multiprocessing/process.py", line 315, in _bootstrap
    self.run()
  File "/usr/lib/python3.8/multiprocessing/process.py", line 108, in run
    self._target(*self._args, **self._kwargs)
  File "/usr/lib/python3.8/multiprocessing/pool.py", line 136, in worker
    put((job, i, (False, wrapped)))
  File "/usr/lib/python3.8/multiprocessing/queues.py", line 368, in put
    self._writer.send_bytes(obj)
  File "/usr/lib/python3.8/multiprocessing/connection.py", line 200, in send_bytes
    self._send_bytes(m[offset:offset + size])
  File "/usr/lib/python3.8/multiprocessing/connection.py", line 404, in _send_bytes
    self._send(header)
  File "/usr/lib/python3.8/multiprocessing/connection.py", line 368, in _send
    n = write(self._handle, buf)
BrokenPipeError: [Errno 32] Broken pipe
