nohup: ignorando entrada

ODE Message 3: LCP internal error, s <= 0 (s=0.0000e+00)

ODE Message 3: LCP internal error, s <= 0 (s=-0.0000e+00)

ODE Message 3: LCP internal error, s <= 0 (s=-0.0000e+00)

ODE Message 3: LCP internal error, s <= 0 (s=-0.0000e+00)

ODE Message 3: LCP internal error, s <= 0 (s=0.0000e+00)

ODE Message 3: LCP internal error, s <= 0 (s=-0.0000e+00)

ODE Message 3: LCP internal error, s <= 0 (s=0.0000e+00)

ODE Message 3: LCP internal error, s <= 0 (s=-0.0000e+00)

ODE Message 3: LCP internal error, s <= 0 (s=0.0000e+00)

ODE Message 3: LCP internal error, s <= 0 (s=0.0000e+00)

ODE Message 3: LCP internal error, s <= 0 (s=0.0000e+00)

ODE Message 3: LCP internal error, s <= 0 (s=-0.0000e+00)

ODE Message 3: LCP internal error, s <= 0 (s=-0.0000e+00)

ODE Message 3: LCP internal error, s <= 0 (s=-0.0000e+00)

ODE Message 3: LCP internal error, s <= 0 (s=-0.0000e+00)

ODE Message 3: LCP internal error, s <= 0 (s=-0.0000e+00)

ODE Message 3: LCP internal error, s <= 0 (s=-0.0000e+00)

ODE Message 3: LCP internal error, s <= 0 (s=0.0000e+00)

ODE Message 3: LCP internal error, s <= 0 (s=0.0000e+00)

ODE Message 3: LCP internal error, s <= 0 (s=0.0000e+00)

ODE Message 3: LCP internal error, s <= 0 (s=-0.0000e+00)

ODE Message 3: LCP internal error, s <= 0 (s=0.0000e+00)

ODE Message 3: LCP internal error, s <= 0 (s=-0.0000e+00)

ODE Message 3: LCP internal error, s <= 0 (s=-0.0000e+00)

ODE Message 3: LCP internal error, s <= 0 (s=-0.0000e+00)

ODE Message 3: LCP internal error, s <= 0 (s=-0.0000e+00)

ODE Message 3: LCP internal error, s <= 0 (s=-0.0000e+00)

ODE Message 3: LCP internal error, s <= 0 (s=-0.0000e+00)

ODE Message 3: LCP internal error, s <= 0 (s=-0.0000e+00)

ODE Message 3: LCP internal error, s <= 0 (s=-0.0000e+00)

ODE Message 3: LCP internal error, s <= 0 (s=-0.0000e+00)

ODE Message 3: LCP internal error, s <= 0 (s=-0.0000e+00)

ODE Message 3: LCP internal error, s <= 0 (s=0.0000e+00)

ODE Message 3: LCP internal error, s <= 0 (s=-0.0000e+00)

ODE Message 3: LCP internal error, s <= 0 (s=-0.0000e+00)

ODE Message 3: LCP internal error, s <= 0 (s=0.0000e+00)

ODE Message 3: LCP internal error, s <= 0 (s=0.0000e+00)

ODE Message 3: LCP internal error, s <= 0 (s=-0.0000e+00)

ODE Message 3: LCP internal error, s <= 0 (s=-0.0000e+00)

ODE Message 3: LCP internal error, s <= 0 (s=0.0000e+00)

ODE Message 3: LCP internal error, s <= 0 (s=-0.0000e+00)

ODE Message 3: LCP internal error, s <= 0 (s=-0.0000e+00)

ODE Message 3: LCP internal error, s <= 0 (s=-0.0000e+00)

ODE Message 3: LCP internal error, s <= 0 (s=-0.0000e+00)

ODE Message 3: LCP internal error, s <= 0 (s=0.0000e+00)

ODE Message 3: LCP internal error, s <= 0 (s=0.0000e+00)

ODE Message 3: LCP internal error, s <= 0 (s=-0.0000e+00)

ODE Message 3: LCP internal error, s <= 0 (s=-0.0000e+00)

ODE Message 3: LCP internal error, s <= 0 (s=0.0000e+00)

ODE Message 3: LCP internal error, s <= 0 (s=-0.0000e+00)

ODE Message 3: LCP internal error, s <= 0 (s=-0.0000e+00)

ODE Message 3: LCP internal error, s <= 0 (s=0.0000e+00)

ODE Message 3: LCP internal error, s <= 0 (s=0.0000e+00)

ODE Message 3: LCP internal error, s <= 0 (s=0.0000e+00)

ODE Message 3: LCP internal error, s <= 0 (s=-0.0000e+00)

ODE Message 3: LCP internal error, s <= 0 (s=-0.0000e+00)

ODE Message 3: LCP internal error, s <= 0 (s=-0.0000e+00)

ODE Message 3: LCP internal error, s <= 0 (s=-0.0000e+00)

ODE Message 3: LCP internal error, s <= 0 (s=0.0000e+00)

ODE Message 3: LCP internal error, s <= 0 (s=-0.0000e+00)

ODE Message 3: LCP internal error, s <= 0 (s=0.0000e+00)

ODE Message 3: LCP internal error, s <= 0 (s=0.0000e+00)

ODE Message 3: LCP internal error, s <= 0 (s=-0.0000e+00)

ODE Message 3: LCP internal error, s <= 0 (s=-0.0000e+00)

ODE Message 3: LCP internal error, s <= 0 (s=0.0000e+00)

ODE Message 3: LCP internal error, s <= 0 (s=0.0000e+00)

ODE Message 3: LCP internal error, s <= 0 (s=0.0000e+00)

ODE Message 3: LCP internal error, s <= 0 (s=0.0000e+00)

ODE Message 3: LCP internal error, s <= 0 (s=0.0000e+00)

ODE Message 3: LCP internal error, s <= 0 (s=0.0000e+00)

ODE Message 3: LCP internal error, s <= 0 (s=-0.0000e+00)

ODE Message 3: LCP internal error, s <= 0 (s=-0.0000e+00)

ODE Message 3: LCP internal error, s <= 0 (s=0.0000e+00)

ODE Message 3: LCP internal error, s <= 0 (s=-0.0000e+00)

ODE Message 3: LCP internal error, s <= 0 (s=-0.0000e+00)

ODE Message 3: LCP internal error, s <= 0 (s=-0.0000e+00)

ODE Message 3: LCP internal error, s <= 0 (s=0.0000e+00)

ODE Message 3: LCP internal error, s <= 0 (s=-0.0000e+00)

ODE Message 3: LCP internal error, s <= 0 (s=-0.0000e+00)

ODE Message 3: LCP internal error, s <= 0 (s=-0.0000e+00)

ODE Message 3: LCP internal error, s <= 0 (s=-0.0000e+00)

ODE Message 3: LCP internal error, s <= 0 (s=0.0000e+00)

ODE Message 3: LCP internal error, s <= 0 (s=-0.0000e+00)

ODE Message 3: LCP internal error, s <= 0 (s=-0.0000e+00)

ODE Message 3: LCP internal error, s <= 0 (s=-0.0000e+00)

ODE Message 3: LCP internal error, s <= 0 (s=0.0000e+00)

ODE Message 3: LCP internal error, s <= 0 (s=0.0000e+00)

ODE Message 3: LCP internal error, s <= 0 (s=-0.0000e+00)

ODE Message 3: LCP internal error, s <= 0 (s=0.0000e+00)

ODE Message 3: LCP internal error, s <= 0 (s=0.0000e+00)

ODE Message 3: LCP internal error, s <= 0 (s=-0.0000e+00)

ODE Message 3: LCP internal error, s <= 0 (s=0.0000e+00)

ODE Message 3: LCP internal error, s <= 0 (s=-0.0000e+00)

ODE Message 3: LCP internal error, s <= 0 (s=-0.0000e+00)

ODE Message 3: LCP internal error, s <= 0 (s=0.0000e+00)

ODE Message 3: LCP internal error, s <= 0 (s=-0.0000e+00)

ODE Message 3: LCP internal error, s <= 0 (s=-0.0000e+00)

ODE Message 3: LCP internal error, s <= 0 (s=-0.0000e+00)

ODE Message 3: LCP internal error, s <= 0 (s=0.0000e+00)

ODE Message 3: LCP internal error, s <= 0 (s=0.0000e+00)

ODE Message 3: LCP internal error, s <= 0 (s=-0.0000e+00)

ODE Message 3: LCP internal error, s <= 0 (s=-0.0000e+00)

ODE Message 3: LCP internal error, s <= 0 (s=-0.0000e+00)

ODE Message 3: LCP internal error, s <= 0 (s=-0.0000e+00)

ODE Message 3: LCP internal error, s <= 0 (s=-0.0000e+00)

ODE Message 3: LCP internal error, s <= 0 (s=0.0000e+00)

ODE Message 3: LCP internal error, s <= 0 (s=0.0000e+00)

ODE Message 3: LCP internal error, s <= 0 (s=0.0000e+00)

ODE Message 3: LCP internal error, s <= 0 (s=0.0000e+00)

ODE Message 3: LCP internal error, s <= 0 (s=-0.0000e+00)

ODE Message 3: LCP internal error, s <= 0 (s=0.0000e+00)

ODE Message 3: LCP internal error, s <= 0 (s=-0.0000e+00)

ODE Message 3: LCP internal error, s <= 0 (s=0.0000e+00)

ODE Message 3: LCP internal error, s <= 0 (s=-0.0000e+00)

ODE Message 3: LCP internal error, s <= 0 (s=0.0000e+00)

ODE Message 3: LCP internal error, s <= 0 (s=0.0000e+00)

ODE Message 3: LCP internal error, s <= 0 (s=0.0000e+00)

ODE Message 3: LCP internal error, s <= 0 (s=-0.0000e+00)

ODE Message 3: LCP internal error, s <= 0 (s=0.0000e+00)

ODE Message 3: LCP internal error, s <= 0 (s=-0.0000e+00)

ODE Message 3: LCP internal error, s <= 0 (s=0.0000e+00)

ODE Message 3: LCP internal error, s <= 0 (s=-0.0000e+00)

ODE Message 3: LCP internal error, s <= 0 (s=0.0000e+00)

ODE Message 3: LCP internal error, s <= 0 (s=-0.0000e+00)

ODE Message 3: LCP internal error, s <= 0 (s=0.0000e+00)

ODE Message 3: LCP internal error, s <= 0 (s=-0.0000e+00)

ODE Message 3: LCP internal error, s <= 0 (s=0.0000e+00)

ODE Message 3: LCP internal error, s <= 0 (s=0.0000e+00)

ODE Message 3: LCP internal error, s <= 0 (s=-0.0000e+00)

ODE Message 3: LCP internal error, s <= 0 (s=-0.0000e+00)

ODE Message 3: LCP internal error, s <= 0 (s=0.0000e+00)

ODE Message 3: LCP internal error, s <= 0 (s=0.0000e+00)

ODE Message 3: LCP internal error, s <= 0 (s=-0.0000e+00)

ODE Message 3: LCP internal error, s <= 0 (s=-0.0000e+00)

ODE Message 3: LCP internal error, s <= 0 (s=0.0000e+00)

ODE Message 3: LCP internal error, s <= 0 (s=-0.0000e+00)

ODE Message 3: LCP internal error, s <= 0 (s=-0.0000e+00)

ODE Message 3: LCP internal error, s <= 0 (s=0.0000e+00)

ODE Message 3: LCP internal error, s <= 0 (s=-0.0000e+00)

ODE Message 3: LCP internal error, s <= 0 (s=-0.0000e+00)

ODE Message 3: LCP internal error, s <= 0 (s=-0.0000e+00)

ODE Message 3: LCP internal error, s <= 0 (s=0.0000e+00)

ODE Message 3: LCP internal error, s <= 0 (s=0.0000e+00)

ODE Message 3: LCP internal error, s <= 0 (s=-0.0000e+00)

ODE Message 3: LCP internal error, s <= 0 (s=-0.0000e+00)

ODE Message 3: LCP internal error, s <= 0 (s=0.0000e+00)

ODE Message 3: LCP internal error, s <= 0 (s=-0.0000e+00)

ODE Message 3: LCP internal error, s <= 0 (s=0.0000e+00)

ODE Message 3: LCP internal error, s <= 0 (s=-0.0000e+00)

ODE Message 3: LCP internal error, s <= 0 (s=-0.0000e+00)

ODE Message 3: LCP internal error, s <= 0 (s=0.0000e+00)

ODE Message 3: LCP internal error, s <= 0 (s=-0.0000e+00)

ODE Message 3: LCP internal error, s <= 0 (s=0.0000e+00)

ODE Message 3: LCP internal error, s <= 0 (s=-0.0000e+00)

ODE Message 3: LCP internal error, s <= 0 (s=0.0000e+00)

ODE Message 3: LCP internal error, s <= 0 (s=0.0000e+00)

ODE Message 3: LCP internal error, s <= 0 (s=-0.0000e+00)

ODE Message 3: LCP internal error, s <= 0 (s=0.0000e+00)

ODE Message 3: LCP internal error, s <= 0 (s=-0.0000e+00)

ODE Message 3: LCP internal error, s <= 0 (s=-0.0000e+00)

ODE Message 3: LCP internal error, s <= 0 (s=0.0000e+00)

ODE Message 3: LCP internal error, s <= 0 (s=0.0000e+00)

ODE Message 3: LCP internal error, s <= 0 (s=-0.0000e+00)

ODE Message 3: LCP internal error, s <= 0 (s=0.0000e+00)

ODE Message 3: LCP internal error, s <= 0 (s=0.0000e+00)

ODE Message 3: LCP internal error, s <= 0 (s=-0.0000e+00)

ODE Message 3: LCP internal error, s <= 0 (s=-0.0000e+00)

ODE Message 3: LCP internal error, s <= 0 (s=-0.0000e+00)

ODE Message 3: LCP internal error, s <= 0 (s=-0.0000e+00)

ODE Message 3: LCP internal error, s <= 0 (s=0.0000e+00)

ODE Message 3: LCP internal error, s <= 0 (s=-0.0000e+00)

ODE Message 3: LCP internal error, s <= 0 (s=0.0000e+00)

ODE Message 3: LCP internal error, s <= 0 (s=-0.0000e+00)

ODE Message 3: LCP internal error, s <= 0 (s=-0.0000e+00)

ODE Message 3: LCP internal error, s <= 0 (s=-0.0000e+00)

ODE Message 3: LCP internal error, s <= 0 (s=-0.0000e+00)

ODE Message 3: LCP internal error, s <= 0 (s=-0.0000e+00)

ODE Message 3: LCP internal error, s <= 0 (s=-0.0000e+00)

ODE Message 3: LCP internal error, s <= 0 (s=-0.0000e+00)

ODE Message 3: LCP internal error, s <= 0 (s=0.0000e+00)

ODE Message 3: LCP internal error, s <= 0 (s=0.0000e+00)

ODE Message 3: LCP internal error, s <= 0 (s=-0.0000e+00)

ODE Message 3: LCP internal error, s <= 0 (s=-0.0000e+00)

ODE Message 3: LCP internal error, s <= 0 (s=-0.0000e+00)

ODE Message 3: LCP internal error, s <= 0 (s=0.0000e+00)

ODE Message 3: LCP internal error, s <= 0 (s=-0.0000e+00)

ODE Message 3: LCP internal error, s <= 0 (s=0.0000e+00)

ODE Message 3: LCP internal error, s <= 0 (s=0.0000e+00)

ODE Message 3: LCP internal error, s <= 0 (s=0.0000e+00)

ODE Message 3: LCP internal error, s <= 0 (s=-0.0000e+00)

ODE Message 3: LCP internal error, s <= 0 (s=0.0000e+00)

ODE Message 3: LCP internal error, s <= 0 (s=-0.0000e+00)

ODE Message 3: LCP internal error, s <= 0 (s=0.0000e+00)

ODE Message 3: LCP internal error, s <= 0 (s=-0.0000e+00)

ODE Message 3: LCP internal error, s <= 0 (s=-0.0000e+00)

ODE Message 3: LCP internal error, s <= 0 (s=-0.0000e+00)

ODE Message 3: LCP internal error, s <= 0 (s=-0.0000e+00)

ODE Message 3: LCP internal error, s <= 0 (s=0.0000e+00)

ODE Message 3: LCP internal error, s <= 0 (s=-0.0000e+00)

ODE Message 3: LCP internal error, s <= 0 (s=-0.0000e+00)

ODE Message 3: LCP internal error, s <= 0 (s=-0.0000e+00)

ODE Message 3: LCP internal error, s <= 0 (s=-0.0000e+00)

ODE Message 3: LCP internal error, s <= 0 (s=-0.0000e+00)

ODE Message 3: LCP internal error, s <= 0 (s=-0.0000e+00)

ODE Message 3: LCP internal error, s <= 0 (s=0.0000e+00)

ODE Message 3: LCP internal error, s <= 0 (s=-0.0000e+00)

ODE Message 3: LCP internal error, s <= 0 (s=-0.0000e+00)

ODE Message 3: LCP internal error, s <= 0 (s=0.0000e+00)

ODE Message 3: LCP internal error, s <= 0 (s=0.0000e+00)

ODE Message 3: LCP internal error, s <= 0 (s=0.0000e+00)

ODE Message 3: LCP internal error, s <= 0 (s=0.0000e+00)

ODE Message 3: LCP internal error, s <= 0 (s=-0.0000e+00)

ODE Message 3: LCP internal error, s <= 0 (s=-0.0000e+00)

ODE Message 3: LCP internal error, s <= 0 (s=0.0000e+00)

ODE Message 3: LCP internal error, s <= 0 (s=0.0000e+00)

ODE Message 3: LCP internal error, s <= 0 (s=-0.0000e+00)

ODE Message 3: LCP internal error, s <= 0 (s=-0.0000e+00)

ODE Message 3: LCP internal error, s <= 0 (s=-0.0000e+00)

ODE Message 3: LCP internal error, s <= 0 (s=-0.0000e+00)

ODE Message 3: LCP internal error, s <= 0 (s=-0.0000e+00)

ODE Message 3: LCP internal error, s <= 0 (s=0.0000e+00)

ODE Message 3: LCP internal error, s <= 0 (s=-1.6798e-10)

ODE Message 3: LCP internal error, s <= 0 (s=-0.0000e+00)

ODE Message 3: LCP internal error, s <= 0 (s=0.0000e+00)

ODE Message 3: LCP internal error, s <= 0 (s=-0.0000e+00)

ODE Message 3: LCP internal error, s <= 0 (s=-0.0000e+00)

ODE Message 3: LCP internal error, s <= 0 (s=0.0000e+00)

ODE Message 3: LCP internal error, s <= 0 (s=-0.0000e+00)

ODE Message 3: LCP internal error, s <= 0 (s=0.0000e+00)

ODE Message 3: LCP internal error, s <= 0 (s=-0.0000e+00)

ODE Message 3: LCP internal error, s <= 0 (s=-0.0000e+00)

ODE Message 3: LCP internal error, s <= 0 (s=-0.0000e+00)

ODE Message 3: LCP internal error, s <= 0 (s=0.0000e+00)

ODE Message 3: LCP internal error, s <= 0 (s=-0.0000e+00)

ODE Message 3: LCP internal error, s <= 0 (s=0.0000e+00)

ODE Message 3: LCP internal error, s <= 0 (s=-0.0000e+00)

ODE Message 3: LCP internal error, s <= 0 (s=-0.0000e+00)

ODE Message 3: LCP internal error, s <= 0 (s=0.0000e+00)

ODE Message 3: LCP internal error, s <= 0 (s=-0.0000e+00)

ODE Message 3: LCP internal error, s <= 0 (s=-0.0000e+00)

ODE Message 3: LCP internal error, s <= 0 (s=0.0000e+00)

ODE Message 3: LCP internal error, s <= 0 (s=-0.0000e+00)

ODE Message 3: LCP internal error, s <= 0 (s=-0.0000e+00)
Environment initialized
action space: Box([-1. -1.], [1. 1.], (2,), float32)
observation space: Box([-1.2 -1.2 -1.2 -1.2 -1.2 -1.2 -1.2 -1.2 -1.2 -1.2 -1.2 -1.2 -1.2 -1.2
 -1.2 -1.2 -1.2 -1.2 -1.2 -1.2 -1.2 -1.2 -1.2 -1.2 -1.2 -1.2 -1.2 -1.2
 -1.2 -1.2 -1.2 -1.2 -1.2 -1.2 -1.2 -1.2 -1.2 -1.2 -1.2 -1.2], [1.2 1.2 1.2 1.2 1.2 1.2 1.2 1.2 1.2 1.2 1.2 1.2 1.2 1.2 1.2 1.2 1.2 1.2
 1.2 1.2 1.2 1.2 1.2 1.2 1.2 1.2 1.2 1.2 1.2 1.2 1.2 1.2 1.2 1.2 1.2 1.2
 1.2 1.2 1.2 1.2], (40,), float32)

 ****** Running generation 0 ****** 

network creation time 0.06287980079650879
Score range [-116.372, 89.712]
simulation run time 1700.6615114212036
Evaluating 700 test episodes
final fitness compute time 2061.8683965206146

Population's average fitness: -938.82966 stdev: 32.70859
Best fitness: -800.61017 - size: (2, 40) - species 1 - id 666
Average adjusted fitness: 0.305
Mean genetic distance 2.800, standard deviation 0.526
Population of 700 members in 4 species:
   ID   age  size  fitness  adj fit  stag
  ====  ===  ====  =======  =======  ====
     1    0   224   -800.6    0.311     0
     2    0   181   -816.7    0.285     0
     3    0   137   -836.6    0.303     0
     4    0   158   -825.5    0.322     0
Total extinctions: 0
Generation time: 3767.687 sec
Saving checkpoint to neat-checkpoint-0

 ****** Running generation 1 ****** 

network creation time 0.12196230888366699
Evaluating 700 test episodes
final fitness compute time 2044.2595133781433

Population's average fitness: -899.19167 stdev: 49.66227
Best fitness: -0.28478 - size: (3, 40) - species 3 - id 1115
Average adjusted fitness: 0.135
Mean genetic distance 2.738, standard deviation 0.499
Population of 700 members in 4 species:
   ID   age  size  fitness  adj fit  stag
  ====  ===  ====  =======  =======  ====
     1    1   121   -747.8    0.136     0
     2    1   188   -782.4    0.129     0
     3    1   185     -0.3    0.137     0
     4    1   206   -779.1    0.139     0
Total extinctions: 0
Generation time: 2049.254 sec (2908.471 average)
Saving checkpoint to neat-checkpoint-1

 ****** Running generation 2 ****** 

network creation time 0.08941221237182617
Evaluating 700 test episodes
final fitness compute time 2036.440039396286

Population's average fitness: -853.78894 stdev: 120.47673
Best fitness: -0.24990 - size: (4, 41) - species 4 - id 2009
Average adjusted fitness: 0.186
Mean genetic distance 2.699, standard deviation 0.478
Population of 699 members in 4 species:
   ID   age  size  fitness  adj fit  stag
  ====  ===  ====  =======  =======  ====
     1    2   122   -699.8    0.172     0
     2    2   153     -0.3    0.173     0
     3    2   239     -0.3    0.217     0
     4    2   185     -0.2    0.184     0
Total extinctions: 0
Generation time: 2041.424 sec (2619.455 average)
Saving checkpoint to neat-checkpoint-2

 ****** Running generation 3 ****** 

network creation time 0.0896751880645752
Evaluating 700 test episodes
final fitness compute time 1975.125660419464

Population's average fitness: -737.57694 stdev: 288.12560
Best fitness: -0.22213 - size: (4, 40) - species 3 - id 2661
Average adjusted fitness: 0.299
Mean genetic distance 2.786, standard deviation 0.457
Population of 700 members in 4 species:
   ID   age  size  fitness  adj fit  stag
  ====  ===  ====  =======  =======  ====
     1    3    82     -0.3    0.224     0
     2    3   205     -0.2    0.324     0
     3    3   243     -0.2    0.409     0
     4    3   170     -0.3    0.239     1
Total extinctions: 0
Generation time: 1980.130 sec (2459.624 average)
Saving checkpoint to neat-checkpoint-3

 ****** Running generation 4 ****** 

network creation time 0.09163045883178711
Evaluating 700 test episodes
final fitness compute time 1749.0448172092438

Population's average fitness: -355.70371 stdev: 413.27600
Best fitness: -0.22213 - size: (4, 40) - species 2 - id 2661
Average adjusted fitness: 0.607
Mean genetic distance 2.794, standard deviation 0.498
Population of 699 members in 4 species:
   ID   age  size  fitness  adj fit  stag
  ====  ===  ====  =======  =======  ====
     1    4    32     -0.3    0.323     0
     2    4   508     -0.2    0.832     0
     3    4    41     -0.2    0.808     1
     4    4   118     -0.2    0.467     0
Total extinctions: 0
Generation time: 1754.018 sec (2318.503 average)
Saving checkpoint to neat-checkpoint-4
Average mean fitness over last 5 generations: -757.0181831799512
Average min fitness over last 5 generations: -1051.718535473326
0 -29.273811258751998 -29.273811258751998

 ****** Running generation 5 ****** 

network creation time 0.056790828704833984
Evaluating 700 test episodes
final fitness compute time 1611.4614651203156

Population's average fitness: -136.54310 stdev: 321.84257
Best fitness: -0.00168 - size: (4, 43) - species 4 - id 3814

Best individual in generation 5 meets fitness threshold - complexity: (4, 43)
Average mean fitness over last 5 generations: -596.5608711116957
Average min fitness over last 5 generations: -1058.5214951004525
0 55.93121546703051 55.93121546703051
1 -12.662550674868013 21.63433239608125

 ****** Running generation 5 ****** 

network creation time 0.07177877426147461
Evaluating 700 test episodes
final fitness compute time 1600.517637014389

Population's average fitness: -136.54310 stdev: 321.84257
Best fitness: -0.00168 - size: (4, 43) - species 4 - id 3814

Best individual in generation 5 meets fitness threshold - complexity: (4, 43)
Average mean fitness over last 5 generations: -444.03115578251465
Average min fitness over last 5 generations: -1057.2555029625858
0 -0.7041569037940894 -0.7041569037940894

 ****** Running generation 5 ****** 

network creation time 0.05686593055725098
Evaluating 700 test episodes

ODE Message 3: LCP internal error, s <= 0 (s=0.0000e+00)
final fitness compute time 1614.9116909503937

Population's average fitness: -136.54310 stdev: 321.84257
Best fitness: -0.00168 - size: (4, 43) - species 4 - id 3814

Best individual in generation 5 meets fitness threshold - complexity: (4, 43)
Average mean fitness over last 5 generations: -300.5819879820372
Average min fitness over last 5 generations: -1053.8025275625178
0 -15.891128138733933 -15.891128138733933

 ****** Running generation 5 ****** 

network creation time 0.056908369064331055
Evaluating 700 test episodes

ODE Message 3: LCP internal error, s <= 0 (s=0.0000e+00)
final fitness compute time 1608.4345815181732

Population's average fitness: -136.54310 stdev: 321.84257
Best fitness: -0.00168 - size: (4, 43) - species 4 - id 3814

Best individual in generation 5 meets fitness threshold - complexity: (4, 43)
Average mean fitness over last 5 generations: -180.3752196737832
Average min fitness over last 5 generations: -1045.7475618361564
0 -11.36156474060725 -11.36156474060725

 ****** Running generation 5 ****** 

network creation time 0.055785179138183594
Evaluating 700 test episodes

ODE Message 3: LCP internal error, s <= 0 (s=0.0000e+00)

ODE Message 3: LCP internal error, s <= 0 (s=0.0000e+00)

ODE Message 3: LCP internal error, s <= 0 (s=-0.0000e+00)

ODE Message 3: LCP internal error, s <= 0 (s=0.0000e+00)

ODE Message 3: LCP internal error, s <= 0 (s=0.0000e+00)

ODE Message 3: LCP internal error, s <= 0 (s=-0.0000e+00)

ODE Message 3: LCP internal error, s <= 0 (s=-0.0000e+00)

ODE Message 3: LCP internal error, s <= 0 (s=-0.0000e+00)

ODE Message 3: LCP internal error, s <= 0 (s=-0.0000e+00)

ODE Message 3: LCP internal error, s <= 0 (s=0.0000e+00)

ODE Message 3: LCP internal error, s <= 0 (s=0.0000e+00)

ODE Message 3: LCP internal error, s <= 0 (s=-0.0000e+00)

ODE Message 3: LCP internal error, s <= 0 (s=-0.0000e+00)

ODE Message 3: LCP internal error, s <= 0 (s=-0.0000e+00)

ODE Message 3: LCP internal error, s <= 0 (s=-3.4685e-10)

ODE Message 3: LCP internal error, s <= 0 (s=-0.0000e+00)

ODE Message 3: LCP internal error, s <= 0 (s=-0.0000e+00)

ODE Message 3: LCP internal error, s <= 0 (s=-0.0000e+00)

ODE Message 3: LCP internal error, s <= 0 (s=-0.0000e+00)

ODE Message 3: LCP internal error, s <= 0 (s=-0.0000e+00)

ODE Message 3: LCP internal error, s <= 0 (s=0.0000e+00)

ODE Message 3: LCP internal error, s <= 0 (s=-0.0000e+00)

ODE Message 3: LCP internal error, s <= 0 (s=-0.0000e+00)

ODE Message 3: LCP internal error, s <= 0 (s=0.0000e+00)

ODE Message 3: LCP internal error, s <= 0 (s=-0.0000e+00)

ODE Message 3: LCP internal error, s <= 0 (s=-0.0000e+00)

ODE Message 3: LCP internal error, s <= 0 (s=-0.0000e+00)

ODE Message 3: LCP internal error, s <= 0 (s=0.0000e+00)

ODE Message 3: LCP internal error, s <= 0 (s=0.0000e+00)

ODE Message 3: LCP internal error, s <= 0 (s=0.0000e+00)

ODE Message 3: LCP internal error, s <= 0 (s=-0.0000e+00)

ODE Message 3: LCP internal error, s <= 0 (s=-0.0000e+00)

ODE Message 3: LCP internal error, s <= 0 (s=0.0000e+00)

ODE Message 3: LCP internal error, s <= 0 (s=-0.0000e+00)

ODE Message 3: LCP internal error, s <= 0 (s=0.0000e+00)

ODE Message 3: LCP internal error, s <= 0 (s=-0.0000e+00)

ODE Message 3: LCP internal error, s <= 0 (s=0.0000e+00)

ODE Message 3: LCP internal error, s <= 0 (s=-0.0000e+00)

ODE Message 3: LCP internal error, s <= 0 (s=-0.0000e+00)

ODE Message 3: LCP internal error, s <= 0 (s=-0.0000e+00)

ODE Message 3: LCP internal error, s <= 0 (s=-0.0000e+00)

ODE Message 3: LCP internal error, s <= 0 (s=-0.0000e+00)

ODE Message 3: LCP internal error, s <= 0 (s=0.0000e+00)

ODE Message 3: LCP internal error, s <= 0 (s=-0.0000e+00)

ODE Message 3: LCP internal error, s <= 0 (s=-0.0000e+00)

ODE Message 3: LCP internal error, s <= 0 (s=0.0000e+00)

ODE Message 3: LCP internal error, s <= 0 (s=-0.0000e+00)

ODE Message 3: LCP internal error, s <= 0 (s=-0.0000e+00)

ODE Message 3: LCP internal error, s <= 0 (s=-0.0000e+00)

ODE Message 3: LCP internal error, s <= 0 (s=0.0000e+00)

ODE Message 3: LCP internal error, s <= 0 (s=0.0000e+00)

ODE Message 3: LCP internal error, s <= 0 (s=0.0000e+00)

ODE Message 3: LCP internal error, s <= 0 (s=0.0000e+00)

ODE Message 3: LCP internal error, s <= 0 (s=-0.0000e+00)

ODE Message 3: LCP internal error, s <= 0 (s=-0.0000e+00)

ODE Message 3: LCP internal error, s <= 0 (s=-0.0000e+00)

ODE Message 3: LCP internal error, s <= 0 (s=-0.0000e+00)

ODE Message 3: LCP internal error, s <= 0 (s=-0.0000e+00)

ODE Message 3: LCP internal error, s <= 0 (s=0.0000e+00)

ODE Message 3: LCP internal error, s <= 0 (s=0.0000e+00)

ODE Message 3: LCP internal error, s <= 0 (s=-0.0000e+00)

ODE Message 3: LCP internal error, s <= 0 (s=-0.0000e+00)

ODE Message 3: LCP internal error, s <= 0 (s=-0.0000e+00)

ODE Message 3: LCP internal error, s <= 0 (s=0.0000e+00)

ODE Message 3: LCP internal error, s <= 0 (s=-0.0000e+00)

ODE Message 3: LCP internal error, s <= 0 (s=0.0000e+00)

ODE Message 3: LCP internal error, s <= 0 (s=0.0000e+00)

ODE Message 3: LCP internal error, s <= 0 (s=-0.0000e+00)

ODE Message 3: LCP internal error, s <= 0 (s=0.0000e+00)

ODE Message 3: LCP internal error, s <= 0 (s=-0.0000e+00)

ODE Message 3: LCP internal error, s <= 0 (s=-0.0000e+00)

ODE Message 3: LCP internal error, s <= 0 (s=0.0000e+00)

ODE Message 3: LCP internal error, s <= 0 (s=-0.0000e+00)

ODE Message 3: LCP internal error, s <= 0 (s=-0.0000e+00)

ODE Message 3: LCP internal error, s <= 0 (s=-0.0000e+00)

ODE Message 3: LCP internal error, s <= 0 (s=-0.0000e+00)

ODE Message 3: LCP internal error, s <= 0 (s=0.0000e+00)

ODE Message 3: LCP internal error, s <= 0 (s=0.0000e+00)

ODE Message 3: LCP internal error, s <= 0 (s=-0.0000e+00)

ODE Message 3: LCP internal error, s <= 0 (s=0.0000e+00)

ODE Message 3: LCP internal error, s <= 0 (s=-0.0000e+00)

ODE Message 3: LCP internal error, s <= 0 (s=-0.0000e+00)

ODE Message 3: LCP internal error, s <= 0 (s=0.0000e+00)

ODE Message 3: LCP internal error, s <= 0 (s=0.0000e+00)

ODE Message 3: LCP internal error, s <= 0 (s=0.0000e+00)

ODE Message 3: LCP internal error, s <= 0 (s=-0.0000e+00)

ODE Message 3: LCP internal error, s <= 0 (s=-0.0000e+00)

ODE Message 3: LCP internal error, s <= 0 (s=0.0000e+00)

ODE Message 3: LCP internal error, s <= 0 (s=0.0000e+00)

ODE Message 3: LCP internal error, s <= 0 (s=-0.0000e+00)

ODE Message 3: LCP internal error, s <= 0 (s=0.0000e+00)

ODE Message 3: LCP internal error, s <= 0 (s=-0.0000e+00)

ODE Message 3: LCP internal error, s <= 0 (s=-1.6798e-10)

ODE Message 3: LCP internal error, s <= 0 (s=-0.0000e+00)

ODE Message 3: LCP internal error, s <= 0 (s=0.0000e+00)

ODE Message 3: LCP internal error, s <= 0 (s=-0.0000e+00)

ODE Message 3: LCP internal error, s <= 0 (s=-0.0000e+00)

ODE Message 3: LCP internal error, s <= 0 (s=0.0000e+00)

ODE Message 3: LCP internal error, s <= 0 (s=0.0000e+00)

ODE Message 3: LCP internal error, s <= 0 (s=0.0000e+00)

ODE Message 3: LCP internal error, s <= 0 (s=-0.0000e+00)

ODE Message 3: LCP internal error, s <= 0 (s=0.0000e+00)

ODE Message 3: LCP internal error, s <= 0 (s=-0.0000e+00)

ODE Message 3: LCP internal error, s <= 0 (s=-1.6799e-10)

ODE Message 3: LCP internal error, s <= 0 (s=-0.0000e+00)

ODE Message 3: LCP internal error, s <= 0 (s=-0.0000e+00)

ODE Message 3: LCP internal error, s <= 0 (s=-0.0000e+00)

ODE Message 3: LCP internal error, s <= 0 (s=0.0000e+00)

ODE Message 3: LCP internal error, s <= 0 (s=0.0000e+00)

ODE Message 3: LCP internal error, s <= 0 (s=0.0000e+00)

ODE Message 3: LCP internal error, s <= 0 (s=-0.0000e+00)

ODE Message 3: LCP internal error, s <= 0 (s=0.0000e+00)

ODE Message 3: LCP internal error, s <= 0 (s=0.0000e+00)

ODE Message 3: LCP internal error, s <= 0 (s=-0.0000e+00)

ODE Message 3: LCP internal error, s <= 0 (s=-0.0000e+00)

ODE Message 3: LCP internal error, s <= 0 (s=-0.0000e+00)

ODE Message 3: LCP internal error, s <= 0 (s=-0.0000e+00)

ODE Message 3: LCP internal error, s <= 0 (s=-0.0000e+00)

ODE Message 3: LCP internal error, s <= 0 (s=-0.0000e+00)

ODE Message 3: LCP internal error, s <= 0 (s=-0.0000e+00)

ODE Message 3: LCP internal error, s <= 0 (s=-0.0000e+00)

ODE Message 3: LCP internal error, s <= 0 (s=-0.0000e+00)

ODE Message 3: LCP internal error, s <= 0 (s=-0.0000e+00)

ODE Message 3: LCP internal error, s <= 0 (s=0.0000e+00)

ODE Message 3: LCP internal error, s <= 0 (s=-0.0000e+00)

ODE Message 3: LCP internal error, s <= 0 (s=-0.0000e+00)

ODE Message 3: LCP internal error, s <= 0 (s=-0.0000e+00)

ODE Message 3: LCP internal error, s <= 0 (s=-0.0000e+00)

ODE Message 3: LCP internal error, s <= 0 (s=-0.0000e+00)

ODE Message 3: LCP internal error, s <= 0 (s=0.0000e+00)

ODE Message 3: LCP internal error, s <= 0 (s=-0.0000e+00)

ODE Message 3: LCP internal error, s <= 0 (s=-0.0000e+00)

ODE Message 3: LCP internal error, s <= 0 (s=0.0000e+00)

ODE Message 3: LCP internal error, s <= 0 (s=-0.0000e+00)

ODE Message 3: LCP internal error, s <= 0 (s=-0.0000e+00)

ODE Message 3: LCP internal error, s <= 0 (s=0.0000e+00)

ODE Message 3: LCP internal error, s <= 0 (s=-0.0000e+00)

ODE Message 3: LCP internal error, s <= 0 (s=0.0000e+00)

ODE Message 3: LCP internal error, s <= 0 (s=-0.0000e+00)

ODE Message 3: LCP internal error, s <= 0 (s=0.0000e+00)

ODE Message 3: LCP internal error, s <= 0 (s=0.0000e+00)

ODE Message 3: LCP internal error, s <= 0 (s=0.0000e+00)

ODE Message 3: LCP internal error, s <= 0 (s=0.0000e+00)

ODE Message 3: LCP internal error, s <= 0 (s=-0.0000e+00)

ODE Message 3: LCP internal error, s <= 0 (s=-0.0000e+00)

ODE Message 3: LCP internal error, s <= 0 (s=0.0000e+00)

ODE Message 3: LCP internal error, s <= 0 (s=-0.0000e+00)

ODE Message 3: LCP internal error, s <= 0 (s=-0.0000e+00)

ODE Message 3: LCP internal error, s <= 0 (s=0.0000e+00)

ODE Message 3: LCP internal error, s <= 0 (s=-0.0000e+00)

ODE Message 3: LCP internal error, s <= 0 (s=0.0000e+00)

ODE Message 3: LCP internal error, s <= 0 (s=-0.0000e+00)

ODE Message 3: LCP internal error, s <= 0 (s=-0.0000e+00)

ODE Message 3: LCP internal error, s <= 0 (s=0.0000e+00)

ODE Message 3: LCP internal error, s <= 0 (s=0.0000e+00)

ODE Message 3: LCP internal error, s <= 0 (s=0.0000e+00)

ODE Message 3: LCP internal error, s <= 0 (s=-0.0000e+00)

ODE Message 3: LCP internal error, s <= 0 (s=-0.0000e+00)

ODE Message 3: LCP internal error, s <= 0 (s=0.0000e+00)

ODE Message 3: LCP internal error, s <= 0 (s=0.0000e+00)

ODE Message 3: LCP internal error, s <= 0 (s=-0.0000e+00)

ODE Message 3: LCP internal error, s <= 0 (s=0.0000e+00)

ODE Message 3: LCP internal error, s <= 0 (s=0.0000e+00)

ODE Message 3: LCP internal error, s <= 0 (s=-0.0000e+00)

ODE Message 3: LCP internal error, s <= 0 (s=-0.0000e+00)

ODE Message 3: LCP internal error, s <= 0 (s=-0.0000e+00)

ODE Message 3: LCP internal error, s <= 0 (s=-0.0000e+00)

ODE Message 3: LCP internal error, s <= 0 (s=-0.0000e+00)

ODE Message 3: LCP internal error, s <= 0 (s=-0.0000e+00)

ODE Message 3: LCP internal error, s <= 0 (s=-0.0000e+00)

ODE Message 3: LCP internal error, s <= 0 (s=0.0000e+00)

ODE Message 3: LCP internal error, s <= 0 (s=-0.0000e+00)

ODE Message 3: LCP internal error, s <= 0 (s=0.0000e+00)

ODE Message 3: LCP internal error, s <= 0 (s=-0.0000e+00)

ODE Message 3: LCP internal error, s <= 0 (s=0.0000e+00)

ODE Message 3: LCP internal error, s <= 0 (s=-0.0000e+00)

ODE Message 3: LCP internal error, s <= 0 (s=0.0000e+00)

ODE Message 3: LCP internal error, s <= 0 (s=-0.0000e+00)

ODE Message 3: LCP internal error, s <= 0 (s=0.0000e+00)

ODE Message 3: LCP internal error, s <= 0 (s=-0.0000e+00)

ODE Message 3: LCP internal error, s <= 0 (s=-0.0000e+00)

ODE Message 3: LCP internal error, s <= 0 (s=-0.0000e+00)

ODE Message 3: LCP internal error, s <= 0 (s=-0.0000e+00)

ODE Message 3: LCP internal error, s <= 0 (s=-0.0000e+00)

ODE Message 3: LCP internal error, s <= 0 (s=-0.0000e+00)

ODE Message 3: LCP internal error, s <= 0 (s=-0.0000e+00)

ODE Message 3: LCP internal error, s <= 0 (s=-0.0000e+00)

ODE Message 3: LCP internal error, s <= 0 (s=-0.0000e+00)

ODE Message 3: LCP internal error, s <= 0 (s=-0.0000e+00)

ODE Message 3: LCP internal error, s <= 0 (s=0.0000e+00)

ODE Message 3: LCP internal error, s <= 0 (s=-0.0000e+00)

ODE Message 3: LCP internal error, s <= 0 (s=0.0000e+00)

ODE Message 3: LCP internal error, s <= 0 (s=0.0000e+00)

ODE Message 3: LCP internal error, s <= 0 (s=0.0000e+00)

ODE Message 3: LCP internal error, s <= 0 (s=0.0000e+00)

ODE Message 3: LCP internal error, s <= 0 (s=-0.0000e+00)

ODE Message 3: LCP internal error, s <= 0 (s=-0.0000e+00)

ODE Message 3: LCP internal error, s <= 0 (s=-0.0000e+00)

ODE Message 3: LCP internal error, s <= 0 (s=0.0000e+00)

ODE Message 3: LCP internal error, s <= 0 (s=0.0000e+00)

ODE Message 3: LCP internal error, s <= 0 (s=-0.0000e+00)

ODE Message 3: LCP internal error, s <= 0 (s=-0.0000e+00)

ODE Message 3: LCP internal error, s <= 0 (s=0.0000e+00)

ODE Message 3: LCP internal error, s <= 0 (s=0.0000e+00)

ODE Message 3: LCP internal error, s <= 0 (s=0.0000e+00)

ODE Message 3: LCP internal error, s <= 0 (s=0.0000e+00)

ODE Message 3: LCP internal error, s <= 0 (s=0.0000e+00)

ODE Message 3: LCP internal error, s <= 0 (s=0.0000e+00)

ODE Message 3: LCP internal error, s <= 0 (s=-0.0000e+00)

ODE Message 3: LCP internal error, s <= 0 (s=-0.0000e+00)

ODE Message 3: LCP internal error, s <= 0 (s=0.0000e+00)

ODE Message 3: LCP internal error, s <= 0 (s=0.0000e+00)

ODE Message 3: LCP internal error, s <= 0 (s=-0.0000e+00)

ODE Message 3: LCP internal error, s <= 0 (s=-0.0000e+00)

ODE Message 3: LCP internal error, s <= 0 (s=0.0000e+00)

ODE Message 3: LCP internal error, s <= 0 (s=-0.0000e+00)

ODE Message 3: LCP internal error, s <= 0 (s=-0.0000e+00)

ODE Message 3: LCP internal error, s <= 0 (s=0.0000e+00)

ODE Message 3: LCP internal error, s <= 0 (s=-0.0000e+00)

ODE Message 3: LCP internal error, s <= 0 (s=0.0000e+00)

ODE Message 3: LCP internal error, s <= 0 (s=-0.0000e+00)

ODE Message 3: LCP internal error, s <= 0 (s=-0.0000e+00)

ODE Message 3: LCP internal error, s <= 0 (s=-0.0000e+00)

ODE Message 3: LCP internal error, s <= 0 (s=-0.0000e+00)

ODE Message 3: LCP internal error, s <= 0 (s=0.0000e+00)

ODE Message 3: LCP internal error, s <= 0 (s=0.0000e+00)

ODE Message 3: LCP internal error, s <= 0 (s=-0.0000e+00)
final fitness compute time 1610.1815271377563

Population's average fitness: -136.54310 stdev: 321.84257
Best fitness: -0.00168 - size: (4, 43) - species 4 - id 3814

Best individual in generation 5 meets fitness threshold - complexity: (4, 43)
Average mean fitness over last 5 generations: -136.54309740093788
Average min fitness over last 5 generations: -1033.3997700197351
0 -11.590623317248022 -11.590623317248022

 ****** Running generation 5 ****** 

network creation time 0.05604863166809082
Score range [-97.426, 77.483]
simulation run time 1758.4187786579132
Evaluating 999 test episodes

ODE Message 3: LCP internal error, s <= 0 (s=0.0000e+00)
final fitness compute time 2320.7021849155426

Population's average fitness: -138.60206 stdev: 327.23878
Best fitness: -0.00187 - size: (4, 43) - species 4 - id 3814

Best individual in generation 5 meets fitness threshold - complexity: (4, 43)
Average mean fitness over last 5 generations: -136.9548895134788
Average min fitness over last 5 generations: -1038.4268654460834
0 53.81621769600076 53.81621769600076
1 25.67578226722006 39.74599998161041
2 -27.086799472455244 17.468400163588527

 ****** Running generation 5 ****** 

network creation time 0.07117009162902832
Evaluating 999 test episodes
final fitness compute time 2309.0512175559998

Population's average fitness: -138.60206 stdev: 327.23878
Best fitness: -0.00187 - size: (4, 43) - species 4 - id 3814

Best individual in generation 5 meets fitness threshold - complexity: (4, 43)
Average mean fitness over last 5 generations: -137.36668162601975
Average min fitness over last 5 generations: -1043.453960872432
0 0.10804591127462249 0.10804591127462249
1 -8.543432256487197 -4.217693172606287

 ****** Running generation 5 ****** 

network creation time 0.05617856979370117
Evaluating 999 test episodes

ODE Message 3: LCP internal error, s <= 0 (s=-0.0000e+00)

ODE Message 3: LCP internal error, s <= 0 (s=0.0000e+00)
final fitness compute time 2304.7243740558624

Population's average fitness: -138.60206 stdev: 327.23878
Best fitness: -0.00187 - size: (4, 43) - species 4 - id 3814

Best individual in generation 5 meets fitness threshold - complexity: (4, 43)
Average mean fitness over last 5 generations: -137.77847373856068
Average min fitness over last 5 generations: -1048.4810562987802
0 10.263354635268104 10.263354635268104
1 -21.036792667849962 -5.386719016290929

 ****** Running generation 5 ****** 

network creation time 0.05786728858947754
Evaluating 999 test episodes

ODE Message 3: LCP internal error, s <= 0 (s=-0.0000e+00)
final fitness compute time 2314.658014535904

Population's average fitness: -138.60206 stdev: 327.23878
Best fitness: -0.00187 - size: (4, 43) - species 4 - id 3814

Best individual in generation 5 meets fitness threshold - complexity: (4, 43)
Average mean fitness over last 5 generations: -138.19026585110163
Average min fitness over last 5 generations: -1053.5081517251288
0 29.516356894393287 29.516356894393287
1 -43.24783865301546 -6.865740879311085

 ****** Running generation 5 ****** 

network creation time 0.05670428276062012
Evaluating 999 test episodes

ODE Message 3: LCP internal error, s <= 0 (s=-0.0000e+00)
final fitness compute time 2311.913314819336

Population's average fitness: -138.60206 stdev: 327.23878
Best fitness: -0.00187 - size: (4, 43) - species 4 - id 3814

Best individual in generation 5 meets fitness threshold - complexity: (4, 43)
Average mean fitness over last 5 generations: -138.60205796364258
Average min fitness over last 5 generations: -1058.5352471514768
0 40.39051179597519 40.39051179597519
1 -18.775797604176496 10.807357095899349

 ****** Running generation 5 ****** 

network creation time 0.057012081146240234
Evaluating 999 test episodes
final fitness compute time 2300.9291496276855

Population's average fitness: -138.60206 stdev: 327.23878
Best fitness: -0.00187 - size: (4, 43) - species 4 - id 3814

Best individual in generation 5 meets fitness threshold - complexity: (4, 43)
Average mean fitness over last 5 generations: -138.60205796364258
Average min fitness over last 5 generations: -1058.5352471514768
0 -12.078712573016569 -12.078712573016569

 ****** Running generation 5 ****** 

network creation time 0.09195947647094727
Evaluating 999 test episodes
final fitness compute time 2301.1638395786285

Population's average fitness: -138.60206 stdev: 327.23878
Best fitness: -0.00187 - size: (4, 43) - species 4 - id 3814

Best individual in generation 5 meets fitness threshold - complexity: (4, 43)
Average mean fitness over last 5 generations: -138.60205796364258
Average min fitness over last 5 generations: -1058.5352471514768
0 -6.895706772582057 -6.895706772582057

 ****** Running generation 5 ****** 

network creation time 0.055605411529541016
Evaluating 999 test episodes
final fitness compute time 2321.069449186325

Population's average fitness: -138.60206 stdev: 327.23878
Best fitness: -0.00187 - size: (4, 43) - species 4 - id 3814

Best individual in generation 5 meets fitness threshold - complexity: (4, 43)
Average mean fitness over last 5 generations: -138.60205796364258
Average min fitness over last 5 generations: -1058.5352471514768
0 -12.627220043325137 -12.627220043325137

 ****** Running generation 5 ****** 

network creation time 0.08952498435974121
Evaluating 999 test episodes

ODE Message 3: LCP internal error, s <= 0 (s=-0.0000e+00)
final fitness compute time 2301.3182158470154

Population's average fitness: -138.60206 stdev: 327.23878
Best fitness: -0.00187 - size: (4, 43) - species 4 - id 3814

Best individual in generation 5 meets fitness threshold - complexity: (4, 43)
Average mean fitness over last 5 generations: -138.60205796364258
Average min fitness over last 5 generations: -1058.5352471514768
0 -4.884519343701049 -4.884519343701049

 ****** Running generation 5 ****** 

network creation time 0.056198835372924805
Evaluating 999 test episodes

ODE Message 3: LCP internal error, s <= 0 (s=-0.0000e+00)

ODE Message 3: LCP internal error, s <= 0 (s=0.0000e+00)

ODE Message 3: LCP internal error, s <= 0 (s=-0.0000e+00)

ODE Message 3: LCP internal error, s <= 0 (s=-0.0000e+00)

ODE Message 3: LCP internal error, s <= 0 (s=-0.0000e+00)

ODE Message 3: LCP internal error, s <= 0 (s=-0.0000e+00)

ODE Message 3: LCP internal error, s <= 0 (s=-0.0000e+00)

ODE Message 3: LCP internal error, s <= 0 (s=-0.0000e+00)

ODE Message 3: LCP internal error, s <= 0 (s=-0.0000e+00)

ODE Message 3: LCP internal error, s <= 0 (s=-1.7340e-10)

ODE Message 3: LCP internal error, s <= 0 (s=-0.0000e+00)

ODE Message 3: LCP internal error, s <= 0 (s=0.0000e+00)

ODE Message 3: LCP internal error, s <= 0 (s=-0.0000e+00)

ODE Message 3: LCP internal error, s <= 0 (s=0.0000e+00)

ODE Message 3: LCP internal error, s <= 0 (s=-0.0000e+00)

ODE Message 3: LCP internal error, s <= 0 (s=-0.0000e+00)

ODE Message 3: LCP internal error, s <= 0 (s=0.0000e+00)

ODE Message 3: LCP internal error, s <= 0 (s=-0.0000e+00)

ODE Message 3: LCP internal error, s <= 0 (s=0.0000e+00)

ODE Message 3: LCP internal error, s <= 0 (s=-0.0000e+00)

ODE Message 3: LCP internal error, s <= 0 (s=-0.0000e+00)

ODE Message 3: LCP internal error, s <= 0 (s=-0.0000e+00)

ODE Message 3: LCP internal error, s <= 0 (s=-0.0000e+00)

ODE Message 3: LCP internal error, s <= 0 (s=0.0000e+00)

ODE Message 3: LCP internal error, s <= 0 (s=-0.0000e+00)

ODE Message 3: LCP internal error, s <= 0 (s=-0.0000e+00)

ODE Message 3: LCP internal error, s <= 0 (s=-0.0000e+00)

ODE Message 3: LCP internal error, s <= 0 (s=0.0000e+00)

ODE Message 3: LCP internal error, s <= 0 (s=0.0000e+00)

ODE Message 3: LCP internal error, s <= 0 (s=-0.0000e+00)

ODE Message 3: LCP internal error, s <= 0 (s=0.0000e+00)

ODE Message 3: LCP internal error, s <= 0 (s=-0.0000e+00)

ODE Message 3: LCP internal error, s <= 0 (s=-0.0000e+00)

ODE Message 3: LCP internal error, s <= 0 (s=-0.0000e+00)

ODE Message 3: LCP internal error, s <= 0 (s=0.0000e+00)

ODE Message 3: LCP internal error, s <= 0 (s=0.0000e+00)

ODE Message 3: LCP internal error, s <= 0 (s=-0.0000e+00)

ODE Message 3: LCP internal error, s <= 0 (s=0.0000e+00)

ODE Message 3: LCP internal error, s <= 0 (s=-0.0000e+00)

ODE Message 3: LCP internal error, s <= 0 (s=-0.0000e+00)

ODE Message 3: LCP internal error, s <= 0 (s=-0.0000e+00)

ODE Message 3: LCP internal error, s <= 0 (s=0.0000e+00)

ODE Message 3: LCP internal error, s <= 0 (s=0.0000e+00)

ODE Message 3: LCP internal error, s <= 0 (s=-0.0000e+00)

ODE Message 3: LCP internal error, s <= 0 (s=0.0000e+00)

ODE Message 3: LCP internal error, s <= 0 (s=-0.0000e+00)

ODE Message 3: LCP internal error, s <= 0 (s=-0.0000e+00)

ODE Message 3: LCP internal error, s <= 0 (s=-0.0000e+00)

ODE Message 3: LCP internal error, s <= 0 (s=-0.0000e+00)

ODE Message 3: LCP internal error, s <= 0 (s=0.0000e+00)

ODE Message 3: LCP internal error, s <= 0 (s=0.0000e+00)

ODE Message 3: LCP internal error, s <= 0 (s=-0.0000e+00)

ODE Message 3: LCP internal error, s <= 0 (s=0.0000e+00)

ODE Message 3: LCP internal error, s <= 0 (s=-0.0000e+00)

ODE Message 3: LCP internal error, s <= 0 (s=-0.0000e+00)

ODE Message 3: LCP internal error, s <= 0 (s=0.0000e+00)

ODE Message 3: LCP internal error, s <= 0 (s=-0.0000e+00)

ODE Message 3: LCP internal error, s <= 0 (s=-0.0000e+00)

ODE Message 3: LCP internal error, s <= 0 (s=0.0000e+00)

ODE Message 3: LCP internal error, s <= 0 (s=0.0000e+00)

ODE Message 3: LCP internal error, s <= 0 (s=0.0000e+00)

ODE Message 3: LCP internal error, s <= 0 (s=0.0000e+00)

ODE Message 3: LCP internal error, s <= 0 (s=-0.0000e+00)

ODE Message 3: LCP internal error, s <= 0 (s=-0.0000e+00)

ODE Message 3: LCP internal error, s <= 0 (s=-0.0000e+00)

ODE Message 3: LCP internal error, s <= 0 (s=-0.0000e+00)

ODE Message 3: LCP internal error, s <= 0 (s=0.0000e+00)

ODE Message 3: LCP internal error, s <= 0 (s=-0.0000e+00)

ODE Message 3: LCP internal error, s <= 0 (s=-0.0000e+00)

ODE Message 3: LCP internal error, s <= 0 (s=0.0000e+00)

ODE Message 3: LCP internal error, s <= 0 (s=0.0000e+00)

ODE Message 3: LCP internal error, s <= 0 (s=-0.0000e+00)

ODE Message 3: LCP internal error, s <= 0 (s=-0.0000e+00)

ODE Message 3: LCP internal error, s <= 0 (s=-0.0000e+00)

ODE Message 3: LCP internal error, s <= 0 (s=-0.0000e+00)

ODE Message 3: LCP internal error, s <= 0 (s=0.0000e+00)

ODE Message 3: LCP internal error, s <= 0 (s=0.0000e+00)

ODE Message 3: LCP internal error, s <= 0 (s=-0.0000e+00)

ODE Message 3: LCP internal error, s <= 0 (s=-0.0000e+00)

ODE Message 3: LCP internal error, s <= 0 (s=-0.0000e+00)

ODE Message 3: LCP internal error, s <= 0 (s=-0.0000e+00)

ODE Message 3: LCP internal error, s <= 0 (s=0.0000e+00)

ODE Message 3: LCP internal error, s <= 0 (s=-0.0000e+00)

ODE Message 3: LCP internal error, s <= 0 (s=-0.0000e+00)

ODE Message 3: LCP internal error, s <= 0 (s=-0.0000e+00)

ODE Message 3: LCP internal error, s <= 0 (s=0.0000e+00)

ODE Message 3: LCP internal error, s <= 0 (s=-0.0000e+00)

ODE Message 3: LCP internal error, s <= 0 (s=-0.0000e+00)

ODE Message 3: LCP internal error, s <= 0 (s=-0.0000e+00)

ODE Message 3: LCP internal error, s <= 0 (s=-0.0000e+00)

ODE Message 3: LCP internal error, s <= 0 (s=0.0000e+00)

ODE Message 3: LCP internal error, s <= 0 (s=0.0000e+00)

ODE Message 3: LCP internal error, s <= 0 (s=-0.0000e+00)

ODE Message 3: LCP internal error, s <= 0 (s=-0.0000e+00)

ODE Message 3: LCP internal error, s <= 0 (s=0.0000e+00)

ODE Message 3: LCP internal error, s <= 0 (s=0.0000e+00)

ODE Message 3: LCP internal error, s <= 0 (s=-0.0000e+00)

ODE Message 3: LCP internal error, s <= 0 (s=0.0000e+00)

ODE Message 3: LCP internal error, s <= 0 (s=-0.0000e+00)

ODE Message 3: LCP internal error, s <= 0 (s=0.0000e+00)

ODE Message 3: LCP internal error, s <= 0 (s=-0.0000e+00)

ODE Message 3: LCP internal error, s <= 0 (s=0.0000e+00)

ODE Message 3: LCP internal error, s <= 0 (s=-0.0000e+00)

ODE Message 3: LCP internal error, s <= 0 (s=-0.0000e+00)

ODE Message 3: LCP internal error, s <= 0 (s=0.0000e+00)

ODE Message 3: LCP internal error, s <= 0 (s=-0.0000e+00)

ODE Message 3: LCP internal error, s <= 0 (s=-0.0000e+00)

ODE Message 3: LCP internal error, s <= 0 (s=-0.0000e+00)

ODE Message 3: LCP internal error, s <= 0 (s=-0.0000e+00)

ODE Message 3: LCP internal error, s <= 0 (s=-0.0000e+00)

ODE Message 3: LCP internal error, s <= 0 (s=0.0000e+00)

ODE Message 3: LCP internal error, s <= 0 (s=0.0000e+00)

ODE Message 3: LCP internal error, s <= 0 (s=0.0000e+00)

ODE Message 3: LCP internal error, s <= 0 (s=0.0000e+00)

ODE Message 3: LCP internal error, s <= 0 (s=-0.0000e+00)

ODE Message 3: LCP internal error, s <= 0 (s=-0.0000e+00)

ODE Message 3: LCP internal error, s <= 0 (s=-0.0000e+00)

ODE Message 3: LCP internal error, s <= 0 (s=0.0000e+00)

ODE Message 3: LCP internal error, s <= 0 (s=-0.0000e+00)

ODE Message 3: LCP internal error, s <= 0 (s=0.0000e+00)

ODE Message 3: LCP internal error, s <= 0 (s=-0.0000e+00)

ODE Message 3: LCP internal error, s <= 0 (s=0.0000e+00)

ODE Message 3: LCP internal error, s <= 0 (s=0.0000e+00)

ODE Message 3: LCP internal error, s <= 0 (s=-0.0000e+00)

ODE Message 3: LCP internal error, s <= 0 (s=-0.0000e+00)

ODE Message 3: LCP internal error, s <= 0 (s=0.0000e+00)

ODE Message 3: LCP internal error, s <= 0 (s=-0.0000e+00)

ODE Message 3: LCP internal error, s <= 0 (s=0.0000e+00)

ODE Message 3: LCP internal error, s <= 0 (s=0.0000e+00)

ODE Message 3: LCP internal error, s <= 0 (s=-0.0000e+00)

ODE Message 3: LCP internal error, s <= 0 (s=-0.0000e+00)

ODE Message 3: LCP internal error, s <= 0 (s=0.0000e+00)

ODE Message 3: LCP internal error, s <= 0 (s=-0.0000e+00)

ODE Message 3: LCP internal error, s <= 0 (s=0.0000e+00)

ODE Message 3: LCP internal error, s <= 0 (s=-0.0000e+00)

ODE Message 3: LCP internal error, s <= 0 (s=0.0000e+00)

ODE Message 3: LCP internal error, s <= 0 (s=-0.0000e+00)

ODE Message 3: LCP internal error, s <= 0 (s=0.0000e+00)

ODE Message 3: LCP internal error, s <= 0 (s=-0.0000e+00)

ODE Message 3: LCP internal error, s <= 0 (s=0.0000e+00)

ODE Message 3: LCP internal error, s <= 0 (s=0.0000e+00)

ODE Message 3: LCP internal error, s <= 0 (s=0.0000e+00)

ODE Message 3: LCP internal error, s <= 0 (s=-0.0000e+00)

ODE Message 3: LCP internal error, s <= 0 (s=0.0000e+00)

ODE Message 3: LCP internal error, s <= 0 (s=-0.0000e+00)

ODE Message 3: LCP internal error, s <= 0 (s=-0.0000e+00)

ODE Message 3: LCP internal error, s <= 0 (s=-0.0000e+00)

ODE Message 3: LCP internal error, s <= 0 (s=-0.0000e+00)

ODE Message 3: LCP internal error, s <= 0 (s=-0.0000e+00)

ODE Message 3: LCP internal error, s <= 0 (s=0.0000e+00)

ODE Message 3: LCP internal error, s <= 0 (s=-0.0000e+00)

ODE Message 3: LCP internal error, s <= 0 (s=0.0000e+00)

ODE Message 3: LCP internal error, s <= 0 (s=-0.0000e+00)

ODE Message 3: LCP internal error, s <= 0 (s=-0.0000e+00)

ODE Message 3: LCP internal error, s <= 0 (s=-0.0000e+00)

ODE Message 3: LCP internal error, s <= 0 (s=0.0000e+00)

ODE Message 3: LCP internal error, s <= 0 (s=0.0000e+00)

ODE Message 3: LCP internal error, s <= 0 (s=-0.0000e+00)

ODE Message 3: LCP internal error, s <= 0 (s=-0.0000e+00)

ODE Message 3: LCP internal error, s <= 0 (s=0.0000e+00)

ODE Message 3: LCP internal error, s <= 0 (s=-0.0000e+00)

ODE Message 3: LCP internal error, s <= 0 (s=-0.0000e+00)

ODE Message 3: LCP internal error, s <= 0 (s=-0.0000e+00)

ODE Message 3: LCP internal error, s <= 0 (s=0.0000e+00)

ODE Message 3: LCP internal error, s <= 0 (s=0.0000e+00)

ODE Message 3: LCP internal error, s <= 0 (s=0.0000e+00)

ODE Message 3: LCP internal error, s <= 0 (s=-0.0000e+00)

ODE Message 3: LCP internal error, s <= 0 (s=-0.0000e+00)

ODE Message 3: LCP internal error, s <= 0 (s=0.0000e+00)

ODE Message 3: LCP internal error, s <= 0 (s=0.0000e+00)

ODE Message 3: LCP internal error, s <= 0 (s=0.0000e+00)

ODE Message 3: LCP internal error, s <= 0 (s=0.0000e+00)

ODE Message 3: LCP internal error, s <= 0 (s=-0.0000e+00)

ODE Message 3: LCP internal error, s <= 0 (s=-0.0000e+00)

ODE Message 3: LCP internal error, s <= 0 (s=0.0000e+00)

ODE Message 3: LCP internal error, s <= 0 (s=-0.0000e+00)

ODE Message 3: LCP internal error, s <= 0 (s=0.0000e+00)

ODE Message 3: LCP internal error, s <= 0 (s=-0.0000e+00)

ODE Message 3: LCP internal error, s <= 0 (s=0.0000e+00)

ODE Message 3: LCP internal error, s <= 0 (s=-0.0000e+00)

ODE Message 3: LCP internal error, s <= 0 (s=0.0000e+00)

ODE Message 3: LCP internal error, s <= 0 (s=-0.0000e+00)

ODE Message 3: LCP internal error, s <= 0 (s=-0.0000e+00)

ODE Message 3: LCP internal error, s <= 0 (s=0.0000e+00)

ODE Message 3: LCP internal error, s <= 0 (s=0.0000e+00)

ODE Message 3: LCP internal error, s <= 0 (s=-0.0000e+00)

ODE Message 3: LCP internal error, s <= 0 (s=-0.0000e+00)

ODE Message 3: LCP internal error, s <= 0 (s=-0.0000e+00)

ODE Message 3: LCP internal error, s <= 0 (s=0.0000e+00)

ODE Message 3: LCP internal error, s <= 0 (s=0.0000e+00)

ODE Message 3: LCP internal error, s <= 0 (s=-0.0000e+00)

ODE Message 3: LCP internal error, s <= 0 (s=0.0000e+00)

ODE Message 3: LCP internal error, s <= 0 (s=0.0000e+00)

ODE Message 3: LCP internal error, s <= 0 (s=0.0000e+00)

ODE Message 3: LCP internal error, s <= 0 (s=-0.0000e+00)

ODE Message 3: LCP internal error, s <= 0 (s=0.0000e+00)

ODE Message 3: LCP internal error, s <= 0 (s=-0.0000e+00)

ODE Message 3: LCP internal error, s <= 0 (s=-0.0000e+00)

ODE Message 3: LCP internal error, s <= 0 (s=-0.0000e+00)

ODE Message 3: LCP internal error, s <= 0 (s=-0.0000e+00)

ODE Message 3: LCP internal error, s <= 0 (s=-0.0000e+00)

ODE Message 3: LCP internal error, s <= 0 (s=0.0000e+00)

ODE Message 3: LCP internal error, s <= 0 (s=-0.0000e+00)

ODE Message 3: LCP internal error, s <= 0 (s=-0.0000e+00)

ODE Message 3: LCP internal error, s <= 0 (s=0.0000e+00)

ODE Message 3: LCP internal error, s <= 0 (s=-0.0000e+00)

ODE Message 3: LCP internal error, s <= 0 (s=-0.0000e+00)

ODE Message 3: LCP internal error, s <= 0 (s=-0.0000e+00)

ODE Message 3: LCP internal error, s <= 0 (s=0.0000e+00)

ODE Message 3: LCP internal error, s <= 0 (s=-0.0000e+00)

ODE Message 3: LCP internal error, s <= 0 (s=-0.0000e+00)

ODE Message 3: LCP internal error, s <= 0 (s=0.0000e+00)
final fitness compute time 2312.8398761749268

Population's average fitness: -138.60206 stdev: 327.23878
Best fitness: -0.00187 - size: (4, 43) - species 4 - id 3814

Best individual in generation 5 meets fitness threshold - complexity: (4, 43)
Average mean fitness over last 5 generations: -138.60205796364258
Average min fitness over last 5 generations: -1058.5352471514768
0 -2.684068788034561 -2.684068788034561

 ****** Running generation 5 ****** 

network creation time 0.09200310707092285
Score range [-88.623, 68.582]
simulation run time 1741.6658153533936
Evaluating 999 test episodes
final fitness compute time 2355.378678560257

Population's average fitness: -140.47142 stdev: 331.81382
Best fitness: -0.00130 - size: (4, 41) - species 4 - id 3863

Best individual in generation 5 meets fitness threshold - complexity: (4, 41)
Average mean fitness over last 5 generations: -138.97593003518108
Average min fitness over last 5 generations: -1061.7214151344917
0 -13.564523903105593 -13.564523903105593

 ****** Running generation 5 ****** 

network creation time 0.05709242820739746
Evaluating 999 test episodes
final fitness compute time 2331.9073486328125

Population's average fitness: -140.47142 stdev: 331.81382
Best fitness: -0.00130 - size: (4, 41) - species 4 - id 3863

Best individual in generation 5 meets fitness threshold - complexity: (4, 41)
Average mean fitness over last 5 generations: -139.3498021067196
Average min fitness over last 5 generations: -1064.9075831175064
0 -11.413519260147448 -11.413519260147448

 ****** Running generation 5 ****** 

network creation time 0.05677008628845215
Evaluating 999 test episodes
final fitness compute time 2344.3548412323

Population's average fitness: -140.47142 stdev: 331.81382
Best fitness: -0.00130 - size: (4, 41) - species 4 - id 3863

Best individual in generation 5 meets fitness threshold - complexity: (4, 41)
Average mean fitness over last 5 generations: -139.72367417825814
Average min fitness over last 5 generations: -1068.0937511005216
0 -6.764086935505542 -6.764086935505542

 ****** Running generation 5 ****** 

network creation time 0.05616021156311035
Evaluating 999 test episodes

ODE Message 3: LCP internal error, s <= 0 (s=-0.0000e+00)
final fitness compute time 2347.5892922878265

Population's average fitness: -140.47142 stdev: 331.81382
Best fitness: -0.00130 - size: (4, 41) - species 4 - id 3863

Best individual in generation 5 meets fitness threshold - complexity: (4, 41)
Average mean fitness over last 5 generations: -140.09754624979664
Average min fitness over last 5 generations: -1071.2799190835362
0 8.5487200690726 8.5487200690726
1 -12.190679482607557 -1.8209797067674787

 ****** Running generation 5 ****** 

network creation time 0.05708146095275879
Evaluating 999 test episodes
final fitness compute time 2346.0954191684723

Population's average fitness: -140.47142 stdev: 331.81382
Best fitness: -0.00130 - size: (4, 41) - species 4 - id 3863

Best individual in generation 5 meets fitness threshold - complexity: (4, 41)
Average mean fitness over last 5 generations: -140.47141832133516
Average min fitness over last 5 generations: -1074.4660870665514
0 -10.670793945417113 -10.670793945417113

 ****** Running generation 5 ****** 

network creation time 0.05676865577697754
Evaluating 999 test episodes

ODE Message 3: LCP internal error, s <= 0 (s=0.0000e+00)

ODE Message 3: LCP internal error, s <= 0 (s=0.0000e+00)
final fitness compute time 2342.6977474689484

Population's average fitness: -140.47142 stdev: 331.81382
Best fitness: -0.00130 - size: (4, 41) - species 4 - id 3863

Best individual in generation 5 meets fitness threshold - complexity: (4, 41)
Average mean fitness over last 5 generations: -140.47141832133516
Average min fitness over last 5 generations: -1074.4660870665514
0 23.35333445171273 23.35333445171273
1 -13.280966438912051 5.036184006400339

 ****** Running generation 5 ****** 

network creation time 0.05666208267211914
Evaluating 999 test episodes
final fitness compute time 2332.7124836444855

Population's average fitness: -140.47142 stdev: 331.81382
Best fitness: -0.00130 - size: (4, 41) - species 4 - id 3863

Best individual in generation 5 meets fitness threshold - complexity: (4, 41)
Average mean fitness over last 5 generations: -140.47141832133516
Average min fitness over last 5 generations: -1074.4660870665514
0 -8.238939875306453 -8.238939875306453

 ****** Running generation 5 ****** 

network creation time 0.09263086318969727
Evaluating 999 test episodes

ODE Message 3: LCP internal error, s <= 0 (s=-0.0000e+00)

ODE Message 3: LCP internal error, s <= 0 (s=-0.0000e+00)
final fitness compute time 2347.9699058532715

Population's average fitness: -140.47142 stdev: 331.81382
Best fitness: -0.00130 - size: (4, 41) - species 4 - id 3863

Best individual in generation 5 meets fitness threshold - complexity: (4, 41)
Average mean fitness over last 5 generations: -140.47141832133516
Average min fitness over last 5 generations: -1074.4660870665514
0 -27.481975052313683 -27.481975052313683

 ****** Running generation 5 ****** 

network creation time 0.05628776550292969
Evaluating 999 test episodes

ODE Message 3: LCP internal error, s <= 0 (s=-0.0000e+00)

ODE Message 3: LCP internal error, s <= 0 (s=-0.0000e+00)
final fitness compute time 2349.4896240234375

Population's average fitness: -140.47142 stdev: 331.81382
Best fitness: -0.00130 - size: (4, 41) - species 4 - id 3863

Best individual in generation 5 meets fitness threshold - complexity: (4, 41)
Average mean fitness over last 5 generations: -140.47141832133516
Average min fitness over last 5 generations: -1074.4660870665514
0 22.28873736892204 22.28873736892204
1 -16.36918282494056 2.95977727199074

 ****** Running generation 5 ****** 

network creation time 0.09092235565185547
Evaluating 999 test episodes

ODE Message 3: LCP internal error, s <= 0 (s=-0.0000e+00)

ODE Message 3: LCP internal error, s <= 0 (s=0.0000e+00)

ODE Message 3: LCP internal error, s <= 0 (s=-0.0000e+00)

ODE Message 3: LCP internal error, s <= 0 (s=0.0000e+00)

ODE Message 3: LCP internal error, s <= 0 (s=-0.0000e+00)

ODE Message 3: LCP internal error, s <= 0 (s=0.0000e+00)

ODE Message 3: LCP internal error, s <= 0 (s=0.0000e+00)

ODE Message 3: LCP internal error, s <= 0 (s=-0.0000e+00)

ODE Message 3: LCP internal error, s <= 0 (s=-0.0000e+00)

ODE Message 3: LCP internal error, s <= 0 (s=-0.0000e+00)

ODE Message 3: LCP internal error, s <= 0 (s=0.0000e+00)

ODE Message 3: LCP internal error, s <= 0 (s=0.0000e+00)

ODE Message 3: LCP internal error, s <= 0 (s=0.0000e+00)

ODE Message 3: LCP internal error, s <= 0 (s=0.0000e+00)

ODE Message 3: LCP internal error, s <= 0 (s=-0.0000e+00)

ODE Message 3: LCP internal error, s <= 0 (s=0.0000e+00)

ODE Message 3: LCP internal error, s <= 0 (s=0.0000e+00)

ODE Message 3: LCP internal error, s <= 0 (s=-0.0000e+00)

ODE Message 3: LCP internal error, s <= 0 (s=-0.0000e+00)

ODE Message 3: LCP internal error, s <= 0 (s=0.0000e+00)

ODE Message 3: LCP internal error, s <= 0 (s=-0.0000e+00)

ODE Message 3: LCP internal error, s <= 0 (s=0.0000e+00)

ODE Message 3: LCP internal error, s <= 0 (s=0.0000e+00)

ODE Message 3: LCP internal error, s <= 0 (s=-0.0000e+00)

ODE Message 3: LCP internal error, s <= 0 (s=-0.0000e+00)

ODE Message 3: LCP internal error, s <= 0 (s=-0.0000e+00)

ODE Message 3: LCP internal error, s <= 0 (s=0.0000e+00)

ODE Message 3: LCP internal error, s <= 0 (s=0.0000e+00)

ODE Message 3: LCP internal error, s <= 0 (s=-0.0000e+00)

ODE Message 3: LCP internal error, s <= 0 (s=0.0000e+00)

ODE Message 3: LCP internal error, s <= 0 (s=-0.0000e+00)

ODE Message 3: LCP internal error, s <= 0 (s=-0.0000e+00)

ODE Message 3: LCP internal error, s <= 0 (s=-0.0000e+00)

ODE Message 3: LCP internal error, s <= 0 (s=-0.0000e+00)

ODE Message 3: LCP internal error, s <= 0 (s=0.0000e+00)

ODE Message 3: LCP internal error, s <= 0 (s=-0.0000e+00)

ODE Message 3: LCP internal error, s <= 0 (s=-0.0000e+00)

ODE Message 3: LCP internal error, s <= 0 (s=-0.0000e+00)

ODE Message 3: LCP internal error, s <= 0 (s=0.0000e+00)

ODE Message 3: LCP internal error, s <= 0 (s=0.0000e+00)

ODE Message 3: LCP internal error, s <= 0 (s=-0.0000e+00)

ODE Message 3: LCP internal error, s <= 0 (s=0.0000e+00)

ODE Message 3: LCP internal error, s <= 0 (s=-0.0000e+00)

ODE Message 3: LCP internal error, s <= 0 (s=-0.0000e+00)

ODE Message 3: LCP internal error, s <= 0 (s=0.0000e+00)

ODE Message 3: LCP internal error, s <= 0 (s=-0.0000e+00)

ODE Message 3: LCP internal error, s <= 0 (s=0.0000e+00)

ODE Message 3: LCP internal error, s <= 0 (s=-0.0000e+00)

ODE Message 3: LCP internal error, s <= 0 (s=-0.0000e+00)

ODE Message 3: LCP internal error, s <= 0 (s=-0.0000e+00)

ODE Message 3: LCP internal error, s <= 0 (s=0.0000e+00)

ODE Message 3: LCP internal error, s <= 0 (s=-0.0000e+00)

ODE Message 3: LCP internal error, s <= 0 (s=-0.0000e+00)

ODE Message 3: LCP internal error, s <= 0 (s=-0.0000e+00)

ODE Message 3: LCP internal error, s <= 0 (s=-0.0000e+00)

ODE Message 3: LCP internal error, s <= 0 (s=-0.0000e+00)

ODE Message 3: LCP internal error, s <= 0 (s=0.0000e+00)

ODE Message 3: LCP internal error, s <= 0 (s=-0.0000e+00)

ODE Message 3: LCP internal error, s <= 0 (s=-0.0000e+00)

ODE Message 3: LCP internal error, s <= 0 (s=-0.0000e+00)

ODE Message 3: LCP internal error, s <= 0 (s=0.0000e+00)

ODE Message 3: LCP internal error, s <= 0 (s=0.0000e+00)

ODE Message 3: LCP internal error, s <= 0 (s=-0.0000e+00)

ODE Message 3: LCP internal error, s <= 0 (s=0.0000e+00)

ODE Message 3: LCP internal error, s <= 0 (s=-0.0000e+00)

ODE Message 3: LCP internal error, s <= 0 (s=-0.0000e+00)

ODE Message 3: LCP internal error, s <= 0 (s=0.0000e+00)

ODE Message 3: LCP internal error, s <= 0 (s=-0.0000e+00)

ODE Message 3: LCP internal error, s <= 0 (s=0.0000e+00)

ODE Message 3: LCP internal error, s <= 0 (s=-0.0000e+00)

ODE Message 3: LCP internal error, s <= 0 (s=0.0000e+00)

ODE Message 3: LCP internal error, s <= 0 (s=-0.0000e+00)

ODE Message 3: LCP internal error, s <= 0 (s=0.0000e+00)

ODE Message 3: LCP internal error, s <= 0 (s=0.0000e+00)

ODE Message 3: LCP internal error, s <= 0 (s=0.0000e+00)

ODE Message 3: LCP internal error, s <= 0 (s=0.0000e+00)

ODE Message 3: LCP internal error, s <= 0 (s=0.0000e+00)

ODE Message 3: LCP internal error, s <= 0 (s=0.0000e+00)

ODE Message 3: LCP internal error, s <= 0 (s=0.0000e+00)

ODE Message 3: LCP internal error, s <= 0 (s=-1.6799e-10)

ODE Message 3: LCP internal error, s <= 0 (s=-0.0000e+00)

ODE Message 3: LCP internal error, s <= 0 (s=-0.0000e+00)

ODE Message 3: LCP internal error, s <= 0 (s=-0.0000e+00)

ODE Message 3: LCP internal error, s <= 0 (s=-0.0000e+00)

ODE Message 3: LCP internal error, s <= 0 (s=-0.0000e+00)

ODE Message 3: LCP internal error, s <= 0 (s=0.0000e+00)

ODE Message 3: LCP internal error, s <= 0 (s=-0.0000e+00)

ODE Message 3: LCP internal error, s <= 0 (s=0.0000e+00)

ODE Message 3: LCP internal error, s <= 0 (s=0.0000e+00)

ODE Message 3: LCP internal error, s <= 0 (s=0.0000e+00)

ODE Message 3: LCP internal error, s <= 0 (s=-0.0000e+00)

ODE Message 3: LCP internal error, s <= 0 (s=0.0000e+00)

ODE Message 3: LCP internal error, s <= 0 (s=-0.0000e+00)

ODE Message 3: LCP internal error, s <= 0 (s=0.0000e+00)

ODE Message 3: LCP internal error, s <= 0 (s=0.0000e+00)

ODE Message 3: LCP internal error, s <= 0 (s=0.0000e+00)

ODE Message 3: LCP internal error, s <= 0 (s=-0.0000e+00)

ODE Message 3: LCP internal error, s <= 0 (s=-0.0000e+00)

ODE Message 3: LCP internal error, s <= 0 (s=-0.0000e+00)

ODE Message 3: LCP internal error, s <= 0 (s=0.0000e+00)

ODE Message 3: LCP internal error, s <= 0 (s=-0.0000e+00)

ODE Message 3: LCP internal error, s <= 0 (s=0.0000e+00)

ODE Message 3: LCP internal error, s <= 0 (s=-0.0000e+00)

ODE Message 3: LCP internal error, s <= 0 (s=0.0000e+00)

ODE Message 3: LCP internal error, s <= 0 (s=-0.0000e+00)

ODE Message 3: LCP internal error, s <= 0 (s=-0.0000e+00)

ODE Message 3: LCP internal error, s <= 0 (s=0.0000e+00)

ODE Message 3: LCP internal error, s <= 0 (s=0.0000e+00)

ODE Message 3: LCP internal error, s <= 0 (s=-0.0000e+00)

ODE Message 3: LCP internal error, s <= 0 (s=-0.0000e+00)

ODE Message 3: LCP internal error, s <= 0 (s=-0.0000e+00)

ODE Message 3: LCP internal error, s <= 0 (s=0.0000e+00)

ODE Message 3: LCP internal error, s <= 0 (s=0.0000e+00)

ODE Message 3: LCP internal error, s <= 0 (s=-0.0000e+00)

ODE Message 3: LCP internal error, s <= 0 (s=0.0000e+00)

ODE Message 3: LCP internal error, s <= 0 (s=-0.0000e+00)

ODE Message 3: LCP internal error, s <= 0 (s=-0.0000e+00)

ODE Message 3: LCP internal error, s <= 0 (s=0.0000e+00)

ODE Message 3: LCP internal error, s <= 0 (s=-0.0000e+00)

ODE Message 3: LCP internal error, s <= 0 (s=-0.0000e+00)

ODE Message 3: LCP internal error, s <= 0 (s=0.0000e+00)

ODE Message 3: LCP internal error, s <= 0 (s=0.0000e+00)

ODE Message 3: LCP internal error, s <= 0 (s=-0.0000e+00)

ODE Message 3: LCP internal error, s <= 0 (s=-0.0000e+00)

ODE Message 3: LCP internal error, s <= 0 (s=0.0000e+00)

ODE Message 3: LCP internal error, s <= 0 (s=0.0000e+00)

ODE Message 3: LCP internal error, s <= 0 (s=-0.0000e+00)

ODE Message 3: LCP internal error, s <= 0 (s=0.0000e+00)

ODE Message 3: LCP internal error, s <= 0 (s=-0.0000e+00)

ODE Message 3: LCP internal error, s <= 0 (s=0.0000e+00)

ODE Message 3: LCP internal error, s <= 0 (s=0.0000e+00)

ODE Message 3: LCP internal error, s <= 0 (s=0.0000e+00)

ODE Message 3: LCP internal error, s <= 0 (s=0.0000e+00)

ODE Message 3: LCP internal error, s <= 0 (s=0.0000e+00)

ODE Message 3: LCP internal error, s <= 0 (s=0.0000e+00)

ODE Message 3: LCP internal error, s <= 0 (s=-0.0000e+00)

ODE Message 3: LCP internal error, s <= 0 (s=-0.0000e+00)

ODE Message 3: LCP internal error, s <= 0 (s=0.0000e+00)

ODE Message 3: LCP internal error, s <= 0 (s=0.0000e+00)

ODE Message 3: LCP internal error, s <= 0 (s=-0.0000e+00)

ODE Message 3: LCP internal error, s <= 0 (s=-0.0000e+00)

ODE Message 3: LCP internal error, s <= 0 (s=0.0000e+00)

ODE Message 3: LCP internal error, s <= 0 (s=0.0000e+00)

ODE Message 3: LCP internal error, s <= 0 (s=-0.0000e+00)

ODE Message 3: LCP internal error, s <= 0 (s=-0.0000e+00)

ODE Message 3: LCP internal error, s <= 0 (s=0.0000e+00)

ODE Message 3: LCP internal error, s <= 0 (s=-0.0000e+00)

ODE Message 3: LCP internal error, s <= 0 (s=0.0000e+00)

ODE Message 3: LCP internal error, s <= 0 (s=-0.0000e+00)

ODE Message 3: LCP internal error, s <= 0 (s=-0.0000e+00)

ODE Message 3: LCP internal error, s <= 0 (s=-0.0000e+00)

ODE Message 3: LCP internal error, s <= 0 (s=-0.0000e+00)

ODE Message 3: LCP internal error, s <= 0 (s=-0.0000e+00)

ODE Message 3: LCP internal error, s <= 0 (s=-0.0000e+00)

ODE Message 3: LCP internal error, s <= 0 (s=-0.0000e+00)

ODE Message 3: LCP internal error, s <= 0 (s=-0.0000e+00)

ODE Message 3: LCP internal error, s <= 0 (s=-0.0000e+00)

ODE Message 3: LCP internal error, s <= 0 (s=0.0000e+00)

ODE Message 3: LCP internal error, s <= 0 (s=-0.0000e+00)

ODE Message 3: LCP internal error, s <= 0 (s=0.0000e+00)

ODE Message 3: LCP internal error, s <= 0 (s=-0.0000e+00)

ODE Message 3: LCP internal error, s <= 0 (s=-0.0000e+00)

ODE Message 3: LCP internal error, s <= 0 (s=-0.0000e+00)

ODE Message 3: LCP internal error, s <= 0 (s=-0.0000e+00)

ODE Message 3: LCP internal error, s <= 0 (s=-0.0000e+00)

ODE Message 3: LCP internal error, s <= 0 (s=-0.0000e+00)

ODE Message 3: LCP internal error, s <= 0 (s=-0.0000e+00)

ODE Message 3: LCP internal error, s <= 0 (s=-0.0000e+00)

ODE Message 3: LCP internal error, s <= 0 (s=0.0000e+00)

ODE Message 3: LCP internal error, s <= 0 (s=0.0000e+00)

ODE Message 3: LCP internal error, s <= 0 (s=-0.0000e+00)

ODE Message 3: LCP internal error, s <= 0 (s=0.0000e+00)

ODE Message 3: LCP internal error, s <= 0 (s=-0.0000e+00)

ODE Message 3: LCP internal error, s <= 0 (s=-0.0000e+00)

ODE Message 3: LCP internal error, s <= 0 (s=0.0000e+00)

ODE Message 3: LCP internal error, s <= 0 (s=0.0000e+00)

ODE Message 3: LCP internal error, s <= 0 (s=-0.0000e+00)

ODE Message 3: LCP internal error, s <= 0 (s=0.0000e+00)

ODE Message 3: LCP internal error, s <= 0 (s=0.0000e+00)

ODE Message 3: LCP internal error, s <= 0 (s=-0.0000e+00)

ODE Message 3: LCP internal error, s <= 0 (s=-0.0000e+00)

ODE Message 3: LCP internal error, s <= 0 (s=-0.0000e+00)

ODE Message 3: LCP internal error, s <= 0 (s=0.0000e+00)

ODE Message 3: LCP internal error, s <= 0 (s=0.0000e+00)

ODE Message 3: LCP internal error, s <= 0 (s=-0.0000e+00)

ODE Message 3: LCP internal error, s <= 0 (s=-0.0000e+00)

ODE Message 3: LCP internal error, s <= 0 (s=0.0000e+00)
final fitness compute time 2344.956263065338

Population's average fitness: -140.47142 stdev: 331.81382
Best fitness: -0.00130 - size: (4, 41) - species 4 - id 3863

Best individual in generation 5 meets fitness threshold - complexity: (4, 41)
Average mean fitness over last 5 generations: -140.47141832133516
Average min fitness over last 5 generations: -1074.4660870665514
0 21.925019859194084 21.925019859194084
1 22.019374972865563 21.97219741602982
2 -2.583490089987246 13.786968247357466

 ****** Running generation 5 ****** 

network creation time 0.057019710540771484
Score range [-89.289, 79.662]
simulation run time 1747.0600249767303
Evaluating 999 test episodes
final fitness compute time 2349.628448009491

Population's average fitness: -140.66969 stdev: 332.26483
Best fitness: -0.00128 - size: (4, 41) - species 4 - id 3863

Best individual in generation 5 meets fitness threshold - complexity: (4, 41)
Average mean fitness over last 5 generations: -140.5110725579008
Average min fitness over last 5 generations: -1074.1591493926621
0 -10.915958749306116 -10.915958749306116

 ****** Running generation 5 ****** 

network creation time 0.08657217025756836
Evaluating 999 test episodes
final fitness compute time 2358.2769911289215

Population's average fitness: -140.66969 stdev: 332.26483
Best fitness: -0.00128 - size: (4, 41) - species 4 - id 3863

Best individual in generation 5 meets fitness threshold - complexity: (4, 41)
Average mean fitness over last 5 generations: -140.55072679446639
Average min fitness over last 5 generations: -1073.852211718773
0 -13.460923086904696 -13.460923086904696

 ****** Running generation 5 ****** 

network creation time 0.056052446365356445
Evaluating 999 test episodes

ODE Message 3: LCP internal error, s <= 0 (s=0.0000e+00)
final fitness compute time 2371.1038765907288

Population's average fitness: -140.66969 stdev: 332.26483
Best fitness: -0.00128 - size: (4, 41) - species 4 - id 3863

Best individual in generation 5 meets fitness threshold - complexity: (4, 41)
Average mean fitness over last 5 generations: -140.59038103103202
Average min fitness over last 5 generations: -1073.5452740448839
0 2.0907022857123665 2.0907022857123665
1 -3.945101968244231 -0.9271998412659324

 ****** Running generation 5 ****** 

network creation time 0.056862831115722656
Evaluating 999 test episodes
final fitness compute time 2356.2264499664307

Population's average fitness: -140.66969 stdev: 332.26483
Best fitness: -0.00128 - size: (4, 41) - species 4 - id 3863

Best individual in generation 5 meets fitness threshold - complexity: (4, 41)
Average mean fitness over last 5 generations: -140.63003526759766
Average min fitness over last 5 generations: -1073.2383363709946
0 -25.462629383904645 -25.462629383904645

 ****** Running generation 5 ****** 

network creation time 0.056288719177246094
Evaluating 999 test episodes

ODE Message 3: LCP internal error, s <= 0 (s=-0.0000e+00)

ODE Message 3: LCP internal error, s <= 0 (s=-0.0000e+00)
final fitness compute time 2363.3683478832245

Population's average fitness: -140.66969 stdev: 332.26483
Best fitness: -0.00128 - size: (4, 41) - species 4 - id 3863

Best individual in generation 5 meets fitness threshold - complexity: (4, 41)
Average mean fitness over last 5 generations: -140.66968950416327
Average min fitness over last 5 generations: -1072.9313986971056
0 26.592599513363023 26.592599513363023
1 -90.42230819942817 -31.914854343032573

 ****** Running generation 5 ****** 

network creation time 0.05554842948913574
Evaluating 999 test episodes
final fitness compute time 2347.142097711563

Population's average fitness: -140.66969 stdev: 332.26483
Best fitness: -0.00128 - size: (4, 41) - species 4 - id 3863

Best individual in generation 5 meets fitness threshold - complexity: (4, 41)
Average mean fitness over last 5 generations: -140.66968950416327
Average min fitness over last 5 generations: -1072.9313986971056
0 -53.03552614949659 -53.03552614949659

 ****** Running generation 5 ****** 

network creation time 0.058000802993774414
Evaluating 999 test episodes

ODE Message 3: LCP internal error, s <= 0 (s=0.0000e+00)
final fitness compute time 2367.909120798111

Population's average fitness: -140.66969 stdev: 332.26483
Best fitness: -0.00128 - size: (4, 41) - species 4 - id 3863

Best individual in generation 5 meets fitness threshold - complexity: (4, 41)
Average mean fitness over last 5 generations: -140.66968950416327
Average min fitness over last 5 generations: -1072.9313986971056
0 -88.96226406790917 -88.96226406790917

 ****** Running generation 5 ****** 

network creation time 0.05808258056640625
Evaluating 999 test episodes

ODE Message 3: LCP internal error, s <= 0 (s=-0.0000e+00)

ODE Message 3: LCP internal error, s <= 0 (s=0.0000e+00)
final fitness compute time 2354.81613779068

Population's average fitness: -140.66969 stdev: 332.26483
Best fitness: -0.00128 - size: (4, 41) - species 4 - id 3863

Best individual in generation 5 meets fitness threshold - complexity: (4, 41)
Average mean fitness over last 5 generations: -140.66968950416327
Average min fitness over last 5 generations: -1072.9313986971056
0 19.034289989917518 19.034289989917518
1 27.418497271999332 23.226393630958427
2 11.430732361605374 19.294506541174076
3 -8.191421212946052 12.423024602644043

 ****** Running generation 5 ****** 

network creation time 0.05634570121765137
Evaluating 999 test episodes
final fitness compute time 2389.230018377304

Population's average fitness: -140.66969 stdev: 332.26483
Best fitness: -0.00128 - size: (4, 41) - species 4 - id 3863

Best individual in generation 5 meets fitness threshold - complexity: (4, 41)
Average mean fitness over last 5 generations: -140.66968950416327
Average min fitness over last 5 generations: -1072.9313986971056
0 -16.031542356193736 -16.031542356193736

 ****** Running generation 5 ****** 

network creation time 0.06037449836730957
Evaluating 999 test episodes

ODE Message 3: LCP internal error, s <= 0 (s=-0.0000e+00)

ODE Message 3: LCP internal error, s <= 0 (s=-0.0000e+00)

ODE Message 3: LCP internal error, s <= 0 (s=-0.0000e+00)

ODE Message 3: LCP internal error, s <= 0 (s=-0.0000e+00)

ODE Message 3: LCP internal error, s <= 0 (s=-0.0000e+00)

ODE Message 3: LCP internal error, s <= 0 (s=-0.0000e+00)

ODE Message 3: LCP internal error, s <= 0 (s=-0.0000e+00)

ODE Message 3: LCP internal error, s <= 0 (s=-0.0000e+00)

ODE Message 3: LCP internal error, s <= 0 (s=-0.0000e+00)

ODE Message 3: LCP internal error, s <= 0 (s=-0.0000e+00)

ODE Message 3: LCP internal error, s <= 0 (s=-0.0000e+00)

ODE Message 3: LCP internal error, s <= 0 (s=-0.0000e+00)

ODE Message 3: LCP internal error, s <= 0 (s=0.0000e+00)

ODE Message 3: LCP internal error, s <= 0 (s=0.0000e+00)

ODE Message 3: LCP internal error, s <= 0 (s=0.0000e+00)

ODE Message 3: LCP internal error, s <= 0 (s=0.0000e+00)

ODE Message 3: LCP internal error, s <= 0 (s=0.0000e+00)

ODE Message 3: LCP internal error, s <= 0 (s=-0.0000e+00)

ODE Message 3: LCP internal error, s <= 0 (s=-0.0000e+00)

ODE Message 3: LCP internal error, s <= 0 (s=-0.0000e+00)

ODE Message 3: LCP internal error, s <= 0 (s=-0.0000e+00)

ODE Message 3: LCP internal error, s <= 0 (s=0.0000e+00)

ODE Message 3: LCP internal error, s <= 0 (s=-0.0000e+00)

ODE Message 3: LCP internal error, s <= 0 (s=-0.0000e+00)

ODE Message 3: LCP internal error, s <= 0 (s=0.0000e+00)

ODE Message 3: LCP internal error, s <= 0 (s=0.0000e+00)

ODE Message 3: LCP internal error, s <= 0 (s=0.0000e+00)

ODE Message 3: LCP internal error, s <= 0 (s=-0.0000e+00)

ODE Message 3: LCP internal error, s <= 0 (s=-0.0000e+00)

ODE Message 3: LCP internal error, s <= 0 (s=0.0000e+00)

ODE Message 3: LCP internal error, s <= 0 (s=0.0000e+00)

ODE Message 3: LCP internal error, s <= 0 (s=0.0000e+00)

ODE Message 3: LCP internal error, s <= 0 (s=-0.0000e+00)

ODE Message 3: LCP internal error, s <= 0 (s=-0.0000e+00)

ODE Message 3: LCP internal error, s <= 0 (s=-0.0000e+00)

ODE Message 3: LCP internal error, s <= 0 (s=-0.0000e+00)

ODE Message 3: LCP internal error, s <= 0 (s=0.0000e+00)

ODE Message 3: LCP internal error, s <= 0 (s=-0.0000e+00)

ODE Message 3: LCP internal error, s <= 0 (s=0.0000e+00)

ODE Message 3: LCP internal error, s <= 0 (s=-0.0000e+00)

ODE Message 3: LCP internal error, s <= 0 (s=-0.0000e+00)

ODE Message 3: LCP internal error, s <= 0 (s=-0.0000e+00)

ODE Message 3: LCP internal error, s <= 0 (s=0.0000e+00)

ODE Message 3: LCP internal error, s <= 0 (s=0.0000e+00)

ODE Message 3: LCP internal error, s <= 0 (s=0.0000e+00)

ODE Message 3: LCP internal error, s <= 0 (s=0.0000e+00)

ODE Message 3: LCP internal error, s <= 0 (s=0.0000e+00)

ODE Message 3: LCP internal error, s <= 0 (s=-0.0000e+00)

ODE Message 3: LCP internal error, s <= 0 (s=0.0000e+00)

ODE Message 3: LCP internal error, s <= 0 (s=0.0000e+00)

ODE Message 3: LCP internal error, s <= 0 (s=-0.0000e+00)

ODE Message 3: LCP internal error, s <= 0 (s=0.0000e+00)

ODE Message 3: LCP internal error, s <= 0 (s=-0.0000e+00)

ODE Message 3: LCP internal error, s <= 0 (s=-0.0000e+00)

ODE Message 3: LCP internal error, s <= 0 (s=0.0000e+00)

ODE Message 3: LCP internal error, s <= 0 (s=-0.0000e+00)

ODE Message 3: LCP internal error, s <= 0 (s=-0.0000e+00)

ODE Message 3: LCP internal error, s <= 0 (s=-0.0000e+00)

ODE Message 3: LCP internal error, s <= 0 (s=0.0000e+00)

ODE Message 3: LCP internal error, s <= 0 (s=0.0000e+00)

ODE Message 3: LCP internal error, s <= 0 (s=0.0000e+00)

ODE Message 3: LCP internal error, s <= 0 (s=-0.0000e+00)

ODE Message 3: LCP internal error, s <= 0 (s=-0.0000e+00)

ODE Message 3: LCP internal error, s <= 0 (s=-0.0000e+00)

ODE Message 3: LCP internal error, s <= 0 (s=-0.0000e+00)

ODE Message 3: LCP internal error, s <= 0 (s=-0.0000e+00)

ODE Message 3: LCP internal error, s <= 0 (s=0.0000e+00)

ODE Message 3: LCP internal error, s <= 0 (s=-0.0000e+00)

ODE Message 3: LCP internal error, s <= 0 (s=-1.6798e-10)

ODE Message 3: LCP internal error, s <= 0 (s=0.0000e+00)

ODE Message 3: LCP internal error, s <= 0 (s=0.0000e+00)

ODE Message 3: LCP internal error, s <= 0 (s=-0.0000e+00)

ODE Message 3: LCP internal error, s <= 0 (s=-0.0000e+00)

ODE Message 3: LCP internal error, s <= 0 (s=0.0000e+00)

ODE Message 3: LCP internal error, s <= 0 (s=0.0000e+00)

ODE Message 3: LCP internal error, s <= 0 (s=-0.0000e+00)

ODE Message 3: LCP internal error, s <= 0 (s=0.0000e+00)

ODE Message 3: LCP internal error, s <= 0 (s=-0.0000e+00)

ODE Message 3: LCP internal error, s <= 0 (s=0.0000e+00)

ODE Message 3: LCP internal error, s <= 0 (s=-0.0000e+00)

ODE Message 3: LCP internal error, s <= 0 (s=0.0000e+00)

ODE Message 3: LCP internal error, s <= 0 (s=0.0000e+00)

ODE Message 3: LCP internal error, s <= 0 (s=0.0000e+00)

ODE Message 3: LCP internal error, s <= 0 (s=-0.0000e+00)

ODE Message 3: LCP internal error, s <= 0 (s=-0.0000e+00)

ODE Message 3: LCP internal error, s <= 0 (s=-0.0000e+00)

ODE Message 3: LCP internal error, s <= 0 (s=0.0000e+00)

ODE Message 3: LCP internal error, s <= 0 (s=-0.0000e+00)

ODE Message 3: LCP internal error, s <= 0 (s=-0.0000e+00)

ODE Message 3: LCP internal error, s <= 0 (s=0.0000e+00)

ODE Message 3: LCP internal error, s <= 0 (s=-0.0000e+00)

ODE Message 3: LCP internal error, s <= 0 (s=-0.0000e+00)

ODE Message 3: LCP internal error, s <= 0 (s=-0.0000e+00)

ODE Message 3: LCP internal error, s <= 0 (s=0.0000e+00)

ODE Message 3: LCP internal error, s <= 0 (s=-0.0000e+00)

ODE Message 3: LCP internal error, s <= 0 (s=-0.0000e+00)

ODE Message 3: LCP internal error, s <= 0 (s=0.0000e+00)

ODE Message 3: LCP internal error, s <= 0 (s=-0.0000e+00)

ODE Message 3: LCP internal error, s <= 0 (s=-0.0000e+00)

ODE Message 3: LCP internal error, s <= 0 (s=0.0000e+00)

ODE Message 3: LCP internal error, s <= 0 (s=-0.0000e+00)

ODE Message 3: LCP internal error, s <= 0 (s=-0.0000e+00)

ODE Message 3: LCP internal error, s <= 0 (s=-0.0000e+00)

ODE Message 3: LCP internal error, s <= 0 (s=0.0000e+00)

ODE Message 3: LCP internal error, s <= 0 (s=0.0000e+00)

ODE Message 3: LCP internal error, s <= 0 (s=-0.0000e+00)

ODE Message 3: LCP internal error, s <= 0 (s=0.0000e+00)

ODE Message 3: LCP internal error, s <= 0 (s=-0.0000e+00)

ODE Message 3: LCP internal error, s <= 0 (s=-0.0000e+00)

ODE Message 3: LCP internal error, s <= 0 (s=-0.0000e+00)

ODE Message 3: LCP internal error, s <= 0 (s=0.0000e+00)

ODE Message 3: LCP internal error, s <= 0 (s=-0.0000e+00)

ODE Message 3: LCP internal error, s <= 0 (s=-0.0000e+00)

ODE Message 3: LCP internal error, s <= 0 (s=-0.0000e+00)

ODE Message 3: LCP internal error, s <= 0 (s=0.0000e+00)

ODE Message 3: LCP internal error, s <= 0 (s=0.0000e+00)

ODE Message 3: LCP internal error, s <= 0 (s=0.0000e+00)

ODE Message 3: LCP internal error, s <= 0 (s=-0.0000e+00)

ODE Message 3: LCP internal error, s <= 0 (s=0.0000e+00)

ODE Message 3: LCP internal error, s <= 0 (s=-0.0000e+00)

ODE Message 3: LCP internal error, s <= 0 (s=0.0000e+00)

ODE Message 3: LCP internal error, s <= 0 (s=-0.0000e+00)

ODE Message 3: LCP internal error, s <= 0 (s=0.0000e+00)

ODE Message 3: LCP internal error, s <= 0 (s=-0.0000e+00)

ODE Message 3: LCP internal error, s <= 0 (s=0.0000e+00)

ODE Message 3: LCP internal error, s <= 0 (s=-0.0000e+00)

ODE Message 3: LCP internal error, s <= 0 (s=-0.0000e+00)

ODE Message 3: LCP internal error, s <= 0 (s=-0.0000e+00)

ODE Message 3: LCP internal error, s <= 0 (s=0.0000e+00)

ODE Message 3: LCP internal error, s <= 0 (s=-0.0000e+00)

ODE Message 3: LCP internal error, s <= 0 (s=0.0000e+00)

ODE Message 3: LCP internal error, s <= 0 (s=-0.0000e+00)

ODE Message 3: LCP internal error, s <= 0 (s=-0.0000e+00)

ODE Message 3: LCP internal error, s <= 0 (s=-0.0000e+00)

ODE Message 3: LCP internal error, s <= 0 (s=-0.0000e+00)

ODE Message 3: LCP internal error, s <= 0 (s=-0.0000e+00)

ODE Message 3: LCP internal error, s <= 0 (s=0.0000e+00)

ODE Message 3: LCP internal error, s <= 0 (s=-0.0000e+00)

ODE Message 3: LCP internal error, s <= 0 (s=-0.0000e+00)

ODE Message 3: LCP internal error, s <= 0 (s=-0.0000e+00)

ODE Message 3: LCP internal error, s <= 0 (s=-0.0000e+00)

ODE Message 3: LCP internal error, s <= 0 (s=0.0000e+00)

ODE Message 3: LCP internal error, s <= 0 (s=0.0000e+00)

ODE Message 3: LCP internal error, s <= 0 (s=-0.0000e+00)

ODE Message 3: LCP internal error, s <= 0 (s=-0.0000e+00)

ODE Message 3: LCP internal error, s <= 0 (s=0.0000e+00)

ODE Message 3: LCP internal error, s <= 0 (s=0.0000e+00)

ODE Message 3: LCP internal error, s <= 0 (s=0.0000e+00)

ODE Message 3: LCP internal error, s <= 0 (s=0.0000e+00)

ODE Message 3: LCP internal error, s <= 0 (s=0.0000e+00)

ODE Message 3: LCP internal error, s <= 0 (s=-0.0000e+00)

ODE Message 3: LCP internal error, s <= 0 (s=-0.0000e+00)

ODE Message 3: LCP internal error, s <= 0 (s=0.0000e+00)

ODE Message 3: LCP internal error, s <= 0 (s=-0.0000e+00)

ODE Message 3: LCP internal error, s <= 0 (s=0.0000e+00)

ODE Message 3: LCP internal error, s <= 0 (s=-0.0000e+00)

ODE Message 3: LCP internal error, s <= 0 (s=-0.0000e+00)

ODE Message 3: LCP internal error, s <= 0 (s=-0.0000e+00)

ODE Message 3: LCP internal error, s <= 0 (s=-0.0000e+00)

ODE Message 3: LCP internal error, s <= 0 (s=0.0000e+00)

ODE Message 3: LCP internal error, s <= 0 (s=-0.0000e+00)

ODE Message 3: LCP internal error, s <= 0 (s=0.0000e+00)

ODE Message 3: LCP internal error, s <= 0 (s=0.0000e+00)

ODE Message 3: LCP internal error, s <= 0 (s=-0.0000e+00)

ODE Message 3: LCP internal error, s <= 0 (s=0.0000e+00)

ODE Message 3: LCP internal error, s <= 0 (s=-0.0000e+00)

ODE Message 3: LCP internal error, s <= 0 (s=0.0000e+00)

ODE Message 3: LCP internal error, s <= 0 (s=0.0000e+00)

ODE Message 3: LCP internal error, s <= 0 (s=-0.0000e+00)

ODE Message 3: LCP internal error, s <= 0 (s=-0.0000e+00)

ODE Message 3: LCP internal error, s <= 0 (s=0.0000e+00)

ODE Message 3: LCP internal error, s <= 0 (s=0.0000e+00)

ODE Message 3: LCP internal error, s <= 0 (s=-0.0000e+00)

ODE Message 3: LCP internal error, s <= 0 (s=0.0000e+00)

ODE Message 3: LCP internal error, s <= 0 (s=0.0000e+00)

ODE Message 3: LCP internal error, s <= 0 (s=-0.0000e+00)

ODE Message 3: LCP internal error, s <= 0 (s=0.0000e+00)

ODE Message 3: LCP internal error, s <= 0 (s=-0.0000e+00)

ODE Message 3: LCP internal error, s <= 0 (s=0.0000e+00)

ODE Message 3: LCP internal error, s <= 0 (s=0.0000e+00)

ODE Message 3: LCP internal error, s <= 0 (s=0.0000e+00)

ODE Message 3: LCP internal error, s <= 0 (s=0.0000e+00)

ODE Message 3: LCP internal error, s <= 0 (s=-1.6799e-10)

ODE Message 3: LCP internal error, s <= 0 (s=-0.0000e+00)

ODE Message 3: LCP internal error, s <= 0 (s=-0.0000e+00)

ODE Message 3: LCP internal error, s <= 0 (s=-0.0000e+00)

ODE Message 3: LCP internal error, s <= 0 (s=0.0000e+00)

ODE Message 3: LCP internal error, s <= 0 (s=-0.0000e+00)

ODE Message 3: LCP internal error, s <= 0 (s=-0.0000e+00)

ODE Message 3: LCP internal error, s <= 0 (s=-0.0000e+00)

ODE Message 3: LCP internal error, s <= 0 (s=-0.0000e+00)

ODE Message 3: LCP internal error, s <= 0 (s=0.0000e+00)

ODE Message 3: LCP internal error, s <= 0 (s=0.0000e+00)

ODE Message 3: LCP internal error, s <= 0 (s=-0.0000e+00)

ODE Message 3: LCP internal error, s <= 0 (s=-0.0000e+00)

ODE Message 3: LCP internal error, s <= 0 (s=-0.0000e+00)

ODE Message 3: LCP internal error, s <= 0 (s=-0.0000e+00)

ODE Message 3: LCP internal error, s <= 0 (s=-0.0000e+00)

ODE Message 3: LCP internal error, s <= 0 (s=-0.0000e+00)

ODE Message 3: LCP internal error, s <= 0 (s=-0.0000e+00)

ODE Message 3: LCP internal error, s <= 0 (s=0.0000e+00)

ODE Message 3: LCP internal error, s <= 0 (s=-0.0000e+00)

ODE Message 3: LCP internal error, s <= 0 (s=0.0000e+00)

ODE Message 3: LCP internal error, s <= 0 (s=0.0000e+00)

ODE Message 3: LCP internal error, s <= 0 (s=0.0000e+00)

ODE Message 3: LCP internal error, s <= 0 (s=0.0000e+00)

ODE Message 3: LCP internal error, s <= 0 (s=-0.0000e+00)

ODE Message 3: LCP internal error, s <= 0 (s=-0.0000e+00)

ODE Message 3: LCP internal error, s <= 0 (s=-1.6798e-10)

ODE Message 3: LCP internal error, s <= 0 (s=-0.0000e+00)

ODE Message 3: LCP internal error, s <= 0 (s=-1.6799e-10)

ODE Message 3: LCP internal error, s <= 0 (s=-0.0000e+00)

ODE Message 3: LCP internal error, s <= 0 (s=0.0000e+00)

ODE Message 3: LCP internal error, s <= 0 (s=-0.0000e+00)

ODE Message 3: LCP internal error, s <= 0 (s=0.0000e+00)

ODE Message 3: LCP internal error, s <= 0 (s=-0.0000e+00)

ODE Message 3: LCP internal error, s <= 0 (s=-0.0000e+00)

ODE Message 3: LCP internal error, s <= 0 (s=-0.0000e+00)

ODE Message 3: LCP internal error, s <= 0 (s=-0.0000e+00)

ODE Message 3: LCP internal error, s <= 0 (s=-0.0000e+00)

ODE Message 3: LCP internal error, s <= 0 (s=-0.0000e+00)

ODE Message 3: LCP internal error, s <= 0 (s=0.0000e+00)

ODE Message 3: LCP internal error, s <= 0 (s=0.0000e+00)

ODE Message 3: LCP internal error, s <= 0 (s=0.0000e+00)

ODE Message 3: LCP internal error, s <= 0 (s=-0.0000e+00)

ODE Message 3: LCP internal error, s <= 0 (s=-0.0000e+00)

ODE Message 3: LCP internal error, s <= 0 (s=-0.0000e+00)

ODE Message 3: LCP internal error, s <= 0 (s=-0.0000e+00)

ODE Message 3: LCP internal error, s <= 0 (s=-0.0000e+00)

ODE Message 3: LCP internal error, s <= 0 (s=-0.0000e+00)

ODE Message 3: LCP internal error, s <= 0 (s=-0.0000e+00)

ODE Message 3: LCP internal error, s <= 0 (s=-0.0000e+00)
final fitness compute time 2460.2219426631927

Population's average fitness: -140.66969 stdev: 332.26483
Best fitness: -0.00128 - size: (4, 41) - species 4 - id 3863

Best individual in generation 5 meets fitness threshold - complexity: (4, 41)
Average mean fitness over last 5 generations: -140.66968950416327
Average min fitness over last 5 generations: -1072.9313986971056
0 -20.35758150416285 -20.35758150416285

 ****** Running generation 5 ****** 

network creation time 0.08889961242675781
Score range [-102.097, 57.105]
simulation run time 1735.122525215149
Evaluating 999 test episodes
final fitness compute time 2335.992884159088

Population's average fitness: -140.20866 stdev: 331.18989
Best fitness: -0.00126 - size: (4, 41) - species 4 - id 3863

Best individual in generation 5 meets fitness threshold - complexity: (4, 41)
Average mean fitness over last 5 generations: -140.5774828549397
Average min fitness over last 5 generations: -1071.5691231525477
0 -15.498741572293849 -15.498741572293849

 ****** Running generation 5 ****** 

network creation time 0.056421518325805664
Evaluating 999 test episodes
final fitness compute time 2340.2292590141296

Population's average fitness: -140.20866 stdev: 331.18989
Best fitness: -0.00126 - size: (4, 41) - species 4 - id 3863

Best individual in generation 5 meets fitness threshold - complexity: (4, 41)
Average mean fitness over last 5 generations: -140.48527620571613
Average min fitness over last 5 generations: -1070.2068476079899
0 26.872267856815522 26.872267856815522
1 -14.689052118578791 6.0916078691183655

 ****** Running generation 5 ****** 

network creation time 0.0940711498260498
Evaluating 999 test episodes
final fitness compute time 2333.7826778888702

Population's average fitness: -140.20866 stdev: 331.18989
Best fitness: -0.00126 - size: (4, 41) - species 4 - id 3863

Best individual in generation 5 meets fitness threshold - complexity: (4, 41)
Average mean fitness over last 5 generations: -140.39306955649255
Average min fitness over last 5 generations: -1068.8445720634322
0 -14.182999846111299 -14.182999846111299

 ****** Running generation 5 ****** 

network creation time 0.056127309799194336
Evaluating 999 test episodes

ODE Message 3: LCP internal error, s <= 0 (s=-0.0000e+00)
final fitness compute time 2337.481246471405

Population's average fitness: -140.20866 stdev: 331.18989
Best fitness: -0.00126 - size: (4, 41) - species 4 - id 3863

Best individual in generation 5 meets fitness threshold - complexity: (4, 41)
Average mean fitness over last 5 generations: -140.30086290726896
Average min fitness over last 5 generations: -1067.4822965188744
0 -10.595195826992672 -10.595195826992672

 ****** Running generation 5 ****** 

network creation time 0.08664155006408691
Evaluating 999 test episodes
final fitness compute time 2337.215230703354

Population's average fitness: -140.20866 stdev: 331.18989
Best fitness: -0.00126 - size: (4, 41) - species 4 - id 3863

Best individual in generation 5 meets fitness threshold - complexity: (4, 41)
Average mean fitness over last 5 generations: -140.2086562580454
Average min fitness over last 5 generations: -1066.1200209743165
0 -11.200735395014105 -11.200735395014105

 ****** Running generation 5 ****** 

network creation time 0.056409358978271484
Evaluating 999 test episodes
final fitness compute time 2330.3437683582306

Population's average fitness: -140.20866 stdev: 331.18989
Best fitness: -0.00126 - size: (4, 41) - species 4 - id 3863

Best individual in generation 5 meets fitness threshold - complexity: (4, 41)
Average mean fitness over last 5 generations: -140.2086562580454
Average min fitness over last 5 generations: -1066.1200209743165
0 -8.871646762350299 -8.871646762350299

 ****** Running generation 5 ****** 

network creation time 0.05786299705505371
Evaluating 999 test episodes
final fitness compute time 2338.9336795806885

Population's average fitness: -140.20866 stdev: 331.18989
Best fitness: -0.00126 - size: (4, 41) - species 4 - id 3863

Best individual in generation 5 meets fitness threshold - complexity: (4, 41)
Average mean fitness over last 5 generations: -140.2086562580454
Average min fitness over last 5 generations: -1066.1200209743165
0 -6.71985679887527 -6.71985679887527

 ****** Running generation 5 ****** 

network creation time 0.05729866027832031
Evaluating 999 test episodes

ODE Message 3: LCP internal error, s <= 0 (s=0.0000e+00)
final fitness compute time 2334.2510919570923

Population's average fitness: -140.20866 stdev: 331.18989
Best fitness: -0.00126 - size: (4, 41) - species 4 - id 3863

Best individual in generation 5 meets fitness threshold - complexity: (4, 41)
Average mean fitness over last 5 generations: -140.2086562580454
Average min fitness over last 5 generations: -1066.1200209743165
0 33.93331898484973 33.93331898484973
1 -14.413973920064539 9.759672532392594

 ****** Running generation 5 ****** 

network creation time 0.05792999267578125
Evaluating 999 test episodes
final fitness compute time 2328.1395268440247

Population's average fitness: -140.20866 stdev: 331.18989
Best fitness: -0.00126 - size: (4, 41) - species 4 - id 3863

Best individual in generation 5 meets fitness threshold - complexity: (4, 41)
Average mean fitness over last 5 generations: -140.2086562580454
Average min fitness over last 5 generations: -1066.1200209743165
0 -6.310297354157671 -6.310297354157671

 ****** Running generation 5 ****** 

network creation time 0.058042287826538086
Evaluating 999 test episodes

ODE Message 3: LCP internal error, s <= 0 (s=0.0000e+00)

ODE Message 3: LCP internal error, s <= 0 (s=-0.0000e+00)

ODE Message 3: LCP internal error, s <= 0 (s=0.0000e+00)

ODE Message 3: LCP internal error, s <= 0 (s=0.0000e+00)

ODE Message 3: LCP internal error, s <= 0 (s=-0.0000e+00)

ODE Message 3: LCP internal error, s <= 0 (s=-0.0000e+00)

ODE Message 3: LCP internal error, s <= 0 (s=-0.0000e+00)

ODE Message 3: LCP internal error, s <= 0 (s=0.0000e+00)

ODE Message 3: LCP internal error, s <= 0 (s=-0.0000e+00)

ODE Message 3: LCP internal error, s <= 0 (s=-0.0000e+00)

ODE Message 3: LCP internal error, s <= 0 (s=-0.0000e+00)

ODE Message 3: LCP internal error, s <= 0 (s=0.0000e+00)

ODE Message 3: LCP internal error, s <= 0 (s=-0.0000e+00)

ODE Message 3: LCP internal error, s <= 0 (s=-0.0000e+00)

ODE Message 3: LCP internal error, s <= 0 (s=0.0000e+00)

ODE Message 3: LCP internal error, s <= 0 (s=-0.0000e+00)

ODE Message 3: LCP internal error, s <= 0 (s=-0.0000e+00)

ODE Message 3: LCP internal error, s <= 0 (s=-0.0000e+00)

ODE Message 3: LCP internal error, s <= 0 (s=0.0000e+00)

ODE Message 3: LCP internal error, s <= 0 (s=-0.0000e+00)

ODE Message 3: LCP internal error, s <= 0 (s=-0.0000e+00)

ODE Message 3: LCP internal error, s <= 0 (s=-0.0000e+00)

ODE Message 3: LCP internal error, s <= 0 (s=-0.0000e+00)

ODE Message 3: LCP internal error, s <= 0 (s=0.0000e+00)

ODE Message 3: LCP internal error, s <= 0 (s=-0.0000e+00)

ODE Message 3: LCP internal error, s <= 0 (s=-0.0000e+00)

ODE Message 3: LCP internal error, s <= 0 (s=0.0000e+00)

ODE Message 3: LCP internal error, s <= 0 (s=-0.0000e+00)

ODE Message 3: LCP internal error, s <= 0 (s=-0.0000e+00)

ODE Message 3: LCP internal error, s <= 0 (s=-0.0000e+00)

ODE Message 3: LCP internal error, s <= 0 (s=-0.0000e+00)

ODE Message 3: LCP internal error, s <= 0 (s=-0.0000e+00)

ODE Message 3: LCP internal error, s <= 0 (s=0.0000e+00)

ODE Message 3: LCP internal error, s <= 0 (s=-0.0000e+00)

ODE Message 3: LCP internal error, s <= 0 (s=0.0000e+00)

ODE Message 3: LCP internal error, s <= 0 (s=0.0000e+00)

ODE Message 3: LCP internal error, s <= 0 (s=0.0000e+00)

ODE Message 3: LCP internal error, s <= 0 (s=-0.0000e+00)

ODE Message 3: LCP internal error, s <= 0 (s=-0.0000e+00)

ODE Message 3: LCP internal error, s <= 0 (s=-0.0000e+00)

ODE Message 3: LCP internal error, s <= 0 (s=-0.0000e+00)

ODE Message 3: LCP internal error, s <= 0 (s=-0.0000e+00)

ODE Message 3: LCP internal error, s <= 0 (s=-0.0000e+00)

ODE Message 3: LCP internal error, s <= 0 (s=-0.0000e+00)

ODE Message 3: LCP internal error, s <= 0 (s=0.0000e+00)

ODE Message 3: LCP internal error, s <= 0 (s=-0.0000e+00)

ODE Message 3: LCP internal error, s <= 0 (s=-0.0000e+00)

ODE Message 3: LCP internal error, s <= 0 (s=0.0000e+00)

ODE Message 3: LCP internal error, s <= 0 (s=-0.0000e+00)

ODE Message 3: LCP internal error, s <= 0 (s=0.0000e+00)

ODE Message 3: LCP internal error, s <= 0 (s=-0.0000e+00)

ODE Message 3: LCP internal error, s <= 0 (s=-0.0000e+00)

ODE Message 3: LCP internal error, s <= 0 (s=-0.0000e+00)

ODE Message 3: LCP internal error, s <= 0 (s=0.0000e+00)

ODE Message 3: LCP internal error, s <= 0 (s=-0.0000e+00)

ODE Message 3: LCP internal error, s <= 0 (s=-0.0000e+00)

ODE Message 3: LCP internal error, s <= 0 (s=-0.0000e+00)

ODE Message 3: LCP internal error, s <= 0 (s=0.0000e+00)

ODE Message 3: LCP internal error, s <= 0 (s=0.0000e+00)

ODE Message 3: LCP internal error, s <= 0 (s=0.0000e+00)

ODE Message 3: LCP internal error, s <= 0 (s=0.0000e+00)

ODE Message 3: LCP internal error, s <= 0 (s=-0.0000e+00)

ODE Message 3: LCP internal error, s <= 0 (s=-0.0000e+00)

ODE Message 3: LCP internal error, s <= 0 (s=0.0000e+00)

ODE Message 3: LCP internal error, s <= 0 (s=-0.0000e+00)

ODE Message 3: LCP internal error, s <= 0 (s=-0.0000e+00)

ODE Message 3: LCP internal error, s <= 0 (s=-0.0000e+00)

ODE Message 3: LCP internal error, s <= 0 (s=-0.0000e+00)

ODE Message 3: LCP internal error, s <= 0 (s=-0.0000e+00)

ODE Message 3: LCP internal error, s <= 0 (s=-0.0000e+00)

ODE Message 3: LCP internal error, s <= 0 (s=0.0000e+00)

ODE Message 3: LCP internal error, s <= 0 (s=-0.0000e+00)

ODE Message 3: LCP internal error, s <= 0 (s=-0.0000e+00)

ODE Message 3: LCP internal error, s <= 0 (s=-0.0000e+00)

ODE Message 3: LCP internal error, s <= 0 (s=-0.0000e+00)

ODE Message 3: LCP internal error, s <= 0 (s=0.0000e+00)

ODE Message 3: LCP internal error, s <= 0 (s=0.0000e+00)

ODE Message 3: LCP internal error, s <= 0 (s=-0.0000e+00)

ODE Message 3: LCP internal error, s <= 0 (s=-0.0000e+00)

ODE Message 3: LCP internal error, s <= 0 (s=-0.0000e+00)

ODE Message 3: LCP internal error, s <= 0 (s=0.0000e+00)

ODE Message 3: LCP internal error, s <= 0 (s=0.0000e+00)

ODE Message 3: LCP internal error, s <= 0 (s=0.0000e+00)

ODE Message 3: LCP internal error, s <= 0 (s=-0.0000e+00)

ODE Message 3: LCP internal error, s <= 0 (s=-0.0000e+00)

ODE Message 3: LCP internal error, s <= 0 (s=-0.0000e+00)

ODE Message 3: LCP internal error, s <= 0 (s=0.0000e+00)

ODE Message 3: LCP internal error, s <= 0 (s=-0.0000e+00)

ODE Message 3: LCP internal error, s <= 0 (s=-0.0000e+00)

ODE Message 3: LCP internal error, s <= 0 (s=-0.0000e+00)

ODE Message 3: LCP internal error, s <= 0 (s=0.0000e+00)

ODE Message 3: LCP internal error, s <= 0 (s=-0.0000e+00)

ODE Message 3: LCP internal error, s <= 0 (s=-0.0000e+00)

ODE Message 3: LCP internal error, s <= 0 (s=-0.0000e+00)

ODE Message 3: LCP internal error, s <= 0 (s=-0.0000e+00)

ODE Message 3: LCP internal error, s <= 0 (s=-0.0000e+00)

ODE Message 3: LCP internal error, s <= 0 (s=-0.0000e+00)

ODE Message 3: LCP internal error, s <= 0 (s=0.0000e+00)

ODE Message 3: LCP internal error, s <= 0 (s=0.0000e+00)

ODE Message 3: LCP internal error, s <= 0 (s=0.0000e+00)

ODE Message 3: LCP internal error, s <= 0 (s=0.0000e+00)

ODE Message 3: LCP internal error, s <= 0 (s=-0.0000e+00)

ODE Message 3: LCP internal error, s <= 0 (s=0.0000e+00)

ODE Message 3: LCP internal error, s <= 0 (s=0.0000e+00)

ODE Message 3: LCP internal error, s <= 0 (s=-0.0000e+00)

ODE Message 3: LCP internal error, s <= 0 (s=-0.0000e+00)

ODE Message 3: LCP internal error, s <= 0 (s=-0.0000e+00)

ODE Message 3: LCP internal error, s <= 0 (s=-0.0000e+00)

ODE Message 3: LCP internal error, s <= 0 (s=0.0000e+00)

ODE Message 3: LCP internal error, s <= 0 (s=0.0000e+00)

ODE Message 3: LCP internal error, s <= 0 (s=0.0000e+00)

ODE Message 3: LCP internal error, s <= 0 (s=0.0000e+00)

ODE Message 3: LCP internal error, s <= 0 (s=-0.0000e+00)

ODE Message 3: LCP internal error, s <= 0 (s=0.0000e+00)

ODE Message 3: LCP internal error, s <= 0 (s=-0.0000e+00)

ODE Message 3: LCP internal error, s <= 0 (s=-0.0000e+00)

ODE Message 3: LCP internal error, s <= 0 (s=-0.0000e+00)

ODE Message 3: LCP internal error, s <= 0 (s=0.0000e+00)

ODE Message 3: LCP internal error, s <= 0 (s=0.0000e+00)

ODE Message 3: LCP internal error, s <= 0 (s=-0.0000e+00)

ODE Message 3: LCP internal error, s <= 0 (s=0.0000e+00)

ODE Message 3: LCP internal error, s <= 0 (s=0.0000e+00)

ODE Message 3: LCP internal error, s <= 0 (s=-0.0000e+00)

ODE Message 3: LCP internal error, s <= 0 (s=-0.0000e+00)

ODE Message 3: LCP internal error, s <= 0 (s=-0.0000e+00)

ODE Message 3: LCP internal error, s <= 0 (s=0.0000e+00)

ODE Message 3: LCP internal error, s <= 0 (s=-0.0000e+00)

ODE Message 3: LCP internal error, s <= 0 (s=0.0000e+00)

ODE Message 3: LCP internal error, s <= 0 (s=-0.0000e+00)

ODE Message 3: LCP internal error, s <= 0 (s=-0.0000e+00)

ODE Message 3: LCP internal error, s <= 0 (s=-0.0000e+00)

ODE Message 3: LCP internal error, s <= 0 (s=-0.0000e+00)

ODE Message 3: LCP internal error, s <= 0 (s=0.0000e+00)

ODE Message 3: LCP internal error, s <= 0 (s=-0.0000e+00)

ODE Message 3: LCP internal error, s <= 0 (s=-0.0000e+00)

ODE Message 3: LCP internal error, s <= 0 (s=0.0000e+00)

ODE Message 3: LCP internal error, s <= 0 (s=0.0000e+00)

ODE Message 3: LCP internal error, s <= 0 (s=-0.0000e+00)

ODE Message 3: LCP internal error, s <= 0 (s=-0.0000e+00)

ODE Message 3: LCP internal error, s <= 0 (s=-0.0000e+00)

ODE Message 3: LCP internal error, s <= 0 (s=0.0000e+00)

ODE Message 3: LCP internal error, s <= 0 (s=0.0000e+00)

ODE Message 3: LCP internal error, s <= 0 (s=-0.0000e+00)

ODE Message 3: LCP internal error, s <= 0 (s=0.0000e+00)

ODE Message 3: LCP internal error, s <= 0 (s=-0.0000e+00)

ODE Message 3: LCP internal error, s <= 0 (s=-1.6799e-10)

ODE Message 3: LCP internal error, s <= 0 (s=0.0000e+00)

ODE Message 3: LCP internal error, s <= 0 (s=-0.0000e+00)

ODE Message 3: LCP internal error, s <= 0 (s=0.0000e+00)

ODE Message 3: LCP internal error, s <= 0 (s=-0.0000e+00)

ODE Message 3: LCP internal error, s <= 0 (s=-0.0000e+00)

ODE Message 3: LCP internal error, s <= 0 (s=-0.0000e+00)

ODE Message 3: LCP internal error, s <= 0 (s=-0.0000e+00)

ODE Message 3: LCP internal error, s <= 0 (s=-0.0000e+00)

ODE Message 3: LCP internal error, s <= 0 (s=-0.0000e+00)

ODE Message 3: LCP internal error, s <= 0 (s=-0.0000e+00)

ODE Message 3: LCP internal error, s <= 0 (s=-0.0000e+00)

ODE Message 3: LCP internal error, s <= 0 (s=0.0000e+00)

ODE Message 3: LCP internal error, s <= 0 (s=0.0000e+00)

ODE Message 3: LCP internal error, s <= 0 (s=0.0000e+00)

ODE Message 3: LCP internal error, s <= 0 (s=-0.0000e+00)

ODE Message 3: LCP internal error, s <= 0 (s=0.0000e+00)

ODE Message 3: LCP internal error, s <= 0 (s=-0.0000e+00)

ODE Message 3: LCP internal error, s <= 0 (s=-0.0000e+00)

ODE Message 3: LCP internal error, s <= 0 (s=0.0000e+00)

ODE Message 3: LCP internal error, s <= 0 (s=-0.0000e+00)

ODE Message 3: LCP internal error, s <= 0 (s=0.0000e+00)

ODE Message 3: LCP internal error, s <= 0 (s=-0.0000e+00)

ODE Message 3: LCP internal error, s <= 0 (s=-0.0000e+00)

ODE Message 3: LCP internal error, s <= 0 (s=-0.0000e+00)

ODE Message 3: LCP internal error, s <= 0 (s=-0.0000e+00)

ODE Message 3: LCP internal error, s <= 0 (s=-0.0000e+00)

ODE Message 3: LCP internal error, s <= 0 (s=0.0000e+00)

ODE Message 3: LCP internal error, s <= 0 (s=0.0000e+00)

ODE Message 3: LCP internal error, s <= 0 (s=0.0000e+00)

ODE Message 3: LCP internal error, s <= 0 (s=0.0000e+00)

ODE Message 3: LCP internal error, s <= 0 (s=0.0000e+00)

ODE Message 3: LCP internal error, s <= 0 (s=0.0000e+00)

ODE Message 3: LCP internal error, s <= 0 (s=0.0000e+00)

ODE Message 3: LCP internal error, s <= 0 (s=-0.0000e+00)

ODE Message 3: LCP internal error, s <= 0 (s=0.0000e+00)

ODE Message 3: LCP internal error, s <= 0 (s=-0.0000e+00)

ODE Message 3: LCP internal error, s <= 0 (s=0.0000e+00)

ODE Message 3: LCP internal error, s <= 0 (s=0.0000e+00)

ODE Message 3: LCP internal error, s <= 0 (s=0.0000e+00)

ODE Message 3: LCP internal error, s <= 0 (s=-1.6798e-10)

ODE Message 3: LCP internal error, s <= 0 (s=0.0000e+00)

ODE Message 3: LCP internal error, s <= 0 (s=0.0000e+00)

ODE Message 3: LCP internal error, s <= 0 (s=0.0000e+00)

ODE Message 3: LCP internal error, s <= 0 (s=-0.0000e+00)

ODE Message 3: LCP internal error, s <= 0 (s=-0.0000e+00)

ODE Message 3: LCP internal error, s <= 0 (s=0.0000e+00)

ODE Message 3: LCP internal error, s <= 0 (s=-0.0000e+00)

ODE Message 3: LCP internal error, s <= 0 (s=-0.0000e+00)

ODE Message 3: LCP internal error, s <= 0 (s=-0.0000e+00)

ODE Message 3: LCP internal error, s <= 0 (s=-0.0000e+00)

ODE Message 3: LCP internal error, s <= 0 (s=0.0000e+00)

ODE Message 3: LCP internal error, s <= 0 (s=0.0000e+00)

ODE Message 3: LCP internal error, s <= 0 (s=0.0000e+00)

ODE Message 3: LCP internal error, s <= 0 (s=-0.0000e+00)

ODE Message 3: LCP internal error, s <= 0 (s=-0.0000e+00)

ODE Message 3: LCP internal error, s <= 0 (s=0.0000e+00)

ODE Message 3: LCP internal error, s <= 0 (s=-0.0000e+00)

ODE Message 3: LCP internal error, s <= 0 (s=-1.6798e-10)

ODE Message 3: LCP internal error, s <= 0 (s=0.0000e+00)

ODE Message 3: LCP internal error, s <= 0 (s=-0.0000e+00)

ODE Message 3: LCP internal error, s <= 0 (s=0.0000e+00)

ODE Message 3: LCP internal error, s <= 0 (s=-4.3351e-11)

ODE Message 3: LCP internal error, s <= 0 (s=-0.0000e+00)

ODE Message 3: LCP internal error, s <= 0 (s=-0.0000e+00)

ODE Message 3: LCP internal error, s <= 0 (s=-0.0000e+00)

ODE Message 3: LCP internal error, s <= 0 (s=-0.0000e+00)

ODE Message 3: LCP internal error, s <= 0 (s=-0.0000e+00)

ODE Message 3: LCP internal error, s <= 0 (s=0.0000e+00)

ODE Message 3: LCP internal error, s <= 0 (s=0.0000e+00)

ODE Message 3: LCP internal error, s <= 0 (s=-0.0000e+00)

ODE Message 3: LCP internal error, s <= 0 (s=-0.0000e+00)

ODE Message 3: LCP internal error, s <= 0 (s=-0.0000e+00)

ODE Message 3: LCP internal error, s <= 0 (s=-0.0000e+00)

ODE Message 3: LCP internal error, s <= 0 (s=-0.0000e+00)

ODE Message 3: LCP internal error, s <= 0 (s=-0.0000e+00)

ODE Message 3: LCP internal error, s <= 0 (s=-0.0000e+00)

ODE Message 3: LCP internal error, s <= 0 (s=0.0000e+00)

ODE Message 3: LCP internal error, s <= 0 (s=0.0000e+00)

ODE Message 3: LCP internal error, s <= 0 (s=0.0000e+00)

ODE Message 3: LCP internal error, s <= 0 (s=0.0000e+00)

ODE Message 3: LCP internal error, s <= 0 (s=0.0000e+00)

ODE Message 3: LCP internal error, s <= 0 (s=-0.0000e+00)

ODE Message 3: LCP internal error, s <= 0 (s=-0.0000e+00)
final fitness compute time 2343.4260494709015

Population's average fitness: -140.20866 stdev: 331.18989
Best fitness: -0.00126 - size: (4, 41) - species 4 - id 3863

Best individual in generation 5 meets fitness threshold - complexity: (4, 41)
Average mean fitness over last 5 generations: -140.2086562580454
Average min fitness over last 5 generations: -1066.1200209743165
0 -19.658118934988877 -19.658118934988877

 ****** Running generation 5 ****** 

network creation time 0.05801844596862793
Score range [-98.498, 70.429]
simulation run time 1727.159416437149
Evaluating 999 test episodes

ODE Message 3: LCP internal error, s <= 0 (s=0.0000e+00)
final fitness compute time 2331.9714226722717

Population's average fitness: -139.68673 stdev: 329.89986
Best fitness: -0.00195 - size: (4, 43) - species 4 - id 3814

Best individual in generation 5 meets fitness threshold - complexity: (4, 43)
Average mean fitness over last 5 generations: -140.10427057367468
Average min fitness over last 5 generations: -1065.9529715383428
0 -46.923788611873356 -46.923788611873356

 ****** Running generation 5 ****** 

network creation time 0.06028389930725098
Evaluating 999 test episodes
final fitness compute time 2334.793430328369

Population's average fitness: -139.68673 stdev: 329.89986
Best fitness: -0.00195 - size: (4, 43) - species 4 - id 3814

Best individual in generation 5 meets fitness threshold - complexity: (4, 43)
Average mean fitness over last 5 generations: -139.99988488930393
Average min fitness over last 5 generations: -1065.7859221023693
0 19.853917880686783 19.853917880686783
1 -9.415761008620056 5.219078436033364

 ****** Running generation 5 ****** 

network creation time 0.12047648429870605
Evaluating 999 test episodes

ODE Message 3: LCP internal error, s <= 0 (s=-0.0000e+00)
final fitness compute time 2331.545339345932

Population's average fitness: -139.68673 stdev: 329.89986
Best fitness: -0.00195 - size: (4, 43) - species 4 - id 3814

Best individual in generation 5 meets fitness threshold - complexity: (4, 43)
Average mean fitness over last 5 generations: -139.8954992049332
Average min fitness over last 5 generations: -1065.6188726663954
0 -12.06536957488158 -12.06536957488158

 ****** Running generation 5 ****** 

network creation time 0.09014201164245605
Evaluating 999 test episodes
final fitness compute time 2334.2839798927307

Population's average fitness: -139.68673 stdev: 329.89986
Best fitness: -0.00195 - size: (4, 43) - species 4 - id 3814

Best individual in generation 5 meets fitness threshold - complexity: (4, 43)
Average mean fitness over last 5 generations: -139.79111352056248
Average min fitness over last 5 generations: -1065.4518232304217
0 -6.957916595991037 -6.957916595991037

 ****** Running generation 5 ****** 

network creation time 0.05793023109436035
Evaluating 999 test episodes

ODE Message 3: LCP internal error, s <= 0 (s=-0.0000e+00)
final fitness compute time 2324.9756577014923

Population's average fitness: -139.68673 stdev: 329.89986
Best fitness: -0.00195 - size: (4, 43) - species 4 - id 3814

Best individual in generation 5 meets fitness threshold - complexity: (4, 43)
Average mean fitness over last 5 generations: -139.68672783619175
Average min fitness over last 5 generations: -1065.284773794448
0 35.87462193527274 35.87462193527274
1 -10.438438274853016 12.718091830209863

 ****** Running generation 5 ****** 

network creation time 0.1637723445892334
Evaluating 999 test episodes
final fitness compute time 2338.9957637786865

Population's average fitness: -139.68673 stdev: 329.89986
Best fitness: -0.00195 - size: (4, 43) - species 4 - id 3814

Best individual in generation 5 meets fitness threshold - complexity: (4, 43)
Average mean fitness over last 5 generations: -139.68672783619175
Average min fitness over last 5 generations: -1065.284773794448
0 -14.317215552178244 -14.317215552178244

 ****** Running generation 5 ****** 

network creation time 0.05723929405212402
Evaluating 999 test episodes
final fitness compute time 2336.932276725769

Population's average fitness: -139.68673 stdev: 329.89986
Best fitness: -0.00195 - size: (4, 43) - species 4 - id 3814

Best individual in generation 5 meets fitness threshold - complexity: (4, 43)
Average mean fitness over last 5 generations: -139.68672783619175
Average min fitness over last 5 generations: -1065.284773794448
0 -48.85797531257278 -48.85797531257278

 ****** Running generation 5 ****** 

network creation time 0.08657693862915039
Evaluating 999 test episodes
final fitness compute time 2323.1618614196777

Population's average fitness: -139.68673 stdev: 329.89986
Best fitness: -0.00195 - size: (4, 43) - species 4 - id 3814

Best individual in generation 5 meets fitness threshold - complexity: (4, 43)
Average mean fitness over last 5 generations: -139.68672783619175
Average min fitness over last 5 generations: -1065.284773794448
0 -4.2590341661411815 -4.2590341661411815

 ****** Running generation 5 ****** 

network creation time 0.056394338607788086
Evaluating 999 test episodes
final fitness compute time 2331.059059858322

Population's average fitness: -139.68673 stdev: 329.89986
Best fitness: -0.00195 - size: (4, 43) - species 4 - id 3814

Best individual in generation 5 meets fitness threshold - complexity: (4, 43)
Average mean fitness over last 5 generations: -139.68672783619175
Average min fitness over last 5 generations: -1065.284773794448
0 71.70135053175085 71.70135053175085
1 -15.530616926331433 28.085366802709707

 ****** Running generation 5 ****** 

network creation time 0.05588388442993164
Evaluating 999 test episodes

ODE Message 3: LCP internal error, s <= 0 (s=-0.0000e+00)

ODE Message 3: LCP internal error, s <= 0 (s=0.0000e+00)

ODE Message 3: LCP internal error, s <= 0 (s=-0.0000e+00)

ODE Message 3: LCP internal error, s <= 0 (s=0.0000e+00)

ODE Message 3: LCP internal error, s <= 0 (s=-0.0000e+00)

ODE Message 3: LCP internal error, s <= 0 (s=0.0000e+00)

ODE Message 3: LCP internal error, s <= 0 (s=0.0000e+00)

ODE Message 3: LCP internal error, s <= 0 (s=-0.0000e+00)

ODE Message 3: LCP internal error, s <= 0 (s=0.0000e+00)

ODE Message 3: LCP internal error, s <= 0 (s=0.0000e+00)

ODE Message 3: LCP internal error, s <= 0 (s=-1.6799e-10)

ODE Message 3: LCP internal error, s <= 0 (s=-0.0000e+00)

ODE Message 3: LCP internal error, s <= 0 (s=0.0000e+00)

ODE Message 3: LCP internal error, s <= 0 (s=0.0000e+00)

ODE Message 3: LCP internal error, s <= 0 (s=0.0000e+00)

ODE Message 3: LCP internal error, s <= 0 (s=-0.0000e+00)

ODE Message 3: LCP internal error, s <= 0 (s=-0.0000e+00)

ODE Message 3: LCP internal error, s <= 0 (s=-0.0000e+00)

ODE Message 3: LCP internal error, s <= 0 (s=-0.0000e+00)

ODE Message 3: LCP internal error, s <= 0 (s=-0.0000e+00)

ODE Message 3: LCP internal error, s <= 0 (s=-0.0000e+00)

ODE Message 3: LCP internal error, s <= 0 (s=-0.0000e+00)

ODE Message 3: LCP internal error, s <= 0 (s=-0.0000e+00)

ODE Message 3: LCP internal error, s <= 0 (s=0.0000e+00)

ODE Message 3: LCP internal error, s <= 0 (s=0.0000e+00)

ODE Message 3: LCP internal error, s <= 0 (s=-0.0000e+00)

ODE Message 3: LCP internal error, s <= 0 (s=-0.0000e+00)

ODE Message 3: LCP internal error, s <= 0 (s=0.0000e+00)

ODE Message 3: LCP internal error, s <= 0 (s=0.0000e+00)

ODE Message 3: LCP internal error, s <= 0 (s=0.0000e+00)

ODE Message 3: LCP internal error, s <= 0 (s=0.0000e+00)

ODE Message 3: LCP internal error, s <= 0 (s=0.0000e+00)

ODE Message 3: LCP internal error, s <= 0 (s=-0.0000e+00)

ODE Message 3: LCP internal error, s <= 0 (s=-0.0000e+00)

ODE Message 3: LCP internal error, s <= 0 (s=-0.0000e+00)

ODE Message 3: LCP internal error, s <= 0 (s=-0.0000e+00)

ODE Message 3: LCP internal error, s <= 0 (s=-0.0000e+00)

ODE Message 3: LCP internal error, s <= 0 (s=-0.0000e+00)

ODE Message 3: LCP internal error, s <= 0 (s=0.0000e+00)

ODE Message 3: LCP internal error, s <= 0 (s=0.0000e+00)

ODE Message 3: LCP internal error, s <= 0 (s=-1.6798e-10)

ODE Message 3: LCP internal error, s <= 0 (s=0.0000e+00)

ODE Message 3: LCP internal error, s <= 0 (s=0.0000e+00)

ODE Message 3: LCP internal error, s <= 0 (s=-0.0000e+00)

ODE Message 3: LCP internal error, s <= 0 (s=-0.0000e+00)

ODE Message 3: LCP internal error, s <= 0 (s=-0.0000e+00)

ODE Message 3: LCP internal error, s <= 0 (s=-0.0000e+00)

ODE Message 3: LCP internal error, s <= 0 (s=-0.0000e+00)

ODE Message 3: LCP internal error, s <= 0 (s=-0.0000e+00)

ODE Message 3: LCP internal error, s <= 0 (s=-0.0000e+00)

ODE Message 3: LCP internal error, s <= 0 (s=-0.0000e+00)

ODE Message 3: LCP internal error, s <= 0 (s=-0.0000e+00)

ODE Message 3: LCP internal error, s <= 0 (s=-0.0000e+00)

ODE Message 3: LCP internal error, s <= 0 (s=-0.0000e+00)

ODE Message 3: LCP internal error, s <= 0 (s=-0.0000e+00)

ODE Message 3: LCP internal error, s <= 0 (s=-0.0000e+00)

ODE Message 3: LCP internal error, s <= 0 (s=0.0000e+00)

ODE Message 3: LCP internal error, s <= 0 (s=0.0000e+00)

ODE Message 3: LCP internal error, s <= 0 (s=-0.0000e+00)

ODE Message 3: LCP internal error, s <= 0 (s=-0.0000e+00)

ODE Message 3: LCP internal error, s <= 0 (s=-0.0000e+00)

ODE Message 3: LCP internal error, s <= 0 (s=-0.0000e+00)

ODE Message 3: LCP internal error, s <= 0 (s=-0.0000e+00)

ODE Message 3: LCP internal error, s <= 0 (s=-0.0000e+00)

ODE Message 3: LCP internal error, s <= 0 (s=0.0000e+00)

ODE Message 3: LCP internal error, s <= 0 (s=-0.0000e+00)

ODE Message 3: LCP internal error, s <= 0 (s=0.0000e+00)

ODE Message 3: LCP internal error, s <= 0 (s=-0.0000e+00)

ODE Message 3: LCP internal error, s <= 0 (s=-0.0000e+00)

ODE Message 3: LCP internal error, s <= 0 (s=-0.0000e+00)

ODE Message 3: LCP internal error, s <= 0 (s=-0.0000e+00)

ODE Message 3: LCP internal error, s <= 0 (s=0.0000e+00)

ODE Message 3: LCP internal error, s <= 0 (s=-0.0000e+00)

ODE Message 3: LCP internal error, s <= 0 (s=-0.0000e+00)

ODE Message 3: LCP internal error, s <= 0 (s=-0.0000e+00)

ODE Message 3: LCP internal error, s <= 0 (s=0.0000e+00)

ODE Message 3: LCP internal error, s <= 0 (s=-0.0000e+00)

ODE Message 3: LCP internal error, s <= 0 (s=0.0000e+00)

ODE Message 3: LCP internal error, s <= 0 (s=-0.0000e+00)

ODE Message 3: LCP internal error, s <= 0 (s=-0.0000e+00)

ODE Message 3: LCP internal error, s <= 0 (s=-0.0000e+00)

ODE Message 3: LCP internal error, s <= 0 (s=-0.0000e+00)

ODE Message 3: LCP internal error, s <= 0 (s=0.0000e+00)

ODE Message 3: LCP internal error, s <= 0 (s=0.0000e+00)

ODE Message 3: LCP internal error, s <= 0 (s=-0.0000e+00)

ODE Message 3: LCP internal error, s <= 0 (s=-0.0000e+00)

ODE Message 3: LCP internal error, s <= 0 (s=-5.2495e-12)

ODE Message 3: LCP internal error, s <= 0 (s=-0.0000e+00)

ODE Message 3: LCP internal error, s <= 0 (s=0.0000e+00)

ODE Message 3: LCP internal error, s <= 0 (s=-0.0000e+00)

ODE Message 3: LCP internal error, s <= 0 (s=0.0000e+00)

ODE Message 3: LCP internal error, s <= 0 (s=-0.0000e+00)

ODE Message 3: LCP internal error, s <= 0 (s=0.0000e+00)

ODE Message 3: LCP internal error, s <= 0 (s=-0.0000e+00)

ODE Message 3: LCP internal error, s <= 0 (s=0.0000e+00)

ODE Message 3: LCP internal error, s <= 0 (s=-0.0000e+00)

ODE Message 3: LCP internal error, s <= 0 (s=0.0000e+00)

ODE Message 3: LCP internal error, s <= 0 (s=0.0000e+00)

ODE Message 3: LCP internal error, s <= 0 (s=0.0000e+00)

ODE Message 3: LCP internal error, s <= 0 (s=0.0000e+00)

ODE Message 3: LCP internal error, s <= 0 (s=-0.0000e+00)

ODE Message 3: LCP internal error, s <= 0 (s=-0.0000e+00)

ODE Message 3: LCP internal error, s <= 0 (s=0.0000e+00)

ODE Message 3: LCP internal error, s <= 0 (s=0.0000e+00)

ODE Message 3: LCP internal error, s <= 0 (s=-0.0000e+00)

ODE Message 3: LCP internal error, s <= 0 (s=0.0000e+00)

ODE Message 3: LCP internal error, s <= 0 (s=0.0000e+00)

ODE Message 3: LCP internal error, s <= 0 (s=-0.0000e+00)

ODE Message 3: LCP internal error, s <= 0 (s=0.0000e+00)

ODE Message 3: LCP internal error, s <= 0 (s=-0.0000e+00)

ODE Message 3: LCP internal error, s <= 0 (s=0.0000e+00)

ODE Message 3: LCP internal error, s <= 0 (s=-0.0000e+00)

ODE Message 3: LCP internal error, s <= 0 (s=0.0000e+00)

ODE Message 3: LCP internal error, s <= 0 (s=-0.0000e+00)

ODE Message 3: LCP internal error, s <= 0 (s=-0.0000e+00)

ODE Message 3: LCP internal error, s <= 0 (s=-0.0000e+00)

ODE Message 3: LCP internal error, s <= 0 (s=0.0000e+00)

ODE Message 3: LCP internal error, s <= 0 (s=-0.0000e+00)

ODE Message 3: LCP internal error, s <= 0 (s=0.0000e+00)

ODE Message 3: LCP internal error, s <= 0 (s=-0.0000e+00)

ODE Message 3: LCP internal error, s <= 0 (s=0.0000e+00)

ODE Message 3: LCP internal error, s <= 0 (s=-0.0000e+00)

ODE Message 3: LCP internal error, s <= 0 (s=0.0000e+00)

ODE Message 3: LCP internal error, s <= 0 (s=-0.0000e+00)

ODE Message 3: LCP internal error, s <= 0 (s=-0.0000e+00)

ODE Message 3: LCP internal error, s <= 0 (s=-0.0000e+00)

ODE Message 3: LCP internal error, s <= 0 (s=0.0000e+00)

ODE Message 3: LCP internal error, s <= 0 (s=-0.0000e+00)

ODE Message 3: LCP internal error, s <= 0 (s=0.0000e+00)

ODE Message 3: LCP internal error, s <= 0 (s=-0.0000e+00)

ODE Message 3: LCP internal error, s <= 0 (s=0.0000e+00)

ODE Message 3: LCP internal error, s <= 0 (s=0.0000e+00)

ODE Message 3: LCP internal error, s <= 0 (s=-0.0000e+00)

ODE Message 3: LCP internal error, s <= 0 (s=-0.0000e+00)

ODE Message 3: LCP internal error, s <= 0 (s=-0.0000e+00)

ODE Message 3: LCP internal error, s <= 0 (s=0.0000e+00)

ODE Message 3: LCP internal error, s <= 0 (s=0.0000e+00)

ODE Message 3: LCP internal error, s <= 0 (s=0.0000e+00)

ODE Message 3: LCP internal error, s <= 0 (s=-0.0000e+00)

ODE Message 3: LCP internal error, s <= 0 (s=0.0000e+00)

ODE Message 3: LCP internal error, s <= 0 (s=0.0000e+00)

ODE Message 3: LCP internal error, s <= 0 (s=0.0000e+00)

ODE Message 3: LCP internal error, s <= 0 (s=-0.0000e+00)

ODE Message 3: LCP internal error, s <= 0 (s=-0.0000e+00)

ODE Message 3: LCP internal error, s <= 0 (s=0.0000e+00)

ODE Message 3: LCP internal error, s <= 0 (s=-0.0000e+00)

ODE Message 3: LCP internal error, s <= 0 (s=0.0000e+00)

ODE Message 3: LCP internal error, s <= 0 (s=-0.0000e+00)

ODE Message 3: LCP internal error, s <= 0 (s=0.0000e+00)

ODE Message 3: LCP internal error, s <= 0 (s=0.0000e+00)

ODE Message 3: LCP internal error, s <= 0 (s=-0.0000e+00)

ODE Message 3: LCP internal error, s <= 0 (s=0.0000e+00)

ODE Message 3: LCP internal error, s <= 0 (s=-0.0000e+00)

ODE Message 3: LCP internal error, s <= 0 (s=-0.0000e+00)

ODE Message 3: LCP internal error, s <= 0 (s=0.0000e+00)

ODE Message 3: LCP internal error, s <= 0 (s=-0.0000e+00)

ODE Message 3: LCP internal error, s <= 0 (s=0.0000e+00)

ODE Message 3: LCP internal error, s <= 0 (s=-0.0000e+00)

ODE Message 3: LCP internal error, s <= 0 (s=-0.0000e+00)

ODE Message 3: LCP internal error, s <= 0 (s=0.0000e+00)

ODE Message 3: LCP internal error, s <= 0 (s=-0.0000e+00)

ODE Message 3: LCP internal error, s <= 0 (s=-0.0000e+00)

ODE Message 3: LCP internal error, s <= 0 (s=-0.0000e+00)

ODE Message 3: LCP internal error, s <= 0 (s=-0.0000e+00)

ODE Message 3: LCP internal error, s <= 0 (s=0.0000e+00)

ODE Message 3: LCP internal error, s <= 0 (s=0.0000e+00)

ODE Message 3: LCP internal error, s <= 0 (s=-0.0000e+00)

ODE Message 3: LCP internal error, s <= 0 (s=-0.0000e+00)

ODE Message 3: LCP internal error, s <= 0 (s=0.0000e+00)

ODE Message 3: LCP internal error, s <= 0 (s=0.0000e+00)

ODE Message 3: LCP internal error, s <= 0 (s=0.0000e+00)

ODE Message 3: LCP internal error, s <= 0 (s=0.0000e+00)

ODE Message 3: LCP internal error, s <= 0 (s=-0.0000e+00)

ODE Message 3: LCP internal error, s <= 0 (s=-0.0000e+00)

ODE Message 3: LCP internal error, s <= 0 (s=0.0000e+00)

ODE Message 3: LCP internal error, s <= 0 (s=-0.0000e+00)

ODE Message 3: LCP internal error, s <= 0 (s=0.0000e+00)

ODE Message 3: LCP internal error, s <= 0 (s=0.0000e+00)

ODE Message 3: LCP internal error, s <= 0 (s=-0.0000e+00)

ODE Message 3: LCP internal error, s <= 0 (s=-0.0000e+00)

ODE Message 3: LCP internal error, s <= 0 (s=-0.0000e+00)

ODE Message 3: LCP internal error, s <= 0 (s=-0.0000e+00)

ODE Message 3: LCP internal error, s <= 0 (s=0.0000e+00)

ODE Message 3: LCP internal error, s <= 0 (s=-0.0000e+00)

ODE Message 3: LCP internal error, s <= 0 (s=-0.0000e+00)

ODE Message 3: LCP internal error, s <= 0 (s=-0.0000e+00)

ODE Message 3: LCP internal error, s <= 0 (s=0.0000e+00)

ODE Message 3: LCP internal error, s <= 0 (s=0.0000e+00)

ODE Message 3: LCP internal error, s <= 0 (s=0.0000e+00)

ODE Message 3: LCP internal error, s <= 0 (s=-0.0000e+00)

ODE Message 3: LCP internal error, s <= 0 (s=-0.0000e+00)

ODE Message 3: LCP internal error, s <= 0 (s=0.0000e+00)

ODE Message 3: LCP internal error, s <= 0 (s=0.0000e+00)

ODE Message 3: LCP internal error, s <= 0 (s=0.0000e+00)

ODE Message 3: LCP internal error, s <= 0 (s=0.0000e+00)

ODE Message 3: LCP internal error, s <= 0 (s=0.0000e+00)

ODE Message 3: LCP internal error, s <= 0 (s=-0.0000e+00)

ODE Message 3: LCP internal error, s <= 0 (s=0.0000e+00)

ODE Message 3: LCP internal error, s <= 0 (s=0.0000e+00)

ODE Message 3: LCP internal error, s <= 0 (s=-0.0000e+00)

ODE Message 3: LCP internal error, s <= 0 (s=0.0000e+00)

ODE Message 3: LCP internal error, s <= 0 (s=-0.0000e+00)

ODE Message 3: LCP internal error, s <= 0 (s=0.0000e+00)

ODE Message 3: LCP internal error, s <= 0 (s=-0.0000e+00)

ODE Message 3: LCP internal error, s <= 0 (s=-0.0000e+00)

ODE Message 3: LCP internal error, s <= 0 (s=0.0000e+00)
final fitness compute time 2332.5028927326202

Population's average fitness: -139.68673 stdev: 329.89986
Best fitness: -0.00195 - size: (4, 43) - species 4 - id 3814

Best individual in generation 5 meets fitness threshold - complexity: (4, 43)
Average mean fitness over last 5 generations: -139.68672783619175
Average min fitness over last 5 generations: -1065.284773794448
0 -6.747090712801739 -6.747090712801739

 ****** Running generation 5 ****** 

network creation time 0.056437015533447266
Score range [-109.391, 83.843]
simulation run time 1750.6475801467896
Evaluating 999 test episodes

ODE Message 3: LCP internal error, s <= 0 (s=-0.0000e+00)

ODE Message 3: LCP internal error, s <= 0 (s=-0.0000e+00)

ODE Message 3: LCP internal error, s <= 0 (s=0.0000e+00)

ODE Message 3: LCP internal error, s <= 0 (s=-0.0000e+00)
final fitness compute time 2325.7344932556152

Population's average fitness: -140.13307 stdev: 330.99828
Best fitness: -0.00197 - size: (4, 43) - species 4 - id 3814

Best individual in generation 5 meets fitness threshold - complexity: (4, 43)
Average mean fitness over last 5 generations: -139.7759960281599
Average min fitness over last 5 generations: -1065.9923353654397
0 8.803422675149275 8.803422675149275
1 20.00303278459009 14.403227729869682
2 26.689583884647597 18.498679781462318
3 -7.270963331140971 12.056269003311497

 ****** Running generation 5 ****** 

network creation time 0.057529449462890625
Evaluating 999 test episodes
final fitness compute time 2327.8467378616333

Population's average fitness: -140.13307 stdev: 330.99828
Best fitness: -0.00197 - size: (4, 43) - species 4 - id 3814

Best individual in generation 5 meets fitness threshold - complexity: (4, 43)
Average mean fitness over last 5 generations: -139.86526422012804
Average min fitness over last 5 generations: -1066.6998969364313
0 -39.94512748940367 -39.94512748940367

 ****** Running generation 5 ****** 

network creation time 0.06126236915588379
Evaluating 999 test episodes
final fitness compute time 2334.780988931656

Population's average fitness: -140.13307 stdev: 330.99828
Best fitness: -0.00197 - size: (4, 43) - species 4 - id 3814

Best individual in generation 5 meets fitness threshold - complexity: (4, 43)
Average mean fitness over last 5 generations: -139.95453241209617
Average min fitness over last 5 generations: -1067.4074585074227
0 29.86823826960285 29.86823826960285
1 -12.664659483704494 8.601789392949177

 ****** Running generation 5 ****** 

network creation time 0.07523941993713379
Evaluating 999 test episodes
final fitness compute time 2350.1635506153107

Population's average fitness: -140.13307 stdev: 330.99828
Best fitness: -0.00197 - size: (4, 43) - species 4 - id 3814

Best individual in generation 5 meets fitness threshold - complexity: (4, 43)
Average mean fitness over last 5 generations: -140.0438006040643
Average min fitness over last 5 generations: -1068.1150200784145
0 34.58775815724112 34.58775815724112
1 -10.929555830530811 11.829101163355155

 ****** Running generation 5 ****** 

network creation time 0.10927176475524902
Evaluating 999 test episodes
final fitness compute time 2335.856295824051

Population's average fitness: -140.13307 stdev: 330.99828
Best fitness: -0.00197 - size: (4, 43) - species 4 - id 3814

Best individual in generation 5 meets fitness threshold - complexity: (4, 43)
Average mean fitness over last 5 generations: -140.13306879603243
Average min fitness over last 5 generations: -1068.8225816494062
0 -10.295990089827876 -10.295990089827876

 ****** Running generation 5 ****** 

network creation time 0.05631065368652344
Evaluating 999 test episodes
final fitness compute time 2335.7866926193237

Population's average fitness: -140.13307 stdev: 330.99828
Best fitness: -0.00197 - size: (4, 43) - species 4 - id 3814

Best individual in generation 5 meets fitness threshold - complexity: (4, 43)
Average mean fitness over last 5 generations: -140.13306879603243
Average min fitness over last 5 generations: -1068.8225816494062
0 -42.63681447806005 -42.63681447806005

 ****** Running generation 5 ****** 

network creation time 0.10121512413024902
Evaluating 999 test episodes
final fitness compute time 2338.1515851020813

Population's average fitness: -140.13307 stdev: 330.99828
Best fitness: -0.00197 - size: (4, 43) - species 4 - id 3814

Best individual in generation 5 meets fitness threshold - complexity: (4, 43)
Average mean fitness over last 5 generations: -140.13306879603243
Average min fitness over last 5 generations: -1068.8225816494062
0 -11.480154708098421 -11.480154708098421

 ****** Running generation 5 ****** 

network creation time 0.05690646171569824
Evaluating 999 test episodes
Process ForkPoolWorker-540:
Traceback (most recent call last):
  File "/usr/lib/python3.8/multiprocessing/pool.py", line 131, in worker
    put((job, i, result))
  File "/usr/lib/python3.8/multiprocessing/queues.py", line 368, in put
    self._writer.send_bytes(obj)
  File "/usr/lib/python3.8/multiprocessing/connection.py", line 200, in send_bytes
    self._send_bytes(m[offset:offset + size])
  File "/usr/lib/python3.8/multiprocessing/connection.py", line 404, in _send_bytes
    self._send(header)
  File "/usr/lib/python3.8/multiprocessing/connection.py", line 368, in _send
    n = write(self._handle, buf)
BrokenPipeError: [Errno 32] Broken pipe

During handling of the above exception, another exception occurred:

Traceback (most recent call last):
  File "/usr/lib/python3.8/multiprocessing/process.py", line 315, in _bootstrap
    self.run()
  File "/usr/lib/python3.8/multiprocessing/process.py", line 108, in run
    self._target(*self._args, **self._kwargs)
  File "/usr/lib/python3.8/multiprocessing/pool.py", line 136, in worker
    put((job, i, (False, wrapped)))
  File "/usr/lib/python3.8/multiprocessing/queues.py", line 368, in put
    self._writer.send_bytes(obj)
  File "/usr/lib/python3.8/multiprocessing/connection.py", line 200, in send_bytes
    self._send_bytes(m[offset:offset + size])
  File "/usr/lib/python3.8/multiprocessing/connection.py", line 404, in _send_bytes
    self._send(header)
  File "/usr/lib/python3.8/multiprocessing/connection.py", line 368, in _send
    n = write(self._handle, buf)
BrokenPipeError: [Errno 32] Broken pipe
Process ForkPoolWorker-537:
Traceback (most recent call last):
  File "/usr/lib/python3.8/multiprocessing/pool.py", line 131, in worker
    put((job, i, result))
  File "/usr/lib/python3.8/multiprocessing/queues.py", line 368, in put
    self._writer.send_bytes(obj)
  File "/usr/lib/python3.8/multiprocessing/connection.py", line 200, in send_bytes
    self._send_bytes(m[offset:offset + size])
  File "/usr/lib/python3.8/multiprocessing/connection.py", line 404, in _send_bytes
    self._send(header)
  File "/usr/lib/python3.8/multiprocessing/connection.py", line 368, in _send
    n = write(self._handle, buf)
BrokenPipeError: [Errno 32] Broken pipe

During handling of the above exception, another exception occurred:

Traceback (most recent call last):
  File "/usr/lib/python3.8/multiprocessing/process.py", line 315, in _bootstrap
    self.run()
  File "/usr/lib/python3.8/multiprocessing/process.py", line 108, in run
    self._target(*self._args, **self._kwargs)
  File "/usr/lib/python3.8/multiprocessing/pool.py", line 136, in worker
    put((job, i, (False, wrapped)))
  File "/usr/lib/python3.8/multiprocessing/queues.py", line 368, in put
    self._writer.send_bytes(obj)
  File "/usr/lib/python3.8/multiprocessing/connection.py", line 200, in send_bytes
    self._send_bytes(m[offset:offset + size])
  File "/usr/lib/python3.8/multiprocessing/connection.py", line 404, in _send_bytes
    self._send(header)
  File "/usr/lib/python3.8/multiprocessing/connection.py", line 368, in _send
    n = write(self._handle, buf)
BrokenPipeError: [Errno 32] Broken pipe
Process ForkPoolWorker-543:
Traceback (most recent call last):
  File "/usr/lib/python3.8/multiprocessing/pool.py", line 131, in worker
    put((job, i, result))
  File "/usr/lib/python3.8/multiprocessing/queues.py", line 368, in put
    self._writer.send_bytes(obj)
  File "/usr/lib/python3.8/multiprocessing/connection.py", line 200, in send_bytes
    self._send_bytes(m[offset:offset + size])
  File "/usr/lib/python3.8/multiprocessing/connection.py", line 404, in _send_bytes
    self._send(header)
  File "/usr/lib/python3.8/multiprocessing/connection.py", line 368, in _send
    n = write(self._handle, buf)
BrokenPipeError: [Errno 32] Broken pipe

During handling of the above exception, another exception occurred:

Traceback (most recent call last):
  File "/usr/lib/python3.8/multiprocessing/process.py", line 315, in _bootstrap
    self.run()
  File "/usr/lib/python3.8/multiprocessing/process.py", line 108, in run
    self._target(*self._args, **self._kwargs)
  File "/usr/lib/python3.8/multiprocessing/pool.py", line 136, in worker
    put((job, i, (False, wrapped)))
  File "/usr/lib/python3.8/multiprocessing/queues.py", line 368, in put
    self._writer.send_bytes(obj)
  File "/usr/lib/python3.8/multiprocessing/connection.py", line 200, in send_bytes
    self._send_bytes(m[offset:offset + size])
  File "/usr/lib/python3.8/multiprocessing/connection.py", line 404, in _send_bytes
    self._send(header)
  File "/usr/lib/python3.8/multiprocessing/connection.py", line 368, in _send
    n = write(self._handle, buf)
BrokenPipeError: [Errno 32] Broken pipe
Process ForkPoolWorker-541:
Traceback (most recent call last):
  File "/usr/lib/python3.8/multiprocessing/pool.py", line 131, in worker
    put((job, i, result))
  File "/usr/lib/python3.8/multiprocessing/queues.py", line 368, in put
    self._writer.send_bytes(obj)
  File "/usr/lib/python3.8/multiprocessing/connection.py", line 200, in send_bytes
    self._send_bytes(m[offset:offset + size])
  File "/usr/lib/python3.8/multiprocessing/connection.py", line 404, in _send_bytes
    self._send(header)
  File "/usr/lib/python3.8/multiprocessing/connection.py", line 368, in _send
    n = write(self._handle, buf)
BrokenPipeError: [Errno 32] Broken pipe

During handling of the above exception, another exception occurred:

Traceback (most recent call last):
  File "/usr/lib/python3.8/multiprocessing/process.py", line 315, in _bootstrap
    self.run()
  File "/usr/lib/python3.8/multiprocessing/process.py", line 108, in run
    self._target(*self._args, **self._kwargs)
  File "/usr/lib/python3.8/multiprocessing/pool.py", line 136, in worker
    put((job, i, (False, wrapped)))
  File "/usr/lib/python3.8/multiprocessing/queues.py", line 368, in put
    self._writer.send_bytes(obj)
  File "/usr/lib/python3.8/multiprocessing/connection.py", line 200, in send_bytes
    self._send_bytes(m[offset:offset + size])
  File "/usr/lib/python3.8/multiprocessing/connection.py", line 404, in _send_bytes
    self._send(header)
  File "/usr/lib/python3.8/multiprocessing/connection.py", line 368, in _send
    n = write(self._handle, buf)
BrokenPipeError: [Errno 32] Broken pipe
Process ForkPoolWorker-544:
Traceback (most recent call last):
  File "/usr/lib/python3.8/multiprocessing/pool.py", line 131, in worker
    put((job, i, result))
  File "/usr/lib/python3.8/multiprocessing/queues.py", line 368, in put
    self._writer.send_bytes(obj)
  File "/usr/lib/python3.8/multiprocessing/connection.py", line 200, in send_bytes
    self._send_bytes(m[offset:offset + size])
  File "/usr/lib/python3.8/multiprocessing/connection.py", line 404, in _send_bytes
    self._send(header)
  File "/usr/lib/python3.8/multiprocessing/connection.py", line 368, in _send
    n = write(self._handle, buf)
BrokenPipeError: [Errno 32] Broken pipe

During handling of the above exception, another exception occurred:

Traceback (most recent call last):
  File "/usr/lib/python3.8/multiprocessing/process.py", line 315, in _bootstrap
    self.run()
  File "/usr/lib/python3.8/multiprocessing/process.py", line 108, in run
    self._target(*self._args, **self._kwargs)
  File "/usr/lib/python3.8/multiprocessing/pool.py", line 136, in worker
    put((job, i, (False, wrapped)))
  File "/usr/lib/python3.8/multiprocessing/queues.py", line 368, in put
    self._writer.send_bytes(obj)
  File "/usr/lib/python3.8/multiprocessing/connection.py", line 200, in send_bytes
    self._send_bytes(m[offset:offset + size])
  File "/usr/lib/python3.8/multiprocessing/connection.py", line 404, in _send_bytes
    self._send(header)
  File "/usr/lib/python3.8/multiprocessing/connection.py", line 368, in _send
    n = write(self._handle, buf)
BrokenPipeError: [Errno 32] Broken pipe
Process ForkPoolWorker-539:
Traceback (most recent call last):
  File "/usr/lib/python3.8/multiprocessing/pool.py", line 131, in worker
    put((job, i, result))
  File "/usr/lib/python3.8/multiprocessing/queues.py", line 368, in put
    self._writer.send_bytes(obj)
  File "/usr/lib/python3.8/multiprocessing/connection.py", line 200, in send_bytes
    self._send_bytes(m[offset:offset + size])
  File "/usr/lib/python3.8/multiprocessing/connection.py", line 404, in _send_bytes
    self._send(header)
  File "/usr/lib/python3.8/multiprocessing/connection.py", line 368, in _send
    n = write(self._handle, buf)
BrokenPipeError: [Errno 32] Broken pipe

During handling of the above exception, another exception occurred:

Traceback (most recent call last):
  File "/usr/lib/python3.8/multiprocessing/process.py", line 315, in _bootstrap
    self.run()
  File "/usr/lib/python3.8/multiprocessing/process.py", line 108, in run
    self._target(*self._args, **self._kwargs)
  File "/usr/lib/python3.8/multiprocessing/pool.py", line 136, in worker
    put((job, i, (False, wrapped)))
  File "/usr/lib/python3.8/multiprocessing/queues.py", line 368, in put
    self._writer.send_bytes(obj)
  File "/usr/lib/python3.8/multiprocessing/connection.py", line 200, in send_bytes
    self._send_bytes(m[offset:offset + size])
  File "/usr/lib/python3.8/multiprocessing/connection.py", line 404, in _send_bytes
    self._send(header)
  File "/usr/lib/python3.8/multiprocessing/connection.py", line 368, in _send
    n = write(self._handle, buf)
BrokenPipeError: [Errno 32] Broken pipe
Process ForkPoolWorker-542:
Traceback (most recent call last):
  File "/usr/lib/python3.8/multiprocessing/pool.py", line 131, in worker
    put((job, i, result))
  File "/usr/lib/python3.8/multiprocessing/queues.py", line 368, in put
    self._writer.send_bytes(obj)
  File "/usr/lib/python3.8/multiprocessing/connection.py", line 200, in send_bytes
    self._send_bytes(m[offset:offset + size])
  File "/usr/lib/python3.8/multiprocessing/connection.py", line 404, in _send_bytes
    self._send(header)
  File "/usr/lib/python3.8/multiprocessing/connection.py", line 368, in _send
    n = write(self._handle, buf)
BrokenPipeError: [Errno 32] Broken pipe

During handling of the above exception, another exception occurred:

Traceback (most recent call last):
  File "/usr/lib/python3.8/multiprocessing/process.py", line 315, in _bootstrap
    self.run()
  File "/usr/lib/python3.8/multiprocessing/process.py", line 108, in run
    self._target(*self._args, **self._kwargs)
  File "/usr/lib/python3.8/multiprocessing/pool.py", line 136, in worker
    put((job, i, (False, wrapped)))
  File "/usr/lib/python3.8/multiprocessing/queues.py", line 368, in put
    self._writer.send_bytes(obj)
  File "/usr/lib/python3.8/multiprocessing/connection.py", line 200, in send_bytes
    self._send_bytes(m[offset:offset + size])
  File "/usr/lib/python3.8/multiprocessing/connection.py", line 404, in _send_bytes
    self._send(header)
  File "/usr/lib/python3.8/multiprocessing/connection.py", line 368, in _send
    n = write(self._handle, buf)
BrokenPipeError: [Errno 32] Broken pipe
Process ForkPoolWorker-538:
Traceback (most recent call last):
  File "/usr/lib/python3.8/multiprocessing/pool.py", line 131, in worker
    put((job, i, result))
  File "/usr/lib/python3.8/multiprocessing/queues.py", line 368, in put
    self._writer.send_bytes(obj)
  File "/usr/lib/python3.8/multiprocessing/connection.py", line 200, in send_bytes
    self._send_bytes(m[offset:offset + size])
  File "/usr/lib/python3.8/multiprocessing/connection.py", line 404, in _send_bytes
    self._send(header)
  File "/usr/lib/python3.8/multiprocessing/connection.py", line 368, in _send
    n = write(self._handle, buf)
BrokenPipeError: [Errno 32] Broken pipe

During handling of the above exception, another exception occurred:

Traceback (most recent call last):
  File "/usr/lib/python3.8/multiprocessing/process.py", line 315, in _bootstrap
    self.run()
  File "/usr/lib/python3.8/multiprocessing/process.py", line 108, in run
    self._target(*self._args, **self._kwargs)
  File "/usr/lib/python3.8/multiprocessing/pool.py", line 136, in worker
    put((job, i, (False, wrapped)))
  File "/usr/lib/python3.8/multiprocessing/queues.py", line 368, in put
    self._writer.send_bytes(obj)
  File "/usr/lib/python3.8/multiprocessing/connection.py", line 200, in send_bytes
    self._send_bytes(m[offset:offset + size])
  File "/usr/lib/python3.8/multiprocessing/connection.py", line 404, in _send_bytes
    self._send(header)
  File "/usr/lib/python3.8/multiprocessing/connection.py", line 368, in _send
    n = write(self._handle, buf)
BrokenPipeError: [Errno 32] Broken pipe
