nohup: ignorando entrada

ODE Message 3: LCP internal error, s <= 0 (s=-0.0000e+00)

ODE Message 3: LCP internal error, s <= 0 (s=0.0000e+00)

ODE Message 3: LCP internal error, s <= 0 (s=0.0000e+00)

ODE Message 3: LCP internal error, s <= 0 (s=0.0000e+00)

ODE Message 3: LCP internal error, s <= 0 (s=0.0000e+00)

ODE Message 3: LCP internal error, s <= 0 (s=-0.0000e+00)

ODE Message 3: LCP internal error, s <= 0 (s=-0.0000e+00)

ODE Message 3: LCP internal error, s <= 0 (s=-0.0000e+00)

ODE Message 3: LCP internal error, s <= 0 (s=-0.0000e+00)

ODE Message 3: LCP internal error, s <= 0 (s=-0.0000e+00)

ODE Message 3: LCP internal error, s <= 0 (s=0.0000e+00)

ODE Message 3: LCP internal error, s <= 0 (s=0.0000e+00)

ODE Message 3: LCP internal error, s <= 0 (s=-0.0000e+00)

ODE Message 3: LCP internal error, s <= 0 (s=-0.0000e+00)

ODE Message 3: LCP internal error, s <= 0 (s=0.0000e+00)

ODE Message 3: LCP internal error, s <= 0 (s=-0.0000e+00)

ODE Message 3: LCP internal error, s <= 0 (s=0.0000e+00)

ODE Message 3: LCP internal error, s <= 0 (s=-0.0000e+00)

ODE Message 3: LCP internal error, s <= 0 (s=-0.0000e+00)

ODE Message 3: LCP internal error, s <= 0 (s=0.0000e+00)

ODE Message 3: LCP internal error, s <= 0 (s=-0.0000e+00)

ODE Message 3: LCP internal error, s <= 0 (s=0.0000e+00)

ODE Message 3: LCP internal error, s <= 0 (s=-0.0000e+00)

ODE Message 3: LCP internal error, s <= 0 (s=0.0000e+00)

ODE Message 3: LCP internal error, s <= 0 (s=0.0000e+00)

ODE Message 3: LCP internal error, s <= 0 (s=0.0000e+00)

ODE Message 3: LCP internal error, s <= 0 (s=-0.0000e+00)

ODE Message 3: LCP internal error, s <= 0 (s=0.0000e+00)

ODE Message 3: LCP internal error, s <= 0 (s=0.0000e+00)

ODE Message 3: LCP internal error, s <= 0 (s=-0.0000e+00)

ODE Message 3: LCP internal error, s <= 0 (s=-0.0000e+00)

ODE Message 3: LCP internal error, s <= 0 (s=0.0000e+00)

ODE Message 3: LCP internal error, s <= 0 (s=-0.0000e+00)

ODE Message 3: LCP internal error, s <= 0 (s=-0.0000e+00)

ODE Message 3: LCP internal error, s <= 0 (s=-0.0000e+00)

ODE Message 3: LCP internal error, s <= 0 (s=-0.0000e+00)

ODE Message 3: LCP internal error, s <= 0 (s=0.0000e+00)

ODE Message 3: LCP internal error, s <= 0 (s=-0.0000e+00)

ODE Message 3: LCP internal error, s <= 0 (s=-0.0000e+00)

ODE Message 3: LCP internal error, s <= 0 (s=-0.0000e+00)

ODE Message 3: LCP internal error, s <= 0 (s=0.0000e+00)

ODE Message 3: LCP internal error, s <= 0 (s=-0.0000e+00)

ODE Message 3: LCP internal error, s <= 0 (s=-0.0000e+00)

ODE Message 3: LCP internal error, s <= 0 (s=-0.0000e+00)

ODE Message 3: LCP internal error, s <= 0 (s=-0.0000e+00)

ODE Message 3: LCP internal error, s <= 0 (s=-0.0000e+00)

ODE Message 3: LCP internal error, s <= 0 (s=0.0000e+00)

ODE Message 3: LCP internal error, s <= 0 (s=-0.0000e+00)

ODE Message 3: LCP internal error, s <= 0 (s=0.0000e+00)

ODE Message 3: LCP internal error, s <= 0 (s=0.0000e+00)

ODE Message 3: LCP internal error, s <= 0 (s=0.0000e+00)

ODE Message 3: LCP internal error, s <= 0 (s=-0.0000e+00)

ODE Message 3: LCP internal error, s <= 0 (s=-0.0000e+00)

ODE Message 3: LCP internal error, s <= 0 (s=0.0000e+00)

ODE Message 3: LCP internal error, s <= 0 (s=-0.0000e+00)

ODE Message 3: LCP internal error, s <= 0 (s=0.0000e+00)

ODE Message 3: LCP internal error, s <= 0 (s=-0.0000e+00)

ODE Message 3: LCP internal error, s <= 0 (s=-0.0000e+00)

ODE Message 3: LCP internal error, s <= 0 (s=-0.0000e+00)

ODE Message 3: LCP internal error, s <= 0 (s=-0.0000e+00)

ODE Message 3: LCP internal error, s <= 0 (s=0.0000e+00)

ODE Message 3: LCP internal error, s <= 0 (s=-0.0000e+00)

ODE Message 3: LCP internal error, s <= 0 (s=0.0000e+00)

ODE Message 3: LCP internal error, s <= 0 (s=-0.0000e+00)

ODE Message 3: LCP internal error, s <= 0 (s=-0.0000e+00)

ODE Message 3: LCP internal error, s <= 0 (s=0.0000e+00)

ODE Message 3: LCP internal error, s <= 0 (s=-0.0000e+00)

ODE Message 3: LCP internal error, s <= 0 (s=0.0000e+00)

ODE Message 3: LCP internal error, s <= 0 (s=-0.0000e+00)

ODE Message 3: LCP internal error, s <= 0 (s=0.0000e+00)

ODE Message 3: LCP internal error, s <= 0 (s=-0.0000e+00)

ODE Message 3: LCP internal error, s <= 0 (s=-0.0000e+00)

ODE Message 3: LCP internal error, s <= 0 (s=-0.0000e+00)

ODE Message 3: LCP internal error, s <= 0 (s=0.0000e+00)

ODE Message 3: LCP internal error, s <= 0 (s=0.0000e+00)

ODE Message 3: LCP internal error, s <= 0 (s=-0.0000e+00)

ODE Message 3: LCP internal error, s <= 0 (s=-0.0000e+00)

ODE Message 3: LCP internal error, s <= 0 (s=-0.0000e+00)

ODE Message 3: LCP internal error, s <= 0 (s=-0.0000e+00)

ODE Message 3: LCP internal error, s <= 0 (s=-0.0000e+00)

ODE Message 3: LCP internal error, s <= 0 (s=-0.0000e+00)

ODE Message 3: LCP internal error, s <= 0 (s=0.0000e+00)

ODE Message 3: LCP internal error, s <= 0 (s=-0.0000e+00)

ODE Message 3: LCP internal error, s <= 0 (s=-0.0000e+00)

ODE Message 3: LCP internal error, s <= 0 (s=-0.0000e+00)

ODE Message 3: LCP internal error, s <= 0 (s=-0.0000e+00)

ODE Message 3: LCP internal error, s <= 0 (s=0.0000e+00)

ODE Message 3: LCP internal error, s <= 0 (s=-0.0000e+00)

ODE Message 3: LCP internal error, s <= 0 (s=-0.0000e+00)

ODE Message 3: LCP internal error, s <= 0 (s=-0.0000e+00)

ODE Message 3: LCP internal error, s <= 0 (s=-0.0000e+00)

ODE Message 3: LCP internal error, s <= 0 (s=-0.0000e+00)

ODE Message 3: LCP internal error, s <= 0 (s=-0.0000e+00)

ODE Message 3: LCP internal error, s <= 0 (s=-2.6248e-12)

ODE Message 3: LCP internal error, s <= 0 (s=0.0000e+00)

ODE Message 3: LCP internal error, s <= 0 (s=0.0000e+00)

ODE Message 3: LCP internal error, s <= 0 (s=-0.0000e+00)

ODE Message 3: LCP internal error, s <= 0 (s=-0.0000e+00)

ODE Message 3: LCP internal error, s <= 0 (s=-0.0000e+00)

ODE Message 3: LCP internal error, s <= 0 (s=-0.0000e+00)

ODE Message 3: LCP internal error, s <= 0 (s=-0.0000e+00)

ODE Message 3: LCP internal error, s <= 0 (s=-0.0000e+00)

ODE Message 3: LCP internal error, s <= 0 (s=-0.0000e+00)

ODE Message 3: LCP internal error, s <= 0 (s=0.0000e+00)

ODE Message 3: LCP internal error, s <= 0 (s=-0.0000e+00)

ODE Message 3: LCP internal error, s <= 0 (s=0.0000e+00)

ODE Message 3: LCP internal error, s <= 0 (s=0.0000e+00)

ODE Message 3: LCP internal error, s <= 0 (s=0.0000e+00)

ODE Message 3: LCP internal error, s <= 0 (s=-3.4679e-10)

ODE Message 3: LCP internal error, s <= 0 (s=0.0000e+00)

ODE Message 3: LCP internal error, s <= 0 (s=-0.0000e+00)

ODE Message 3: LCP internal error, s <= 0 (s=-0.0000e+00)

ODE Message 3: LCP internal error, s <= 0 (s=-0.0000e+00)

ODE Message 3: LCP internal error, s <= 0 (s=-0.0000e+00)

ODE Message 3: LCP internal error, s <= 0 (s=0.0000e+00)

ODE Message 3: LCP internal error, s <= 0 (s=-0.0000e+00)

ODE Message 3: LCP internal error, s <= 0 (s=0.0000e+00)

ODE Message 3: LCP internal error, s <= 0 (s=0.0000e+00)

ODE Message 3: LCP internal error, s <= 0 (s=-0.0000e+00)

ODE Message 3: LCP internal error, s <= 0 (s=-0.0000e+00)

ODE Message 3: LCP internal error, s <= 0 (s=-0.0000e+00)

ODE Message 3: LCP internal error, s <= 0 (s=0.0000e+00)

ODE Message 3: LCP internal error, s <= 0 (s=-0.0000e+00)

ODE Message 3: LCP internal error, s <= 0 (s=0.0000e+00)

ODE Message 3: LCP internal error, s <= 0 (s=-0.0000e+00)

ODE Message 3: LCP internal error, s <= 0 (s=-0.0000e+00)

ODE Message 3: LCP internal error, s <= 0 (s=-0.0000e+00)

ODE Message 3: LCP internal error, s <= 0 (s=-0.0000e+00)

ODE Message 3: LCP internal error, s <= 0 (s=-1.6799e-10)

ODE Message 3: LCP internal error, s <= 0 (s=-1.6798e-10)

ODE Message 3: LCP internal error, s <= 0 (s=-0.0000e+00)

ODE Message 3: LCP internal error, s <= 0 (s=-0.0000e+00)

ODE Message 3: LCP internal error, s <= 0 (s=0.0000e+00)

ODE Message 3: LCP internal error, s <= 0 (s=0.0000e+00)

ODE Message 3: LCP internal error, s <= 0 (s=0.0000e+00)

ODE Message 3: LCP internal error, s <= 0 (s=-1.6798e-10)

ODE Message 3: LCP internal error, s <= 0 (s=-0.0000e+00)

ODE Message 3: LCP internal error, s <= 0 (s=-0.0000e+00)

ODE Message 3: LCP internal error, s <= 0 (s=0.0000e+00)

ODE Message 3: LCP internal error, s <= 0 (s=0.0000e+00)

ODE Message 3: LCP internal error, s <= 0 (s=0.0000e+00)

ODE Message 3: LCP internal error, s <= 0 (s=-0.0000e+00)

ODE Message 3: LCP internal error, s <= 0 (s=0.0000e+00)

ODE Message 3: LCP internal error, s <= 0 (s=0.0000e+00)

ODE Message 3: LCP internal error, s <= 0 (s=0.0000e+00)

ODE Message 3: LCP internal error, s <= 0 (s=-0.0000e+00)

ODE Message 3: LCP internal error, s <= 0 (s=-0.0000e+00)

ODE Message 3: LCP internal error, s <= 0 (s=-0.0000e+00)

ODE Message 3: LCP internal error, s <= 0 (s=-0.0000e+00)

ODE Message 3: LCP internal error, s <= 0 (s=0.0000e+00)

ODE Message 3: LCP internal error, s <= 0 (s=0.0000e+00)

ODE Message 3: LCP internal error, s <= 0 (s=0.0000e+00)

ODE Message 3: LCP internal error, s <= 0 (s=-0.0000e+00)

ODE Message 3: LCP internal error, s <= 0 (s=-0.0000e+00)

ODE Message 3: LCP internal error, s <= 0 (s=0.0000e+00)

ODE Message 3: LCP internal error, s <= 0 (s=0.0000e+00)

ODE Message 3: LCP internal error, s <= 0 (s=0.0000e+00)

ODE Message 3: LCP internal error, s <= 0 (s=0.0000e+00)

ODE Message 3: LCP internal error, s <= 0 (s=-0.0000e+00)

ODE Message 3: LCP internal error, s <= 0 (s=0.0000e+00)

ODE Message 3: LCP internal error, s <= 0 (s=-0.0000e+00)

ODE Message 3: LCP internal error, s <= 0 (s=0.0000e+00)

ODE Message 3: LCP internal error, s <= 0 (s=-0.0000e+00)

ODE Message 3: LCP internal error, s <= 0 (s=-0.0000e+00)

ODE Message 3: LCP internal error, s <= 0 (s=0.0000e+00)

ODE Message 3: LCP internal error, s <= 0 (s=0.0000e+00)

ODE Message 3: LCP internal error, s <= 0 (s=-0.0000e+00)

ODE Message 3: LCP internal error, s <= 0 (s=-0.0000e+00)

ODE Message 3: LCP internal error, s <= 0 (s=0.0000e+00)

ODE Message 3: LCP internal error, s <= 0 (s=0.0000e+00)

ODE Message 3: LCP internal error, s <= 0 (s=-0.0000e+00)

ODE Message 3: LCP internal error, s <= 0 (s=-0.0000e+00)

ODE Message 3: LCP internal error, s <= 0 (s=0.0000e+00)

ODE Message 3: LCP internal error, s <= 0 (s=0.0000e+00)

ODE Message 3: LCP internal error, s <= 0 (s=-0.0000e+00)

ODE Message 3: LCP internal error, s <= 0 (s=-0.0000e+00)

ODE Message 3: LCP internal error, s <= 0 (s=-1.6798e-10)

ODE Message 3: LCP internal error, s <= 0 (s=-0.0000e+00)

ODE Message 3: LCP internal error, s <= 0 (s=0.0000e+00)

ODE Message 3: LCP internal error, s <= 0 (s=-0.0000e+00)

ODE Message 3: LCP internal error, s <= 0 (s=0.0000e+00)

ODE Message 3: LCP internal error, s <= 0 (s=0.0000e+00)

ODE Message 3: LCP internal error, s <= 0 (s=0.0000e+00)

ODE Message 3: LCP internal error, s <= 0 (s=-0.0000e+00)

ODE Message 3: LCP internal error, s <= 0 (s=0.0000e+00)

ODE Message 3: LCP internal error, s <= 0 (s=-0.0000e+00)

ODE Message 3: LCP internal error, s <= 0 (s=-0.0000e+00)

ODE Message 3: LCP internal error, s <= 0 (s=0.0000e+00)

ODE Message 3: LCP internal error, s <= 0 (s=-0.0000e+00)

ODE Message 3: LCP internal error, s <= 0 (s=-0.0000e+00)

ODE Message 3: LCP internal error, s <= 0 (s=0.0000e+00)

ODE Message 3: LCP internal error, s <= 0 (s=0.0000e+00)

ODE Message 3: LCP internal error, s <= 0 (s=-0.0000e+00)

ODE Message 3: LCP internal error, s <= 0 (s=0.0000e+00)

ODE Message 3: LCP internal error, s <= 0 (s=-0.0000e+00)

ODE Message 3: LCP internal error, s <= 0 (s=-0.0000e+00)

ODE Message 3: LCP internal error, s <= 0 (s=0.0000e+00)

ODE Message 3: LCP internal error, s <= 0 (s=0.0000e+00)

ODE Message 3: LCP internal error, s <= 0 (s=0.0000e+00)

ODE Message 3: LCP internal error, s <= 0 (s=0.0000e+00)

ODE Message 3: LCP internal error, s <= 0 (s=0.0000e+00)

ODE Message 3: LCP internal error, s <= 0 (s=-0.0000e+00)

ODE Message 3: LCP internal error, s <= 0 (s=0.0000e+00)

ODE Message 3: LCP internal error, s <= 0 (s=0.0000e+00)

ODE Message 3: LCP internal error, s <= 0 (s=-0.0000e+00)

ODE Message 3: LCP internal error, s <= 0 (s=-0.0000e+00)

ODE Message 3: LCP internal error, s <= 0 (s=0.0000e+00)

ODE Message 3: LCP internal error, s <= 0 (s=-0.0000e+00)

ODE Message 3: LCP internal error, s <= 0 (s=-0.0000e+00)

ODE Message 3: LCP internal error, s <= 0 (s=0.0000e+00)

ODE Message 3: LCP internal error, s <= 0 (s=0.0000e+00)

ODE Message 3: LCP internal error, s <= 0 (s=-0.0000e+00)

ODE Message 3: LCP internal error, s <= 0 (s=-0.0000e+00)

ODE Message 3: LCP internal error, s <= 0 (s=0.0000e+00)

ODE Message 3: LCP internal error, s <= 0 (s=-0.0000e+00)

ODE Message 3: LCP internal error, s <= 0 (s=-0.0000e+00)

ODE Message 3: LCP internal error, s <= 0 (s=0.0000e+00)

ODE Message 3: LCP internal error, s <= 0 (s=-0.0000e+00)

ODE Message 3: LCP internal error, s <= 0 (s=0.0000e+00)

ODE Message 3: LCP internal error, s <= 0 (s=0.0000e+00)

ODE Message 3: LCP internal error, s <= 0 (s=0.0000e+00)

ODE Message 3: LCP internal error, s <= 0 (s=-0.0000e+00)

ODE Message 3: LCP internal error, s <= 0 (s=-0.0000e+00)

ODE Message 3: LCP internal error, s <= 0 (s=0.0000e+00)

ODE Message 3: LCP internal error, s <= 0 (s=-0.0000e+00)

ODE Message 3: LCP internal error, s <= 0 (s=-0.0000e+00)

ODE Message 3: LCP internal error, s <= 0 (s=-0.0000e+00)

ODE Message 3: LCP internal error, s <= 0 (s=0.0000e+00)

ODE Message 3: LCP internal error, s <= 0 (s=0.0000e+00)

ODE Message 3: LCP internal error, s <= 0 (s=0.0000e+00)

ODE Message 3: LCP internal error, s <= 0 (s=0.0000e+00)

ODE Message 3: LCP internal error, s <= 0 (s=0.0000e+00)

ODE Message 3: LCP internal error, s <= 0 (s=0.0000e+00)

ODE Message 3: LCP internal error, s <= 0 (s=-0.0000e+00)

ODE Message 3: LCP internal error, s <= 0 (s=0.0000e+00)

ODE Message 3: LCP internal error, s <= 0 (s=-0.0000e+00)

ODE Message 3: LCP internal error, s <= 0 (s=0.0000e+00)

ODE Message 3: LCP internal error, s <= 0 (s=-0.0000e+00)

ODE Message 3: LCP internal error, s <= 0 (s=0.0000e+00)

ODE Message 3: LCP internal error, s <= 0 (s=-0.0000e+00)

ODE Message 3: LCP internal error, s <= 0 (s=0.0000e+00)
Environment initialized
action space: Box([-1. -1.], [1. 1.], (2,), float32)
observation space: Box([-1.2 -1.2 -1.2 -1.2 -1.2 -1.2 -1.2 -1.2 -1.2 -1.2 -1.2 -1.2 -1.2 -1.2
 -1.2 -1.2 -1.2 -1.2 -1.2 -1.2 -1.2 -1.2 -1.2 -1.2 -1.2 -1.2 -1.2 -1.2
 -1.2 -1.2 -1.2 -1.2 -1.2 -1.2 -1.2 -1.2 -1.2 -1.2 -1.2 -1.2], [1.2 1.2 1.2 1.2 1.2 1.2 1.2 1.2 1.2 1.2 1.2 1.2 1.2 1.2 1.2 1.2 1.2 1.2
 1.2 1.2 1.2 1.2 1.2 1.2 1.2 1.2 1.2 1.2 1.2 1.2 1.2 1.2 1.2 1.2 1.2 1.2
 1.2 1.2 1.2 1.2], (40,), float32)

 ****** Running generation 0 ****** 

network creation time 0.12642359733581543
Score range [-110.643, 82.609]
simulation run time 2850.465231180191
Evaluating 700 test episodes
final fitness compute time 4299.207621335983

Population's average fitness: -960.77997 stdev: 34.19256
Best fitness: -818.46343 - size: (2, 40) - species 1 - id 129
Average adjusted fitness: 0.329
Mean genetic distance 2.706, standard deviation 0.510
Population of 700 members in 3 species:
   ID   age  size  fitness  adj fit  stag
  ====  ===  ====  =======  =======  ====
     1    0   266   -818.5    0.351     0
     2    0   223   -847.0    0.317     0
     3    0   211   -833.4    0.321     0
Total extinctions: 0
Generation time: 7155.720 sec
Saving checkpoint to neat-checkpoint-0

 ****** Running generation 1 ****** 

network creation time 0.36328577995300293
Evaluating 700 test episodes
final fitness compute time 4328.925041437149

Population's average fitness: -918.18898 stdev: 40.91293
Best fitness: -672.95807 - size: (2, 40) - species 1 - id 1147
Average adjusted fitness: 0.374
Mean genetic distance 2.703, standard deviation 0.476
Population of 700 members in 3 species:
   ID   age  size  fitness  adj fit  stag
  ====  ===  ====  =======  =======  ====
     1    1   321   -673.0    0.401     0
     2    1   157   -765.5    0.366     0
     3    1   222   -771.5    0.354     0
Total extinctions: 0
Generation time: 4338.133 sec (5746.927 average)
Saving checkpoint to neat-checkpoint-1

 ****** Running generation 2 ****** 

network creation time 0.17580699920654297
Evaluating 700 test episodes
final fitness compute time 4351.85033082962

Population's average fitness: -886.75902 stdev: 49.58568
Best fitness: -590.06881 - size: (3, 40) - species 1 - id 1924
Average adjusted fitness: 0.363
Mean genetic distance 2.707, standard deviation 0.507
Population of 701 members in 4 species:
   ID   age  size  fitness  adj fit  stag
  ====  ===  ====  =======  =======  ====
     1    2   243   -590.1    0.390     0
     2    2   207   -772.6    0.353     1
     3    2   227   -716.5    0.347     0
     4    0    24       --       --     0
Total extinctions: 0
Generation time: 4360.706 sec (5284.853 average)
Saving checkpoint to neat-checkpoint-2

 ****** Running generation 3 ****** 

network creation time 0.13415193557739258
Evaluating 700 test episodes
final fitness compute time 4394.056709289551

Population's average fitness: -854.16805 stdev: 72.54226
Best fitness: -0.19402 - size: (3, 38) - species 1 - id 2573
Average adjusted fitness: 0.197
Mean genetic distance 2.655, standard deviation 0.514
Population of 700 members in 4 species:
   ID   age  size  fitness  adj fit  stag
  ====  ===  ====  =======  =======  ====
     1    3   253     -0.2    0.226     0
     2    3   132   -670.0    0.186     0
     3    3   207   -714.0    0.186     0
     4    1   108   -716.5    0.190     0
Total extinctions: 0
Generation time: 4403.404 sec (5064.491 average)
Saving checkpoint to neat-checkpoint-3

 ****** Running generation 4 ****** 

network creation time 0.13974833488464355
Evaluating 700 test episodes
final fitness compute time 4375.234852552414

Population's average fitness: -824.85326 stdev: 100.72542
Best fitness: -0.19402 - size: (3, 38) - species 1 - id 2573
Average adjusted fitness: 0.247
Mean genetic distance 2.552, standard deviation 0.525
Population of 700 members in 4 species:
   ID   age  size  fitness  adj fit  stag
  ====  ===  ====  =======  =======  ====
     1    4   239     -0.2    0.281     1
     2    4   125   -642.5    0.245     0
     3    4   217   -659.4    0.240     0
     4    2   119     -0.3    0.224     0
Total extinctions: 0
Generation time: 4383.770 sec (4928.347 average)
Saving checkpoint to neat-checkpoint-4
Average mean fitness over last 5 generations: -888.9498559475298
Average min fitness over last 5 generations: -1065.701166421729
0 -59.474485923167435 -59.474485923167435

 ****** Running generation 5 ****** 

network creation time 0.14002537727355957
Evaluating 700 test episodes
final fitness compute time 4304.271465539932

Population's average fitness: -759.79445 stdev: 214.85192
Best fitness: -0.17089 - size: (3, 41) - species 1 - id 4141
Average adjusted fitness: 0.240
Mean genetic distance 2.602, standard deviation 0.484
Population of 700 members in 4 species:
   ID   age  size  fitness  adj fit  stag
  ====  ===  ====  =======  =======  ====
     1    5   268     -0.2    0.332     0
     2    5   147     -0.3    0.237     0
     3    5   199     -0.2    0.185     0
     4    3    86     -0.2    0.205     0
Total extinctions: 0
Generation time: 4313.288 sec (4825.837 average)
Saving checkpoint to neat-checkpoint-5

 ****** Running generation 6 ****** 

network creation time 0.08344101905822754
Evaluating 700 test episodes
final fitness compute time 3823.840956926346

Population's average fitness: -440.67534 stdev: 406.98896
Best fitness: -0.01297 - size: (5, 42) - species 2 - id 4279

Best individual in generation 6 meets fitness threshold - complexity: (5, 42)
Average mean fitness over last 5 generations: -753.2500237573672
Average min fitness over last 5 generations: -1057.8949665448429
0 -21.50131678332095 -21.50131678332095

 ****** Running generation 6 ****** 

network creation time 0.2391643524169922
Evaluating 700 test episodes
final fitness compute time 3821.602635860443

Population's average fitness: -440.67534 stdev: 406.98896
Best fitness: -0.01297 - size: (5, 42) - species 2 - id 4279

Best individual in generation 6 meets fitness threshold - complexity: (5, 42)
Average mean fitness over last 5 generations: -664.033286952599
Average min fitness over last 5 generations: -1055.5908937653785
0 -8.05057042932776 -8.05057042932776

 ****** Running generation 6 ****** 

network creation time 0.12951064109802246
Evaluating 700 test episodes
final fitness compute time 3287.1789746284485

Population's average fitness: -440.67534 stdev: 406.98896
Best fitness: -0.01297 - size: (5, 42) - species 2 - id 4279

Best individual in generation 6 meets fitness threshold - complexity: (5, 42)
Average mean fitness over last 5 generations: -581.3347446600612
Average min fitness over last 5 generations: -1051.5749813332927
0 -9.49736573266286 -9.49736573266286

 ****** Running generation 6 ****** 

network creation time 0.1297743320465088
Evaluating 700 test episodes

ODE Message 3: LCP internal error, s <= 0 (s=-0.0000e+00)

ODE Message 3: LCP internal error, s <= 0 (s=-0.0000e+00)

ODE Message 3: LCP internal error, s <= 0 (s=-0.0000e+00)

ODE Message 3: LCP internal error, s <= 0 (s=0.0000e+00)

ODE Message 3: LCP internal error, s <= 0 (s=0.0000e+00)

ODE Message 3: LCP internal error, s <= 0 (s=0.0000e+00)

ODE Message 3: LCP internal error, s <= 0 (s=-0.0000e+00)

ODE Message 3: LCP internal error, s <= 0 (s=0.0000e+00)

ODE Message 3: LCP internal error, s <= 0 (s=-0.0000e+00)

ODE Message 3: LCP internal error, s <= 0 (s=-0.0000e+00)

ODE Message 3: LCP internal error, s <= 0 (s=-0.0000e+00)

ODE Message 3: LCP internal error, s <= 0 (s=-0.0000e+00)

ODE Message 3: LCP internal error, s <= 0 (s=-0.0000e+00)

ODE Message 3: LCP internal error, s <= 0 (s=0.0000e+00)

ODE Message 3: LCP internal error, s <= 0 (s=-0.0000e+00)

ODE Message 3: LCP internal error, s <= 0 (s=0.0000e+00)

ODE Message 3: LCP internal error, s <= 0 (s=-0.0000e+00)

ODE Message 3: LCP internal error, s <= 0 (s=0.0000e+00)

ODE Message 3: LCP internal error, s <= 0 (s=-0.0000e+00)

ODE Message 3: LCP internal error, s <= 0 (s=-0.0000e+00)

ODE Message 3: LCP internal error, s <= 0 (s=0.0000e+00)

ODE Message 3: LCP internal error, s <= 0 (s=0.0000e+00)

ODE Message 3: LCP internal error, s <= 0 (s=-0.0000e+00)

ODE Message 3: LCP internal error, s <= 0 (s=0.0000e+00)

ODE Message 3: LCP internal error, s <= 0 (s=-0.0000e+00)

ODE Message 3: LCP internal error, s <= 0 (s=-0.0000e+00)

ODE Message 3: LCP internal error, s <= 0 (s=-0.0000e+00)

ODE Message 3: LCP internal error, s <= 0 (s=0.0000e+00)

ODE Message 3: LCP internal error, s <= 0 (s=-0.0000e+00)

ODE Message 3: LCP internal error, s <= 0 (s=0.0000e+00)

ODE Message 3: LCP internal error, s <= 0 (s=-0.0000e+00)

ODE Message 3: LCP internal error, s <= 0 (s=0.0000e+00)

ODE Message 3: LCP internal error, s <= 0 (s=-0.0000e+00)

ODE Message 3: LCP internal error, s <= 0 (s=-0.0000e+00)

ODE Message 3: LCP internal error, s <= 0 (s=0.0000e+00)

ODE Message 3: LCP internal error, s <= 0 (s=-0.0000e+00)

ODE Message 3: LCP internal error, s <= 0 (s=0.0000e+00)

ODE Message 3: LCP internal error, s <= 0 (s=-0.0000e+00)

ODE Message 3: LCP internal error, s <= 0 (s=-0.0000e+00)

ODE Message 3: LCP internal error, s <= 0 (s=0.0000e+00)

ODE Message 3: LCP internal error, s <= 0 (s=-0.0000e+00)

ODE Message 3: LCP internal error, s <= 0 (s=0.0000e+00)

ODE Message 3: LCP internal error, s <= 0 (s=-0.0000e+00)

ODE Message 3: LCP internal error, s <= 0 (s=-0.0000e+00)

ODE Message 3: LCP internal error, s <= 0 (s=-0.0000e+00)

ODE Message 3: LCP internal error, s <= 0 (s=0.0000e+00)

ODE Message 3: LCP internal error, s <= 0 (s=-0.0000e+00)

ODE Message 3: LCP internal error, s <= 0 (s=-1.6798e-10)

ODE Message 3: LCP internal error, s <= 0 (s=-0.0000e+00)

ODE Message 3: LCP internal error, s <= 0 (s=0.0000e+00)

ODE Message 3: LCP internal error, s <= 0 (s=-0.0000e+00)

ODE Message 3: LCP internal error, s <= 0 (s=-0.0000e+00)

ODE Message 3: LCP internal error, s <= 0 (s=-0.0000e+00)

ODE Message 3: LCP internal error, s <= 0 (s=-0.0000e+00)

ODE Message 3: LCP internal error, s <= 0 (s=-0.0000e+00)

ODE Message 3: LCP internal error, s <= 0 (s=0.0000e+00)

ODE Message 3: LCP internal error, s <= 0 (s=0.0000e+00)

ODE Message 3: LCP internal error, s <= 0 (s=0.0000e+00)

ODE Message 3: LCP internal error, s <= 0 (s=0.0000e+00)

ODE Message 3: LCP internal error, s <= 0 (s=0.0000e+00)

ODE Message 3: LCP internal error, s <= 0 (s=-0.0000e+00)

ODE Message 3: LCP internal error, s <= 0 (s=0.0000e+00)

ODE Message 3: LCP internal error, s <= 0 (s=-0.0000e+00)

ODE Message 3: LCP internal error, s <= 0 (s=-0.0000e+00)

ODE Message 3: LCP internal error, s <= 0 (s=-0.0000e+00)

ODE Message 3: LCP internal error, s <= 0 (s=-0.0000e+00)

ODE Message 3: LCP internal error, s <= 0 (s=-0.0000e+00)

ODE Message 3: LCP internal error, s <= 0 (s=-0.0000e+00)

ODE Message 3: LCP internal error, s <= 0 (s=0.0000e+00)

ODE Message 3: LCP internal error, s <= 0 (s=0.0000e+00)

ODE Message 3: LCP internal error, s <= 0 (s=0.0000e+00)

ODE Message 3: LCP internal error, s <= 0 (s=-0.0000e+00)

ODE Message 3: LCP internal error, s <= 0 (s=-0.0000e+00)

ODE Message 3: LCP internal error, s <= 0 (s=0.0000e+00)

ODE Message 3: LCP internal error, s <= 0 (s=0.0000e+00)

ODE Message 3: LCP internal error, s <= 0 (s=-0.0000e+00)

ODE Message 3: LCP internal error, s <= 0 (s=0.0000e+00)

ODE Message 3: LCP internal error, s <= 0 (s=-0.0000e+00)

ODE Message 3: LCP internal error, s <= 0 (s=0.0000e+00)

ODE Message 3: LCP internal error, s <= 0 (s=-0.0000e+00)

ODE Message 3: LCP internal error, s <= 0 (s=-0.0000e+00)

ODE Message 3: LCP internal error, s <= 0 (s=0.0000e+00)

ODE Message 3: LCP internal error, s <= 0 (s=-0.0000e+00)

ODE Message 3: LCP internal error, s <= 0 (s=0.0000e+00)

ODE Message 3: LCP internal error, s <= 0 (s=0.0000e+00)

ODE Message 3: LCP internal error, s <= 0 (s=0.0000e+00)

ODE Message 3: LCP internal error, s <= 0 (s=-0.0000e+00)

ODE Message 3: LCP internal error, s <= 0 (s=-0.0000e+00)

ODE Message 3: LCP internal error, s <= 0 (s=-0.0000e+00)

ODE Message 3: LCP internal error, s <= 0 (s=-0.0000e+00)

ODE Message 3: LCP internal error, s <= 0 (s=-0.0000e+00)

ODE Message 3: LCP internal error, s <= 0 (s=-0.0000e+00)

ODE Message 3: LCP internal error, s <= 0 (s=0.0000e+00)

ODE Message 3: LCP internal error, s <= 0 (s=-0.0000e+00)

ODE Message 3: LCP internal error, s <= 0 (s=0.0000e+00)

ODE Message 3: LCP internal error, s <= 0 (s=0.0000e+00)

ODE Message 3: LCP internal error, s <= 0 (s=0.0000e+00)

ODE Message 3: LCP internal error, s <= 0 (s=-0.0000e+00)

ODE Message 3: LCP internal error, s <= 0 (s=-0.0000e+00)

ODE Message 3: LCP internal error, s <= 0 (s=-0.0000e+00)

ODE Message 3: LCP internal error, s <= 0 (s=-0.0000e+00)

ODE Message 3: LCP internal error, s <= 0 (s=0.0000e+00)

ODE Message 3: LCP internal error, s <= 0 (s=-0.0000e+00)

ODE Message 3: LCP internal error, s <= 0 (s=0.0000e+00)

ODE Message 3: LCP internal error, s <= 0 (s=-0.0000e+00)

ODE Message 3: LCP internal error, s <= 0 (s=0.0000e+00)

ODE Message 3: LCP internal error, s <= 0 (s=-0.0000e+00)

ODE Message 3: LCP internal error, s <= 0 (s=-0.0000e+00)

ODE Message 3: LCP internal error, s <= 0 (s=0.0000e+00)

ODE Message 3: LCP internal error, s <= 0 (s=0.0000e+00)

ODE Message 3: LCP internal error, s <= 0 (s=-0.0000e+00)

ODE Message 3: LCP internal error, s <= 0 (s=0.0000e+00)

ODE Message 3: LCP internal error, s <= 0 (s=-0.0000e+00)

ODE Message 3: LCP internal error, s <= 0 (s=0.0000e+00)

ODE Message 3: LCP internal error, s <= 0 (s=0.0000e+00)

ODE Message 3: LCP internal error, s <= 0 (s=-0.0000e+00)

ODE Message 3: LCP internal error, s <= 0 (s=-0.0000e+00)

ODE Message 3: LCP internal error, s <= 0 (s=0.0000e+00)

ODE Message 3: LCP internal error, s <= 0 (s=-0.0000e+00)

ODE Message 3: LCP internal error, s <= 0 (s=-0.0000e+00)

ODE Message 3: LCP internal error, s <= 0 (s=0.0000e+00)

ODE Message 3: LCP internal error, s <= 0 (s=0.0000e+00)

ODE Message 3: LCP internal error, s <= 0 (s=-0.0000e+00)

ODE Message 3: LCP internal error, s <= 0 (s=0.0000e+00)

ODE Message 3: LCP internal error, s <= 0 (s=-0.0000e+00)

ODE Message 3: LCP internal error, s <= 0 (s=-0.0000e+00)

ODE Message 3: LCP internal error, s <= 0 (s=0.0000e+00)

ODE Message 3: LCP internal error, s <= 0 (s=-0.0000e+00)

ODE Message 3: LCP internal error, s <= 0 (s=0.0000e+00)

ODE Message 3: LCP internal error, s <= 0 (s=0.0000e+00)

ODE Message 3: LCP internal error, s <= 0 (s=-0.0000e+00)

ODE Message 3: LCP internal error, s <= 0 (s=-0.0000e+00)

ODE Message 3: LCP internal error, s <= 0 (s=-0.0000e+00)

ODE Message 3: LCP internal error, s <= 0 (s=0.0000e+00)

ODE Message 3: LCP internal error, s <= 0 (s=-0.0000e+00)

ODE Message 3: LCP internal error, s <= 0 (s=-0.0000e+00)

ODE Message 3: LCP internal error, s <= 0 (s=-0.0000e+00)

ODE Message 3: LCP internal error, s <= 0 (s=0.0000e+00)

ODE Message 3: LCP internal error, s <= 0 (s=-0.0000e+00)

ODE Message 3: LCP internal error, s <= 0 (s=-0.0000e+00)

ODE Message 3: LCP internal error, s <= 0 (s=-0.0000e+00)

ODE Message 3: LCP internal error, s <= 0 (s=-0.0000e+00)

ODE Message 3: LCP internal error, s <= 0 (s=-0.0000e+00)

ODE Message 3: LCP internal error, s <= 0 (s=-0.0000e+00)

ODE Message 3: LCP internal error, s <= 0 (s=0.0000e+00)

ODE Message 3: LCP internal error, s <= 0 (s=-0.0000e+00)

ODE Message 3: LCP internal error, s <= 0 (s=-0.0000e+00)

ODE Message 3: LCP internal error, s <= 0 (s=0.0000e+00)

ODE Message 3: LCP internal error, s <= 0 (s=-0.0000e+00)

ODE Message 3: LCP internal error, s <= 0 (s=-0.0000e+00)

ODE Message 3: LCP internal error, s <= 0 (s=-0.0000e+00)

ODE Message 3: LCP internal error, s <= 0 (s=0.0000e+00)

ODE Message 3: LCP internal error, s <= 0 (s=0.0000e+00)

ODE Message 3: LCP internal error, s <= 0 (s=-1.6798e-10)

ODE Message 3: LCP internal error, s <= 0 (s=0.0000e+00)

ODE Message 3: LCP internal error, s <= 0 (s=0.0000e+00)

ODE Message 3: LCP internal error, s <= 0 (s=-0.0000e+00)

ODE Message 3: LCP internal error, s <= 0 (s=0.0000e+00)

ODE Message 3: LCP internal error, s <= 0 (s=0.0000e+00)

ODE Message 3: LCP internal error, s <= 0 (s=-0.0000e+00)

ODE Message 3: LCP internal error, s <= 0 (s=-0.0000e+00)

ODE Message 3: LCP internal error, s <= 0 (s=-0.0000e+00)

ODE Message 3: LCP internal error, s <= 0 (s=-0.0000e+00)

ODE Message 3: LCP internal error, s <= 0 (s=-0.0000e+00)

ODE Message 3: LCP internal error, s <= 0 (s=-0.0000e+00)

ODE Message 3: LCP internal error, s <= 0 (s=-0.0000e+00)

ODE Message 3: LCP internal error, s <= 0 (s=-0.0000e+00)

ODE Message 3: LCP internal error, s <= 0 (s=-0.0000e+00)

ODE Message 3: LCP internal error, s <= 0 (s=-0.0000e+00)

ODE Message 3: LCP internal error, s <= 0 (s=0.0000e+00)

ODE Message 3: LCP internal error, s <= 0 (s=-0.0000e+00)

ODE Message 3: LCP internal error, s <= 0 (s=0.0000e+00)

ODE Message 3: LCP internal error, s <= 0 (s=0.0000e+00)

ODE Message 3: LCP internal error, s <= 0 (s=0.0000e+00)

ODE Message 3: LCP internal error, s <= 0 (s=-0.0000e+00)

ODE Message 3: LCP internal error, s <= 0 (s=-0.0000e+00)

ODE Message 3: LCP internal error, s <= 0 (s=0.0000e+00)

ODE Message 3: LCP internal error, s <= 0 (s=-0.0000e+00)

ODE Message 3: LCP internal error, s <= 0 (s=-0.0000e+00)

ODE Message 3: LCP internal error, s <= 0 (s=0.0000e+00)

ODE Message 3: LCP internal error, s <= 0 (s=-0.0000e+00)

ODE Message 3: LCP internal error, s <= 0 (s=-0.0000e+00)

ODE Message 3: LCP internal error, s <= 0 (s=-0.0000e+00)

ODE Message 3: LCP internal error, s <= 0 (s=-0.0000e+00)

ODE Message 3: LCP internal error, s <= 0 (s=0.0000e+00)

ODE Message 3: LCP internal error, s <= 0 (s=0.0000e+00)

ODE Message 3: LCP internal error, s <= 0 (s=0.0000e+00)

ODE Message 3: LCP internal error, s <= 0 (s=0.0000e+00)

ODE Message 3: LCP internal error, s <= 0 (s=0.0000e+00)

ODE Message 3: LCP internal error, s <= 0 (s=0.0000e+00)

ODE Message 3: LCP internal error, s <= 0 (s=0.0000e+00)

ODE Message 3: LCP internal error, s <= 0 (s=0.0000e+00)

ODE Message 3: LCP internal error, s <= 0 (s=0.0000e+00)

ODE Message 3: LCP internal error, s <= 0 (s=0.0000e+00)

ODE Message 3: LCP internal error, s <= 0 (s=0.0000e+00)

ODE Message 3: LCP internal error, s <= 0 (s=0.0000e+00)

ODE Message 3: LCP internal error, s <= 0 (s=-0.0000e+00)

ODE Message 3: LCP internal error, s <= 0 (s=0.0000e+00)

ODE Message 3: LCP internal error, s <= 0 (s=-0.0000e+00)

ODE Message 3: LCP internal error, s <= 0 (s=-0.0000e+00)

ODE Message 3: LCP internal error, s <= 0 (s=-0.0000e+00)

ODE Message 3: LCP internal error, s <= 0 (s=0.0000e+00)

ODE Message 3: LCP internal error, s <= 0 (s=-0.0000e+00)

ODE Message 3: LCP internal error, s <= 0 (s=0.0000e+00)

ODE Message 3: LCP internal error, s <= 0 (s=0.0000e+00)

ODE Message 3: LCP internal error, s <= 0 (s=0.0000e+00)

ODE Message 3: LCP internal error, s <= 0 (s=-0.0000e+00)

ODE Message 3: LCP internal error, s <= 0 (s=-0.0000e+00)

ODE Message 3: LCP internal error, s <= 0 (s=0.0000e+00)

ODE Message 3: LCP internal error, s <= 0 (s=-0.0000e+00)

ODE Message 3: LCP internal error, s <= 0 (s=-0.0000e+00)

ODE Message 3: LCP internal error, s <= 0 (s=-0.0000e+00)

ODE Message 3: LCP internal error, s <= 0 (s=0.0000e+00)

ODE Message 3: LCP internal error, s <= 0 (s=-0.0000e+00)

ODE Message 3: LCP internal error, s <= 0 (s=-0.0000e+00)

ODE Message 3: LCP internal error, s <= 0 (s=0.0000e+00)

ODE Message 3: LCP internal error, s <= 0 (s=-0.0000e+00)

ODE Message 3: LCP internal error, s <= 0 (s=0.0000e+00)

ODE Message 3: LCP internal error, s <= 0 (s=-0.0000e+00)

ODE Message 3: LCP internal error, s <= 0 (s=-0.0000e+00)

ODE Message 3: LCP internal error, s <= 0 (s=0.0000e+00)

ODE Message 3: LCP internal error, s <= 0 (s=-0.0000e+00)

ODE Message 3: LCP internal error, s <= 0 (s=0.0000e+00)

ODE Message 3: LCP internal error, s <= 0 (s=-0.0000e+00)

ODE Message 3: LCP internal error, s <= 0 (s=0.0000e+00)

ODE Message 3: LCP internal error, s <= 0 (s=0.0000e+00)

ODE Message 3: LCP internal error, s <= 0 (s=-0.0000e+00)

ODE Message 3: LCP internal error, s <= 0 (s=-0.0000e+00)

ODE Message 3: LCP internal error, s <= 0 (s=-0.0000e+00)
final fitness compute time 2113.184717655182

Population's average fitness: -440.67534 stdev: 406.98896
Best fitness: -0.01297 - size: (5, 42) - species 2 - id 4279

Best individual in generation 6 meets fitness threshold - complexity: (5, 42)
Average mean fitness over last 5 generations: -504.4991603067745
Average min fitness over last 5 generations: -1040.2826021688857
0 -11.68496600009395 -11.68496600009395

 ****** Running generation 6 ****** 

network creation time 0.06096315383911133
Score range [-97.790, 85.040]
simulation run time 2812.4940621852875
Evaluating 1000 test episodes

ODE Message 3: LCP internal error, s <= 0 (s=-0.0000e+00)
final fitness compute time 5402.019316196442

Population's average fitness: -435.48983 stdev: 402.20757
Best fitness: -0.01268 - size: (5, 42) - species 2 - id 4279

Best individual in generation 6 meets fitness threshold - complexity: (5, 42)
Average mean fitness over last 5 generations: -439.6382368786859
Average min fitness over last 5 generations: -1045.3997345255289
0 -11.882175752025411 -11.882175752025411

 ****** Running generation 6 ****** 

network creation time 0.14713287353515625
Evaluating 1000 test episodes

ODE Message 3: LCP internal error, s <= 0 (s=0.0000e+00)
final fitness compute time 5675.188496828079

Population's average fitness: -435.48983 stdev: 402.20757
Best fitness: -0.01268 - size: (5, 42) - species 2 - id 4279

Best individual in generation 6 meets fitness threshold - complexity: (5, 42)
Average mean fitness over last 5 generations: -438.60113543133014
Average min fitness over last 5 generations: -1042.935872110462
0 -10.404877363317791 -10.404877363317791

 ****** Running generation 6 ****** 

network creation time 0.4864504337310791
Evaluating 1000 test episodes
final fitness compute time 5381.20046377182

Population's average fitness: -435.48983 stdev: 402.20757
Best fitness: -0.01268 - size: (5, 42) - species 2 - id 4279

Best individual in generation 6 meets fitness threshold - complexity: (5, 42)
Average mean fitness over last 5 generations: -437.56403398397435
Average min fitness over last 5 generations: -1040.472009695395
0 18.263508212164947 18.263508212164947
1 -10.870414156991451 3.696547027586748

 ****** Running generation 6 ****** 

network creation time 0.14430880546569824
Evaluating 1000 test episodes
final fitness compute time 5596.514767169952

Population's average fitness: -435.48983 stdev: 402.20757
Best fitness: -0.01268 - size: (5, 42) - species 2 - id 4279

Best individual in generation 6 meets fitness threshold - complexity: (5, 42)
Average mean fitness over last 5 generations: -436.5269325366186
Average min fitness over last 5 generations: -1038.008147280328
0 -48.86702856733357 -48.86702856733357

 ****** Running generation 6 ****** 

network creation time 0.13122820854187012
Evaluating 1000 test episodes
final fitness compute time 5662.044223308563

Population's average fitness: -435.48983 stdev: 402.20757
Best fitness: -0.01268 - size: (5, 42) - species 2 - id 4279

Best individual in generation 6 meets fitness threshold - complexity: (5, 42)
Average mean fitness over last 5 generations: -435.4898310892628
Average min fitness over last 5 generations: -1035.544284865261
0 -96.90129622748884 -96.90129622748884

 ****** Running generation 6 ****** 

network creation time 0.17185235023498535
Evaluating 1000 test episodes
final fitness compute time 5383.057770729065

Population's average fitness: -435.48983 stdev: 402.20757
Best fitness: -0.01268 - size: (5, 42) - species 2 - id 4279

Best individual in generation 6 meets fitness threshold - complexity: (5, 42)
Average mean fitness over last 5 generations: -435.4898310892628
Average min fitness over last 5 generations: -1035.544284865261
0 -10.501321516712748 -10.501321516712748

 ****** Running generation 6 ****** 

network creation time 0.12792372703552246
Evaluating 1000 test episodes
final fitness compute time 5636.876839399338

Population's average fitness: -435.48983 stdev: 402.20757
Best fitness: -0.01268 - size: (5, 42) - species 2 - id 4279

Best individual in generation 6 meets fitness threshold - complexity: (5, 42)
Average mean fitness over last 5 generations: -435.4898310892628
Average min fitness over last 5 generations: -1035.544284865261
0 -16.378926043423835 -16.378926043423835

 ****** Running generation 6 ****** 

network creation time 0.44584083557128906
Evaluating 1000 test episodes

ODE Message 3: LCP internal error, s <= 0 (s=0.0000e+00)
final fitness compute time 4707.255830287933

Population's average fitness: -435.48983 stdev: 402.20757
Best fitness: -0.01268 - size: (5, 42) - species 2 - id 4279

Best individual in generation 6 meets fitness threshold - complexity: (5, 42)
Average mean fitness over last 5 generations: -435.4898310892628
Average min fitness over last 5 generations: -1035.544284865261
0 1.701152915266317 1.701152915266317
1 -10.56753439594933 -4.433190740341507

 ****** Running generation 6 ****** 

network creation time 0.0714566707611084
Evaluating 1000 test episodes
final fitness compute time 3867.9532771110535

Population's average fitness: -435.48983 stdev: 402.20757
Best fitness: -0.01268 - size: (5, 42) - species 2 - id 4279

Best individual in generation 6 meets fitness threshold - complexity: (5, 42)
Average mean fitness over last 5 generations: -435.4898310892628
Average min fitness over last 5 generations: -1035.544284865261
0 -11.672613093148325 -11.672613093148325

 ****** Running generation 6 ****** 

network creation time 0.13370537757873535
Evaluating 1000 test episodes

ODE Message 3: LCP internal error, s <= 0 (s=0.0000e+00)

ODE Message 3: LCP internal error, s <= 0 (s=-0.0000e+00)

ODE Message 3: LCP internal error, s <= 0 (s=-0.0000e+00)

ODE Message 3: LCP internal error, s <= 0 (s=-0.0000e+00)

ODE Message 3: LCP internal error, s <= 0 (s=-1.6800e-10)

ODE Message 3: LCP internal error, s <= 0 (s=-0.0000e+00)

ODE Message 3: LCP internal error, s <= 0 (s=0.0000e+00)

ODE Message 3: LCP internal error, s <= 0 (s=0.0000e+00)

ODE Message 3: LCP internal error, s <= 0 (s=-0.0000e+00)

ODE Message 3: LCP internal error, s <= 0 (s=0.0000e+00)

ODE Message 3: LCP internal error, s <= 0 (s=-0.0000e+00)

ODE Message 3: LCP internal error, s <= 0 (s=-0.0000e+00)

ODE Message 3: LCP internal error, s <= 0 (s=-0.0000e+00)

ODE Message 3: LCP internal error, s <= 0 (s=-0.0000e+00)

ODE Message 3: LCP internal error, s <= 0 (s=0.0000e+00)

ODE Message 3: LCP internal error, s <= 0 (s=-0.0000e+00)

ODE Message 3: LCP internal error, s <= 0 (s=-0.0000e+00)

ODE Message 3: LCP internal error, s <= 0 (s=-0.0000e+00)

ODE Message 3: LCP internal error, s <= 0 (s=-0.0000e+00)

ODE Message 3: LCP internal error, s <= 0 (s=0.0000e+00)

ODE Message 3: LCP internal error, s <= 0 (s=-0.0000e+00)

ODE Message 3: LCP internal error, s <= 0 (s=-0.0000e+00)

ODE Message 3: LCP internal error, s <= 0 (s=0.0000e+00)

ODE Message 3: LCP internal error, s <= 0 (s=0.0000e+00)

ODE Message 3: LCP internal error, s <= 0 (s=-0.0000e+00)

ODE Message 3: LCP internal error, s <= 0 (s=0.0000e+00)

ODE Message 3: LCP internal error, s <= 0 (s=-0.0000e+00)

ODE Message 3: LCP internal error, s <= 0 (s=0.0000e+00)

ODE Message 3: LCP internal error, s <= 0 (s=-0.0000e+00)

ODE Message 3: LCP internal error, s <= 0 (s=-0.0000e+00)

ODE Message 3: LCP internal error, s <= 0 (s=0.0000e+00)

ODE Message 3: LCP internal error, s <= 0 (s=0.0000e+00)

ODE Message 3: LCP internal error, s <= 0 (s=-0.0000e+00)

ODE Message 3: LCP internal error, s <= 0 (s=-0.0000e+00)

ODE Message 3: LCP internal error, s <= 0 (s=-0.0000e+00)

ODE Message 3: LCP internal error, s <= 0 (s=0.0000e+00)

ODE Message 3: LCP internal error, s <= 0 (s=-0.0000e+00)

ODE Message 3: LCP internal error, s <= 0 (s=-0.0000e+00)

ODE Message 3: LCP internal error, s <= 0 (s=-0.0000e+00)

ODE Message 3: LCP internal error, s <= 0 (s=-0.0000e+00)

ODE Message 3: LCP internal error, s <= 0 (s=-1.7340e-10)

ODE Message 3: LCP internal error, s <= 0 (s=0.0000e+00)

ODE Message 3: LCP internal error, s <= 0 (s=0.0000e+00)

ODE Message 3: LCP internal error, s <= 0 (s=-0.0000e+00)

ODE Message 3: LCP internal error, s <= 0 (s=-0.0000e+00)

ODE Message 3: LCP internal error, s <= 0 (s=0.0000e+00)

ODE Message 3: LCP internal error, s <= 0 (s=0.0000e+00)

ODE Message 3: LCP internal error, s <= 0 (s=-0.0000e+00)

ODE Message 3: LCP internal error, s <= 0 (s=0.0000e+00)

ODE Message 3: LCP internal error, s <= 0 (s=0.0000e+00)

ODE Message 3: LCP internal error, s <= 0 (s=-0.0000e+00)

ODE Message 3: LCP internal error, s <= 0 (s=0.0000e+00)

ODE Message 3: LCP internal error, s <= 0 (s=0.0000e+00)

ODE Message 3: LCP internal error, s <= 0 (s=-0.0000e+00)

ODE Message 3: LCP internal error, s <= 0 (s=-0.0000e+00)

ODE Message 3: LCP internal error, s <= 0 (s=-0.0000e+00)

ODE Message 3: LCP internal error, s <= 0 (s=-0.0000e+00)

ODE Message 3: LCP internal error, s <= 0 (s=0.0000e+00)

ODE Message 3: LCP internal error, s <= 0 (s=0.0000e+00)

ODE Message 3: LCP internal error, s <= 0 (s=-0.0000e+00)

ODE Message 3: LCP internal error, s <= 0 (s=-1.6799e-10)

ODE Message 3: LCP internal error, s <= 0 (s=0.0000e+00)

ODE Message 3: LCP internal error, s <= 0 (s=-0.0000e+00)

ODE Message 3: LCP internal error, s <= 0 (s=-0.0000e+00)

ODE Message 3: LCP internal error, s <= 0 (s=-0.0000e+00)

ODE Message 3: LCP internal error, s <= 0 (s=-0.0000e+00)

ODE Message 3: LCP internal error, s <= 0 (s=-0.0000e+00)

ODE Message 3: LCP internal error, s <= 0 (s=0.0000e+00)

ODE Message 3: LCP internal error, s <= 0 (s=-0.0000e+00)

ODE Message 3: LCP internal error, s <= 0 (s=0.0000e+00)

ODE Message 3: LCP internal error, s <= 0 (s=0.0000e+00)

ODE Message 3: LCP internal error, s <= 0 (s=-0.0000e+00)

ODE Message 3: LCP internal error, s <= 0 (s=-0.0000e+00)

ODE Message 3: LCP internal error, s <= 0 (s=0.0000e+00)

ODE Message 3: LCP internal error, s <= 0 (s=-0.0000e+00)

ODE Message 3: LCP internal error, s <= 0 (s=0.0000e+00)

ODE Message 3: LCP internal error, s <= 0 (s=-0.0000e+00)

ODE Message 3: LCP internal error, s <= 0 (s=-0.0000e+00)

ODE Message 3: LCP internal error, s <= 0 (s=0.0000e+00)

ODE Message 3: LCP internal error, s <= 0 (s=0.0000e+00)

ODE Message 3: LCP internal error, s <= 0 (s=-0.0000e+00)

ODE Message 3: LCP internal error, s <= 0 (s=-0.0000e+00)

ODE Message 3: LCP internal error, s <= 0 (s=0.0000e+00)

ODE Message 3: LCP internal error, s <= 0 (s=0.0000e+00)

ODE Message 3: LCP internal error, s <= 0 (s=-0.0000e+00)

ODE Message 3: LCP internal error, s <= 0 (s=0.0000e+00)

ODE Message 3: LCP internal error, s <= 0 (s=0.0000e+00)

ODE Message 3: LCP internal error, s <= 0 (s=0.0000e+00)

ODE Message 3: LCP internal error, s <= 0 (s=-0.0000e+00)

ODE Message 3: LCP internal error, s <= 0 (s=0.0000e+00)

ODE Message 3: LCP internal error, s <= 0 (s=-0.0000e+00)

ODE Message 3: LCP internal error, s <= 0 (s=0.0000e+00)

ODE Message 3: LCP internal error, s <= 0 (s=0.0000e+00)

ODE Message 3: LCP internal error, s <= 0 (s=-0.0000e+00)

ODE Message 3: LCP internal error, s <= 0 (s=0.0000e+00)

ODE Message 3: LCP internal error, s <= 0 (s=-0.0000e+00)

ODE Message 3: LCP internal error, s <= 0 (s=-0.0000e+00)

ODE Message 3: LCP internal error, s <= 0 (s=0.0000e+00)

ODE Message 3: LCP internal error, s <= 0 (s=-0.0000e+00)

ODE Message 3: LCP internal error, s <= 0 (s=-0.0000e+00)

ODE Message 3: LCP internal error, s <= 0 (s=-0.0000e+00)

ODE Message 3: LCP internal error, s <= 0 (s=0.0000e+00)

ODE Message 3: LCP internal error, s <= 0 (s=-0.0000e+00)

ODE Message 3: LCP internal error, s <= 0 (s=-0.0000e+00)

ODE Message 3: LCP internal error, s <= 0 (s=0.0000e+00)

ODE Message 3: LCP internal error, s <= 0 (s=0.0000e+00)

ODE Message 3: LCP internal error, s <= 0 (s=-0.0000e+00)

ODE Message 3: LCP internal error, s <= 0 (s=-0.0000e+00)

ODE Message 3: LCP internal error, s <= 0 (s=0.0000e+00)

ODE Message 3: LCP internal error, s <= 0 (s=0.0000e+00)

ODE Message 3: LCP internal error, s <= 0 (s=0.0000e+00)

ODE Message 3: LCP internal error, s <= 0 (s=0.0000e+00)

ODE Message 3: LCP internal error, s <= 0 (s=-0.0000e+00)

ODE Message 3: LCP internal error, s <= 0 (s=-0.0000e+00)

ODE Message 3: LCP internal error, s <= 0 (s=0.0000e+00)

ODE Message 3: LCP internal error, s <= 0 (s=-0.0000e+00)

ODE Message 3: LCP internal error, s <= 0 (s=0.0000e+00)

ODE Message 3: LCP internal error, s <= 0 (s=-0.0000e+00)

ODE Message 3: LCP internal error, s <= 0 (s=0.0000e+00)

ODE Message 3: LCP internal error, s <= 0 (s=-0.0000e+00)

ODE Message 3: LCP internal error, s <= 0 (s=-1.6798e-10)

ODE Message 3: LCP internal error, s <= 0 (s=-0.0000e+00)

ODE Message 3: LCP internal error, s <= 0 (s=0.0000e+00)

ODE Message 3: LCP internal error, s <= 0 (s=-0.0000e+00)

ODE Message 3: LCP internal error, s <= 0 (s=-0.0000e+00)

ODE Message 3: LCP internal error, s <= 0 (s=-0.0000e+00)

ODE Message 3: LCP internal error, s <= 0 (s=-0.0000e+00)

ODE Message 3: LCP internal error, s <= 0 (s=-0.0000e+00)

ODE Message 3: LCP internal error, s <= 0 (s=0.0000e+00)

ODE Message 3: LCP internal error, s <= 0 (s=-0.0000e+00)

ODE Message 3: LCP internal error, s <= 0 (s=0.0000e+00)

ODE Message 3: LCP internal error, s <= 0 (s=-0.0000e+00)

ODE Message 3: LCP internal error, s <= 0 (s=-0.0000e+00)

ODE Message 3: LCP internal error, s <= 0 (s=0.0000e+00)

ODE Message 3: LCP internal error, s <= 0 (s=-0.0000e+00)

ODE Message 3: LCP internal error, s <= 0 (s=-0.0000e+00)

ODE Message 3: LCP internal error, s <= 0 (s=-0.0000e+00)

ODE Message 3: LCP internal error, s <= 0 (s=0.0000e+00)

ODE Message 3: LCP internal error, s <= 0 (s=-0.0000e+00)

ODE Message 3: LCP internal error, s <= 0 (s=-0.0000e+00)

ODE Message 3: LCP internal error, s <= 0 (s=0.0000e+00)

ODE Message 3: LCP internal error, s <= 0 (s=-0.0000e+00)

ODE Message 3: LCP internal error, s <= 0 (s=-0.0000e+00)

ODE Message 3: LCP internal error, s <= 0 (s=-0.0000e+00)

ODE Message 3: LCP internal error, s <= 0 (s=0.0000e+00)

ODE Message 3: LCP internal error, s <= 0 (s=0.0000e+00)

ODE Message 3: LCP internal error, s <= 0 (s=-0.0000e+00)

ODE Message 3: LCP internal error, s <= 0 (s=-0.0000e+00)

ODE Message 3: LCP internal error, s <= 0 (s=-0.0000e+00)

ODE Message 3: LCP internal error, s <= 0 (s=-0.0000e+00)

ODE Message 3: LCP internal error, s <= 0 (s=-0.0000e+00)

ODE Message 3: LCP internal error, s <= 0 (s=-0.0000e+00)

ODE Message 3: LCP internal error, s <= 0 (s=-0.0000e+00)

ODE Message 3: LCP internal error, s <= 0 (s=-0.0000e+00)

ODE Message 3: LCP internal error, s <= 0 (s=0.0000e+00)

ODE Message 3: LCP internal error, s <= 0 (s=-0.0000e+00)

ODE Message 3: LCP internal error, s <= 0 (s=0.0000e+00)

ODE Message 3: LCP internal error, s <= 0 (s=-0.0000e+00)

ODE Message 3: LCP internal error, s <= 0 (s=0.0000e+00)

ODE Message 3: LCP internal error, s <= 0 (s=0.0000e+00)

ODE Message 3: LCP internal error, s <= 0 (s=0.0000e+00)

ODE Message 3: LCP internal error, s <= 0 (s=-0.0000e+00)

ODE Message 3: LCP internal error, s <= 0 (s=-0.0000e+00)

ODE Message 3: LCP internal error, s <= 0 (s=-0.0000e+00)

ODE Message 3: LCP internal error, s <= 0 (s=-0.0000e+00)

ODE Message 3: LCP internal error, s <= 0 (s=-0.0000e+00)

ODE Message 3: LCP internal error, s <= 0 (s=-0.0000e+00)

ODE Message 3: LCP internal error, s <= 0 (s=-0.0000e+00)

ODE Message 3: LCP internal error, s <= 0 (s=0.0000e+00)

ODE Message 3: LCP internal error, s <= 0 (s=-0.0000e+00)

ODE Message 3: LCP internal error, s <= 0 (s=0.0000e+00)

ODE Message 3: LCP internal error, s <= 0 (s=-0.0000e+00)

ODE Message 3: LCP internal error, s <= 0 (s=-0.0000e+00)

ODE Message 3: LCP internal error, s <= 0 (s=0.0000e+00)

ODE Message 3: LCP internal error, s <= 0 (s=-0.0000e+00)

ODE Message 3: LCP internal error, s <= 0 (s=0.0000e+00)

ODE Message 3: LCP internal error, s <= 0 (s=0.0000e+00)

ODE Message 3: LCP internal error, s <= 0 (s=-0.0000e+00)

ODE Message 3: LCP internal error, s <= 0 (s=-0.0000e+00)

ODE Message 3: LCP internal error, s <= 0 (s=0.0000e+00)

ODE Message 3: LCP internal error, s <= 0 (s=-0.0000e+00)

ODE Message 3: LCP internal error, s <= 0 (s=-0.0000e+00)

ODE Message 3: LCP internal error, s <= 0 (s=-0.0000e+00)

ODE Message 3: LCP internal error, s <= 0 (s=-0.0000e+00)

ODE Message 3: LCP internal error, s <= 0 (s=0.0000e+00)

ODE Message 3: LCP internal error, s <= 0 (s=-0.0000e+00)

ODE Message 3: LCP internal error, s <= 0 (s=-0.0000e+00)

ODE Message 3: LCP internal error, s <= 0 (s=0.0000e+00)

ODE Message 3: LCP internal error, s <= 0 (s=-0.0000e+00)

ODE Message 3: LCP internal error, s <= 0 (s=0.0000e+00)

ODE Message 3: LCP internal error, s <= 0 (s=0.0000e+00)

ODE Message 3: LCP internal error, s <= 0 (s=-0.0000e+00)

ODE Message 3: LCP internal error, s <= 0 (s=-0.0000e+00)

ODE Message 3: LCP internal error, s <= 0 (s=-0.0000e+00)

ODE Message 3: LCP internal error, s <= 0 (s=-0.0000e+00)

ODE Message 3: LCP internal error, s <= 0 (s=0.0000e+00)

ODE Message 3: LCP internal error, s <= 0 (s=-0.0000e+00)

ODE Message 3: LCP internal error, s <= 0 (s=0.0000e+00)

ODE Message 3: LCP internal error, s <= 0 (s=-0.0000e+00)

ODE Message 3: LCP internal error, s <= 0 (s=-0.0000e+00)

ODE Message 3: LCP internal error, s <= 0 (s=0.0000e+00)

ODE Message 3: LCP internal error, s <= 0 (s=0.0000e+00)

ODE Message 3: LCP internal error, s <= 0 (s=-0.0000e+00)

ODE Message 3: LCP internal error, s <= 0 (s=0.0000e+00)

ODE Message 3: LCP internal error, s <= 0 (s=0.0000e+00)

ODE Message 3: LCP internal error, s <= 0 (s=-0.0000e+00)

ODE Message 3: LCP internal error, s <= 0 (s=0.0000e+00)

ODE Message 3: LCP internal error, s <= 0 (s=0.0000e+00)

ODE Message 3: LCP internal error, s <= 0 (s=-0.0000e+00)

ODE Message 3: LCP internal error, s <= 0 (s=-0.0000e+00)

ODE Message 3: LCP internal error, s <= 0 (s=0.0000e+00)

ODE Message 3: LCP internal error, s <= 0 (s=-0.0000e+00)

ODE Message 3: LCP internal error, s <= 0 (s=0.0000e+00)

ODE Message 3: LCP internal error, s <= 0 (s=0.0000e+00)

ODE Message 3: LCP internal error, s <= 0 (s=0.0000e+00)

ODE Message 3: LCP internal error, s <= 0 (s=-0.0000e+00)

ODE Message 3: LCP internal error, s <= 0 (s=0.0000e+00)

ODE Message 3: LCP internal error, s <= 0 (s=-0.0000e+00)

ODE Message 3: LCP internal error, s <= 0 (s=-0.0000e+00)

ODE Message 3: LCP internal error, s <= 0 (s=0.0000e+00)

ODE Message 3: LCP internal error, s <= 0 (s=0.0000e+00)

ODE Message 3: LCP internal error, s <= 0 (s=0.0000e+00)

ODE Message 3: LCP internal error, s <= 0 (s=0.0000e+00)

ODE Message 3: LCP internal error, s <= 0 (s=0.0000e+00)

ODE Message 3: LCP internal error, s <= 0 (s=0.0000e+00)

ODE Message 3: LCP internal error, s <= 0 (s=-0.0000e+00)

ODE Message 3: LCP internal error, s <= 0 (s=-0.0000e+00)

ODE Message 3: LCP internal error, s <= 0 (s=0.0000e+00)

ODE Message 3: LCP internal error, s <= 0 (s=-0.0000e+00)

ODE Message 3: LCP internal error, s <= 0 (s=0.0000e+00)

ODE Message 3: LCP internal error, s <= 0 (s=-0.0000e+00)

ODE Message 3: LCP internal error, s <= 0 (s=0.0000e+00)

ODE Message 3: LCP internal error, s <= 0 (s=0.0000e+00)

ODE Message 3: LCP internal error, s <= 0 (s=-0.0000e+00)

ODE Message 3: LCP internal error, s <= 0 (s=-0.0000e+00)

ODE Message 3: LCP internal error, s <= 0 (s=-0.0000e+00)

ODE Message 3: LCP internal error, s <= 0 (s=0.0000e+00)

ODE Message 3: LCP internal error, s <= 0 (s=0.0000e+00)

ODE Message 3: LCP internal error, s <= 0 (s=-0.0000e+00)

ODE Message 3: LCP internal error, s <= 0 (s=0.0000e+00)

ODE Message 3: LCP internal error, s <= 0 (s=-0.0000e+00)

ODE Message 3: LCP internal error, s <= 0 (s=0.0000e+00)

ODE Message 3: LCP internal error, s <= 0 (s=-0.0000e+00)

ODE Message 3: LCP internal error, s <= 0 (s=-0.0000e+00)

ODE Message 3: LCP internal error, s <= 0 (s=0.0000e+00)

ODE Message 3: LCP internal error, s <= 0 (s=0.0000e+00)

ODE Message 3: LCP internal error, s <= 0 (s=0.0000e+00)

ODE Message 3: LCP internal error, s <= 0 (s=-0.0000e+00)

ODE Message 3: LCP internal error, s <= 0 (s=0.0000e+00)

ODE Message 3: LCP internal error, s <= 0 (s=-0.0000e+00)

ODE Message 3: LCP internal error, s <= 0 (s=-0.0000e+00)

ODE Message 3: LCP internal error, s <= 0 (s=-0.0000e+00)

ODE Message 3: LCP internal error, s <= 0 (s=0.0000e+00)

ODE Message 3: LCP internal error, s <= 0 (s=0.0000e+00)

ODE Message 3: LCP internal error, s <= 0 (s=-0.0000e+00)

ODE Message 3: LCP internal error, s <= 0 (s=-0.0000e+00)

ODE Message 3: LCP internal error, s <= 0 (s=0.0000e+00)

ODE Message 3: LCP internal error, s <= 0 (s=-0.0000e+00)

ODE Message 3: LCP internal error, s <= 0 (s=0.0000e+00)

ODE Message 3: LCP internal error, s <= 0 (s=0.0000e+00)

ODE Message 3: LCP internal error, s <= 0 (s=-0.0000e+00)

ODE Message 3: LCP internal error, s <= 0 (s=0.0000e+00)

ODE Message 3: LCP internal error, s <= 0 (s=-0.0000e+00)
final fitness compute time 5433.43411564827

Population's average fitness: -435.48983 stdev: 402.20757
Best fitness: -0.01268 - size: (5, 42) - species 2 - id 4279

Best individual in generation 6 meets fitness threshold - complexity: (5, 42)
Average mean fitness over last 5 generations: -435.4898310892628
Average min fitness over last 5 generations: -1035.544284865261
0 -75.95324534474999 -75.95324534474999

 ****** Running generation 6 ****** 

network creation time 0.15535306930541992
Score range [-104.358, 89.034]
simulation run time 2857.610735654831
Evaluating 1000 test episodes
final fitness compute time 5536.819509744644

Population's average fitness: -443.30112 stdev: 409.36877
Best fitness: -0.00113 - size: (3, 37) - species 1 - id 4628

Best individual in generation 6 meets fitness threshold - complexity: (3, 37)
Average mean fitness over last 5 generations: -437.05208834936377
Average min fitness over last 5 generations: -1039.3340104803617
0 -9.222290501274088 -9.222290501274088

 ****** Running generation 6 ****** 

network creation time 0.1431121826171875
Evaluating 1000 test episodes
final fitness compute time 5509.636506557465

Population's average fitness: -443.30112 stdev: 409.36877
Best fitness: -0.00113 - size: (3, 37) - species 1 - id 4628

Best individual in generation 6 meets fitness threshold - complexity: (3, 37)
Average mean fitness over last 5 generations: -438.61434560946475
Average min fitness over last 5 generations: -1043.1237360954624
0 -11.805222695942488 -11.805222695942488

 ****** Running generation 6 ****** 

network creation time 0.35434699058532715
Evaluating 1000 test episodes
final fitness compute time 5504.23314332962

Population's average fitness: -443.30112 stdev: 409.36877
Best fitness: -0.00113 - size: (3, 37) - species 1 - id 4628

Best individual in generation 6 meets fitness threshold - complexity: (3, 37)
Average mean fitness over last 5 generations: -440.1766028695657
Average min fitness over last 5 generations: -1046.9134617105633
0 -19.443386935578992 -19.443386935578992

 ****** Running generation 6 ****** 

network creation time 0.14111900329589844
Evaluating 1000 test episodes

ODE Message 3: LCP internal error, s <= 0 (s=0.0000e+00)
final fitness compute time 5504.304494142532

Population's average fitness: -443.30112 stdev: 409.36877
Best fitness: -0.00113 - size: (3, 37) - species 1 - id 4628

Best individual in generation 6 meets fitness threshold - complexity: (3, 37)
Average mean fitness over last 5 generations: -441.7388601296667
Average min fitness over last 5 generations: -1050.703187325664
0 -3.0102302857111956 -3.0102302857111956

 ****** Running generation 6 ****** 

network creation time 0.12889599800109863
Evaluating 1000 test episodes

ODE Message 3: LCP internal error, s <= 0 (s=-0.0000e+00)
final fitness compute time 5525.863545656204

Population's average fitness: -443.30112 stdev: 409.36877
Best fitness: -0.00113 - size: (3, 37) - species 1 - id 4628

Best individual in generation 6 meets fitness threshold - complexity: (3, 37)
Average mean fitness over last 5 generations: -443.3011173897677
Average min fitness over last 5 generations: -1054.4929129407647
0 2.7785353929909364 2.7785353929909364
1 -11.137449063632262 -4.1794568353206625

 ****** Running generation 6 ****** 

network creation time 0.14584898948669434
Evaluating 1000 test episodes
final fitness compute time 5514.009690284729

Population's average fitness: -443.30112 stdev: 409.36877
Best fitness: -0.00113 - size: (3, 37) - species 1 - id 4628

Best individual in generation 6 meets fitness threshold - complexity: (3, 37)
Average mean fitness over last 5 generations: -443.3011173897677
Average min fitness over last 5 generations: -1054.4929129407647
0 -33.0728401690897 -33.0728401690897

 ****** Running generation 6 ****** 

network creation time 0.1972675323486328
Evaluating 1000 test episodes
final fitness compute time 3727.879139661789

Population's average fitness: -443.30112 stdev: 409.36877
Best fitness: -0.00113 - size: (3, 37) - species 1 - id 4628

Best individual in generation 6 meets fitness threshold - complexity: (3, 37)
Average mean fitness over last 5 generations: -443.3011173897677
Average min fitness over last 5 generations: -1054.4929129407647
0 -30.59026677819726 -30.59026677819726

 ****** Running generation 6 ****** 

network creation time 0.482541561126709
Evaluating 1000 test episodes
final fitness compute time 4963.2258105278015

Population's average fitness: -443.30112 stdev: 409.36877
Best fitness: -0.00113 - size: (3, 37) - species 1 - id 4628

Best individual in generation 6 meets fitness threshold - complexity: (3, 37)
Average mean fitness over last 5 generations: -443.3011173897677
Average min fitness over last 5 generations: -1054.4929129407647
0 -8.992767711860044 -8.992767711860044

 ****** Running generation 6 ****** 

network creation time 0.14916515350341797
Evaluating 1000 test episodes
final fitness compute time 5474.909083604813

Population's average fitness: -443.30112 stdev: 409.36877
Best fitness: -0.00113 - size: (3, 37) - species 1 - id 4628

Best individual in generation 6 meets fitness threshold - complexity: (3, 37)
Average mean fitness over last 5 generations: -443.3011173897677
Average min fitness over last 5 generations: -1054.4929129407647
0 -3.334342487171308 -3.334342487171308

 ****** Running generation 6 ****** 

network creation time 0.1283111572265625
Evaluating 1000 test episodes

ODE Message 3: LCP internal error, s <= 0 (s=-0.0000e+00)

ODE Message 3: LCP internal error, s <= 0 (s=-0.0000e+00)

ODE Message 3: LCP internal error, s <= 0 (s=0.0000e+00)

ODE Message 3: LCP internal error, s <= 0 (s=-0.0000e+00)

ODE Message 3: LCP internal error, s <= 0 (s=0.0000e+00)

ODE Message 3: LCP internal error, s <= 0 (s=-0.0000e+00)

ODE Message 3: LCP internal error, s <= 0 (s=-0.0000e+00)

ODE Message 3: LCP internal error, s <= 0 (s=-0.0000e+00)

ODE Message 3: LCP internal error, s <= 0 (s=0.0000e+00)

ODE Message 3: LCP internal error, s <= 0 (s=0.0000e+00)

ODE Message 3: LCP internal error, s <= 0 (s=0.0000e+00)

ODE Message 3: LCP internal error, s <= 0 (s=-0.0000e+00)

ODE Message 3: LCP internal error, s <= 0 (s=-0.0000e+00)

ODE Message 3: LCP internal error, s <= 0 (s=0.0000e+00)

ODE Message 3: LCP internal error, s <= 0 (s=0.0000e+00)

ODE Message 3: LCP internal error, s <= 0 (s=-0.0000e+00)

ODE Message 3: LCP internal error, s <= 0 (s=-0.0000e+00)

ODE Message 3: LCP internal error, s <= 0 (s=-0.0000e+00)

ODE Message 3: LCP internal error, s <= 0 (s=0.0000e+00)

ODE Message 3: LCP internal error, s <= 0 (s=0.0000e+00)

ODE Message 3: LCP internal error, s <= 0 (s=-0.0000e+00)

ODE Message 3: LCP internal error, s <= 0 (s=0.0000e+00)

ODE Message 3: LCP internal error, s <= 0 (s=0.0000e+00)

ODE Message 3: LCP internal error, s <= 0 (s=-0.0000e+00)

ODE Message 3: LCP internal error, s <= 0 (s=-0.0000e+00)

ODE Message 3: LCP internal error, s <= 0 (s=-0.0000e+00)

ODE Message 3: LCP internal error, s <= 0 (s=-0.0000e+00)

ODE Message 3: LCP internal error, s <= 0 (s=-0.0000e+00)

ODE Message 3: LCP internal error, s <= 0 (s=0.0000e+00)

ODE Message 3: LCP internal error, s <= 0 (s=0.0000e+00)

ODE Message 3: LCP internal error, s <= 0 (s=-0.0000e+00)

ODE Message 3: LCP internal error, s <= 0 (s=-0.0000e+00)

ODE Message 3: LCP internal error, s <= 0 (s=-0.0000e+00)

ODE Message 3: LCP internal error, s <= 0 (s=0.0000e+00)

ODE Message 3: LCP internal error, s <= 0 (s=-0.0000e+00)

ODE Message 3: LCP internal error, s <= 0 (s=-0.0000e+00)

ODE Message 3: LCP internal error, s <= 0 (s=0.0000e+00)

ODE Message 3: LCP internal error, s <= 0 (s=-0.0000e+00)

ODE Message 3: LCP internal error, s <= 0 (s=-0.0000e+00)

ODE Message 3: LCP internal error, s <= 0 (s=0.0000e+00)

ODE Message 3: LCP internal error, s <= 0 (s=0.0000e+00)

ODE Message 3: LCP internal error, s <= 0 (s=-0.0000e+00)

ODE Message 3: LCP internal error, s <= 0 (s=0.0000e+00)

ODE Message 3: LCP internal error, s <= 0 (s=-1.6798e-10)

ODE Message 3: LCP internal error, s <= 0 (s=0.0000e+00)

ODE Message 3: LCP internal error, s <= 0 (s=-0.0000e+00)

ODE Message 3: LCP internal error, s <= 0 (s=0.0000e+00)

ODE Message 3: LCP internal error, s <= 0 (s=0.0000e+00)

ODE Message 3: LCP internal error, s <= 0 (s=-0.0000e+00)

ODE Message 3: LCP internal error, s <= 0 (s=-0.0000e+00)

ODE Message 3: LCP internal error, s <= 0 (s=-0.0000e+00)

ODE Message 3: LCP internal error, s <= 0 (s=-0.0000e+00)

ODE Message 3: LCP internal error, s <= 0 (s=-0.0000e+00)

ODE Message 3: LCP internal error, s <= 0 (s=0.0000e+00)

ODE Message 3: LCP internal error, s <= 0 (s=0.0000e+00)

ODE Message 3: LCP internal error, s <= 0 (s=-0.0000e+00)

ODE Message 3: LCP internal error, s <= 0 (s=0.0000e+00)

ODE Message 3: LCP internal error, s <= 0 (s=0.0000e+00)

ODE Message 3: LCP internal error, s <= 0 (s=0.0000e+00)

ODE Message 3: LCP internal error, s <= 0 (s=-0.0000e+00)

ODE Message 3: LCP internal error, s <= 0 (s=-0.0000e+00)

ODE Message 3: LCP internal error, s <= 0 (s=0.0000e+00)

ODE Message 3: LCP internal error, s <= 0 (s=0.0000e+00)

ODE Message 3: LCP internal error, s <= 0 (s=-0.0000e+00)

ODE Message 3: LCP internal error, s <= 0 (s=0.0000e+00)

ODE Message 3: LCP internal error, s <= 0 (s=-0.0000e+00)

ODE Message 3: LCP internal error, s <= 0 (s=-0.0000e+00)

ODE Message 3: LCP internal error, s <= 0 (s=0.0000e+00)

ODE Message 3: LCP internal error, s <= 0 (s=0.0000e+00)

ODE Message 3: LCP internal error, s <= 0 (s=-0.0000e+00)

ODE Message 3: LCP internal error, s <= 0 (s=0.0000e+00)

ODE Message 3: LCP internal error, s <= 0 (s=0.0000e+00)

ODE Message 3: LCP internal error, s <= 0 (s=0.0000e+00)

ODE Message 3: LCP internal error, s <= 0 (s=0.0000e+00)

ODE Message 3: LCP internal error, s <= 0 (s=-0.0000e+00)

ODE Message 3: LCP internal error, s <= 0 (s=0.0000e+00)

ODE Message 3: LCP internal error, s <= 0 (s=0.0000e+00)

ODE Message 3: LCP internal error, s <= 0 (s=-0.0000e+00)

ODE Message 3: LCP internal error, s <= 0 (s=-0.0000e+00)

ODE Message 3: LCP internal error, s <= 0 (s=0.0000e+00)

ODE Message 3: LCP internal error, s <= 0 (s=0.0000e+00)

ODE Message 3: LCP internal error, s <= 0 (s=0.0000e+00)

ODE Message 3: LCP internal error, s <= 0 (s=-0.0000e+00)

ODE Message 3: LCP internal error, s <= 0 (s=0.0000e+00)

ODE Message 3: LCP internal error, s <= 0 (s=-0.0000e+00)

ODE Message 3: LCP internal error, s <= 0 (s=-0.0000e+00)

ODE Message 3: LCP internal error, s <= 0 (s=0.0000e+00)

ODE Message 3: LCP internal error, s <= 0 (s=-0.0000e+00)

ODE Message 3: LCP internal error, s <= 0 (s=-0.0000e+00)

ODE Message 3: LCP internal error, s <= 0 (s=-0.0000e+00)

ODE Message 3: LCP internal error, s <= 0 (s=-0.0000e+00)

ODE Message 3: LCP internal error, s <= 0 (s=0.0000e+00)

ODE Message 3: LCP internal error, s <= 0 (s=0.0000e+00)

ODE Message 3: LCP internal error, s <= 0 (s=0.0000e+00)

ODE Message 3: LCP internal error, s <= 0 (s=0.0000e+00)

ODE Message 3: LCP internal error, s <= 0 (s=0.0000e+00)

ODE Message 3: LCP internal error, s <= 0 (s=0.0000e+00)

ODE Message 3: LCP internal error, s <= 0 (s=0.0000e+00)

ODE Message 3: LCP internal error, s <= 0 (s=-1.6798e-10)

ODE Message 3: LCP internal error, s <= 0 (s=0.0000e+00)

ODE Message 3: LCP internal error, s <= 0 (s=0.0000e+00)

ODE Message 3: LCP internal error, s <= 0 (s=-0.0000e+00)

ODE Message 3: LCP internal error, s <= 0 (s=-0.0000e+00)

ODE Message 3: LCP internal error, s <= 0 (s=0.0000e+00)

ODE Message 3: LCP internal error, s <= 0 (s=-0.0000e+00)

ODE Message 3: LCP internal error, s <= 0 (s=0.0000e+00)

ODE Message 3: LCP internal error, s <= 0 (s=-0.0000e+00)

ODE Message 3: LCP internal error, s <= 0 (s=-0.0000e+00)

ODE Message 3: LCP internal error, s <= 0 (s=-0.0000e+00)

ODE Message 3: LCP internal error, s <= 0 (s=0.0000e+00)

ODE Message 3: LCP internal error, s <= 0 (s=-0.0000e+00)

ODE Message 3: LCP internal error, s <= 0 (s=-0.0000e+00)

ODE Message 3: LCP internal error, s <= 0 (s=0.0000e+00)

ODE Message 3: LCP internal error, s <= 0 (s=-0.0000e+00)

ODE Message 3: LCP internal error, s <= 0 (s=-0.0000e+00)

ODE Message 3: LCP internal error, s <= 0 (s=-0.0000e+00)

ODE Message 3: LCP internal error, s <= 0 (s=0.0000e+00)

ODE Message 3: LCP internal error, s <= 0 (s=-0.0000e+00)

ODE Message 3: LCP internal error, s <= 0 (s=-0.0000e+00)

ODE Message 3: LCP internal error, s <= 0 (s=-0.0000e+00)

ODE Message 3: LCP internal error, s <= 0 (s=0.0000e+00)

ODE Message 3: LCP internal error, s <= 0 (s=-0.0000e+00)

ODE Message 3: LCP internal error, s <= 0 (s=-0.0000e+00)

ODE Message 3: LCP internal error, s <= 0 (s=-0.0000e+00)

ODE Message 3: LCP internal error, s <= 0 (s=0.0000e+00)

ODE Message 3: LCP internal error, s <= 0 (s=0.0000e+00)

ODE Message 3: LCP internal error, s <= 0 (s=0.0000e+00)

ODE Message 3: LCP internal error, s <= 0 (s=0.0000e+00)

ODE Message 3: LCP internal error, s <= 0 (s=-0.0000e+00)

ODE Message 3: LCP internal error, s <= 0 (s=-0.0000e+00)

ODE Message 3: LCP internal error, s <= 0 (s=0.0000e+00)

ODE Message 3: LCP internal error, s <= 0 (s=0.0000e+00)

ODE Message 3: LCP internal error, s <= 0 (s=0.0000e+00)

ODE Message 3: LCP internal error, s <= 0 (s=0.0000e+00)

ODE Message 3: LCP internal error, s <= 0 (s=0.0000e+00)

ODE Message 3: LCP internal error, s <= 0 (s=-0.0000e+00)

ODE Message 3: LCP internal error, s <= 0 (s=0.0000e+00)

ODE Message 3: LCP internal error, s <= 0 (s=0.0000e+00)

ODE Message 3: LCP internal error, s <= 0 (s=-0.0000e+00)

ODE Message 3: LCP internal error, s <= 0 (s=0.0000e+00)

ODE Message 3: LCP internal error, s <= 0 (s=-0.0000e+00)

ODE Message 3: LCP internal error, s <= 0 (s=-0.0000e+00)

ODE Message 3: LCP internal error, s <= 0 (s=-1.6798e-10)

ODE Message 3: LCP internal error, s <= 0 (s=-0.0000e+00)

ODE Message 3: LCP internal error, s <= 0 (s=0.0000e+00)

ODE Message 3: LCP internal error, s <= 0 (s=0.0000e+00)

ODE Message 3: LCP internal error, s <= 0 (s=-0.0000e+00)

ODE Message 3: LCP internal error, s <= 0 (s=0.0000e+00)

ODE Message 3: LCP internal error, s <= 0 (s=-0.0000e+00)

ODE Message 3: LCP internal error, s <= 0 (s=0.0000e+00)

ODE Message 3: LCP internal error, s <= 0 (s=-0.0000e+00)

ODE Message 3: LCP internal error, s <= 0 (s=0.0000e+00)

ODE Message 3: LCP internal error, s <= 0 (s=0.0000e+00)

ODE Message 3: LCP internal error, s <= 0 (s=0.0000e+00)

ODE Message 3: LCP internal error, s <= 0 (s=-0.0000e+00)

ODE Message 3: LCP internal error, s <= 0 (s=0.0000e+00)

ODE Message 3: LCP internal error, s <= 0 (s=-0.0000e+00)

ODE Message 3: LCP internal error, s <= 0 (s=-0.0000e+00)

ODE Message 3: LCP internal error, s <= 0 (s=-0.0000e+00)

ODE Message 3: LCP internal error, s <= 0 (s=0.0000e+00)

ODE Message 3: LCP internal error, s <= 0 (s=-0.0000e+00)

ODE Message 3: LCP internal error, s <= 0 (s=-0.0000e+00)

ODE Message 3: LCP internal error, s <= 0 (s=-0.0000e+00)

ODE Message 3: LCP internal error, s <= 0 (s=-0.0000e+00)

ODE Message 3: LCP internal error, s <= 0 (s=-1.6799e-10)

ODE Message 3: LCP internal error, s <= 0 (s=-0.0000e+00)

ODE Message 3: LCP internal error, s <= 0 (s=0.0000e+00)

ODE Message 3: LCP internal error, s <= 0 (s=-0.0000e+00)

ODE Message 3: LCP internal error, s <= 0 (s=0.0000e+00)

ODE Message 3: LCP internal error, s <= 0 (s=-0.0000e+00)

ODE Message 3: LCP internal error, s <= 0 (s=0.0000e+00)

ODE Message 3: LCP internal error, s <= 0 (s=-0.0000e+00)

ODE Message 3: LCP internal error, s <= 0 (s=0.0000e+00)

ODE Message 3: LCP internal error, s <= 0 (s=0.0000e+00)

ODE Message 3: LCP internal error, s <= 0 (s=-0.0000e+00)

ODE Message 3: LCP internal error, s <= 0 (s=-0.0000e+00)

ODE Message 3: LCP internal error, s <= 0 (s=0.0000e+00)

ODE Message 3: LCP internal error, s <= 0 (s=-0.0000e+00)

ODE Message 3: LCP internal error, s <= 0 (s=0.0000e+00)

ODE Message 3: LCP internal error, s <= 0 (s=0.0000e+00)

ODE Message 3: LCP internal error, s <= 0 (s=0.0000e+00)

ODE Message 3: LCP internal error, s <= 0 (s=-0.0000e+00)

ODE Message 3: LCP internal error, s <= 0 (s=-0.0000e+00)

ODE Message 3: LCP internal error, s <= 0 (s=-0.0000e+00)

ODE Message 3: LCP internal error, s <= 0 (s=0.0000e+00)

ODE Message 3: LCP internal error, s <= 0 (s=0.0000e+00)

ODE Message 3: LCP internal error, s <= 0 (s=-0.0000e+00)

ODE Message 3: LCP internal error, s <= 0 (s=-0.0000e+00)

ODE Message 3: LCP internal error, s <= 0 (s=-0.0000e+00)

ODE Message 3: LCP internal error, s <= 0 (s=-0.0000e+00)

ODE Message 3: LCP internal error, s <= 0 (s=0.0000e+00)

ODE Message 3: LCP internal error, s <= 0 (s=-0.0000e+00)

ODE Message 3: LCP internal error, s <= 0 (s=-0.0000e+00)

ODE Message 3: LCP internal error, s <= 0 (s=-0.0000e+00)

ODE Message 3: LCP internal error, s <= 0 (s=-0.0000e+00)

ODE Message 3: LCP internal error, s <= 0 (s=0.0000e+00)

ODE Message 3: LCP internal error, s <= 0 (s=0.0000e+00)

ODE Message 3: LCP internal error, s <= 0 (s=-0.0000e+00)

ODE Message 3: LCP internal error, s <= 0 (s=-0.0000e+00)

ODE Message 3: LCP internal error, s <= 0 (s=0.0000e+00)

ODE Message 3: LCP internal error, s <= 0 (s=-0.0000e+00)

ODE Message 3: LCP internal error, s <= 0 (s=-0.0000e+00)

ODE Message 3: LCP internal error, s <= 0 (s=0.0000e+00)

ODE Message 3: LCP internal error, s <= 0 (s=0.0000e+00)

ODE Message 3: LCP internal error, s <= 0 (s=0.0000e+00)

ODE Message 3: LCP internal error, s <= 0 (s=-0.0000e+00)

ODE Message 3: LCP internal error, s <= 0 (s=-0.0000e+00)

ODE Message 3: LCP internal error, s <= 0 (s=0.0000e+00)

ODE Message 3: LCP internal error, s <= 0 (s=-0.0000e+00)

ODE Message 3: LCP internal error, s <= 0 (s=-0.0000e+00)

ODE Message 3: LCP internal error, s <= 0 (s=0.0000e+00)

ODE Message 3: LCP internal error, s <= 0 (s=-0.0000e+00)

ODE Message 3: LCP internal error, s <= 0 (s=0.0000e+00)

ODE Message 3: LCP internal error, s <= 0 (s=-0.0000e+00)

ODE Message 3: LCP internal error, s <= 0 (s=0.0000e+00)

ODE Message 3: LCP internal error, s <= 0 (s=0.0000e+00)

ODE Message 3: LCP internal error, s <= 0 (s=-0.0000e+00)

ODE Message 3: LCP internal error, s <= 0 (s=0.0000e+00)

ODE Message 3: LCP internal error, s <= 0 (s=0.0000e+00)

ODE Message 3: LCP internal error, s <= 0 (s=-0.0000e+00)

ODE Message 3: LCP internal error, s <= 0 (s=0.0000e+00)

ODE Message 3: LCP internal error, s <= 0 (s=0.0000e+00)

ODE Message 3: LCP internal error, s <= 0 (s=-0.0000e+00)

ODE Message 3: LCP internal error, s <= 0 (s=0.0000e+00)

ODE Message 3: LCP internal error, s <= 0 (s=-0.0000e+00)

ODE Message 3: LCP internal error, s <= 0 (s=0.0000e+00)

ODE Message 3: LCP internal error, s <= 0 (s=-0.0000e+00)

ODE Message 3: LCP internal error, s <= 0 (s=-0.0000e+00)

ODE Message 3: LCP internal error, s <= 0 (s=-0.0000e+00)

ODE Message 3: LCP internal error, s <= 0 (s=-0.0000e+00)

ODE Message 3: LCP internal error, s <= 0 (s=0.0000e+00)

ODE Message 3: LCP internal error, s <= 0 (s=0.0000e+00)

ODE Message 3: LCP internal error, s <= 0 (s=-0.0000e+00)

ODE Message 3: LCP internal error, s <= 0 (s=0.0000e+00)

ODE Message 3: LCP internal error, s <= 0 (s=-0.0000e+00)

ODE Message 3: LCP internal error, s <= 0 (s=-0.0000e+00)

ODE Message 3: LCP internal error, s <= 0 (s=0.0000e+00)

ODE Message 3: LCP internal error, s <= 0 (s=0.0000e+00)

ODE Message 3: LCP internal error, s <= 0 (s=0.0000e+00)

ODE Message 3: LCP internal error, s <= 0 (s=-1.6799e-10)

ODE Message 3: LCP internal error, s <= 0 (s=-0.0000e+00)

ODE Message 3: LCP internal error, s <= 0 (s=0.0000e+00)

ODE Message 3: LCP internal error, s <= 0 (s=-0.0000e+00)

ODE Message 3: LCP internal error, s <= 0 (s=0.0000e+00)

ODE Message 3: LCP internal error, s <= 0 (s=0.0000e+00)

ODE Message 3: LCP internal error, s <= 0 (s=-0.0000e+00)

ODE Message 3: LCP internal error, s <= 0 (s=0.0000e+00)

ODE Message 3: LCP internal error, s <= 0 (s=-0.0000e+00)

ODE Message 3: LCP internal error, s <= 0 (s=-0.0000e+00)

ODE Message 3: LCP internal error, s <= 0 (s=-0.0000e+00)

ODE Message 3: LCP internal error, s <= 0 (s=-0.0000e+00)
final fitness compute time 5472.922149658203

Population's average fitness: -443.30112 stdev: 409.36877
Best fitness: -0.00113 - size: (3, 37) - species 1 - id 4628

Best individual in generation 6 meets fitness threshold - complexity: (3, 37)
Average mean fitness over last 5 generations: -443.3011173897677
Average min fitness over last 5 generations: -1054.4929129407647
0 -11.497502282740337 -11.497502282740337

 ****** Running generation 6 ****** 

network creation time 0.14066386222839355
Score range [-96.891, 80.939]
simulation run time 2890.917781829834
Evaluating 1000 test episodes

ODE Message 3: LCP internal error, s <= 0 (s=-0.0000e+00)

ODE Message 3: LCP internal error, s <= 0 (s=-0.0000e+00)
final fitness compute time 5512.072353839874

Population's average fitness: -442.36037 stdev: 408.50974
Best fitness: -0.00113 - size: (3, 37) - species 1 - id 4628

Best individual in generation 6 meets fitness threshold - complexity: (3, 37)
Average mean fitness over last 5 generations: -443.112967061223
Average min fitness over last 5 generations: -1055.473278986285
0 -13.961329902303426 -13.961329902303426

 ****** Running generation 6 ****** 

network creation time 0.0772709846496582
Evaluating 1000 test episodes

ODE Message 3: LCP internal error, s <= 0 (s=0.0000e+00)
final fitness compute time 5510.0251841545105

Population's average fitness: -442.36037 stdev: 408.50974
Best fitness: -0.00113 - size: (3, 37) - species 1 - id 4628

Best individual in generation 6 meets fitness threshold - complexity: (3, 37)
Average mean fitness over last 5 generations: -442.9248167326784
Average min fitness over last 5 generations: -1056.4536450318058
0 -11.99863869512419 -11.99863869512419

 ****** Running generation 6 ****** 

network creation time 0.3880326747894287
Evaluating 1000 test episodes

ODE Message 3: LCP internal error, s <= 0 (s=0.0000e+00)
final fitness compute time 5513.053735256195

Population's average fitness: -442.36037 stdev: 408.50974
Best fitness: -0.00113 - size: (3, 37) - species 1 - id 4628

Best individual in generation 6 meets fitness threshold - complexity: (3, 37)
Average mean fitness over last 5 generations: -442.73666640413376
Average min fitness over last 5 generations: -1057.4340110773262
0 -11.456389942203124 -11.456389942203124

 ****** Running generation 6 ****** 

network creation time 0.14292407035827637
Evaluating 1000 test episodes

ODE Message 3: LCP internal error, s <= 0 (s=-0.0000e+00)

ODE Message 3: LCP internal error, s <= 0 (s=0.0000e+00)
final fitness compute time 5558.477829217911

Population's average fitness: -442.36037 stdev: 408.50974
Best fitness: -0.00113 - size: (3, 37) - species 1 - id 4628

Best individual in generation 6 meets fitness threshold - complexity: (3, 37)
Average mean fitness over last 5 generations: -442.54851607558913
Average min fitness over last 5 generations: -1058.4143771228469
0 -16.697619083526064 -16.697619083526064

 ****** Running generation 6 ****** 

network creation time 0.07326006889343262
Evaluating 1000 test episodes

ODE Message 3: LCP internal error, s <= 0 (s=-0.0000e+00)

ODE Message 3: LCP internal error, s <= 0 (s=-0.0000e+00)
final fitness compute time 5490.5987322330475

Population's average fitness: -442.36037 stdev: 408.50974
Best fitness: -0.00113 - size: (3, 37) - species 1 - id 4628

Best individual in generation 6 meets fitness threshold - complexity: (3, 37)
Average mean fitness over last 5 generations: -442.3603657470445
Average min fitness over last 5 generations: -1059.3947431683675
0 -50.18262406561674 -50.18262406561674

 ****** Running generation 6 ****** 

network creation time 0.14295005798339844
Evaluating 1000 test episodes
Process ForkPoolWorker-285:
Traceback (most recent call last):
  File "/usr/lib/python3.8/multiprocessing/pool.py", line 131, in worker
    put((job, i, result))
  File "/usr/lib/python3.8/multiprocessing/queues.py", line 368, in put
    self._writer.send_bytes(obj)
  File "/usr/lib/python3.8/multiprocessing/connection.py", line 200, in send_bytes
    self._send_bytes(m[offset:offset + size])
  File "/usr/lib/python3.8/multiprocessing/connection.py", line 404, in _send_bytes
    self._send(header)
  File "/usr/lib/python3.8/multiprocessing/connection.py", line 368, in _send
    n = write(self._handle, buf)
BrokenPipeError: [Errno 32] Broken pipe

During handling of the above exception, another exception occurred:

Traceback (most recent call last):
  File "/usr/lib/python3.8/multiprocessing/process.py", line 315, in _bootstrap
    self.run()
  File "/usr/lib/python3.8/multiprocessing/process.py", line 108, in run
    self._target(*self._args, **self._kwargs)
  File "/usr/lib/python3.8/multiprocessing/pool.py", line 136, in worker
    put((job, i, (False, wrapped)))
  File "/usr/lib/python3.8/multiprocessing/queues.py", line 368, in put
    self._writer.send_bytes(obj)
  File "/usr/lib/python3.8/multiprocessing/connection.py", line 200, in send_bytes
    self._send_bytes(m[offset:offset + size])
  File "/usr/lib/python3.8/multiprocessing/connection.py", line 404, in _send_bytes
    self._send(header)
  File "/usr/lib/python3.8/multiprocessing/connection.py", line 368, in _send
    n = write(self._handle, buf)
BrokenPipeError: [Errno 32] Broken pipe
Process ForkPoolWorker-282:
Traceback (most recent call last):
  File "/usr/lib/python3.8/multiprocessing/pool.py", line 131, in worker
    put((job, i, result))
  File "/usr/lib/python3.8/multiprocessing/queues.py", line 368, in put
    self._writer.send_bytes(obj)
  File "/usr/lib/python3.8/multiprocessing/connection.py", line 200, in send_bytes
    self._send_bytes(m[offset:offset + size])
  File "/usr/lib/python3.8/multiprocessing/connection.py", line 404, in _send_bytes
    self._send(header)
  File "/usr/lib/python3.8/multiprocessing/connection.py", line 368, in _send
    n = write(self._handle, buf)
BrokenPipeError: [Errno 32] Broken pipe

During handling of the above exception, another exception occurred:

Traceback (most recent call last):
  File "/usr/lib/python3.8/multiprocessing/process.py", line 315, in _bootstrap
    self.run()
  File "/usr/lib/python3.8/multiprocessing/process.py", line 108, in run
    self._target(*self._args, **self._kwargs)
  File "/usr/lib/python3.8/multiprocessing/pool.py", line 136, in worker
    put((job, i, (False, wrapped)))
  File "/usr/lib/python3.8/multiprocessing/queues.py", line 368, in put
    self._writer.send_bytes(obj)
  File "/usr/lib/python3.8/multiprocessing/connection.py", line 200, in send_bytes
    self._send_bytes(m[offset:offset + size])
  File "/usr/lib/python3.8/multiprocessing/connection.py", line 404, in _send_bytes
    self._send(header)
  File "/usr/lib/python3.8/multiprocessing/connection.py", line 368, in _send
    n = write(self._handle, buf)
BrokenPipeError: [Errno 32] Broken pipe
Process ForkPoolWorker-288:
Traceback (most recent call last):
  File "/usr/lib/python3.8/multiprocessing/pool.py", line 131, in worker
    put((job, i, result))
  File "/usr/lib/python3.8/multiprocessing/queues.py", line 368, in put
    self._writer.send_bytes(obj)
  File "/usr/lib/python3.8/multiprocessing/connection.py", line 200, in send_bytes
    self._send_bytes(m[offset:offset + size])
  File "/usr/lib/python3.8/multiprocessing/connection.py", line 404, in _send_bytes
    self._send(header)
  File "/usr/lib/python3.8/multiprocessing/connection.py", line 368, in _send
    n = write(self._handle, buf)
BrokenPipeError: [Errno 32] Broken pipe

During handling of the above exception, another exception occurred:

Traceback (most recent call last):
  File "/usr/lib/python3.8/multiprocessing/process.py", line 315, in _bootstrap
    self.run()
  File "/usr/lib/python3.8/multiprocessing/process.py", line 108, in run
    self._target(*self._args, **self._kwargs)
  File "/usr/lib/python3.8/multiprocessing/pool.py", line 136, in worker
    put((job, i, (False, wrapped)))
  File "/usr/lib/python3.8/multiprocessing/queues.py", line 368, in put
    self._writer.send_bytes(obj)
  File "/usr/lib/python3.8/multiprocessing/connection.py", line 200, in send_bytes
    self._send_bytes(m[offset:offset + size])
  File "/usr/lib/python3.8/multiprocessing/connection.py", line 404, in _send_bytes
    self._send(header)
  File "/usr/lib/python3.8/multiprocessing/connection.py", line 368, in _send
    n = write(self._handle, buf)
BrokenPipeError: [Errno 32] Broken pipe
Process ForkPoolWorker-284:
Traceback (most recent call last):
  File "/usr/lib/python3.8/multiprocessing/pool.py", line 131, in worker
    put((job, i, result))
  File "/usr/lib/python3.8/multiprocessing/queues.py", line 368, in put
    self._writer.send_bytes(obj)
  File "/usr/lib/python3.8/multiprocessing/connection.py", line 200, in send_bytes
    self._send_bytes(m[offset:offset + size])
  File "/usr/lib/python3.8/multiprocessing/connection.py", line 404, in _send_bytes
    self._send(header)
  File "/usr/lib/python3.8/multiprocessing/connection.py", line 368, in _send
    n = write(self._handle, buf)
BrokenPipeError: [Errno 32] Broken pipe

During handling of the above exception, another exception occurred:

Traceback (most recent call last):
  File "/usr/lib/python3.8/multiprocessing/process.py", line 315, in _bootstrap
    self.run()
  File "/usr/lib/python3.8/multiprocessing/process.py", line 108, in run
    self._target(*self._args, **self._kwargs)
  File "/usr/lib/python3.8/multiprocessing/pool.py", line 136, in worker
    put((job, i, (False, wrapped)))
  File "/usr/lib/python3.8/multiprocessing/queues.py", line 368, in put
    self._writer.send_bytes(obj)
  File "/usr/lib/python3.8/multiprocessing/connection.py", line 200, in send_bytes
    self._send_bytes(m[offset:offset + size])
  File "/usr/lib/python3.8/multiprocessing/connection.py", line 404, in _send_bytes
    self._send(header)
  File "/usr/lib/python3.8/multiprocessing/connection.py", line 368, in _send
    n = write(self._handle, buf)
BrokenPipeError: [Errno 32] Broken pipe
Process ForkPoolWorker-287:
Traceback (most recent call last):
  File "/usr/lib/python3.8/multiprocessing/pool.py", line 131, in worker
    put((job, i, result))
  File "/usr/lib/python3.8/multiprocessing/queues.py", line 368, in put
    self._writer.send_bytes(obj)
  File "/usr/lib/python3.8/multiprocessing/connection.py", line 200, in send_bytes
    self._send_bytes(m[offset:offset + size])
  File "/usr/lib/python3.8/multiprocessing/connection.py", line 404, in _send_bytes
    self._send(header)
  File "/usr/lib/python3.8/multiprocessing/connection.py", line 368, in _send
    n = write(self._handle, buf)
BrokenPipeError: [Errno 32] Broken pipe

During handling of the above exception, another exception occurred:

Traceback (most recent call last):
  File "/usr/lib/python3.8/multiprocessing/process.py", line 315, in _bootstrap
    self.run()
  File "/usr/lib/python3.8/multiprocessing/process.py", line 108, in run
    self._target(*self._args, **self._kwargs)
  File "/usr/lib/python3.8/multiprocessing/pool.py", line 136, in worker
    put((job, i, (False, wrapped)))
  File "/usr/lib/python3.8/multiprocessing/queues.py", line 368, in put
    self._writer.send_bytes(obj)
  File "/usr/lib/python3.8/multiprocessing/connection.py", line 200, in send_bytes
    self._send_bytes(m[offset:offset + size])
  File "/usr/lib/python3.8/multiprocessing/connection.py", line 404, in _send_bytes
    self._send(header)
  File "/usr/lib/python3.8/multiprocessing/connection.py", line 368, in _send
    n = write(self._handle, buf)
BrokenPipeError: [Errno 32] Broken pipe
Process ForkPoolWorker-286:
Traceback (most recent call last):
  File "/usr/lib/python3.8/multiprocessing/pool.py", line 131, in worker
    put((job, i, result))
  File "/usr/lib/python3.8/multiprocessing/queues.py", line 368, in put
    self._writer.send_bytes(obj)
  File "/usr/lib/python3.8/multiprocessing/connection.py", line 200, in send_bytes
    self._send_bytes(m[offset:offset + size])
  File "/usr/lib/python3.8/multiprocessing/connection.py", line 404, in _send_bytes
    self._send(header)
  File "/usr/lib/python3.8/multiprocessing/connection.py", line 368, in _send
    n = write(self._handle, buf)
BrokenPipeError: [Errno 32] Broken pipe

During handling of the above exception, another exception occurred:

Traceback (most recent call last):
  File "/usr/lib/python3.8/multiprocessing/process.py", line 315, in _bootstrap
    self.run()
  File "/usr/lib/python3.8/multiprocessing/process.py", line 108, in run
    self._target(*self._args, **self._kwargs)
  File "/usr/lib/python3.8/multiprocessing/pool.py", line 136, in worker
    put((job, i, (False, wrapped)))
  File "/usr/lib/python3.8/multiprocessing/queues.py", line 368, in put
    self._writer.send_bytes(obj)
  File "/usr/lib/python3.8/multiprocessing/connection.py", line 200, in send_bytes
    self._send_bytes(m[offset:offset + size])
  File "/usr/lib/python3.8/multiprocessing/connection.py", line 404, in _send_bytes
    self._send(header)
  File "/usr/lib/python3.8/multiprocessing/connection.py", line 368, in _send
    n = write(self._handle, buf)
BrokenPipeError: [Errno 32] Broken pipe
